<html>
<head>
<title>TestNG:  Test1</title>
<link href="../testng.css" rel="stylesheet" type="text/css" />
<link href="../my-testng.css" rel="stylesheet" type="text/css" />

<style type="text/css">
.log { display: none;} 
.stack-trace { display: none;} 
</style>
<script type="text/javascript">
<!--
function flip(e) {
  current = e.style.display;
  if (current == 'block') {
    e.style.display = 'none';
    return 0;
  }
  else {
    e.style.display = 'block';
    return 1;
  }
}

function toggleBox(szDivId, elem, msg1, msg2)
{
  var res = -1;  if (document.getElementById) {
    res = flip(document.getElementById(szDivId));
  }
  else if (document.all) {
    // this is the way old msie versions work
    res = flip(document.all[szDivId]);
  }
  if(elem) {
    if(res == 0) elem.innerHTML = msg1; else elem.innerHTML = msg2;
  }

}

function toggleAllBoxes() {
  if (document.getElementsByTagName) {
    d = document.getElementsByTagName('div');
    for (i = 0; i < d.length; i++) {
      if (d[i].className == 'log') {
        flip(d[i]);
      }
    }
  }
}

// -->
</script>

</head>
<body>
<h2 align='center'>Test1</h2><table border='1' align="center">
<tr>
<td>Tests passed/Failed/Skipped:</td><td>12/6/31</td>
</tr><tr>
<td>Started on:</td><td>Thu Jun 27 11:53:15 BST 2013</td>
</tr>
<tr><td>Total time:</td><td>1202 seconds (1202450 ms)</td>
</tr><tr>
<td>Included groups:</td><td></td>
</tr><tr>
<td>Excluded groups:</td><td></td>
</tr>
</table><p/>
<small><i>(Hover the method name to see the test class name)</i></small><p/>
<table width='100%' border='1' class='invocation-failed'>
<tr><td colspan='4' align='center'><b>FAILED CONFIGURATIONS</b></td></tr>
<tr><td><b>Test method</b></td>
<td width="30%"><b>Exception</b></td>
<td width="10%"><b>Time (seconds)</b></td>
<td><b>Instance</b></td>
</tr>
<tr>
<td title='betfair.pages.BirEndToEndTest.tearDown()'><b>tearDown</b><br>Test class: betfair.pages.BirEndToEndTest</td>
<td><div><pre>org.openqa.selenium.WebDriverException: Error communicating with the remote browser. It may have died.
Build info: version: &apos;2.30.0&apos;, revision: &apos;dc1ef9c&apos;, time: &apos;2013-02-19 00:15:27&apos;
System info: os.name: &apos;Windows 7&apos;, os.arch: &apos;amd64&apos;, os.version: &apos;6.1&apos;, java.version: &apos;1.7.0_11&apos;
Driver info: driver.version: EventFiringWebDriver
Build info: version: &apos;2.30.0&apos;, revision: &apos;dc1ef9ceb805a672f56dc49198f9ffbd4ca345c7&apos;, time: &apos;2013-02-19 09:14:38&apos;
System info: os.name: &apos;Windows 7&apos;, os.arch: &apos;amd64&apos;, os.version: &apos;6.1&apos;, java.version: &apos;1.7.0_11&apos;
Driver info: driver.version: RemoteWebDriver
	at org.openqa.selenium.remote.ErrorHandler.createThrowable(ErrorHandler.java:131)
	at org.openqa.selenium.remote.ErrorHandler.throwIfResponseFailed(ErrorHandler.java:105)
	at org.openqa.selenium.remote.RemoteWebDriver.execute(RemoteWebDriver.java:405)
	at org.openqa.selenium.remote.RemoteWebDriver.execute(RemoteWebDriver.java:409)
	at org.openqa.selenium.remote.RemoteWebDriver.quit(RemoteWebDriver.java:285)
	at betfair.pages.TestBase.tearDown(TestBase.java:93)
	at org.apache.maven.surefire.testng.TestNGExecutor.run(TestNGExecutor.java:177)
	at org.apache.maven.surefire.testng.TestNGXmlTestSuite.execute(TestNGXmlTestSuite.java:92)
	at org.apache.maven.surefire.testng.TestNGProvider.invoke(TestNGProvider.java:105)
	at org.apache.maven.surefire.util.ReflectionUtils.invokeMethodWithArray(ReflectionUtils.java:189)
	at org.apache.maven.surefire.booter.ProviderFactory$ProviderProxy.invoke(ProviderFactory.java:165)
	at org.apache.maven.surefire.booter.ProviderFactory.invokeProvider(ProviderFactory.java:85)
	at org.apache.maven.surefire.booter.ForkedBooter.runSuitesInProcess(ForkedBooter.java:103)
	at org.apache.maven.surefire.booter.ForkedBooter.main(ForkedBooter.java:74)
Caused by: org.openqa.selenium.remote.ErrorHandler$UnknownServerException: Error communicating with the remote browser. It may have died.
Build info: version: &apos;2.30.0&apos;, revision: &apos;dc1ef9c&apos;, time: &apos;2013-02-19 00:15:27&apos;
System info: os.name: &apos;Windows 7&apos;, os.arch: &apos;amd64&apos;, os.version: &apos;6.1&apos;, java.version: &apos;1.7.0_11&apos;
Driver info: driver.version: EventFiringWebDriver
Build info: version: &apos;2.30.0&apos;, revision: &apos;dc1ef9ceb805a672f56dc49198f9ffbd4ca345c7&apos;, time: &apos;2013-02-19 09:14:38&apos;
System info: os.name: &apos;Windows 7&apos;, os.arch: &apos;amd64&apos;, os.version: &apos;6.1&apos;, java.version: &apos;1.7.0_11&apos;
Driver info: driver.version: EventFiringWebDriver
	at org.openqa.selenium.remote.RemoteWebDriver.execute(RemoteWebDriver.java:548)
	at org.openqa.selenium.remote.RemoteWebDriver.execute(RemoteWebDriver.java:569)
	at org.openqa.selenium.remote.RemoteWebDriver.quit(RemoteWebDriver.java:423)
	at org.openqa.selenium.support.events.EventFiringWebDriver$2.invoke(EventFiringWebDriver.java:101)
	at $Proxy1.quit(null)
	at org.openqa.selenium.support.events.EventFiringWebDriver.quit(EventFiringWebDriver.java:194)
	at org.openqa.selenium.remote.server.handler.DeleteSession.call(DeleteSession.java:49)
	at org.openqa.selenium.remote.server.handler.DeleteSession.call(DeleteSession.java:1)
	at java.util.concurrent.FutureTask$Sync.innerRun(null)
	at java.util.concurrent.FutureTask.run(null)
	at org.openqa.selenium.remote.server.DefaultSession$1.run(DefaultSession.java:167)
	at java.util.concurrent.ThreadPoolExecutor.runWorker(null)
	at java.util.concurrent.ThreadPoolExecutor$Worker.run(null)
	at java.lang.Thread.run(null)
... Removed 33 stack frames</pre></div><a href='#' onClick='toggleBox("stack-trace1076110795", this, "Click to show all stack frames", "Click to hide stack frames")'>Click to show all stack frames</a>
<div class='stack-trace' id='stack-trace1076110795'><pre>org.openqa.selenium.WebDriverException: Error communicating with the remote browser. It may have died.
Build info: version: &apos;2.30.0&apos;, revision: &apos;dc1ef9c&apos;, time: &apos;2013-02-19 00:15:27&apos;
System info: os.name: &apos;Windows 7&apos;, os.arch: &apos;amd64&apos;, os.version: &apos;6.1&apos;, java.version: &apos;1.7.0_11&apos;
Driver info: driver.version: EventFiringWebDriver
Build info: version: &apos;2.30.0&apos;, revision: &apos;dc1ef9ceb805a672f56dc49198f9ffbd4ca345c7&apos;, time: &apos;2013-02-19 09:14:38&apos;
System info: os.name: &apos;Windows 7&apos;, os.arch: &apos;amd64&apos;, os.version: &apos;6.1&apos;, java.version: &apos;1.7.0_11&apos;
Driver info: driver.version: RemoteWebDriver
	at sun.reflect.NativeConstructorAccessorImpl.newInstance0(Native Method)
	at sun.reflect.NativeConstructorAccessorImpl.newInstance(NativeConstructorAccessorImpl.java:57)
	at sun.reflect.DelegatingConstructorAccessorImpl.newInstance(DelegatingConstructorAccessorImpl.java:45)
	at java.lang.reflect.Constructor.newInstance(Constructor.java:525)
	at org.openqa.selenium.remote.ErrorHandler.createThrowable(ErrorHandler.java:131)
	at org.openqa.selenium.remote.ErrorHandler.throwIfResponseFailed(ErrorHandler.java:105)
	at org.openqa.selenium.remote.RemoteWebDriver.execute(RemoteWebDriver.java:405)
	at org.openqa.selenium.remote.RemoteWebDriver.execute(RemoteWebDriver.java:409)
	at org.openqa.selenium.remote.RemoteWebDriver.quit(RemoteWebDriver.java:285)
	at betfair.pages.TestBase.tearDown(TestBase.java:93)
	at sun.reflect.NativeMethodAccessorImpl.invoke0(Native Method)
	at sun.reflect.NativeMethodAccessorImpl.invoke(NativeMethodAccessorImpl.java:57)
	at sun.reflect.DelegatingMethodAccessorImpl.invoke(DelegatingMethodAccessorImpl.java:43)
	at java.lang.reflect.Method.invoke(Method.java:601)
	at org.testng.internal.MethodInvocationHelper.invokeMethod(MethodInvocationHelper.java:80)
	at org.testng.internal.Invoker.invokeConfigurationMethod(Invoker.java:564)
	at org.testng.internal.Invoker.invokeConfigurations(Invoker.java:213)
	at org.testng.internal.Invoker.invokeConfigurations(Invoker.java:138)
	at org.testng.internal.TestMethodWorker.invokeAfterClassMethods(TestMethodWorker.java:225)
	at org.testng.internal.TestMethodWorker.run(TestMethodWorker.java:114)
	at org.testng.TestRunner.privateRun(TestRunner.java:767)
	at org.testng.TestRunner.run(TestRunner.java:617)
	at org.testng.SuiteRunner.runTest(SuiteRunner.java:334)
	at org.testng.SuiteRunner.runSequentially(SuiteRunner.java:329)
	at org.testng.SuiteRunner.privateRun(SuiteRunner.java:291)
	at org.testng.SuiteRunner.run(SuiteRunner.java:240)
	at org.testng.SuiteRunnerWorker.runSuite(SuiteRunnerWorker.java:51)
	at org.testng.SuiteRunnerWorker.run(SuiteRunnerWorker.java:85)
	at org.testng.TestNG.runSuitesSequentially(TestNG.java:1197)
	at org.testng.TestNG.runSuitesLocally(TestNG.java:1122)
	at org.testng.TestNG.run(TestNG.java:1030)
	at org.apache.maven.surefire.testng.TestNGExecutor.run(TestNGExecutor.java:177)
	at org.apache.maven.surefire.testng.TestNGXmlTestSuite.execute(TestNGXmlTestSuite.java:92)
	at org.apache.maven.surefire.testng.TestNGProvider.invoke(TestNGProvider.java:105)
	at sun.reflect.NativeMethodAccessorImpl.invoke0(Native Method)
	at sun.reflect.NativeMethodAccessorImpl.invoke(NativeMethodAccessorImpl.java:57)
	at sun.reflect.DelegatingMethodAccessorImpl.invoke(DelegatingMethodAccessorImpl.java:43)
	at java.lang.reflect.Method.invoke(Method.java:601)
	at org.apache.maven.surefire.util.ReflectionUtils.invokeMethodWithArray(ReflectionUtils.java:189)
	at org.apache.maven.surefire.booter.ProviderFactory$ProviderProxy.invoke(ProviderFactory.java:165)
	at org.apache.maven.surefire.booter.ProviderFactory.invokeProvider(ProviderFactory.java:85)
	at org.apache.maven.surefire.booter.ForkedBooter.runSuitesInProcess(ForkedBooter.java:103)
	at org.apache.maven.surefire.booter.ForkedBooter.main(ForkedBooter.java:74)
Caused by: org.openqa.selenium.remote.ErrorHandler$UnknownServerException: Error communicating with the remote browser. It may have died.
Build info: version: &apos;2.30.0&apos;, revision: &apos;dc1ef9c&apos;, time: &apos;2013-02-19 00:15:27&apos;
System info: os.name: &apos;Windows 7&apos;, os.arch: &apos;amd64&apos;, os.version: &apos;6.1&apos;, java.version: &apos;1.7.0_11&apos;
Driver info: driver.version: EventFiringWebDriver
Build info: version: &apos;2.30.0&apos;, revision: &apos;dc1ef9ceb805a672f56dc49198f9ffbd4ca345c7&apos;, time: &apos;2013-02-19 09:14:38&apos;
System info: os.name: &apos;Windows 7&apos;, os.arch: &apos;amd64&apos;, os.version: &apos;6.1&apos;, java.version: &apos;1.7.0_11&apos;
Driver info: driver.version: EventFiringWebDriver
	at org.openqa.selenium.remote.RemoteWebDriver.execute(RemoteWebDriver.java:548)
	at org.openqa.selenium.remote.RemoteWebDriver.execute(RemoteWebDriver.java:569)
	at org.openqa.selenium.remote.RemoteWebDriver.quit(RemoteWebDriver.java:423)
	at sun.reflect.NativeMethodAccessorImpl.invoke0(Native Method)
	at sun.reflect.NativeMethodAccessorImpl.invoke(null)
	at sun.reflect.DelegatingMethodAccessorImpl.invoke(null)
	at java.lang.reflect.Method.invoke(null)
	at org.openqa.selenium.support.events.EventFiringWebDriver$2.invoke(EventFiringWebDriver.java:101)
	at $Proxy1.quit(null)
	at org.openqa.selenium.support.events.EventFiringWebDriver.quit(EventFiringWebDriver.java:194)
	at org.openqa.selenium.remote.server.handler.DeleteSession.call(DeleteSession.java:49)
	at org.openqa.selenium.remote.server.handler.DeleteSession.call(DeleteSession.java:1)
	at java.util.concurrent.FutureTask$Sync.innerRun(null)
	at java.util.concurrent.FutureTask.run(null)
	at org.openqa.selenium.remote.server.DefaultSession$1.run(DefaultSession.java:167)
	at java.util.concurrent.ThreadPoolExecutor.runWorker(null)
	at java.util.concurrent.ThreadPoolExecutor$Worker.run(null)
	at java.lang.Thread.run(null)
</pre></div></td>
<td>0</td>
<td>betfair.pages.BirEndToEndTest@5482fb8f</td></tr>
</table><p>
<table width='100%' border='1' class='invocation-skipped'>
<tr><td colspan='4' align='center'><b>SKIPPED CONFIGURATIONS</b></td></tr>
<tr><td><b>Test method</b></td>
<td width="30%"><b>Exception</b></td>
<td width="10%"><b>Time (seconds)</b></td>
<td><b>Instance</b></td>
</tr>
<tr>
<td title='betfair.pages.OxiXmlTest.init()'><b>init</b><br>Test class: betfair.pages.OxiXmlTest</td>
<td></td>
<td>0</td>
<td>betfair.pages.OxiXmlTest@173940bb</td></tr>
<tr>
<td title='betfair.pages.OxiXmlTest.classInit()'><b>classInit</b><br>Test class: betfair.pages.OxiXmlTest</td>
<td></td>
<td>0</td>
<td>betfair.pages.OxiXmlTest@173940bb</td></tr>
<tr>
<td title='betfair.pages.CashoutExceptions.init()'><b>init</b><br>Test class: betfair.pages.CashoutExceptions</td>
<td></td>
<td>0</td>
<td>betfair.pages.CashoutExceptions@7f416b2d</td></tr>
<tr>
<td title='betfair.pages.CashoutExceptions.classInit()'><b>classInit</b><br>Test class: betfair.pages.CashoutExceptions</td>
<td></td>
<td>0</td>
<td>betfair.pages.CashoutExceptions@7f416b2d</td></tr>
<tr>
<td title='betfair.pages.DbPublishTest.init()'><b>init</b><br>Test class: betfair.pages.DbPublishTest</td>
<td></td>
<td>0</td>
<td>betfair.pages.DbPublishTest@6a25dcb2</td></tr>
<tr>
<td title='betfair.pages.DbPublishTest.classInit()'><b>classInit</b><br>Test class: betfair.pages.DbPublishTest</td>
<td></td>
<td>0</td>
<td>betfair.pages.DbPublishTest@6a25dcb2</td></tr>
<tr>
<td title='betfair.pages.OxiXmlTest.startTest()'><b>startTest</b><br>Test class: betfair.pages.OxiXmlTest</td>
<td></td>
<td>0</td>
<td>betfair.pages.OxiXmlTest@173940bb</td></tr>
<tr>
<td title='betfair.pages.OxiXmlTest.login()'><b>login</b><br>Test class: betfair.pages.OxiXmlTest<br>Test method: Logs in before method</td>
<td></td>
<td>0</td>
<td>betfair.pages.OxiXmlTest@173940bb</td></tr>
<tr>
<td title='betfair.pages.OxiXmlTest.startTest()'><b>startTest</b><br>Test class: betfair.pages.OxiXmlTest</td>
<td></td>
<td>0</td>
<td>betfair.pages.OxiXmlTest@173940bb</td></tr>
<tr>
<td title='betfair.pages.OxiXmlTest.login()'><b>login</b><br>Test class: betfair.pages.OxiXmlTest<br>Test method: Logs in before method</td>
<td></td>
<td>0</td>
<td>betfair.pages.OxiXmlTest@173940bb</td></tr>
<tr>
<td title='betfair.pages.OxiXmlTest.startTest()'><b>startTest</b><br>Test class: betfair.pages.OxiXmlTest</td>
<td></td>
<td>0</td>
<td>betfair.pages.OxiXmlTest@173940bb</td></tr>
<tr>
<td title='betfair.pages.OxiXmlTest.login()'><b>login</b><br>Test class: betfair.pages.OxiXmlTest<br>Test method: Logs in before method</td>
<td></td>
<td>0</td>
<td>betfair.pages.OxiXmlTest@173940bb</td></tr>
<tr>
<td title='betfair.pages.OxiXmlTest.startTest()'><b>startTest</b><br>Test class: betfair.pages.OxiXmlTest</td>
<td></td>
<td>0</td>
<td>betfair.pages.OxiXmlTest@173940bb</td></tr>
<tr>
<td title='betfair.pages.OxiXmlTest.login()'><b>login</b><br>Test class: betfair.pages.OxiXmlTest<br>Test method: Logs in before method</td>
<td></td>
<td>0</td>
<td>betfair.pages.OxiXmlTest@173940bb</td></tr>
<tr>
<td title='betfair.pages.OxiXmlTest.startTest()'><b>startTest</b><br>Test class: betfair.pages.OxiXmlTest</td>
<td></td>
<td>0</td>
<td>betfair.pages.OxiXmlTest@173940bb</td></tr>
<tr>
<td title='betfair.pages.OxiXmlTest.login()'><b>login</b><br>Test class: betfair.pages.OxiXmlTest<br>Test method: Logs in before method</td>
<td></td>
<td>0</td>
<td>betfair.pages.OxiXmlTest@173940bb</td></tr>
<tr>
<td title='betfair.pages.OxiXmlTest.startTest()'><b>startTest</b><br>Test class: betfair.pages.OxiXmlTest</td>
<td></td>
<td>0</td>
<td>betfair.pages.OxiXmlTest@173940bb</td></tr>
<tr>
<td title='betfair.pages.OxiXmlTest.login()'><b>login</b><br>Test class: betfair.pages.OxiXmlTest<br>Test method: Logs in before method</td>
<td></td>
<td>0</td>
<td>betfair.pages.OxiXmlTest@173940bb</td></tr>
<tr>
<td title='betfair.pages.OxiXmlTest.startTest()'><b>startTest</b><br>Test class: betfair.pages.OxiXmlTest</td>
<td></td>
<td>0</td>
<td>betfair.pages.OxiXmlTest@173940bb</td></tr>
<tr>
<td title='betfair.pages.OxiXmlTest.login()'><b>login</b><br>Test class: betfair.pages.OxiXmlTest<br>Test method: Logs in before method</td>
<td></td>
<td>0</td>
<td>betfair.pages.OxiXmlTest@173940bb</td></tr>
<tr>
<td title='betfair.pages.CashoutExceptions.startTest()'><b>startTest</b><br>Test class: betfair.pages.CashoutExceptions</td>
<td></td>
<td>0</td>
<td>betfair.pages.CashoutExceptions@7f416b2d</td></tr>
<tr>
<td title='betfair.pages.CashoutExceptions.login()'><b>login</b><br>Test class: betfair.pages.CashoutExceptions<br>Test method: Logs in before method</td>
<td></td>
<td>0</td>
<td>betfair.pages.CashoutExceptions@7f416b2d</td></tr>
<tr>
<td title='betfair.pages.CashoutExceptions.startTest()'><b>startTest</b><br>Test class: betfair.pages.CashoutExceptions</td>
<td></td>
<td>0</td>
<td>betfair.pages.CashoutExceptions@7f416b2d</td></tr>
<tr>
<td title='betfair.pages.CashoutExceptions.login()'><b>login</b><br>Test class: betfair.pages.CashoutExceptions<br>Test method: Logs in before method</td>
<td></td>
<td>0</td>
<td>betfair.pages.CashoutExceptions@7f416b2d</td></tr>
<tr>
<td title='betfair.pages.CashoutExceptions.startTest()'><b>startTest</b><br>Test class: betfair.pages.CashoutExceptions</td>
<td></td>
<td>0</td>
<td>betfair.pages.CashoutExceptions@7f416b2d</td></tr>
<tr>
<td title='betfair.pages.CashoutExceptions.login()'><b>login</b><br>Test class: betfair.pages.CashoutExceptions<br>Test method: Logs in before method</td>
<td></td>
<td>0</td>
<td>betfair.pages.CashoutExceptions@7f416b2d</td></tr>
<tr>
<td title='betfair.pages.CashoutExceptions.startTest()'><b>startTest</b><br>Test class: betfair.pages.CashoutExceptions</td>
<td></td>
<td>0</td>
<td>betfair.pages.CashoutExceptions@7f416b2d</td></tr>
<tr>
<td title='betfair.pages.CashoutExceptions.login()'><b>login</b><br>Test class: betfair.pages.CashoutExceptions<br>Test method: Logs in before method</td>
<td></td>
<td>0</td>
<td>betfair.pages.CashoutExceptions@7f416b2d</td></tr>
<tr>
<td title='betfair.pages.CashoutExceptions.startTest()'><b>startTest</b><br>Test class: betfair.pages.CashoutExceptions</td>
<td></td>
<td>0</td>
<td>betfair.pages.CashoutExceptions@7f416b2d</td></tr>
<tr>
<td title='betfair.pages.CashoutExceptions.login()'><b>login</b><br>Test class: betfair.pages.CashoutExceptions<br>Test method: Logs in before method</td>
<td></td>
<td>0</td>
<td>betfair.pages.CashoutExceptions@7f416b2d</td></tr>
<tr>
<td title='betfair.pages.CashoutExceptions.startTest()'><b>startTest</b><br>Test class: betfair.pages.CashoutExceptions</td>
<td></td>
<td>0</td>
<td>betfair.pages.CashoutExceptions@7f416b2d</td></tr>
<tr>
<td title='betfair.pages.CashoutExceptions.login()'><b>login</b><br>Test class: betfair.pages.CashoutExceptions<br>Test method: Logs in before method</td>
<td></td>
<td>0</td>
<td>betfair.pages.CashoutExceptions@7f416b2d</td></tr>
<tr>
<td title='betfair.pages.CashoutExceptions.startTest()'><b>startTest</b><br>Test class: betfair.pages.CashoutExceptions</td>
<td></td>
<td>0</td>
<td>betfair.pages.CashoutExceptions@7f416b2d</td></tr>
<tr>
<td title='betfair.pages.CashoutExceptions.login()'><b>login</b><br>Test class: betfair.pages.CashoutExceptions<br>Test method: Logs in before method</td>
<td></td>
<td>0</td>
<td>betfair.pages.CashoutExceptions@7f416b2d</td></tr>
<tr>
<td title='betfair.pages.CashoutExceptions.startTest()'><b>startTest</b><br>Test class: betfair.pages.CashoutExceptions</td>
<td></td>
<td>0</td>
<td>betfair.pages.CashoutExceptions@7f416b2d</td></tr>
<tr>
<td title='betfair.pages.CashoutExceptions.login()'><b>login</b><br>Test class: betfair.pages.CashoutExceptions<br>Test method: Logs in before method</td>
<td></td>
<td>0</td>
<td>betfair.pages.CashoutExceptions@7f416b2d</td></tr>
<tr>
<td title='betfair.pages.CashoutExceptions.startTest()'><b>startTest</b><br>Test class: betfair.pages.CashoutExceptions</td>
<td></td>
<td>0</td>
<td>betfair.pages.CashoutExceptions@7f416b2d</td></tr>
<tr>
<td title='betfair.pages.CashoutExceptions.login()'><b>login</b><br>Test class: betfair.pages.CashoutExceptions<br>Test method: Logs in before method</td>
<td></td>
<td>0</td>
<td>betfair.pages.CashoutExceptions@7f416b2d</td></tr>
<tr>
<td title='betfair.pages.CashoutExceptions.startTest()'><b>startTest</b><br>Test class: betfair.pages.CashoutExceptions</td>
<td></td>
<td>0</td>
<td>betfair.pages.CashoutExceptions@7f416b2d</td></tr>
<tr>
<td title='betfair.pages.CashoutExceptions.login()'><b>login</b><br>Test class: betfair.pages.CashoutExceptions<br>Test method: Logs in before method</td>
<td></td>
<td>0</td>
<td>betfair.pages.CashoutExceptions@7f416b2d</td></tr>
<tr>
<td title='betfair.pages.CashoutExceptions.startTest()'><b>startTest</b><br>Test class: betfair.pages.CashoutExceptions</td>
<td></td>
<td>0</td>
<td>betfair.pages.CashoutExceptions@7f416b2d</td></tr>
<tr>
<td title='betfair.pages.CashoutExceptions.login()'><b>login</b><br>Test class: betfair.pages.CashoutExceptions<br>Test method: Logs in before method</td>
<td></td>
<td>0</td>
<td>betfair.pages.CashoutExceptions@7f416b2d</td></tr>
<tr>
<td title='betfair.pages.DbPublishTest.startTest()'><b>startTest</b><br>Test class: betfair.pages.DbPublishTest</td>
<td></td>
<td>0</td>
<td>betfair.pages.DbPublishTest@6a25dcb2</td></tr>
<tr>
<td title='betfair.pages.DbPublishTest.login()'><b>login</b><br>Test class: betfair.pages.DbPublishTest<br>Test method: Logs in before method</td>
<td></td>
<td>0</td>
<td>betfair.pages.DbPublishTest@6a25dcb2</td></tr>
<tr>
<td title='betfair.pages.DbPublishTest.startTest()'><b>startTest</b><br>Test class: betfair.pages.DbPublishTest</td>
<td></td>
<td>0</td>
<td>betfair.pages.DbPublishTest@6a25dcb2</td></tr>
<tr>
<td title='betfair.pages.DbPublishTest.login()'><b>login</b><br>Test class: betfair.pages.DbPublishTest<br>Test method: Logs in before method</td>
<td></td>
<td>0</td>
<td>betfair.pages.DbPublishTest@6a25dcb2</td></tr>
<tr>
<td title='betfair.pages.DbPublishTest.startTest()'><b>startTest</b><br>Test class: betfair.pages.DbPublishTest</td>
<td></td>
<td>0</td>
<td>betfair.pages.DbPublishTest@6a25dcb2</td></tr>
<tr>
<td title='betfair.pages.DbPublishTest.login()'><b>login</b><br>Test class: betfair.pages.DbPublishTest<br>Test method: Logs in before method</td>
<td></td>
<td>0</td>
<td>betfair.pages.DbPublishTest@6a25dcb2</td></tr>
<tr>
<td title='betfair.pages.DbPublishTest.startTest()'><b>startTest</b><br>Test class: betfair.pages.DbPublishTest</td>
<td></td>
<td>0</td>
<td>betfair.pages.DbPublishTest@6a25dcb2</td></tr>
<tr>
<td title='betfair.pages.DbPublishTest.login()'><b>login</b><br>Test class: betfair.pages.DbPublishTest<br>Test method: Logs in before method</td>
<td></td>
<td>0</td>
<td>betfair.pages.DbPublishTest@6a25dcb2</td></tr>
<tr>
<td title='betfair.pages.DbPublishTest.startTest()'><b>startTest</b><br>Test class: betfair.pages.DbPublishTest</td>
<td></td>
<td>0</td>
<td>betfair.pages.DbPublishTest@6a25dcb2</td></tr>
<tr>
<td title='betfair.pages.DbPublishTest.login()'><b>login</b><br>Test class: betfair.pages.DbPublishTest<br>Test method: Logs in before method</td>
<td></td>
<td>0</td>
<td>betfair.pages.DbPublishTest@6a25dcb2</td></tr>
<tr>
<td title='betfair.pages.DbPublishTest.startTest()'><b>startTest</b><br>Test class: betfair.pages.DbPublishTest</td>
<td></td>
<td>0</td>
<td>betfair.pages.DbPublishTest@6a25dcb2</td></tr>
<tr>
<td title='betfair.pages.DbPublishTest.login()'><b>login</b><br>Test class: betfair.pages.DbPublishTest<br>Test method: Logs in before method</td>
<td></td>
<td>0</td>
<td>betfair.pages.DbPublishTest@6a25dcb2</td></tr>
<tr>
<td title='betfair.pages.DbPublishTest.startTest()'><b>startTest</b><br>Test class: betfair.pages.DbPublishTest</td>
<td></td>
<td>0</td>
<td>betfair.pages.DbPublishTest@6a25dcb2</td></tr>
<tr>
<td title='betfair.pages.DbPublishTest.login()'><b>login</b><br>Test class: betfair.pages.DbPublishTest<br>Test method: Logs in before method</td>
<td></td>
<td>0</td>
<td>betfair.pages.DbPublishTest@6a25dcb2</td></tr>
<tr>
<td title='betfair.pages.DbPublishTest.startTest()'><b>startTest</b><br>Test class: betfair.pages.DbPublishTest</td>
<td></td>
<td>0</td>
<td>betfair.pages.DbPublishTest@6a25dcb2</td></tr>
<tr>
<td title='betfair.pages.DbPublishTest.login()'><b>login</b><br>Test class: betfair.pages.DbPublishTest<br>Test method: Logs in before method</td>
<td></td>
<td>0</td>
<td>betfair.pages.DbPublishTest@6a25dcb2</td></tr>
<tr>
<td title='betfair.pages.DbPublishTest.startTest()'><b>startTest</b><br>Test class: betfair.pages.DbPublishTest</td>
<td></td>
<td>0</td>
<td>betfair.pages.DbPublishTest@6a25dcb2</td></tr>
<tr>
<td title='betfair.pages.DbPublishTest.login()'><b>login</b><br>Test class: betfair.pages.DbPublishTest<br>Test method: Logs in before method</td>
<td></td>
<td>0</td>
<td>betfair.pages.DbPublishTest@6a25dcb2</td></tr>
<tr>
<td title='betfair.pages.DbPublishTest.startTest()'><b>startTest</b><br>Test class: betfair.pages.DbPublishTest</td>
<td></td>
<td>0</td>
<td>betfair.pages.DbPublishTest@6a25dcb2</td></tr>
<tr>
<td title='betfair.pages.DbPublishTest.login()'><b>login</b><br>Test class: betfair.pages.DbPublishTest<br>Test method: Logs in before method</td>
<td></td>
<td>0</td>
<td>betfair.pages.DbPublishTest@6a25dcb2</td></tr>
<tr>
<td title='betfair.pages.DbPublishTest.startTest()'><b>startTest</b><br>Test class: betfair.pages.DbPublishTest</td>
<td></td>
<td>0</td>
<td>betfair.pages.DbPublishTest@6a25dcb2</td></tr>
<tr>
<td title='betfair.pages.DbPublishTest.login()'><b>login</b><br>Test class: betfair.pages.DbPublishTest<br>Test method: Logs in before method</td>
<td></td>
<td>0</td>
<td>betfair.pages.DbPublishTest@6a25dcb2</td></tr>
<tr>
<td title='betfair.pages.DbPublishTest.startTest()'><b>startTest</b><br>Test class: betfair.pages.DbPublishTest</td>
<td></td>
<td>0</td>
<td>betfair.pages.DbPublishTest@6a25dcb2</td></tr>
<tr>
<td title='betfair.pages.DbPublishTest.login()'><b>login</b><br>Test class: betfair.pages.DbPublishTest<br>Test method: Logs in before method</td>
<td></td>
<td>0</td>
<td>betfair.pages.DbPublishTest@6a25dcb2</td></tr>
<tr>
<td title='betfair.pages.DbPublishTest.startTest()'><b>startTest</b><br>Test class: betfair.pages.DbPublishTest</td>
<td></td>
<td>0</td>
<td>betfair.pages.DbPublishTest@6a25dcb2</td></tr>
<tr>
<td title='betfair.pages.DbPublishTest.login()'><b>login</b><br>Test class: betfair.pages.DbPublishTest<br>Test method: Logs in before method</td>
<td></td>
<td>0</td>
<td>betfair.pages.DbPublishTest@6a25dcb2</td></tr>
<tr>
<td title='betfair.pages.OxiXmlTest.logout()'><b>logout</b><br>Test class: betfair.pages.OxiXmlTest<br>Test method: Logs out after method</td>
<td></td>
<td>0</td>
<td>betfair.pages.OxiXmlTest@173940bb</td></tr>
<tr>
<td title='betfair.pages.OxiXmlTest.logout()'><b>logout</b><br>Test class: betfair.pages.OxiXmlTest<br>Test method: Logs out after method</td>
<td></td>
<td>0</td>
<td>betfair.pages.OxiXmlTest@173940bb</td></tr>
<tr>
<td title='betfair.pages.OxiXmlTest.logout()'><b>logout</b><br>Test class: betfair.pages.OxiXmlTest<br>Test method: Logs out after method</td>
<td></td>
<td>0</td>
<td>betfair.pages.OxiXmlTest@173940bb</td></tr>
<tr>
<td title='betfair.pages.OxiXmlTest.logout()'><b>logout</b><br>Test class: betfair.pages.OxiXmlTest<br>Test method: Logs out after method</td>
<td></td>
<td>0</td>
<td>betfair.pages.OxiXmlTest@173940bb</td></tr>
<tr>
<td title='betfair.pages.OxiXmlTest.logout()'><b>logout</b><br>Test class: betfair.pages.OxiXmlTest<br>Test method: Logs out after method</td>
<td></td>
<td>0</td>
<td>betfair.pages.OxiXmlTest@173940bb</td></tr>
<tr>
<td title='betfair.pages.OxiXmlTest.logout()'><b>logout</b><br>Test class: betfair.pages.OxiXmlTest<br>Test method: Logs out after method</td>
<td></td>
<td>0</td>
<td>betfair.pages.OxiXmlTest@173940bb</td></tr>
<tr>
<td title='betfair.pages.OxiXmlTest.logout()'><b>logout</b><br>Test class: betfair.pages.OxiXmlTest<br>Test method: Logs out after method</td>
<td></td>
<td>0</td>
<td>betfair.pages.OxiXmlTest@173940bb</td></tr>
<tr>
<td title='betfair.pages.CashoutExceptions.logout()'><b>logout</b><br>Test class: betfair.pages.CashoutExceptions<br>Test method: Logs out after method</td>
<td></td>
<td>0</td>
<td>betfair.pages.CashoutExceptions@7f416b2d</td></tr>
<tr>
<td title='betfair.pages.CashoutExceptions.logout()'><b>logout</b><br>Test class: betfair.pages.CashoutExceptions<br>Test method: Logs out after method</td>
<td></td>
<td>0</td>
<td>betfair.pages.CashoutExceptions@7f416b2d</td></tr>
<tr>
<td title='betfair.pages.CashoutExceptions.logout()'><b>logout</b><br>Test class: betfair.pages.CashoutExceptions<br>Test method: Logs out after method</td>
<td></td>
<td>0</td>
<td>betfair.pages.CashoutExceptions@7f416b2d</td></tr>
<tr>
<td title='betfair.pages.CashoutExceptions.logout()'><b>logout</b><br>Test class: betfair.pages.CashoutExceptions<br>Test method: Logs out after method</td>
<td></td>
<td>0</td>
<td>betfair.pages.CashoutExceptions@7f416b2d</td></tr>
<tr>
<td title='betfair.pages.CashoutExceptions.logout()'><b>logout</b><br>Test class: betfair.pages.CashoutExceptions<br>Test method: Logs out after method</td>
<td></td>
<td>0</td>
<td>betfair.pages.CashoutExceptions@7f416b2d</td></tr>
<tr>
<td title='betfair.pages.CashoutExceptions.logout()'><b>logout</b><br>Test class: betfair.pages.CashoutExceptions<br>Test method: Logs out after method</td>
<td></td>
<td>0</td>
<td>betfair.pages.CashoutExceptions@7f416b2d</td></tr>
<tr>
<td title='betfair.pages.CashoutExceptions.logout()'><b>logout</b><br>Test class: betfair.pages.CashoutExceptions<br>Test method: Logs out after method</td>
<td></td>
<td>0</td>
<td>betfair.pages.CashoutExceptions@7f416b2d</td></tr>
<tr>
<td title='betfair.pages.CashoutExceptions.logout()'><b>logout</b><br>Test class: betfair.pages.CashoutExceptions<br>Test method: Logs out after method</td>
<td></td>
<td>0</td>
<td>betfair.pages.CashoutExceptions@7f416b2d</td></tr>
<tr>
<td title='betfair.pages.CashoutExceptions.logout()'><b>logout</b><br>Test class: betfair.pages.CashoutExceptions<br>Test method: Logs out after method</td>
<td></td>
<td>0</td>
<td>betfair.pages.CashoutExceptions@7f416b2d</td></tr>
<tr>
<td title='betfair.pages.CashoutExceptions.logout()'><b>logout</b><br>Test class: betfair.pages.CashoutExceptions<br>Test method: Logs out after method</td>
<td></td>
<td>0</td>
<td>betfair.pages.CashoutExceptions@7f416b2d</td></tr>
<tr>
<td title='betfair.pages.CashoutExceptions.logout()'><b>logout</b><br>Test class: betfair.pages.CashoutExceptions<br>Test method: Logs out after method</td>
<td></td>
<td>0</td>
<td>betfair.pages.CashoutExceptions@7f416b2d</td></tr>
<tr>
<td title='betfair.pages.DbPublishTest.logout()'><b>logout</b><br>Test class: betfair.pages.DbPublishTest<br>Test method: Logs out after method</td>
<td></td>
<td>0</td>
<td>betfair.pages.DbPublishTest@6a25dcb2</td></tr>
<tr>
<td title='betfair.pages.DbPublishTest.logout()'><b>logout</b><br>Test class: betfair.pages.DbPublishTest<br>Test method: Logs out after method</td>
<td></td>
<td>0</td>
<td>betfair.pages.DbPublishTest@6a25dcb2</td></tr>
<tr>
<td title='betfair.pages.DbPublishTest.logout()'><b>logout</b><br>Test class: betfair.pages.DbPublishTest<br>Test method: Logs out after method</td>
<td></td>
<td>0</td>
<td>betfair.pages.DbPublishTest@6a25dcb2</td></tr>
<tr>
<td title='betfair.pages.DbPublishTest.logout()'><b>logout</b><br>Test class: betfair.pages.DbPublishTest<br>Test method: Logs out after method</td>
<td></td>
<td>0</td>
<td>betfair.pages.DbPublishTest@6a25dcb2</td></tr>
<tr>
<td title='betfair.pages.DbPublishTest.logout()'><b>logout</b><br>Test class: betfair.pages.DbPublishTest<br>Test method: Logs out after method</td>
<td></td>
<td>0</td>
<td>betfair.pages.DbPublishTest@6a25dcb2</td></tr>
<tr>
<td title='betfair.pages.DbPublishTest.logout()'><b>logout</b><br>Test class: betfair.pages.DbPublishTest<br>Test method: Logs out after method</td>
<td></td>
<td>0</td>
<td>betfair.pages.DbPublishTest@6a25dcb2</td></tr>
<tr>
<td title='betfair.pages.DbPublishTest.logout()'><b>logout</b><br>Test class: betfair.pages.DbPublishTest<br>Test method: Logs out after method</td>
<td></td>
<td>0</td>
<td>betfair.pages.DbPublishTest@6a25dcb2</td></tr>
<tr>
<td title='betfair.pages.DbPublishTest.logout()'><b>logout</b><br>Test class: betfair.pages.DbPublishTest<br>Test method: Logs out after method</td>
<td></td>
<td>0</td>
<td>betfair.pages.DbPublishTest@6a25dcb2</td></tr>
<tr>
<td title='betfair.pages.DbPublishTest.logout()'><b>logout</b><br>Test class: betfair.pages.DbPublishTest<br>Test method: Logs out after method</td>
<td></td>
<td>0</td>
<td>betfair.pages.DbPublishTest@6a25dcb2</td></tr>
<tr>
<td title='betfair.pages.DbPublishTest.logout()'><b>logout</b><br>Test class: betfair.pages.DbPublishTest<br>Test method: Logs out after method</td>
<td></td>
<td>0</td>
<td>betfair.pages.DbPublishTest@6a25dcb2</td></tr>
<tr>
<td title='betfair.pages.DbPublishTest.logout()'><b>logout</b><br>Test class: betfair.pages.DbPublishTest<br>Test method: Logs out after method</td>
<td></td>
<td>0</td>
<td>betfair.pages.DbPublishTest@6a25dcb2</td></tr>
<tr>
<td title='betfair.pages.DbPublishTest.logout()'><b>logout</b><br>Test class: betfair.pages.DbPublishTest<br>Test method: Logs out after method</td>
<td></td>
<td>0</td>
<td>betfair.pages.DbPublishTest@6a25dcb2</td></tr>
<tr>
<td title='betfair.pages.DbPublishTest.logout()'><b>logout</b><br>Test class: betfair.pages.DbPublishTest<br>Test method: Logs out after method</td>
<td></td>
<td>0</td>
<td>betfair.pages.DbPublishTest@6a25dcb2</td></tr>
</table><p>
<table width='100%' border='1' class='invocation-failed'>
<tr><td colspan='4' align='center'><b>FAILED TESTS</b></td></tr>
<tr><td><b>Test method</b></td>
<td width="30%"><b>Exception</b></td>
<td width="10%"><b>Time (seconds)</b></td>
<td><b>Instance</b></td>
</tr>
<tr>
<td title='betfair.pages.BirEndToEndTest.birEndToEndTest()'><b>birEndToEndTest</b><br>Test class: betfair.pages.BirEndToEndTest<br>Test method: C207483 - BIR</td>
<td><div><pre>org.openqa.selenium.NoSuchElementException: Unable to locate element: {&quot;method&quot;:&quot;xpath&quot;,&quot;selector&quot;:&quot;//input[contains(@type,&apos;button&apos;) and contains(@onclick,&apos;return fs&apos;)and contains(@value,&apos;Add Event Market&apos;)]&quot;}
Command duration or timeout: 30.10 seconds
For documentation on this error, please visit: http://seleniumhq.org/exceptions/no_such_element.html
Build info: version: &apos;2.30.0&apos;, revision: &apos;dc1ef9c&apos;, time: &apos;2013-02-19 00:15:27&apos;
System info: os.name: &apos;Windows 7&apos;, os.arch: &apos;amd64&apos;, os.version: &apos;6.1&apos;, java.version: &apos;1.7.0_11&apos;
Session ID: 360325a0-e0d4-490b-906f-79df2424e2d4
Driver info: org.openqa.selenium.firefox.FirefoxDriver
Capabilities [{platform=XP, databaseEnabled=true, cssSelectorsEnabled=true, javascriptEnabled=true, acceptSslCerts=true, handlesAlerts=true, browserName=firefox, browserConnectionEnabled=true, nativeEvents=true, webStorageEnabled=true, rotatable=false, locationContextEnabled=true, applicationCacheEnabled=true, takesScreenshot=true, version=19.0}]
For documentation on this error, please visit: http://seleniumhq.org/exceptions/no_such_element.html
Build info: version: &apos;2.30.0&apos;, revision: &apos;dc1ef9ceb805a672f56dc49198f9ffbd4ca345c7&apos;, time: &apos;2013-02-19 09:14:38&apos;
System info: os.name: &apos;Windows 7&apos;, os.arch: &apos;amd64&apos;, os.version: &apos;6.1&apos;, java.version: &apos;1.7.0_11&apos;
Driver info: driver.version: RemoteWebDriver
	at org.openqa.selenium.remote.ErrorHandler.createThrowable(ErrorHandler.java:131)
	at org.openqa.selenium.remote.ErrorHandler.throwIfResponseFailed(ErrorHandler.java:105)
	at org.openqa.selenium.remote.RemoteWebDriver.execute(RemoteWebDriver.java:405)
	at org.openqa.selenium.remote.RemoteWebDriver.findElement(RemoteWebDriver.java:193)
	at org.openqa.selenium.remote.RemoteWebDriver.findElementByXPath(RemoteWebDriver.java:266)
	at org.openqa.selenium.By$ByXPath.findElement(By.java:344)
	at org.openqa.selenium.remote.RemoteWebDriver.findElement(RemoteWebDriver.java:185)
	at org.openqa.selenium.support.pagefactory.DefaultElementLocator.findElement(DefaultElementLocator.java:59)
	at org.openqa.selenium.support.pagefactory.internal.LocatingElementHandler.invoke(LocatingElementHandler.java:34)
	at $Proxy9.click(Unknown Source)
	at betfair.pages.AdminMarketCreation.clickAddEventMarket(AdminMarketCreation.java:130)
	at betfair.pages.BirEndToEndTest.birEndToEndTest(BirEndToEndTest.java:64)
	at org.apache.maven.surefire.testng.TestNGExecutor.run(TestNGExecutor.java:177)
	at org.apache.maven.surefire.testng.TestNGXmlTestSuite.execute(TestNGXmlTestSuite.java:92)
	at org.apache.maven.surefire.testng.TestNGProvider.invoke(TestNGProvider.java:105)
	at org.apache.maven.surefire.util.ReflectionUtils.invokeMethodWithArray(ReflectionUtils.java:189)
	at org.apache.maven.surefire.booter.ProviderFactory$ProviderProxy.invoke(ProviderFactory.java:165)
	at org.apache.maven.surefire.booter.ProviderFactory.invokeProvider(ProviderFactory.java:85)
	at org.apache.maven.surefire.booter.ForkedBooter.runSuitesInProcess(ForkedBooter.java:103)
	at org.apache.maven.surefire.booter.ForkedBooter.main(ForkedBooter.java:74)
Caused by: org.openqa.selenium.remote.ScreenshotException: Screen shot has been taken
Build info: version: &apos;2.30.0&apos;, revision: &apos;dc1ef9ceb805a672f56dc49198f9ffbd4ca345c7&apos;, time: &apos;2013-02-19 09:14:38&apos;
System info: os.name: &apos;Windows 7&apos;, os.arch: &apos;amd64&apos;, os.version: &apos;6.1&apos;, java.version: &apos;1.7.0_11&apos;
Driver info: driver.version: RemoteWebDriver
	at org.openqa.selenium.remote.ErrorHandler.throwIfResponseFailed(ErrorHandler.java:99)
	... 43 more
Caused by: org.openqa.selenium.NoSuchElementException: Unable to locate element: {&quot;method&quot;:&quot;xpath&quot;,&quot;selector&quot;:&quot;//input[contains(@type,&apos;button&apos;) and contains(@onclick,&apos;return fs&apos;)and contains(@value,&apos;Add Event Market&apos;)]&quot;}
Command duration or timeout: 30.10 seconds
For documentation on this error, please visit: http://seleniumhq.org/exceptions/no_such_element.html
Build info: version: &apos;2.30.0&apos;, revision: &apos;dc1ef9c&apos;, time: &apos;2013-02-19 00:15:27&apos;
System info: os.name: &apos;Windows 7&apos;, os.arch: &apos;amd64&apos;, os.version: &apos;6.1&apos;, java.version: &apos;1.7.0_11&apos;
Session ID: 360325a0-e0d4-490b-906f-79df2424e2d4
Driver info: org.openqa.selenium.firefox.FirefoxDriver
Capabilities [{platform=XP, databaseEnabled=true, cssSelectorsEnabled=true, javascriptEnabled=true, acceptSslCerts=true, handlesAlerts=true, browserName=firefox, browserConnectionEnabled=true, nativeEvents=true, webStorageEnabled=true, rotatable=false, locationContextEnabled=true, applicationCacheEnabled=true, takesScreenshot=true, version=19.0}]
For documentation on this error, please visit: http://seleniumhq.org/exceptions/no_such_element.html
Build info: version: &apos;2.30.0&apos;, revision: &apos;dc1ef9ceb805a672f56dc49198f9ffbd4ca345c7&apos;, time: &apos;2013-02-19 09:14:38&apos;
System info: os.name: &apos;Windows 7&apos;, os.arch: &apos;amd64&apos;, os.version: &apos;6.1&apos;, java.version: &apos;1.7.0_11&apos;
Driver info: driver.version: EventFiringWebDriver
	at org.openqa.selenium.remote.ErrorHandler.createThrowable(ErrorHandler.java:187)
	at org.openqa.selenium.remote.ErrorHandler.throwIfResponseFailed(ErrorHandler.java:145)
	at org.openqa.selenium.remote.RemoteWebDriver.execute(RemoteWebDriver.java:554)
	at org.openqa.selenium.remote.RemoteWebDriver.findElement(RemoteWebDriver.java:307)
	at org.openqa.selenium.remote.RemoteWebDriver.findElementByXPath(RemoteWebDriver.java:404)
	at org.openqa.selenium.By$ByXPath.findElement(By.java:344)
	at org.openqa.selenium.remote.RemoteWebDriver.findElement(RemoteWebDriver.java:299)
	at org.openqa.selenium.support.events.EventFiringWebDriver$2.invoke(EventFiringWebDriver.java:101)
	at $Proxy1.findElement(null)
	at org.openqa.selenium.support.events.EventFiringWebDriver.findElement(EventFiringWebDriver.java:180)
	at org.openqa.selenium.remote.server.handler.FindElement.call(FindElement.java:47)
	at org.openqa.selenium.remote.server.handler.FindElement.call(FindElement.java:1)
	at java.util.concurrent.FutureTask$Sync.innerRun(null)
	at java.util.concurrent.FutureTask.run(null)
	at org.openqa.selenium.remote.server.DefaultSession$1.run(DefaultSession.java:167)
	at java.util.concurrent.ThreadPoolExecutor.runWorker(null)
	at java.util.concurrent.ThreadPoolExecutor$Worker.run(null)
	at java.lang.Thread.run(null)
... Removed 36 stack frames</pre></div><a href='#' onClick='toggleBox("stack-trace1404342390", this, "Click to show all stack frames", "Click to hide stack frames")'>Click to show all stack frames</a>
<div class='stack-trace' id='stack-trace1404342390'><pre>org.openqa.selenium.NoSuchElementException: Unable to locate element: {&quot;method&quot;:&quot;xpath&quot;,&quot;selector&quot;:&quot;//input[contains(@type,&apos;button&apos;) and contains(@onclick,&apos;return fs&apos;)and contains(@value,&apos;Add Event Market&apos;)]&quot;}
Command duration or timeout: 30.10 seconds
For documentation on this error, please visit: http://seleniumhq.org/exceptions/no_such_element.html
Build info: version: &apos;2.30.0&apos;, revision: &apos;dc1ef9c&apos;, time: &apos;2013-02-19 00:15:27&apos;
System info: os.name: &apos;Windows 7&apos;, os.arch: &apos;amd64&apos;, os.version: &apos;6.1&apos;, java.version: &apos;1.7.0_11&apos;
Session ID: 360325a0-e0d4-490b-906f-79df2424e2d4
Driver info: org.openqa.selenium.firefox.FirefoxDriver
Capabilities [{platform=XP, databaseEnabled=true, cssSelectorsEnabled=true, javascriptEnabled=true, acceptSslCerts=true, handlesAlerts=true, browserName=firefox, browserConnectionEnabled=true, nativeEvents=true, webStorageEnabled=true, rotatable=false, locationContextEnabled=true, applicationCacheEnabled=true, takesScreenshot=true, version=19.0}]
For documentation on this error, please visit: http://seleniumhq.org/exceptions/no_such_element.html
Build info: version: &apos;2.30.0&apos;, revision: &apos;dc1ef9ceb805a672f56dc49198f9ffbd4ca345c7&apos;, time: &apos;2013-02-19 09:14:38&apos;
System info: os.name: &apos;Windows 7&apos;, os.arch: &apos;amd64&apos;, os.version: &apos;6.1&apos;, java.version: &apos;1.7.0_11&apos;
Driver info: driver.version: RemoteWebDriver
	at sun.reflect.NativeConstructorAccessorImpl.newInstance0(Native Method)
	at sun.reflect.NativeConstructorAccessorImpl.newInstance(NativeConstructorAccessorImpl.java:57)
	at sun.reflect.DelegatingConstructorAccessorImpl.newInstance(DelegatingConstructorAccessorImpl.java:45)
	at java.lang.reflect.Constructor.newInstance(Constructor.java:525)
	at org.openqa.selenium.remote.ErrorHandler.createThrowable(ErrorHandler.java:131)
	at org.openqa.selenium.remote.ErrorHandler.throwIfResponseFailed(ErrorHandler.java:105)
	at org.openqa.selenium.remote.RemoteWebDriver.execute(RemoteWebDriver.java:405)
	at org.openqa.selenium.remote.RemoteWebDriver.findElement(RemoteWebDriver.java:193)
	at org.openqa.selenium.remote.RemoteWebDriver.findElementByXPath(RemoteWebDriver.java:266)
	at org.openqa.selenium.By$ByXPath.findElement(By.java:344)
	at org.openqa.selenium.remote.RemoteWebDriver.findElement(RemoteWebDriver.java:185)
	at org.openqa.selenium.support.pagefactory.DefaultElementLocator.findElement(DefaultElementLocator.java:59)
	at org.openqa.selenium.support.pagefactory.internal.LocatingElementHandler.invoke(LocatingElementHandler.java:34)
	at $Proxy9.click(Unknown Source)
	at betfair.pages.AdminMarketCreation.clickAddEventMarket(AdminMarketCreation.java:130)
	at betfair.pages.BirEndToEndTest.birEndToEndTest(BirEndToEndTest.java:64)
	at sun.reflect.NativeMethodAccessorImpl.invoke0(Native Method)
	at sun.reflect.NativeMethodAccessorImpl.invoke(NativeMethodAccessorImpl.java:57)
	at sun.reflect.DelegatingMethodAccessorImpl.invoke(DelegatingMethodAccessorImpl.java:43)
	at java.lang.reflect.Method.invoke(Method.java:601)
	at org.testng.internal.MethodInvocationHelper.invokeMethod(MethodInvocationHelper.java:80)
	at org.testng.internal.Invoker.invokeMethod(Invoker.java:715)
	at org.testng.internal.Invoker.invokeTestMethod(Invoker.java:907)
	at org.testng.internal.Invoker.invokeTestMethods(Invoker.java:1237)
	at org.testng.internal.TestMethodWorker.invokeTestMethods(TestMethodWorker.java:127)
	at org.testng.internal.TestMethodWorker.run(TestMethodWorker.java:111)
	at org.testng.TestRunner.privateRun(TestRunner.java:767)
	at org.testng.TestRunner.run(TestRunner.java:617)
	at org.testng.SuiteRunner.runTest(SuiteRunner.java:334)
	at org.testng.SuiteRunner.runSequentially(SuiteRunner.java:329)
	at org.testng.SuiteRunner.privateRun(SuiteRunner.java:291)
	at org.testng.SuiteRunner.run(SuiteRunner.java:240)
	at org.testng.SuiteRunnerWorker.runSuite(SuiteRunnerWorker.java:51)
	at org.testng.SuiteRunnerWorker.run(SuiteRunnerWorker.java:85)
	at org.testng.TestNG.runSuitesSequentially(TestNG.java:1197)
	at org.testng.TestNG.runSuitesLocally(TestNG.java:1122)
	at org.testng.TestNG.run(TestNG.java:1030)
	at org.apache.maven.surefire.testng.TestNGExecutor.run(TestNGExecutor.java:177)
	at org.apache.maven.surefire.testng.TestNGXmlTestSuite.execute(TestNGXmlTestSuite.java:92)
	at org.apache.maven.surefire.testng.TestNGProvider.invoke(TestNGProvider.java:105)
	at sun.reflect.NativeMethodAccessorImpl.invoke0(Native Method)
	at sun.reflect.NativeMethodAccessorImpl.invoke(NativeMethodAccessorImpl.java:57)
	at sun.reflect.DelegatingMethodAccessorImpl.invoke(DelegatingMethodAccessorImpl.java:43)
	at java.lang.reflect.Method.invoke(Method.java:601)
	at org.apache.maven.surefire.util.ReflectionUtils.invokeMethodWithArray(ReflectionUtils.java:189)
	at org.apache.maven.surefire.booter.ProviderFactory$ProviderProxy.invoke(ProviderFactory.java:165)
	at org.apache.maven.surefire.booter.ProviderFactory.invokeProvider(ProviderFactory.java:85)
	at org.apache.maven.surefire.booter.ForkedBooter.runSuitesInProcess(ForkedBooter.java:103)
	at org.apache.maven.surefire.booter.ForkedBooter.main(ForkedBooter.java:74)
Caused by: org.openqa.selenium.remote.ScreenshotException: Screen shot has been taken
Build info: version: &apos;2.30.0&apos;, revision: &apos;dc1ef9ceb805a672f56dc49198f9ffbd4ca345c7&apos;, time: &apos;2013-02-19 09:14:38&apos;
System info: os.name: &apos;Windows 7&apos;, os.arch: &apos;amd64&apos;, os.version: &apos;6.1&apos;, java.version: &apos;1.7.0_11&apos;
Driver info: driver.version: RemoteWebDriver
	at org.openqa.selenium.remote.ErrorHandler.throwIfResponseFailed(ErrorHandler.java:99)
	... 43 more
Caused by: org.openqa.selenium.NoSuchElementException: Unable to locate element: {&quot;method&quot;:&quot;xpath&quot;,&quot;selector&quot;:&quot;//input[contains(@type,&apos;button&apos;) and contains(@onclick,&apos;return fs&apos;)and contains(@value,&apos;Add Event Market&apos;)]&quot;}
Command duration or timeout: 30.10 seconds
For documentation on this error, please visit: http://seleniumhq.org/exceptions/no_such_element.html
Build info: version: &apos;2.30.0&apos;, revision: &apos;dc1ef9c&apos;, time: &apos;2013-02-19 00:15:27&apos;
System info: os.name: &apos;Windows 7&apos;, os.arch: &apos;amd64&apos;, os.version: &apos;6.1&apos;, java.version: &apos;1.7.0_11&apos;
Session ID: 360325a0-e0d4-490b-906f-79df2424e2d4
Driver info: org.openqa.selenium.firefox.FirefoxDriver
Capabilities [{platform=XP, databaseEnabled=true, cssSelectorsEnabled=true, javascriptEnabled=true, acceptSslCerts=true, handlesAlerts=true, browserName=firefox, browserConnectionEnabled=true, nativeEvents=true, webStorageEnabled=true, rotatable=false, locationContextEnabled=true, applicationCacheEnabled=true, takesScreenshot=true, version=19.0}]
For documentation on this error, please visit: http://seleniumhq.org/exceptions/no_such_element.html
Build info: version: &apos;2.30.0&apos;, revision: &apos;dc1ef9ceb805a672f56dc49198f9ffbd4ca345c7&apos;, time: &apos;2013-02-19 09:14:38&apos;
System info: os.name: &apos;Windows 7&apos;, os.arch: &apos;amd64&apos;, os.version: &apos;6.1&apos;, java.version: &apos;1.7.0_11&apos;
Driver info: driver.version: EventFiringWebDriver
	at sun.reflect.NativeConstructorAccessorImpl.newInstance0(Native Method)
	at sun.reflect.NativeConstructorAccessorImpl.newInstance(null)
	at sun.reflect.DelegatingConstructorAccessorImpl.newInstance(null)
	at java.lang.reflect.Constructor.newInstance(null)
	at org.openqa.selenium.remote.ErrorHandler.createThrowable(ErrorHandler.java:187)
	at org.openqa.selenium.remote.ErrorHandler.throwIfResponseFailed(ErrorHandler.java:145)
	at org.openqa.selenium.remote.RemoteWebDriver.execute(RemoteWebDriver.java:554)
	at org.openqa.selenium.remote.RemoteWebDriver.findElement(RemoteWebDriver.java:307)
	at org.openqa.selenium.remote.RemoteWebDriver.findElementByXPath(RemoteWebDriver.java:404)
	at org.openqa.selenium.By$ByXPath.findElement(By.java:344)
	at org.openqa.selenium.remote.RemoteWebDriver.findElement(RemoteWebDriver.java:299)
	at sun.reflect.GeneratedMethodAccessor22.invoke(null)
	at sun.reflect.DelegatingMethodAccessorImpl.invoke(null)
	at java.lang.reflect.Method.invoke(null)
	at org.openqa.selenium.support.events.EventFiringWebDriver$2.invoke(EventFiringWebDriver.java:101)
	at $Proxy1.findElement(null)
	at org.openqa.selenium.support.events.EventFiringWebDriver.findElement(EventFiringWebDriver.java:180)
	at org.openqa.selenium.remote.server.handler.FindElement.call(FindElement.java:47)
	at org.openqa.selenium.remote.server.handler.FindElement.call(FindElement.java:1)
	at java.util.concurrent.FutureTask$Sync.innerRun(null)
	at java.util.concurrent.FutureTask.run(null)
	at org.openqa.selenium.remote.server.DefaultSession$1.run(DefaultSession.java:167)
	at java.util.concurrent.ThreadPoolExecutor.runWorker(null)
	at java.util.concurrent.ThreadPoolExecutor$Worker.run(null)
	at java.lang.Thread.run(null)
</pre></div></td>
<td>34</td>
<td>betfair.pages.BirEndToEndTest@5482fb8f</td></tr>
<tr>
<td title='betfair.pages.ModifyEvents.modifyFootballEvent()'><b>modifyFootballEvent</b><br>Test class: betfair.pages.ModifyEvents<br>Test method: C141955 - Modify a Football Event and view changes in View Audit History</td>
<td><div><pre>java.lang.AssertionError: expected [2014-06-27 11:53:37 ] but found [2016-01-01 00:00:00 ]
	at betfair.pages.ModifyEvents.modifyFootballEvent(ModifyEvents.java:71)
	at org.apache.maven.surefire.testng.TestNGExecutor.run(TestNGExecutor.java:177)
	at org.apache.maven.surefire.testng.TestNGXmlTestSuite.execute(TestNGXmlTestSuite.java:92)
	at org.apache.maven.surefire.testng.TestNGProvider.invoke(TestNGProvider.java:105)
	at org.apache.maven.surefire.util.ReflectionUtils.invokeMethodWithArray(ReflectionUtils.java:189)
	at org.apache.maven.surefire.booter.ProviderFactory$ProviderProxy.invoke(ProviderFactory.java:165)
	at org.apache.maven.surefire.booter.ProviderFactory.invokeProvider(ProviderFactory.java:85)
	at org.apache.maven.surefire.booter.ForkedBooter.runSuitesInProcess(ForkedBooter.java:103)
	at org.apache.maven.surefire.booter.ForkedBooter.main(ForkedBooter.java:74)
... Removed 30 stack frames</pre></div><a href='#' onClick='toggleBox("stack-trace1215837841", this, "Click to show all stack frames", "Click to hide stack frames")'>Click to show all stack frames</a>
<div class='stack-trace' id='stack-trace1215837841'><pre>java.lang.AssertionError: expected [2014-06-27 11:53:37 ] but found [2016-01-01 00:00:00 ]
	at org.testng.Assert.fail(Assert.java:89)
	at org.testng.Assert.failNotEquals(Assert.java:489)
	at org.testng.Assert.assertEquals(Assert.java:118)
	at org.testng.Assert.assertEquals(Assert.java:171)
	at org.testng.Assert.assertEquals(Assert.java:181)
	at betfair.pages.ModifyEvents.modifyFootballEvent(ModifyEvents.java:71)
	at sun.reflect.NativeMethodAccessorImpl.invoke0(Native Method)
	at sun.reflect.NativeMethodAccessorImpl.invoke(NativeMethodAccessorImpl.java:57)
	at sun.reflect.DelegatingMethodAccessorImpl.invoke(DelegatingMethodAccessorImpl.java:43)
	at java.lang.reflect.Method.invoke(Method.java:601)
	at org.testng.internal.MethodInvocationHelper.invokeMethod(MethodInvocationHelper.java:80)
	at org.testng.internal.Invoker.invokeMethod(Invoker.java:715)
	at org.testng.internal.Invoker.invokeTestMethod(Invoker.java:907)
	at org.testng.internal.Invoker.invokeTestMethods(Invoker.java:1237)
	at org.testng.internal.TestMethodWorker.invokeTestMethods(TestMethodWorker.java:127)
	at org.testng.internal.TestMethodWorker.run(TestMethodWorker.java:111)
	at org.testng.TestRunner.privateRun(TestRunner.java:767)
	at org.testng.TestRunner.run(TestRunner.java:617)
	at org.testng.SuiteRunner.runTest(SuiteRunner.java:334)
	at org.testng.SuiteRunner.runSequentially(SuiteRunner.java:329)
	at org.testng.SuiteRunner.privateRun(SuiteRunner.java:291)
	at org.testng.SuiteRunner.run(SuiteRunner.java:240)
	at org.testng.SuiteRunnerWorker.runSuite(SuiteRunnerWorker.java:51)
	at org.testng.SuiteRunnerWorker.run(SuiteRunnerWorker.java:85)
	at org.testng.TestNG.runSuitesSequentially(TestNG.java:1197)
	at org.testng.TestNG.runSuitesLocally(TestNG.java:1122)
	at org.testng.TestNG.run(TestNG.java:1030)
	at org.apache.maven.surefire.testng.TestNGExecutor.run(TestNGExecutor.java:177)
	at org.apache.maven.surefire.testng.TestNGXmlTestSuite.execute(TestNGXmlTestSuite.java:92)
	at org.apache.maven.surefire.testng.TestNGProvider.invoke(TestNGProvider.java:105)
	at sun.reflect.NativeMethodAccessorImpl.invoke0(Native Method)
	at sun.reflect.NativeMethodAccessorImpl.invoke(NativeMethodAccessorImpl.java:57)
	at sun.reflect.DelegatingMethodAccessorImpl.invoke(DelegatingMethodAccessorImpl.java:43)
	at java.lang.reflect.Method.invoke(Method.java:601)
	at org.apache.maven.surefire.util.ReflectionUtils.invokeMethodWithArray(ReflectionUtils.java:189)
	at org.apache.maven.surefire.booter.ProviderFactory$ProviderProxy.invoke(ProviderFactory.java:165)
	at org.apache.maven.surefire.booter.ProviderFactory.invokeProvider(ProviderFactory.java:85)
	at org.apache.maven.surefire.booter.ForkedBooter.runSuitesInProcess(ForkedBooter.java:103)
	at org.apache.maven.surefire.booter.ForkedBooter.main(ForkedBooter.java:74)
</pre></div></td>
<td>9</td>
<td>betfair.pages.ModifyEvents@5bbc608f</td></tr>
<tr>
<td title='betfair.pages.ModifyEvents.modifyHorseRacingEvent()'><b>modifyHorseRacingEvent</b><br>Test class: betfair.pages.ModifyEvents<br>Test method: C141968 - Modify an HR Event and view changes in View Audit History</td>
<td><div><pre>java.lang.AssertionError: expected [2014-06-27 11:54:35 ] but found [2016-01-01 00:00:00 ]
	at betfair.pages.ModifyEvents.modifyHorseRacingEvent(ModifyEvents.java:176)
	at org.apache.maven.surefire.testng.TestNGExecutor.run(TestNGExecutor.java:177)
	at org.apache.maven.surefire.testng.TestNGXmlTestSuite.execute(TestNGXmlTestSuite.java:92)
	at org.apache.maven.surefire.testng.TestNGProvider.invoke(TestNGProvider.java:105)
	at org.apache.maven.surefire.util.ReflectionUtils.invokeMethodWithArray(ReflectionUtils.java:189)
	at org.apache.maven.surefire.booter.ProviderFactory$ProviderProxy.invoke(ProviderFactory.java:165)
	at org.apache.maven.surefire.booter.ProviderFactory.invokeProvider(ProviderFactory.java:85)
	at org.apache.maven.surefire.booter.ForkedBooter.runSuitesInProcess(ForkedBooter.java:103)
	at org.apache.maven.surefire.booter.ForkedBooter.main(ForkedBooter.java:74)
... Removed 30 stack frames</pre></div><a href='#' onClick='toggleBox("stack-trace1620358911", this, "Click to show all stack frames", "Click to hide stack frames")'>Click to show all stack frames</a>
<div class='stack-trace' id='stack-trace1620358911'><pre>java.lang.AssertionError: expected [2014-06-27 11:54:35 ] but found [2016-01-01 00:00:00 ]
	at org.testng.Assert.fail(Assert.java:89)
	at org.testng.Assert.failNotEquals(Assert.java:489)
	at org.testng.Assert.assertEquals(Assert.java:118)
	at org.testng.Assert.assertEquals(Assert.java:171)
	at org.testng.Assert.assertEquals(Assert.java:181)
	at betfair.pages.ModifyEvents.modifyHorseRacingEvent(ModifyEvents.java:176)
	at sun.reflect.NativeMethodAccessorImpl.invoke0(Native Method)
	at sun.reflect.NativeMethodAccessorImpl.invoke(NativeMethodAccessorImpl.java:57)
	at sun.reflect.DelegatingMethodAccessorImpl.invoke(DelegatingMethodAccessorImpl.java:43)
	at java.lang.reflect.Method.invoke(Method.java:601)
	at org.testng.internal.MethodInvocationHelper.invokeMethod(MethodInvocationHelper.java:80)
	at org.testng.internal.Invoker.invokeMethod(Invoker.java:715)
	at org.testng.internal.Invoker.invokeTestMethod(Invoker.java:907)
	at org.testng.internal.Invoker.invokeTestMethods(Invoker.java:1237)
	at org.testng.internal.TestMethodWorker.invokeTestMethods(TestMethodWorker.java:127)
	at org.testng.internal.TestMethodWorker.run(TestMethodWorker.java:111)
	at org.testng.TestRunner.privateRun(TestRunner.java:767)
	at org.testng.TestRunner.run(TestRunner.java:617)
	at org.testng.SuiteRunner.runTest(SuiteRunner.java:334)
	at org.testng.SuiteRunner.runSequentially(SuiteRunner.java:329)
	at org.testng.SuiteRunner.privateRun(SuiteRunner.java:291)
	at org.testng.SuiteRunner.run(SuiteRunner.java:240)
	at org.testng.SuiteRunnerWorker.runSuite(SuiteRunnerWorker.java:51)
	at org.testng.SuiteRunnerWorker.run(SuiteRunnerWorker.java:85)
	at org.testng.TestNG.runSuitesSequentially(TestNG.java:1197)
	at org.testng.TestNG.runSuitesLocally(TestNG.java:1122)
	at org.testng.TestNG.run(TestNG.java:1030)
	at org.apache.maven.surefire.testng.TestNGExecutor.run(TestNGExecutor.java:177)
	at org.apache.maven.surefire.testng.TestNGXmlTestSuite.execute(TestNGXmlTestSuite.java:92)
	at org.apache.maven.surefire.testng.TestNGProvider.invoke(TestNGProvider.java:105)
	at sun.reflect.NativeMethodAccessorImpl.invoke0(Native Method)
	at sun.reflect.NativeMethodAccessorImpl.invoke(NativeMethodAccessorImpl.java:57)
	at sun.reflect.DelegatingMethodAccessorImpl.invoke(DelegatingMethodAccessorImpl.java:43)
	at java.lang.reflect.Method.invoke(Method.java:601)
	at org.apache.maven.surefire.util.ReflectionUtils.invokeMethodWithArray(ReflectionUtils.java:189)
	at org.apache.maven.surefire.booter.ProviderFactory$ProviderProxy.invoke(ProviderFactory.java:165)
	at org.apache.maven.surefire.booter.ProviderFactory.invokeProvider(ProviderFactory.java:85)
	at org.apache.maven.surefire.booter.ForkedBooter.runSuitesInProcess(ForkedBooter.java:103)
	at org.apache.maven.surefire.booter.ForkedBooter.main(ForkedBooter.java:74)
</pre></div></td>
<td>4</td>
<td>betfair.pages.ModifyEvents@5bbc608f</td></tr>
<tr>
<td title='betfair.pages.PlaceBetEndtoEndTest.placeBetEndtoEndHR()'><b>placeBetEndtoEndHR</b><br>Test class: betfair.pages.PlaceBetEndtoEndTest<br>Test method: C201985 - Place bet - Horse Racing</td>
<td><div><pre>java.lang.NullPointerException
	at betfair.pages.PlaceBetEndtoEndTest.placeBetEndtoEndHR(PlaceBetEndtoEndTest.java:79)
	at org.apache.maven.surefire.testng.TestNGExecutor.run(TestNGExecutor.java:177)
	at org.apache.maven.surefire.testng.TestNGXmlTestSuite.execute(TestNGXmlTestSuite.java:92)
	at org.apache.maven.surefire.testng.TestNGProvider.invoke(TestNGProvider.java:105)
	at org.apache.maven.surefire.util.ReflectionUtils.invokeMethodWithArray(ReflectionUtils.java:189)
	at org.apache.maven.surefire.booter.ProviderFactory$ProviderProxy.invoke(ProviderFactory.java:165)
	at org.apache.maven.surefire.booter.ProviderFactory.invokeProvider(ProviderFactory.java:85)
	at org.apache.maven.surefire.booter.ForkedBooter.runSuitesInProcess(ForkedBooter.java:103)
	at org.apache.maven.surefire.booter.ForkedBooter.main(ForkedBooter.java:74)
... Removed 25 stack frames</pre></div><a href='#' onClick='toggleBox("stack-trace1809887015", this, "Click to show all stack frames", "Click to hide stack frames")'>Click to show all stack frames</a>
<div class='stack-trace' id='stack-trace1809887015'><pre>java.lang.NullPointerException
	at betfair.pages.PlaceBetEndtoEndTest.placeBetEndtoEndHR(PlaceBetEndtoEndTest.java:79)
	at sun.reflect.NativeMethodAccessorImpl.invoke0(Native Method)
	at sun.reflect.NativeMethodAccessorImpl.invoke(NativeMethodAccessorImpl.java:57)
	at sun.reflect.DelegatingMethodAccessorImpl.invoke(DelegatingMethodAccessorImpl.java:43)
	at java.lang.reflect.Method.invoke(Method.java:601)
	at org.testng.internal.MethodInvocationHelper.invokeMethod(MethodInvocationHelper.java:80)
	at org.testng.internal.Invoker.invokeMethod(Invoker.java:715)
	at org.testng.internal.Invoker.invokeTestMethod(Invoker.java:907)
	at org.testng.internal.Invoker.invokeTestMethods(Invoker.java:1237)
	at org.testng.internal.TestMethodWorker.invokeTestMethods(TestMethodWorker.java:127)
	at org.testng.internal.TestMethodWorker.run(TestMethodWorker.java:111)
	at org.testng.TestRunner.privateRun(TestRunner.java:767)
	at org.testng.TestRunner.run(TestRunner.java:617)
	at org.testng.SuiteRunner.runTest(SuiteRunner.java:334)
	at org.testng.SuiteRunner.runSequentially(SuiteRunner.java:329)
	at org.testng.SuiteRunner.privateRun(SuiteRunner.java:291)
	at org.testng.SuiteRunner.run(SuiteRunner.java:240)
	at org.testng.SuiteRunnerWorker.runSuite(SuiteRunnerWorker.java:51)
	at org.testng.SuiteRunnerWorker.run(SuiteRunnerWorker.java:85)
	at org.testng.TestNG.runSuitesSequentially(TestNG.java:1197)
	at org.testng.TestNG.runSuitesLocally(TestNG.java:1122)
	at org.testng.TestNG.run(TestNG.java:1030)
	at org.apache.maven.surefire.testng.TestNGExecutor.run(TestNGExecutor.java:177)
	at org.apache.maven.surefire.testng.TestNGXmlTestSuite.execute(TestNGXmlTestSuite.java:92)
	at org.apache.maven.surefire.testng.TestNGProvider.invoke(TestNGProvider.java:105)
	at sun.reflect.NativeMethodAccessorImpl.invoke0(Native Method)
	at sun.reflect.NativeMethodAccessorImpl.invoke(NativeMethodAccessorImpl.java:57)
	at sun.reflect.DelegatingMethodAccessorImpl.invoke(DelegatingMethodAccessorImpl.java:43)
	at java.lang.reflect.Method.invoke(Method.java:601)
	at org.apache.maven.surefire.util.ReflectionUtils.invokeMethodWithArray(ReflectionUtils.java:189)
	at org.apache.maven.surefire.booter.ProviderFactory$ProviderProxy.invoke(ProviderFactory.java:165)
	at org.apache.maven.surefire.booter.ProviderFactory.invokeProvider(ProviderFactory.java:85)
	at org.apache.maven.surefire.booter.ForkedBooter.runSuitesInProcess(ForkedBooter.java:103)
	at org.apache.maven.surefire.booter.ForkedBooter.main(ForkedBooter.java:74)
</pre></div></td>
<td>41</td>
<td>betfair.pages.PlaceBetEndtoEndTest@3f17d8d5</td></tr>
<tr>
<td title='betfair.pages.SearchBetTest.searchBetUsername()'><b>searchBetUsername</b><br>Test class: betfair.pages.SearchBetTest<br>Test method: C141958 - Find Bets with Username like</td>
<td><div><pre>org.openqa.selenium.NoSuchElementException: Unable to locate element: {&quot;method&quot;:&quot;xpath&quot;,&quot;selector&quot;:&quot;//center/table[2]/tbody/tr[16]/td[2]&quot;}
Command duration or timeout: 30.37 seconds
For documentation on this error, please visit: http://seleniumhq.org/exceptions/no_such_element.html
Build info: version: &apos;2.30.0&apos;, revision: &apos;dc1ef9c&apos;, time: &apos;2013-02-19 00:15:27&apos;
System info: os.name: &apos;Windows 7&apos;, os.arch: &apos;amd64&apos;, os.version: &apos;6.1&apos;, java.version: &apos;1.7.0_11&apos;
Session ID: 23235d7b-9207-4c42-8b91-778b40a4985a
Driver info: org.openqa.selenium.firefox.FirefoxDriver
Capabilities [{platform=XP, databaseEnabled=true, cssSelectorsEnabled=true, javascriptEnabled=true, acceptSslCerts=true, handlesAlerts=true, browserName=firefox, browserConnectionEnabled=true, nativeEvents=true, webStorageEnabled=true, rotatable=false, locationContextEnabled=true, applicationCacheEnabled=true, takesScreenshot=true, version=19.0}]
For documentation on this error, please visit: http://seleniumhq.org/exceptions/no_such_element.html
Build info: version: &apos;2.30.0&apos;, revision: &apos;dc1ef9ceb805a672f56dc49198f9ffbd4ca345c7&apos;, time: &apos;2013-02-19 09:14:38&apos;
System info: os.name: &apos;Windows 7&apos;, os.arch: &apos;amd64&apos;, os.version: &apos;6.1&apos;, java.version: &apos;1.7.0_11&apos;
Driver info: driver.version: RemoteWebDriver
	at org.openqa.selenium.remote.ErrorHandler.createThrowable(ErrorHandler.java:131)
	at org.openqa.selenium.remote.ErrorHandler.throwIfResponseFailed(ErrorHandler.java:105)
	at org.openqa.selenium.remote.RemoteWebDriver.execute(RemoteWebDriver.java:405)
	at org.openqa.selenium.remote.RemoteWebDriver.findElement(RemoteWebDriver.java:193)
	at org.openqa.selenium.remote.RemoteWebDriver.findElementByXPath(RemoteWebDriver.java:266)
	at org.openqa.selenium.By$ByXPath.findElement(By.java:344)
	at org.openqa.selenium.remote.RemoteWebDriver.findElement(RemoteWebDriver.java:185)
	at org.openqa.selenium.support.pagefactory.DefaultElementLocator.findElement(DefaultElementLocator.java:59)
	at org.openqa.selenium.support.pagefactory.internal.LocatingElementHandler.invoke(LocatingElementHandler.java:34)
	at $Proxy9.getText(Unknown Source)
	at betfair.pages.AdminBetSearch.getReceipt(AdminBetSearch.java:95)
	at betfair.pages.SearchBetTest.searchBetUsername(SearchBetTest.java:126)
	at org.apache.maven.surefire.testng.TestNGExecutor.run(TestNGExecutor.java:177)
	at org.apache.maven.surefire.testng.TestNGXmlTestSuite.execute(TestNGXmlTestSuite.java:92)
	at org.apache.maven.surefire.testng.TestNGProvider.invoke(TestNGProvider.java:105)
	at org.apache.maven.surefire.util.ReflectionUtils.invokeMethodWithArray(ReflectionUtils.java:189)
	at org.apache.maven.surefire.booter.ProviderFactory$ProviderProxy.invoke(ProviderFactory.java:165)
	at org.apache.maven.surefire.booter.ProviderFactory.invokeProvider(ProviderFactory.java:85)
	at org.apache.maven.surefire.booter.ForkedBooter.runSuitesInProcess(ForkedBooter.java:103)
	at org.apache.maven.surefire.booter.ForkedBooter.main(ForkedBooter.java:74)
Caused by: org.openqa.selenium.remote.ScreenshotException: Screen shot has been taken
Build info: version: &apos;2.30.0&apos;, revision: &apos;dc1ef9ceb805a672f56dc49198f9ffbd4ca345c7&apos;, time: &apos;2013-02-19 09:14:38&apos;
System info: os.name: &apos;Windows 7&apos;, os.arch: &apos;amd64&apos;, os.version: &apos;6.1&apos;, java.version: &apos;1.7.0_11&apos;
Driver info: driver.version: RemoteWebDriver
	at org.openqa.selenium.remote.ErrorHandler.throwIfResponseFailed(ErrorHandler.java:99)
	... 43 more
Caused by: org.openqa.selenium.NoSuchElementException: Unable to locate element: {&quot;method&quot;:&quot;xpath&quot;,&quot;selector&quot;:&quot;//center/table[2]/tbody/tr[16]/td[2]&quot;}
Command duration or timeout: 30.37 seconds
For documentation on this error, please visit: http://seleniumhq.org/exceptions/no_such_element.html
Build info: version: &apos;2.30.0&apos;, revision: &apos;dc1ef9c&apos;, time: &apos;2013-02-19 00:15:27&apos;
System info: os.name: &apos;Windows 7&apos;, os.arch: &apos;amd64&apos;, os.version: &apos;6.1&apos;, java.version: &apos;1.7.0_11&apos;
Session ID: 23235d7b-9207-4c42-8b91-778b40a4985a
Driver info: org.openqa.selenium.firefox.FirefoxDriver
Capabilities [{platform=XP, databaseEnabled=true, cssSelectorsEnabled=true, javascriptEnabled=true, acceptSslCerts=true, handlesAlerts=true, browserName=firefox, browserConnectionEnabled=true, nativeEvents=true, webStorageEnabled=true, rotatable=false, locationContextEnabled=true, applicationCacheEnabled=true, takesScreenshot=true, version=19.0}]
For documentation on this error, please visit: http://seleniumhq.org/exceptions/no_such_element.html
Build info: version: &apos;2.30.0&apos;, revision: &apos;dc1ef9ceb805a672f56dc49198f9ffbd4ca345c7&apos;, time: &apos;2013-02-19 09:14:38&apos;
System info: os.name: &apos;Windows 7&apos;, os.arch: &apos;amd64&apos;, os.version: &apos;6.1&apos;, java.version: &apos;1.7.0_11&apos;
Driver info: driver.version: EventFiringWebDriver
	at org.openqa.selenium.remote.ErrorHandler.createThrowable(ErrorHandler.java:187)
	at org.openqa.selenium.remote.ErrorHandler.throwIfResponseFailed(ErrorHandler.java:145)
	at org.openqa.selenium.remote.RemoteWebDriver.execute(RemoteWebDriver.java:554)
	at org.openqa.selenium.remote.RemoteWebDriver.findElement(RemoteWebDriver.java:307)
	at org.openqa.selenium.remote.RemoteWebDriver.findElementByXPath(RemoteWebDriver.java:404)
	at org.openqa.selenium.By$ByXPath.findElement(By.java:344)
	at org.openqa.selenium.remote.RemoteWebDriver.findElement(RemoteWebDriver.java:299)
	at org.openqa.selenium.support.events.EventFiringWebDriver$2.invoke(EventFiringWebDriver.java:101)
	at $Proxy1.findElement(null)
	at org.openqa.selenium.support.events.EventFiringWebDriver.findElement(EventFiringWebDriver.java:180)
	at org.openqa.selenium.remote.server.handler.FindElement.call(FindElement.java:47)
	at org.openqa.selenium.remote.server.handler.FindElement.call(FindElement.java:1)
	at java.util.concurrent.FutureTask$Sync.innerRun(null)
	at java.util.concurrent.FutureTask.run(null)
	at org.openqa.selenium.remote.server.DefaultSession$1.run(DefaultSession.java:167)
	at java.util.concurrent.ThreadPoolExecutor.runWorker(null)
	at java.util.concurrent.ThreadPoolExecutor$Worker.run(null)
	at java.lang.Thread.run(null)
... Removed 36 stack frames</pre></div><a href='#' onClick='toggleBox("stack-trace1996240678", this, "Click to show all stack frames", "Click to hide stack frames")'>Click to show all stack frames</a>
<div class='stack-trace' id='stack-trace1996240678'><pre>org.openqa.selenium.NoSuchElementException: Unable to locate element: {&quot;method&quot;:&quot;xpath&quot;,&quot;selector&quot;:&quot;//center/table[2]/tbody/tr[16]/td[2]&quot;}
Command duration or timeout: 30.37 seconds
For documentation on this error, please visit: http://seleniumhq.org/exceptions/no_such_element.html
Build info: version: &apos;2.30.0&apos;, revision: &apos;dc1ef9c&apos;, time: &apos;2013-02-19 00:15:27&apos;
System info: os.name: &apos;Windows 7&apos;, os.arch: &apos;amd64&apos;, os.version: &apos;6.1&apos;, java.version: &apos;1.7.0_11&apos;
Session ID: 23235d7b-9207-4c42-8b91-778b40a4985a
Driver info: org.openqa.selenium.firefox.FirefoxDriver
Capabilities [{platform=XP, databaseEnabled=true, cssSelectorsEnabled=true, javascriptEnabled=true, acceptSslCerts=true, handlesAlerts=true, browserName=firefox, browserConnectionEnabled=true, nativeEvents=true, webStorageEnabled=true, rotatable=false, locationContextEnabled=true, applicationCacheEnabled=true, takesScreenshot=true, version=19.0}]
For documentation on this error, please visit: http://seleniumhq.org/exceptions/no_such_element.html
Build info: version: &apos;2.30.0&apos;, revision: &apos;dc1ef9ceb805a672f56dc49198f9ffbd4ca345c7&apos;, time: &apos;2013-02-19 09:14:38&apos;
System info: os.name: &apos;Windows 7&apos;, os.arch: &apos;amd64&apos;, os.version: &apos;6.1&apos;, java.version: &apos;1.7.0_11&apos;
Driver info: driver.version: RemoteWebDriver
	at sun.reflect.NativeConstructorAccessorImpl.newInstance0(Native Method)
	at sun.reflect.NativeConstructorAccessorImpl.newInstance(NativeConstructorAccessorImpl.java:57)
	at sun.reflect.DelegatingConstructorAccessorImpl.newInstance(DelegatingConstructorAccessorImpl.java:45)
	at java.lang.reflect.Constructor.newInstance(Constructor.java:525)
	at org.openqa.selenium.remote.ErrorHandler.createThrowable(ErrorHandler.java:131)
	at org.openqa.selenium.remote.ErrorHandler.throwIfResponseFailed(ErrorHandler.java:105)
	at org.openqa.selenium.remote.RemoteWebDriver.execute(RemoteWebDriver.java:405)
	at org.openqa.selenium.remote.RemoteWebDriver.findElement(RemoteWebDriver.java:193)
	at org.openqa.selenium.remote.RemoteWebDriver.findElementByXPath(RemoteWebDriver.java:266)
	at org.openqa.selenium.By$ByXPath.findElement(By.java:344)
	at org.openqa.selenium.remote.RemoteWebDriver.findElement(RemoteWebDriver.java:185)
	at org.openqa.selenium.support.pagefactory.DefaultElementLocator.findElement(DefaultElementLocator.java:59)
	at org.openqa.selenium.support.pagefactory.internal.LocatingElementHandler.invoke(LocatingElementHandler.java:34)
	at $Proxy9.getText(Unknown Source)
	at betfair.pages.AdminBetSearch.getReceipt(AdminBetSearch.java:95)
	at betfair.pages.SearchBetTest.searchBetUsername(SearchBetTest.java:126)
	at sun.reflect.NativeMethodAccessorImpl.invoke0(Native Method)
	at sun.reflect.NativeMethodAccessorImpl.invoke(NativeMethodAccessorImpl.java:57)
	at sun.reflect.DelegatingMethodAccessorImpl.invoke(DelegatingMethodAccessorImpl.java:43)
	at java.lang.reflect.Method.invoke(Method.java:601)
	at org.testng.internal.MethodInvocationHelper.invokeMethod(MethodInvocationHelper.java:80)
	at org.testng.internal.Invoker.invokeMethod(Invoker.java:715)
	at org.testng.internal.Invoker.invokeTestMethod(Invoker.java:907)
	at org.testng.internal.Invoker.invokeTestMethods(Invoker.java:1237)
	at org.testng.internal.TestMethodWorker.invokeTestMethods(TestMethodWorker.java:127)
	at org.testng.internal.TestMethodWorker.run(TestMethodWorker.java:111)
	at org.testng.TestRunner.privateRun(TestRunner.java:767)
	at org.testng.TestRunner.run(TestRunner.java:617)
	at org.testng.SuiteRunner.runTest(SuiteRunner.java:334)
	at org.testng.SuiteRunner.runSequentially(SuiteRunner.java:329)
	at org.testng.SuiteRunner.privateRun(SuiteRunner.java:291)
	at org.testng.SuiteRunner.run(SuiteRunner.java:240)
	at org.testng.SuiteRunnerWorker.runSuite(SuiteRunnerWorker.java:51)
	at org.testng.SuiteRunnerWorker.run(SuiteRunnerWorker.java:85)
	at org.testng.TestNG.runSuitesSequentially(TestNG.java:1197)
	at org.testng.TestNG.runSuitesLocally(TestNG.java:1122)
	at org.testng.TestNG.run(TestNG.java:1030)
	at org.apache.maven.surefire.testng.TestNGExecutor.run(TestNGExecutor.java:177)
	at org.apache.maven.surefire.testng.TestNGXmlTestSuite.execute(TestNGXmlTestSuite.java:92)
	at org.apache.maven.surefire.testng.TestNGProvider.invoke(TestNGProvider.java:105)
	at sun.reflect.NativeMethodAccessorImpl.invoke0(Native Method)
	at sun.reflect.NativeMethodAccessorImpl.invoke(NativeMethodAccessorImpl.java:57)
	at sun.reflect.DelegatingMethodAccessorImpl.invoke(DelegatingMethodAccessorImpl.java:43)
	at java.lang.reflect.Method.invoke(Method.java:601)
	at org.apache.maven.surefire.util.ReflectionUtils.invokeMethodWithArray(ReflectionUtils.java:189)
	at org.apache.maven.surefire.booter.ProviderFactory$ProviderProxy.invoke(ProviderFactory.java:165)
	at org.apache.maven.surefire.booter.ProviderFactory.invokeProvider(ProviderFactory.java:85)
	at org.apache.maven.surefire.booter.ForkedBooter.runSuitesInProcess(ForkedBooter.java:103)
	at org.apache.maven.surefire.booter.ForkedBooter.main(ForkedBooter.java:74)
Caused by: org.openqa.selenium.remote.ScreenshotException: Screen shot has been taken
Build info: version: &apos;2.30.0&apos;, revision: &apos;dc1ef9ceb805a672f56dc49198f9ffbd4ca345c7&apos;, time: &apos;2013-02-19 09:14:38&apos;
System info: os.name: &apos;Windows 7&apos;, os.arch: &apos;amd64&apos;, os.version: &apos;6.1&apos;, java.version: &apos;1.7.0_11&apos;
Driver info: driver.version: RemoteWebDriver
	at org.openqa.selenium.remote.ErrorHandler.throwIfResponseFailed(ErrorHandler.java:99)
	... 43 more
Caused by: org.openqa.selenium.NoSuchElementException: Unable to locate element: {&quot;method&quot;:&quot;xpath&quot;,&quot;selector&quot;:&quot;//center/table[2]/tbody/tr[16]/td[2]&quot;}
Command duration or timeout: 30.37 seconds
For documentation on this error, please visit: http://seleniumhq.org/exceptions/no_such_element.html
Build info: version: &apos;2.30.0&apos;, revision: &apos;dc1ef9c&apos;, time: &apos;2013-02-19 00:15:27&apos;
System info: os.name: &apos;Windows 7&apos;, os.arch: &apos;amd64&apos;, os.version: &apos;6.1&apos;, java.version: &apos;1.7.0_11&apos;
Session ID: 23235d7b-9207-4c42-8b91-778b40a4985a
Driver info: org.openqa.selenium.firefox.FirefoxDriver
Capabilities [{platform=XP, databaseEnabled=true, cssSelectorsEnabled=true, javascriptEnabled=true, acceptSslCerts=true, handlesAlerts=true, browserName=firefox, browserConnectionEnabled=true, nativeEvents=true, webStorageEnabled=true, rotatable=false, locationContextEnabled=true, applicationCacheEnabled=true, takesScreenshot=true, version=19.0}]
For documentation on this error, please visit: http://seleniumhq.org/exceptions/no_such_element.html
Build info: version: &apos;2.30.0&apos;, revision: &apos;dc1ef9ceb805a672f56dc49198f9ffbd4ca345c7&apos;, time: &apos;2013-02-19 09:14:38&apos;
System info: os.name: &apos;Windows 7&apos;, os.arch: &apos;amd64&apos;, os.version: &apos;6.1&apos;, java.version: &apos;1.7.0_11&apos;
Driver info: driver.version: EventFiringWebDriver
	at sun.reflect.NativeConstructorAccessorImpl.newInstance0(Native Method)
	at sun.reflect.NativeConstructorAccessorImpl.newInstance(null)
	at sun.reflect.DelegatingConstructorAccessorImpl.newInstance(null)
	at java.lang.reflect.Constructor.newInstance(null)
	at org.openqa.selenium.remote.ErrorHandler.createThrowable(ErrorHandler.java:187)
	at org.openqa.selenium.remote.ErrorHandler.throwIfResponseFailed(ErrorHandler.java:145)
	at org.openqa.selenium.remote.RemoteWebDriver.execute(RemoteWebDriver.java:554)
	at org.openqa.selenium.remote.RemoteWebDriver.findElement(RemoteWebDriver.java:307)
	at org.openqa.selenium.remote.RemoteWebDriver.findElementByXPath(RemoteWebDriver.java:404)
	at org.openqa.selenium.By$ByXPath.findElement(By.java:344)
	at org.openqa.selenium.remote.RemoteWebDriver.findElement(RemoteWebDriver.java:299)
	at sun.reflect.GeneratedMethodAccessor22.invoke(null)
	at sun.reflect.DelegatingMethodAccessorImpl.invoke(null)
	at java.lang.reflect.Method.invoke(null)
	at org.openqa.selenium.support.events.EventFiringWebDriver$2.invoke(EventFiringWebDriver.java:101)
	at $Proxy1.findElement(null)
	at org.openqa.selenium.support.events.EventFiringWebDriver.findElement(EventFiringWebDriver.java:180)
	at org.openqa.selenium.remote.server.handler.FindElement.call(FindElement.java:47)
	at org.openqa.selenium.remote.server.handler.FindElement.call(FindElement.java:1)
	at java.util.concurrent.FutureTask$Sync.innerRun(null)
	at java.util.concurrent.FutureTask.run(null)
	at org.openqa.selenium.remote.server.DefaultSession$1.run(DefaultSession.java:167)
	at java.util.concurrent.ThreadPoolExecutor.runWorker(null)
	at java.util.concurrent.ThreadPoolExecutor$Worker.run(null)
	at java.lang.Thread.run(null)
</pre></div></td>
<td>49</td>
<td>betfair.pages.SearchBetTest@2b4b2d2d</td></tr>
<tr>
<td title='betfair.pages.WinLoseVoidTest.unsetResults()'><b>unsetResults</b><br>Test class: betfair.pages.WinLoseVoidTest<br>Test method: C141957	- Unsettle market</td>
<td><div><pre>org.openqa.selenium.NoSuchElementException: Unable to locate element: {&quot;method&quot;:&quot;xpath&quot;,&quot;selector&quot;:&quot;//a[contains(@href,&apos;HORSE_RACING&apos;)]&quot;}
Command duration or timeout: 30.04 seconds
For documentation on this error, please visit: http://seleniumhq.org/exceptions/no_such_element.html
Build info: version: &apos;2.30.0&apos;, revision: &apos;dc1ef9c&apos;, time: &apos;2013-02-19 00:15:27&apos;
System info: os.name: &apos;Windows 7&apos;, os.arch: &apos;amd64&apos;, os.version: &apos;6.1&apos;, java.version: &apos;1.7.0_11&apos;
Session ID: 918f09d0-b7a5-4cb6-9d4f-20ba5c789c1e
Driver info: org.openqa.selenium.firefox.FirefoxDriver
Capabilities [{platform=XP, databaseEnabled=true, cssSelectorsEnabled=true, javascriptEnabled=true, acceptSslCerts=true, handlesAlerts=true, browserName=firefox, browserConnectionEnabled=true, nativeEvents=true, webStorageEnabled=true, rotatable=false, locationContextEnabled=true, applicationCacheEnabled=true, takesScreenshot=true, version=19.0}]
For documentation on this error, please visit: http://seleniumhq.org/exceptions/no_such_element.html
Build info: version: &apos;2.30.0&apos;, revision: &apos;dc1ef9ceb805a672f56dc49198f9ffbd4ca345c7&apos;, time: &apos;2013-02-19 09:14:38&apos;
System info: os.name: &apos;Windows 7&apos;, os.arch: &apos;amd64&apos;, os.version: &apos;6.1&apos;, java.version: &apos;1.7.0_11&apos;
Driver info: driver.version: RemoteWebDriver
	at org.openqa.selenium.remote.ErrorHandler.createThrowable(ErrorHandler.java:131)
	at org.openqa.selenium.remote.ErrorHandler.throwIfResponseFailed(ErrorHandler.java:105)
	at org.openqa.selenium.remote.RemoteWebDriver.execute(RemoteWebDriver.java:405)
	at org.openqa.selenium.remote.RemoteWebDriver.findElement(RemoteWebDriver.java:193)
	at org.openqa.selenium.remote.RemoteWebDriver.findElementByXPath(RemoteWebDriver.java:266)
	at org.openqa.selenium.By$ByXPath.findElement(By.java:344)
	at org.openqa.selenium.remote.RemoteWebDriver.findElement(RemoteWebDriver.java:185)
	at org.openqa.selenium.support.pagefactory.DefaultElementLocator.findElement(DefaultElementLocator.java:59)
	at org.openqa.selenium.support.pagefactory.internal.LocatingElementHandler.invoke(LocatingElementHandler.java:34)
	at $Proxy9.click(Unknown Source)
	at betfair.pages.AdminEventUnsettle.clickCategoryHorseRacing(AdminEventUnsettle.java:105)
	at betfair.pages.WinLoseVoidTest.unsetResults(WinLoseVoidTest.java:147)
	at org.apache.maven.surefire.testng.TestNGExecutor.run(TestNGExecutor.java:177)
	at org.apache.maven.surefire.testng.TestNGXmlTestSuite.execute(TestNGXmlTestSuite.java:92)
	at org.apache.maven.surefire.testng.TestNGProvider.invoke(TestNGProvider.java:105)
	at org.apache.maven.surefire.util.ReflectionUtils.invokeMethodWithArray(ReflectionUtils.java:189)
	at org.apache.maven.surefire.booter.ProviderFactory$ProviderProxy.invoke(ProviderFactory.java:165)
	at org.apache.maven.surefire.booter.ProviderFactory.invokeProvider(ProviderFactory.java:85)
	at org.apache.maven.surefire.booter.ForkedBooter.runSuitesInProcess(ForkedBooter.java:103)
	at org.apache.maven.surefire.booter.ForkedBooter.main(ForkedBooter.java:74)
Caused by: org.openqa.selenium.remote.ScreenshotException: Screen shot has been taken
Build info: version: &apos;2.30.0&apos;, revision: &apos;dc1ef9ceb805a672f56dc49198f9ffbd4ca345c7&apos;, time: &apos;2013-02-19 09:14:38&apos;
System info: os.name: &apos;Windows 7&apos;, os.arch: &apos;amd64&apos;, os.version: &apos;6.1&apos;, java.version: &apos;1.7.0_11&apos;
Driver info: driver.version: RemoteWebDriver
	at org.openqa.selenium.remote.ErrorHandler.throwIfResponseFailed(ErrorHandler.java:99)
	... 43 more
Caused by: org.openqa.selenium.NoSuchElementException: Unable to locate element: {&quot;method&quot;:&quot;xpath&quot;,&quot;selector&quot;:&quot;//a[contains(@href,&apos;HORSE_RACING&apos;)]&quot;}
Command duration or timeout: 30.04 seconds
For documentation on this error, please visit: http://seleniumhq.org/exceptions/no_such_element.html
Build info: version: &apos;2.30.0&apos;, revision: &apos;dc1ef9c&apos;, time: &apos;2013-02-19 00:15:27&apos;
System info: os.name: &apos;Windows 7&apos;, os.arch: &apos;amd64&apos;, os.version: &apos;6.1&apos;, java.version: &apos;1.7.0_11&apos;
Session ID: 918f09d0-b7a5-4cb6-9d4f-20ba5c789c1e
Driver info: org.openqa.selenium.firefox.FirefoxDriver
Capabilities [{platform=XP, databaseEnabled=true, cssSelectorsEnabled=true, javascriptEnabled=true, acceptSslCerts=true, handlesAlerts=true, browserName=firefox, browserConnectionEnabled=true, nativeEvents=true, webStorageEnabled=true, rotatable=false, locationContextEnabled=true, applicationCacheEnabled=true, takesScreenshot=true, version=19.0}]
For documentation on this error, please visit: http://seleniumhq.org/exceptions/no_such_element.html
Build info: version: &apos;2.30.0&apos;, revision: &apos;dc1ef9ceb805a672f56dc49198f9ffbd4ca345c7&apos;, time: &apos;2013-02-19 09:14:38&apos;
System info: os.name: &apos;Windows 7&apos;, os.arch: &apos;amd64&apos;, os.version: &apos;6.1&apos;, java.version: &apos;1.7.0_11&apos;
Driver info: driver.version: EventFiringWebDriver
	at org.openqa.selenium.remote.ErrorHandler.createThrowable(ErrorHandler.java:187)
	at org.openqa.selenium.remote.ErrorHandler.throwIfResponseFailed(ErrorHandler.java:145)
	at org.openqa.selenium.remote.RemoteWebDriver.execute(RemoteWebDriver.java:554)
	at org.openqa.selenium.remote.RemoteWebDriver.findElement(RemoteWebDriver.java:307)
	at org.openqa.selenium.remote.RemoteWebDriver.findElementByXPath(RemoteWebDriver.java:404)
	at org.openqa.selenium.By$ByXPath.findElement(By.java:344)
	at org.openqa.selenium.remote.RemoteWebDriver.findElement(RemoteWebDriver.java:299)
	at org.openqa.selenium.support.events.EventFiringWebDriver$2.invoke(EventFiringWebDriver.java:101)
	at $Proxy1.findElement(null)
	at org.openqa.selenium.support.events.EventFiringWebDriver.findElement(EventFiringWebDriver.java:180)
	at org.openqa.selenium.remote.server.handler.FindElement.call(FindElement.java:47)
	at org.openqa.selenium.remote.server.handler.FindElement.call(FindElement.java:1)
	at java.util.concurrent.FutureTask$Sync.innerRun(null)
	at java.util.concurrent.FutureTask.run(null)
	at org.openqa.selenium.remote.server.DefaultSession$1.run(DefaultSession.java:167)
	at java.util.concurrent.ThreadPoolExecutor.runWorker(null)
	at java.util.concurrent.ThreadPoolExecutor$Worker.run(null)
	at java.lang.Thread.run(null)
... Removed 36 stack frames</pre></div><a href='#' onClick='toggleBox("stack-trace1764808260", this, "Click to show all stack frames", "Click to hide stack frames")'>Click to show all stack frames</a>
<div class='stack-trace' id='stack-trace1764808260'><pre>org.openqa.selenium.NoSuchElementException: Unable to locate element: {&quot;method&quot;:&quot;xpath&quot;,&quot;selector&quot;:&quot;//a[contains(@href,&apos;HORSE_RACING&apos;)]&quot;}
Command duration or timeout: 30.04 seconds
For documentation on this error, please visit: http://seleniumhq.org/exceptions/no_such_element.html
Build info: version: &apos;2.30.0&apos;, revision: &apos;dc1ef9c&apos;, time: &apos;2013-02-19 00:15:27&apos;
System info: os.name: &apos;Windows 7&apos;, os.arch: &apos;amd64&apos;, os.version: &apos;6.1&apos;, java.version: &apos;1.7.0_11&apos;
Session ID: 918f09d0-b7a5-4cb6-9d4f-20ba5c789c1e
Driver info: org.openqa.selenium.firefox.FirefoxDriver
Capabilities [{platform=XP, databaseEnabled=true, cssSelectorsEnabled=true, javascriptEnabled=true, acceptSslCerts=true, handlesAlerts=true, browserName=firefox, browserConnectionEnabled=true, nativeEvents=true, webStorageEnabled=true, rotatable=false, locationContextEnabled=true, applicationCacheEnabled=true, takesScreenshot=true, version=19.0}]
For documentation on this error, please visit: http://seleniumhq.org/exceptions/no_such_element.html
Build info: version: &apos;2.30.0&apos;, revision: &apos;dc1ef9ceb805a672f56dc49198f9ffbd4ca345c7&apos;, time: &apos;2013-02-19 09:14:38&apos;
System info: os.name: &apos;Windows 7&apos;, os.arch: &apos;amd64&apos;, os.version: &apos;6.1&apos;, java.version: &apos;1.7.0_11&apos;
Driver info: driver.version: RemoteWebDriver
	at sun.reflect.NativeConstructorAccessorImpl.newInstance0(Native Method)
	at sun.reflect.NativeConstructorAccessorImpl.newInstance(NativeConstructorAccessorImpl.java:57)
	at sun.reflect.DelegatingConstructorAccessorImpl.newInstance(DelegatingConstructorAccessorImpl.java:45)
	at java.lang.reflect.Constructor.newInstance(Constructor.java:525)
	at org.openqa.selenium.remote.ErrorHandler.createThrowable(ErrorHandler.java:131)
	at org.openqa.selenium.remote.ErrorHandler.throwIfResponseFailed(ErrorHandler.java:105)
	at org.openqa.selenium.remote.RemoteWebDriver.execute(RemoteWebDriver.java:405)
	at org.openqa.selenium.remote.RemoteWebDriver.findElement(RemoteWebDriver.java:193)
	at org.openqa.selenium.remote.RemoteWebDriver.findElementByXPath(RemoteWebDriver.java:266)
	at org.openqa.selenium.By$ByXPath.findElement(By.java:344)
	at org.openqa.selenium.remote.RemoteWebDriver.findElement(RemoteWebDriver.java:185)
	at org.openqa.selenium.support.pagefactory.DefaultElementLocator.findElement(DefaultElementLocator.java:59)
	at org.openqa.selenium.support.pagefactory.internal.LocatingElementHandler.invoke(LocatingElementHandler.java:34)
	at $Proxy9.click(Unknown Source)
	at betfair.pages.AdminEventUnsettle.clickCategoryHorseRacing(AdminEventUnsettle.java:105)
	at betfair.pages.WinLoseVoidTest.unsetResults(WinLoseVoidTest.java:147)
	at sun.reflect.NativeMethodAccessorImpl.invoke0(Native Method)
	at sun.reflect.NativeMethodAccessorImpl.invoke(NativeMethodAccessorImpl.java:57)
	at sun.reflect.DelegatingMethodAccessorImpl.invoke(DelegatingMethodAccessorImpl.java:43)
	at java.lang.reflect.Method.invoke(Method.java:601)
	at org.testng.internal.MethodInvocationHelper.invokeMethod(MethodInvocationHelper.java:80)
	at org.testng.internal.Invoker.invokeMethod(Invoker.java:715)
	at org.testng.internal.Invoker.invokeTestMethod(Invoker.java:907)
	at org.testng.internal.Invoker.invokeTestMethods(Invoker.java:1237)
	at org.testng.internal.TestMethodWorker.invokeTestMethods(TestMethodWorker.java:127)
	at org.testng.internal.TestMethodWorker.run(TestMethodWorker.java:111)
	at org.testng.TestRunner.privateRun(TestRunner.java:767)
	at org.testng.TestRunner.run(TestRunner.java:617)
	at org.testng.SuiteRunner.runTest(SuiteRunner.java:334)
	at org.testng.SuiteRunner.runSequentially(SuiteRunner.java:329)
	at org.testng.SuiteRunner.privateRun(SuiteRunner.java:291)
	at org.testng.SuiteRunner.run(SuiteRunner.java:240)
	at org.testng.SuiteRunnerWorker.runSuite(SuiteRunnerWorker.java:51)
	at org.testng.SuiteRunnerWorker.run(SuiteRunnerWorker.java:85)
	at org.testng.TestNG.runSuitesSequentially(TestNG.java:1197)
	at org.testng.TestNG.runSuitesLocally(TestNG.java:1122)
	at org.testng.TestNG.run(TestNG.java:1030)
	at org.apache.maven.surefire.testng.TestNGExecutor.run(TestNGExecutor.java:177)
	at org.apache.maven.surefire.testng.TestNGXmlTestSuite.execute(TestNGXmlTestSuite.java:92)
	at org.apache.maven.surefire.testng.TestNGProvider.invoke(TestNGProvider.java:105)
	at sun.reflect.NativeMethodAccessorImpl.invoke0(Native Method)
	at sun.reflect.NativeMethodAccessorImpl.invoke(NativeMethodAccessorImpl.java:57)
	at sun.reflect.DelegatingMethodAccessorImpl.invoke(DelegatingMethodAccessorImpl.java:43)
	at java.lang.reflect.Method.invoke(Method.java:601)
	at org.apache.maven.surefire.util.ReflectionUtils.invokeMethodWithArray(ReflectionUtils.java:189)
	at org.apache.maven.surefire.booter.ProviderFactory$ProviderProxy.invoke(ProviderFactory.java:165)
	at org.apache.maven.surefire.booter.ProviderFactory.invokeProvider(ProviderFactory.java:85)
	at org.apache.maven.surefire.booter.ForkedBooter.runSuitesInProcess(ForkedBooter.java:103)
	at org.apache.maven.surefire.booter.ForkedBooter.main(ForkedBooter.java:74)
Caused by: org.openqa.selenium.remote.ScreenshotException: Screen shot has been taken
Build info: version: &apos;2.30.0&apos;, revision: &apos;dc1ef9ceb805a672f56dc49198f9ffbd4ca345c7&apos;, time: &apos;2013-02-19 09:14:38&apos;
System info: os.name: &apos;Windows 7&apos;, os.arch: &apos;amd64&apos;, os.version: &apos;6.1&apos;, java.version: &apos;1.7.0_11&apos;
Driver info: driver.version: RemoteWebDriver
	at org.openqa.selenium.remote.ErrorHandler.throwIfResponseFailed(ErrorHandler.java:99)
	... 43 more
Caused by: org.openqa.selenium.NoSuchElementException: Unable to locate element: {&quot;method&quot;:&quot;xpath&quot;,&quot;selector&quot;:&quot;//a[contains(@href,&apos;HORSE_RACING&apos;)]&quot;}
Command duration or timeout: 30.04 seconds
For documentation on this error, please visit: http://seleniumhq.org/exceptions/no_such_element.html
Build info: version: &apos;2.30.0&apos;, revision: &apos;dc1ef9c&apos;, time: &apos;2013-02-19 00:15:27&apos;
System info: os.name: &apos;Windows 7&apos;, os.arch: &apos;amd64&apos;, os.version: &apos;6.1&apos;, java.version: &apos;1.7.0_11&apos;
Session ID: 918f09d0-b7a5-4cb6-9d4f-20ba5c789c1e
Driver info: org.openqa.selenium.firefox.FirefoxDriver
Capabilities [{platform=XP, databaseEnabled=true, cssSelectorsEnabled=true, javascriptEnabled=true, acceptSslCerts=true, handlesAlerts=true, browserName=firefox, browserConnectionEnabled=true, nativeEvents=true, webStorageEnabled=true, rotatable=false, locationContextEnabled=true, applicationCacheEnabled=true, takesScreenshot=true, version=19.0}]
For documentation on this error, please visit: http://seleniumhq.org/exceptions/no_such_element.html
Build info: version: &apos;2.30.0&apos;, revision: &apos;dc1ef9ceb805a672f56dc49198f9ffbd4ca345c7&apos;, time: &apos;2013-02-19 09:14:38&apos;
System info: os.name: &apos;Windows 7&apos;, os.arch: &apos;amd64&apos;, os.version: &apos;6.1&apos;, java.version: &apos;1.7.0_11&apos;
Driver info: driver.version: EventFiringWebDriver
	at sun.reflect.NativeConstructorAccessorImpl.newInstance0(Native Method)
	at sun.reflect.NativeConstructorAccessorImpl.newInstance(null)
	at sun.reflect.DelegatingConstructorAccessorImpl.newInstance(null)
	at java.lang.reflect.Constructor.newInstance(null)
	at org.openqa.selenium.remote.ErrorHandler.createThrowable(ErrorHandler.java:187)
	at org.openqa.selenium.remote.ErrorHandler.throwIfResponseFailed(ErrorHandler.java:145)
	at org.openqa.selenium.remote.RemoteWebDriver.execute(RemoteWebDriver.java:554)
	at org.openqa.selenium.remote.RemoteWebDriver.findElement(RemoteWebDriver.java:307)
	at org.openqa.selenium.remote.RemoteWebDriver.findElementByXPath(RemoteWebDriver.java:404)
	at org.openqa.selenium.By$ByXPath.findElement(By.java:344)
	at org.openqa.selenium.remote.RemoteWebDriver.findElement(RemoteWebDriver.java:299)
	at sun.reflect.GeneratedMethodAccessor22.invoke(null)
	at sun.reflect.DelegatingMethodAccessorImpl.invoke(null)
	at java.lang.reflect.Method.invoke(null)
	at org.openqa.selenium.support.events.EventFiringWebDriver$2.invoke(EventFiringWebDriver.java:101)
	at $Proxy1.findElement(null)
	at org.openqa.selenium.support.events.EventFiringWebDriver.findElement(EventFiringWebDriver.java:180)
	at org.openqa.selenium.remote.server.handler.FindElement.call(FindElement.java:47)
	at org.openqa.selenium.remote.server.handler.FindElement.call(FindElement.java:1)
	at java.util.concurrent.FutureTask$Sync.innerRun(null)
	at java.util.concurrent.FutureTask.run(null)
	at org.openqa.selenium.remote.server.DefaultSession$1.run(DefaultSession.java:167)
	at java.util.concurrent.ThreadPoolExecutor.runWorker(null)
	at java.util.concurrent.ThreadPoolExecutor$Worker.run(null)
	at java.lang.Thread.run(null)
</pre></div></td>
<td>48</td>
<td>betfair.pages.WinLoseVoidTest@4900269d</td></tr>
</table><p>
<table width='100%' border='1' class='invocation-passed'>
<tr><td colspan='4' align='center'><b>PASSED TESTS</b></td></tr>
<tr><td><b>Test method</b></td>
<td width="30%"><b>Exception</b></td>
<td width="10%"><b>Time (seconds)</b></td>
<td><b>Instance</b></td>
</tr>
<tr>
<td title='betfair.pages.CreateEventsTest.createEnglishFootballEvent()'><b>createEnglishFootballEvent</b><br>Test class: betfair.pages.CreateEventsTest<br>Test method: C141950 - Create an English Football Event</td>
<td></td>
<td>24</td>
<td>betfair.pages.CreateEventsTest@635194a1</td></tr>
<tr>
<td title='betfair.pages.CreateEventsTest.createHorseRacingEvent()'><b>createHorseRacingEvent</b><br>Test class: betfair.pages.CreateEventsTest<br>Test method: C141963 - Create a Horse Racing Event</td>
<td></td>
<td>10</td>
<td>betfair.pages.CreateEventsTest@635194a1</td></tr>
<tr>
<td title='betfair.pages.FundsTransferEndToEndTest.fundsTransferEndtoEnd()'><b>fundsTransferEndtoEnd</b><br>Test class: betfair.pages.FundsTransferEndToEndTest<br>Test method: C201986 - Funds transfer - Betfair wallet</td>
<td></td>
<td>325</td>
<td>betfair.pages.FundsTransferEndToEndTest@571fd245</td></tr>
<tr>
<td title='betfair.pages.ModifyEvents.modifyFootballMarket()'><b>modifyFootballMarket</b><br>Test class: betfair.pages.ModifyEvents<br>Test method: C141954 - Modify a Football Market and view changes in View Audit History</td>
<td></td>
<td>18</td>
<td>betfair.pages.ModifyEvents@5bbc608f</td></tr>
<tr>
<td title='betfair.pages.ModifyEvents.modifyFootballSelection()'><b>modifyFootballSelection</b><br>Test class: betfair.pages.ModifyEvents<br>Test method: C141953 Modify a Football Selection and view changes in View Audit History</td>
<td></td>
<td>20</td>
<td>betfair.pages.ModifyEvents@5bbc608f</td></tr>
<tr>
<td title='betfair.pages.ModifyEvents.modifyHorseRacingMarket()'><b>modifyHorseRacingMarket</b><br>Test class: betfair.pages.ModifyEvents<br>Test method: C141967 - Modify an HR Market to EachWay and view changes in Audit History</td>
<td></td>
<td>10</td>
<td>betfair.pages.ModifyEvents@5bbc608f</td></tr>
<tr>
<td title='betfair.pages.ModifyEvents.modifyHorseRacingSelection()'><b>modifyHorseRacingSelection</b><br>Test class: betfair.pages.ModifyEvents<br>Test method: C141966 Modify a HR Selection and view changes in View Audit History</td>
<td></td>
<td>12</td>
<td>betfair.pages.ModifyEvents@5bbc608f</td></tr>
<tr>
<td title='betfair.pages.PlaceBetEndtoEndTest.placeBetEndtoEndFootball()'><b>placeBetEndtoEndFootball</b><br>Test class: betfair.pages.PlaceBetEndtoEndTest<br>Test method: C201990 - Place bet - Football</td>
<td></td>
<td>50</td>
<td>betfair.pages.PlaceBetEndtoEndTest@3f17d8d5</td></tr>
<tr>
<td title='betfair.pages.SearchBetTest.searchBetReceipt()'><b>searchBetReceipt</b><br>Test class: betfair.pages.SearchBetTest<br>Test method: C93962 - Find Bets with Receipt like</td>
<td></td>
<td>29</td>
<td>betfair.pages.SearchBetTest@2b4b2d2d</td></tr>
<tr>
<td title='betfair.pages.SearchCustomerTest.searchCustomerAccount()'><b>searchCustomerAccount</b><br>Test class: betfair.pages.SearchCustomerTest<br>Test method: C141961	- Search for a Customer with their Account No</td>
<td></td>
<td>3</td>
<td>betfair.pages.SearchCustomerTest@2c677b56</td></tr>
<tr>
<td title='betfair.pages.SearchCustomerTest.searchCustomerUsername()'><b>searchCustomerUsername</b><br>Test class: betfair.pages.SearchCustomerTest<br>Test method: C141960 - Search for a Customer with their Username</td>
<td></td>
<td>7</td>
<td>betfair.pages.SearchCustomerTest@2c677b56</td></tr>
<tr>
<td title='betfair.pages.WinLoseVoidTest.setResults()'><b>setResults</b><br>Test class: betfair.pages.WinLoseVoidTest<br>Test method: C141956 - Set results (Win, Lose and Void) for a selections and settle Market</td>
<td></td>
<td>24</td>
<td>betfair.pages.WinLoseVoidTest@4900269d</td></tr>
</table><p>
<table width='100%' border='1' class='invocation-skipped'>
<tr><td colspan='4' align='center'><b>SKIPPED TESTS</b></td></tr>
<tr><td><b>Test method</b></td>
<td width="30%"><b>Exception</b></td>
<td width="10%"><b>Time (seconds)</b></td>
<td><b>Instance</b></td>
</tr>
<tr>
<td title='betfair.pages.DbPublishTest.getClasses()'><b>getClasses</b><br>Test class: betfair.pages.DbPublishTest<br>Test method: C244605 - getClasses</td>
<td></td>
<td>0</td>
<td>betfair.pages.DbPublishTest@6a25dcb2</td></tr>
<tr>
<td title='betfair.pages.DbPublishTest.getEventDetailsFootball()'><b>getEventDetailsFootball</b><br>Test class: betfair.pages.DbPublishTest<br>Test method: C244607 - getEventDetailsFootball</td>
<td></td>
<td>0</td>
<td>betfair.pages.DbPublishTest@6a25dcb2</td></tr>
<tr>
<td title='betfair.pages.DbPublishTest.getEventDetailsHR()'><b>getEventDetailsHR</b><br>Test class: betfair.pages.DbPublishTest<br>Test method: C244606 - getEventDetailsHR</td>
<td></td>
<td>0</td>
<td>betfair.pages.DbPublishTest@6a25dcb2</td></tr>
<tr>
<td title='betfair.pages.DbPublishTest.getEventsByType()'><b>getEventsByType</b><br>Test class: betfair.pages.DbPublishTest<br>Test method: C244612 - getEventsByType</td>
<td></td>
<td>0</td>
<td>betfair.pages.DbPublishTest@6a25dcb2</td></tr>
<tr>
<td title='betfair.pages.DbPublishTest.getEventsFootball()'><b>getEventsFootball</b><br>Test class: betfair.pages.DbPublishTest<br>Test method: C244614 - getEventsFootball</td>
<td></td>
<td>0</td>
<td>betfair.pages.DbPublishTest@6a25dcb2</td></tr>
<tr>
<td title='betfair.pages.DbPublishTest.getEventsHR()'><b>getEventsHR</b><br>Test class: betfair.pages.DbPublishTest<br>Test method: C244613 - getEventsHR</td>
<td></td>
<td>0</td>
<td>betfair.pages.DbPublishTest@6a25dcb2</td></tr>
<tr>
<td title='betfair.pages.DbPublishTest.getOutcomeDetailsFootball()'><b>getOutcomeDetailsFootball</b><br>Test class: betfair.pages.DbPublishTest<br>Test method: C244616 - getOutcomeDetailsFootball</td>
<td></td>
<td>0</td>
<td>betfair.pages.DbPublishTest@6a25dcb2</td></tr>
<tr>
<td title='betfair.pages.DbPublishTest.getOutcomeDetailsHR()'><b>getOutcomeDetailsHR</b><br>Test class: betfair.pages.DbPublishTest<br>Test method: C244615 - getOutcomeDetailsHR</td>
<td></td>
<td>0</td>
<td>betfair.pages.DbPublishTest@6a25dcb2</td></tr>
<tr>
<td title='betfair.pages.DbPublishTest.getResultsByEventFootball()'><b>getResultsByEventFootball</b><br>Test class: betfair.pages.DbPublishTest<br>Test method: C244611 - getResultsByEventFootball</td>
<td></td>
<td>0</td>
<td>betfair.pages.DbPublishTest@6a25dcb2</td></tr>
<tr>
<td title='betfair.pages.DbPublishTest.getResultsByEventHR()'><b>getResultsByEventHR</b><br>Test class: betfair.pages.DbPublishTest<br>Test method: C244610 - getResultsByEventHR</td>
<td></td>
<td>0</td>
<td>betfair.pages.DbPublishTest@6a25dcb2</td></tr>
<tr>
<td title='betfair.pages.DbPublishTest.getTypesByClassFootball()'><b>getTypesByClassFootball</b><br>Test class: betfair.pages.DbPublishTest<br>Test method: C244609 - getTypesByClassFootball</td>
<td></td>
<td>0</td>
<td>betfair.pages.DbPublishTest@6a25dcb2</td></tr>
<tr>
<td title='betfair.pages.DbPublishTest.getTypesByClassHR()'><b>getTypesByClassHR</b><br>Test class: betfair.pages.DbPublishTest<br>Test method: C244608 - getTypesByClassHR</td>
<td></td>
<td>0</td>
<td>betfair.pages.DbPublishTest@6a25dcb2</td></tr>
<tr>
<td title='betfair.pages.OxiXmlTest.reqAccountAddStub()'><b>reqAccountAddStub</b><br>Test class: betfair.pages.OxiXmlTest<br>Test method: C217757 - reqAccountAddStub</td>
<td></td>
<td>0</td>
<td>betfair.pages.OxiXmlTest@173940bb</td></tr>
<tr>
<td title='betfair.pages.OxiXmlTest.reqAcctGetFreebets()'><b>reqAcctGetFreebets</b><br>Test class: betfair.pages.OxiXmlTest<br>Test method: C217761 - reqAcctGetFreebets</td>
<td></td>
<td>0</td>
<td>betfair.pages.OxiXmlTest@173940bb</td></tr>
<tr>
<td title='betfair.pages.OxiXmlTest.reqBetCashout()'><b>reqBetCashout</b><br>Test class: betfair.pages.OxiXmlTest<br>Test method: C217764 - reqBetCashout</td>
<td></td>
<td>0</td>
<td>betfair.pages.OxiXmlTest@173940bb</td></tr>
<tr>
<td title='betfair.pages.CashoutExceptions.reqBetCashout_CASHOUT_BET_ALREADY_SETTLED()'><b>reqBetCashout_CASHOUT_BET_ALREADY_SETTLED</b><br>Test class: betfair.pages.CashoutExceptions<br>Test method: C227809 - CASHOUT_BET_ALREADY_SETTLED</td>
<td></td>
<td>0</td>
<td>betfair.pages.CashoutExceptions@7f416b2d</td></tr>
<tr>
<td title='betfair.pages.CashoutExceptions.reqBetCashout_CASHOUT_INVALID_EXPECTATION()'><b>reqBetCashout_CASHOUT_INVALID_EXPECTATION</b><br>Test class: betfair.pages.CashoutExceptions<br>Test method: C227814 - CASHOUT_INVALID_EXPECTATION</td>
<td></td>
<td>0</td>
<td>betfair.pages.CashoutExceptions@7f416b2d</td></tr>
<tr>
<td title='betfair.pages.CashoutExceptions.reqBetCashout_CASHOUT_OUTCOME_BETABLE()'><b>reqBetCashout_CASHOUT_OUTCOME_BETABLE</b><br>Test class: betfair.pages.CashoutExceptions<br>Test method: C227812 - CASHOUT_OUTCOME_BETABLE</td>
<td></td>
<td>0</td>
<td>betfair.pages.CashoutExceptions@7f416b2d</td></tr>
<tr>
<td title='betfair.pages.CashoutExceptions.reqBetCashout_CASHOUT_OUTCOME_HANDICAP_CHANGED()'><b>reqBetCashout_CASHOUT_OUTCOME_HANDICAP_CHANGED</b><br>Test class: betfair.pages.CashoutExceptions<br>Test method: C227816 - CASHOUT_OUTCOME_HANDICAP_CHANGED</td>
<td></td>
<td>0</td>
<td>betfair.pages.CashoutExceptions@7f416b2d</td></tr>
<tr>
<td title='betfair.pages.CashoutExceptions.reqBetCashout_CASHOUT_OUTCOME_NOT_BETABLE()'><b>reqBetCashout_CASHOUT_OUTCOME_NOT_BETABLE</b><br>Test class: betfair.pages.CashoutExceptions<br>Test method: C227811 - CASHOUT_OUTCOME_NOT_BETABLE</td>
<td></td>
<td>0</td>
<td>betfair.pages.CashoutExceptions@7f416b2d</td></tr>
<tr>
<td title='betfair.pages.CashoutExceptions.reqBetCashout_CASHOUT_OUTCOME_NOT_RESULTED()'><b>reqBetCashout_CASHOUT_OUTCOME_NOT_RESULTED</b><br>Test class: betfair.pages.CashoutExceptions<br>Test method: C227808 - CASHOUT_OUTCOME_NOT_RESULTED</td>
<td></td>
<td>0</td>
<td>betfair.pages.CashoutExceptions@7f416b2d</td></tr>
<tr>
<td title='betfair.pages.CashoutExceptions.reqBetCashout_CASHOUT_OUTCOME_PRICE_CHANGED()'><b>reqBetCashout_CASHOUT_OUTCOME_PRICE_CHANGED</b><br>Test class: betfair.pages.CashoutExceptions<br>Test method: C227813 - CASHOUT_OUTCOME_PRICE_CHANGED</td>
<td></td>
<td>0</td>
<td>betfair.pages.CashoutExceptions@7f416b2d</td></tr>
<tr>
<td title='betfair.pages.CashoutExceptions.reqBetCashout_CASHOUT_OUTCOME_PRICE_EMPTY()'><b>reqBetCashout_CASHOUT_OUTCOME_PRICE_EMPTY</b><br>Test class: betfair.pages.CashoutExceptions<br>Test method: C227817 - CASHOUT_OUTCOME_PRICE_EMPTY</td>
<td></td>
<td>0</td>
<td>betfair.pages.CashoutExceptions@7f416b2d</td></tr>
<tr>
<td title='betfair.pages.CashoutExceptions.reqBetCashout_CASHOUT_OUTCOME_PRICE_NOT_PROVIDED()'><b>reqBetCashout_CASHOUT_OUTCOME_PRICE_NOT_PROVIDED</b><br>Test class: betfair.pages.CashoutExceptions<br>Test method: C227815 - CASHOUT_OUTCOME_PRICE_NOT_PROVIDED</td>
<td></td>
<td>0</td>
<td>betfair.pages.CashoutExceptions@7f416b2d</td></tr>
<tr>
<td title='betfair.pages.CashoutExceptions.reqBetCashout_CASHOUT_OUTCOME_RESULTED()'><b>reqBetCashout_CASHOUT_OUTCOME_RESULTED</b><br>Test class: betfair.pages.CashoutExceptions<br>Test method: C227810 - CASHOUT_OUTCOME_RESULTED</td>
<td></td>
<td>0</td>
<td>betfair.pages.CashoutExceptions@7f416b2d</td></tr>
<tr>
<td title='betfair.pages.CashoutExceptions.reqBetCashout_CASHOUT_VALUE_TOO_HIGH()'><b>reqBetCashout_CASHOUT_VALUE_TOO_HIGH</b><br>Test class: betfair.pages.CashoutExceptions<br>Test method: C227807 - CASHOUT_VALUE_TOO_HIGH</td>
<td></td>
<td>0</td>
<td>betfair.pages.CashoutExceptions@7f416b2d</td></tr>
<tr>
<td title='betfair.pages.OxiXmlTest.reqFreebetTrigger()'><b>reqFreebetTrigger</b><br>Test class: betfair.pages.OxiXmlTest<br>Test method: C217758 - reqFreebetTrigger</td>
<td></td>
<td>0</td>
<td>betfair.pages.OxiXmlTest@173940bb</td></tr>
<tr>
<td title='betfair.pages.OxiXmlTest.reqTransGetBetDetail()'><b>reqTransGetBetDetail</b><br>Test class: betfair.pages.OxiXmlTest<br>Test method: C217760 - reqTransGetBetDetail</td>
<td></td>
<td>0</td>
<td>betfair.pages.OxiXmlTest@173940bb</td></tr>
<tr>
<td title='betfair.pages.OxiXmlTest.reqTransGetBetDetails()'><b>reqTransGetBetDetails</b><br>Test class: betfair.pages.OxiXmlTest<br>Test method: C217759 - reqTransGetBetDetails</td>
<td></td>
<td>0</td>
<td>betfair.pages.OxiXmlTest@173940bb</td></tr>
<tr>
<td title='betfair.pages.OxiXmlTest.reqUtilPing()'><b>reqUtilPing</b><br>Test class: betfair.pages.OxiXmlTest<br>Test method: C217761 - reqUtilPing</td>
<td></td>
<td>0</td>
<td>betfair.pages.OxiXmlTest@173940bb</td></tr>
<tr>
<td title='betfair.pages.DbPublishTest.status()'><b>status</b><br>Test class: betfair.pages.DbPublishTest<br>Test method: C244617 - status</td>
<td></td>
<td>0</td>
<td>betfair.pages.DbPublishTest@6a25dcb2</td></tr>
</table><p>
</body>
</html>