<?xml version="1.0" encoding="UTF-8" ?>
<testsuite failures="7" time="2,529.47" errors="0" skipped="130" tests="149" name="TestSuite">
  <properties>
    <property name="java.runtime.name" value="Java(TM) SE Runtime Environment"/>
    <property name="sun.boot.library.path" value="C:\Program Files\Java\jdk1.7.0_11\jre\bin"/>
    <property name="java.vm.version" value="23.6-b04"/>
    <property name="java.vm.vendor" value="Oracle Corporation"/>
    <property name="java.vendor.url" value="http://java.oracle.com/"/>
    <property name="path.separator" value=";"/>
    <property name="guice.disable.misplaced.annotation.check" value="true"/>
    <property name="java.vm.name" value="Java HotSpot(TM) 64-Bit Server VM"/>
    <property name="file.encoding.pkg" value="sun.io"/>
    <property name="user.script" value=""/>
    <property name="user.country" value="GB"/>
    <property name="sun.java.launcher" value="SUN_STANDARD"/>
    <property name="sun.os.patch.level" value="Service Pack 1"/>
    <property name="java.vm.specification.name" value="Java Virtual Machine Specification"/>
    <property name="user.dir" value="C:\work\projects\Betfair"/>
    <property name="java.runtime.version" value="1.7.0_11-b21"/>
    <property name="java.awt.graphicsenv" value="sun.awt.Win32GraphicsEnvironment"/>
    <property name="java.endorsed.dirs" value="C:\Program Files\Java\jdk1.7.0_11\jre\lib\endorsed"/>
    <property name="os.arch" value="amd64"/>
    <property name="java.io.tmpdir" value="C:\Users\LABDUL~1.OPE\AppData\Local\Temp\"/>
    <property name="line.separator" value="
"/>
    <property name="java.vm.specification.vendor" value="Oracle Corporation"/>
    <property name="user.variant" value=""/>
    <property name="os.name" value="Windows 7"/>
    <property name="classworlds.conf" value="C:\Program Files\Java\apache-maven-3.0.4\bin\..\bin\m2.conf"/>
    <property name="sun.jnu.encoding" value="Cp1252"/>
    <property name="java.library.path" value="C:\Program Files\Java\jdk1.7.0_11\bin;C:\Windows\Sun\Java\bin;C:\Windows\system32;C:\Windows;C:\Windows\system32;C:\Windows;C:\Windows\System32\Wbem;C:\Windows\System32\WindowsPowerShell\v1.0\;C:\Program Files\Java\apache-maven-3.0.4\bin;C:\Program Files\TortoiseSVN\bin;."/>
    <property name="java.specification.name" value="Java Platform API Specification"/>
    <property name="java.class.version" value="51.0"/>
    <property name="sun.management.compiler" value="HotSpot 64-Bit Tiered Compilers"/>
    <property name="os.version" value="6.1"/>
    <property name="user.home" value="C:\Users\labdulsa.OPENBET"/>
    <property name="user.timezone" value="Europe/London"/>
    <property name="java.awt.printerjob" value="sun.awt.windows.WPrinterJob"/>
    <property name="java.specification.version" value="1.7"/>
    <property name="file.encoding" value="Cp1252"/>
    <property name="user.name" value="labdulsa"/>
    <property name="java.class.path" value="C:\Program Files\Java\apache-maven-3.0.4\bin\..\boot\plexus-classworlds-2.4.jar"/>
    <property name="java.vm.specification.version" value="1.7"/>
    <property name="sun.arch.data.model" value="64"/>
    <property name="java.home" value="C:\Program Files\Java\jdk1.7.0_11\jre"/>
    <property name="sun.java.command" value="org.codehaus.plexus.classworlds.launcher.Launcher clean compile verify -Pdev"/>
    <property name="java.specification.vendor" value="Oracle Corporation"/>
    <property name="user.language" value="en"/>
    <property name="awt.toolkit" value="sun.awt.windows.WToolkit"/>
    <property name="java.vm.info" value="mixed mode"/>
    <property name="java.version" value="1.7.0_11"/>
    <property name="java.ext.dirs" value="C:\Program Files\Java\jdk1.7.0_11\jre\lib\ext;C:\Windows\Sun\Java\lib\ext"/>
    <property name="sun.boot.class.path" value="C:\Program Files\Java\jdk1.7.0_11\jre\lib\resources.jar;C:\Program Files\Java\jdk1.7.0_11\jre\lib\rt.jar;C:\Program Files\Java\jdk1.7.0_11\jre\lib\sunrsasign.jar;C:\Program Files\Java\jdk1.7.0_11\jre\lib\jsse.jar;C:\Program Files\Java\jdk1.7.0_11\jre\lib\jce.jar;C:\Program Files\Java\jdk1.7.0_11\jre\lib\charsets.jar;C:\Program Files\Java\jdk1.7.0_11\jre\lib\jfr.jar;C:\Program Files\Java\jdk1.7.0_11\jre\classes"/>
    <property name="java.vendor" value="Oracle Corporation"/>
    <property name="maven.home" value="C:\Program Files\Java\apache-maven-3.0.4\bin\.."/>
    <property name="file.separator" value="\"/>
    <property name="java.vendor.url.bug" value="http://bugreport.sun.com/bugreport/"/>
    <property name="sun.cpu.endian" value="little"/>
    <property name="sun.io.unicode.encoding" value="UnicodeLittle"/>
    <property name="sun.desktop" value="windows"/>
    <property name="sun.cpu.isalist" value="amd64"/>
  </properties>
  <testcase time="9.337" classname="betfair.pages.ModifyEvents" name="modifyFootballEvent">
    <failure message="expected [2014-06-27 11:53:37 ] but found [2016-01-01 00:00:00 ]" type="java.lang.AssertionError">java.lang.AssertionError: expected [2014-06-27 11:53:37 ] but found [2016-01-01 00:00:00 ]
	at org.testng.Assert.fail(Assert.java:89)
	at org.testng.Assert.failNotEquals(Assert.java:489)
	at org.testng.Assert.assertEquals(Assert.java:118)
	at org.testng.Assert.assertEquals(Assert.java:171)
	at org.testng.Assert.assertEquals(Assert.java:181)
	at betfair.pages.ModifyEvents.modifyFootballEvent(ModifyEvents.java:71)
</failure>
    <system-out>...
... TestNG 6.7 by C?dric Beust (cedric@beust.com)
...

DEBUG 11:53:24 (TestBase.java:71) - Header PO initialising ...
 INFO 11:53:31 (TestBase.java:85) - -- Executing test method : modifyFootballEvent --
DEBUG 11:53:32 (TestBase.java:87) - Header PO accessing ...
</system-out>
  </testcase>
  <testcase time="18.055" classname="betfair.pages.ModifyEvents" name="modifyFootballMarket"/>
  <testcase time="20.333" classname="betfair.pages.ModifyEvents" name="modifyFootballSelection"/>
  <testcase time="4.67" classname="betfair.pages.ModifyEvents" name="modifyHorseRacingEvent">
    <failure message="expected [2014-06-27 11:54:35 ] but found [2016-01-01 00:00:00 ]" type="java.lang.AssertionError">java.lang.AssertionError: expected [2014-06-27 11:54:35 ] but found [2016-01-01 00:00:00 ]
	at org.testng.Assert.fail(Assert.java:89)
	at org.testng.Assert.failNotEquals(Assert.java:489)
	at org.testng.Assert.assertEquals(Assert.java:118)
	at org.testng.Assert.assertEquals(Assert.java:171)
	at org.testng.Assert.assertEquals(Assert.java:181)
	at betfair.pages.ModifyEvents.modifyHorseRacingEvent(ModifyEvents.java:176)
</failure>
    <system-out> INFO 11:54:31 (TestBase.java:85) - -- Executing test method : modifyHorseRacingEvent --
DEBUG 11:54:31 (TestBase.java:87) - Header PO accessing ...
</system-out>
  </testcase>
  <testcase time="10.727" classname="betfair.pages.ModifyEvents" name="modifyHorseRacingMarket"/>
  <testcase time="12.67" classname="betfair.pages.ModifyEvents" name="modifyHorseRacingSelection"/>
  <testcase time="29.343" classname="betfair.pages.SearchBetTest" name="searchBetReceipt"/>
  <testcase time="49.729" classname="betfair.pages.SearchBetTest" name="searchBetUsername">
    <failure message="Unable to locate element: {&quot;method&quot;:&quot;xpath&quot;,&quot;selector&quot;:&quot;//center/table[2]/tbody/tr[16]/td[2]&quot;}
Command duration or timeout: 30.37 seconds
For documentation on this error, please visit: http://seleniumhq.org/exceptions/no_such_element.html
Build info: version: &apos;2.30.0&apos;, revision: &apos;dc1ef9c&apos;, time: &apos;2013-02-19 00:15:27&apos;
System info: os.name: &apos;Windows 7&apos;, os.arch: &apos;amd64&apos;, os.version: &apos;6.1&apos;, java.version: &apos;1.7.0_11&apos;
Session ID: 23235d7b-9207-4c42-8b91-778b40a4985a
Driver info: org.openqa.selenium.firefox.FirefoxDriver
Capabilities [{platform=XP, databaseEnabled=true, cssSelectorsEnabled=true, javascriptEnabled=true, acceptSslCerts=true, handlesAlerts=true, browserName=firefox, browserConnectionEnabled=true, nativeEvents=true, webStorageEnabled=true, rotatable=false, locationContextEnabled=true, applicationCacheEnabled=true, takesScreenshot=true, version=19.0}]
For documentation on this error, please visit: http://seleniumhq.org/exceptions/no_such_element.html
Build info: version: &apos;2.30.0&apos;, revision: &apos;dc1ef9ceb805a672f56dc49198f9ffbd4ca345c7&apos;, time: &apos;2013-02-19 09:14:38&apos;
System info: os.name: &apos;Windows 7&apos;, os.arch: &apos;amd64&apos;, os.version: &apos;6.1&apos;, java.version: &apos;1.7.0_11&apos;
Driver info: driver.version: RemoteWebDriver" type="org.openqa.selenium.NoSuchElementException">org.openqa.selenium.NoSuchElementException: Unable to locate element: {&quot;method&quot;:&quot;xpath&quot;,&quot;selector&quot;:&quot;//center/table[2]/tbody/tr[16]/td[2]&quot;}
Command duration or timeout: 30.37 seconds
For documentation on this error, please visit: http://seleniumhq.org/exceptions/no_such_element.html
Build info: version: &apos;2.30.0&apos;, revision: &apos;dc1ef9c&apos;, time: &apos;2013-02-19 00:15:27&apos;
System info: os.name: &apos;Windows 7&apos;, os.arch: &apos;amd64&apos;, os.version: &apos;6.1&apos;, java.version: &apos;1.7.0_11&apos;
Session ID: 23235d7b-9207-4c42-8b91-778b40a4985a
Driver info: org.openqa.selenium.firefox.FirefoxDriver
Capabilities [{platform=XP, databaseEnabled=true, cssSelectorsEnabled=true, javascriptEnabled=true, acceptSslCerts=true, handlesAlerts=true, browserName=firefox, browserConnectionEnabled=true, nativeEvents=true, webStorageEnabled=true, rotatable=false, locationContextEnabled=true, applicationCacheEnabled=true, takesScreenshot=true, version=19.0}]
For documentation on this error, please visit: http://seleniumhq.org/exceptions/no_such_element.html
Build info: version: &apos;2.30.0&apos;, revision: &apos;dc1ef9ceb805a672f56dc49198f9ffbd4ca345c7&apos;, time: &apos;2013-02-19 09:14:38&apos;
System info: os.name: &apos;Windows 7&apos;, os.arch: &apos;amd64&apos;, os.version: &apos;6.1&apos;, java.version: &apos;1.7.0_11&apos;
Driver info: driver.version: RemoteWebDriver
	at sun.reflect.NativeConstructorAccessorImpl.newInstance0(Native Method)
	at sun.reflect.NativeConstructorAccessorImpl.newInstance(NativeConstructorAccessorImpl.java:57)
	at sun.reflect.DelegatingConstructorAccessorImpl.newInstance(DelegatingConstructorAccessorImpl.java:45)
	at java.lang.reflect.Constructor.newInstance(Constructor.java:525)
	at org.openqa.selenium.remote.ErrorHandler.createThrowable(ErrorHandler.java:131)
	at org.openqa.selenium.remote.ErrorHandler.throwIfResponseFailed(ErrorHandler.java:105)
	at org.openqa.selenium.remote.RemoteWebDriver.execute(RemoteWebDriver.java:405)
	at org.openqa.selenium.remote.RemoteWebDriver.findElement(RemoteWebDriver.java:193)
	at org.openqa.selenium.remote.RemoteWebDriver.findElementByXPath(RemoteWebDriver.java:266)
	at org.openqa.selenium.By$ByXPath.findElement(By.java:344)
	at org.openqa.selenium.remote.RemoteWebDriver.findElement(RemoteWebDriver.java:185)
	at org.openqa.selenium.support.pagefactory.DefaultElementLocator.findElement(DefaultElementLocator.java:59)
	at org.openqa.selenium.support.pagefactory.internal.LocatingElementHandler.invoke(LocatingElementHandler.java:34)
	at $Proxy9.getText(Unknown Source)
	at betfair.pages.AdminBetSearch.getReceipt(AdminBetSearch.java:95)
	at betfair.pages.SearchBetTest.searchBetUsername(SearchBetTest.java:126)
Caused by: org.openqa.selenium.remote.ScreenshotException: Screen shot has been taken
Build info: version: &apos;2.30.0&apos;, revision: &apos;dc1ef9ceb805a672f56dc49198f9ffbd4ca345c7&apos;, time: &apos;2013-02-19 09:14:38&apos;
System info: os.name: &apos;Windows 7&apos;, os.arch: &apos;amd64&apos;, os.version: &apos;6.1&apos;, java.version: &apos;1.7.0_11&apos;
Driver info: driver.version: RemoteWebDriver
	at org.openqa.selenium.remote.ErrorHandler.throwIfResponseFailed(ErrorHandler.java:99)
	... 43 more
Caused by: org.openqa.selenium.NoSuchElementException: Unable to locate element: {&quot;method&quot;:&quot;xpath&quot;,&quot;selector&quot;:&quot;//center/table[2]/tbody/tr[16]/td[2]&quot;}
Command duration or timeout: 30.37 seconds
For documentation on this error, please visit: http://seleniumhq.org/exceptions/no_such_element.html
Build info: version: &apos;2.30.0&apos;, revision: &apos;dc1ef9c&apos;, time: &apos;2013-02-19 00:15:27&apos;
System info: os.name: &apos;Windows 7&apos;, os.arch: &apos;amd64&apos;, os.version: &apos;6.1&apos;, java.version: &apos;1.7.0_11&apos;
Session ID: 23235d7b-9207-4c42-8b91-778b40a4985a
Driver info: org.openqa.selenium.firefox.FirefoxDriver
Capabilities [{platform=XP, databaseEnabled=true, cssSelectorsEnabled=true, javascriptEnabled=true, acceptSslCerts=true, handlesAlerts=true, browserName=firefox, browserConnectionEnabled=true, nativeEvents=true, webStorageEnabled=true, rotatable=false, locationContextEnabled=true, applicationCacheEnabled=true, takesScreenshot=true, version=19.0}]
For documentation on this error, please visit: http://seleniumhq.org/exceptions/no_such_element.html
Build info: version: &apos;2.30.0&apos;, revision: &apos;dc1ef9ceb805a672f56dc49198f9ffbd4ca345c7&apos;, time: &apos;2013-02-19 09:14:38&apos;
System info: os.name: &apos;Windows 7&apos;, os.arch: &apos;amd64&apos;, os.version: &apos;6.1&apos;, java.version: &apos;1.7.0_11&apos;
Driver info: driver.version: EventFiringWebDriver
	at sun.reflect.NativeConstructorAccessorImpl.newInstance0(Native Method)
	at sun.reflect.NativeConstructorAccessorImpl.newInstance(null)
	at sun.reflect.DelegatingConstructorAccessorImpl.newInstance(null)
	at java.lang.reflect.Constructor.newInstance(null)
	at org.openqa.selenium.remote.ErrorHandler.createThrowable(ErrorHandler.java:187)
	at org.openqa.selenium.remote.ErrorHandler.throwIfResponseFailed(ErrorHandler.java:145)
	at org.openqa.selenium.remote.RemoteWebDriver.execute(RemoteWebDriver.java:554)
	at org.openqa.selenium.remote.RemoteWebDriver.findElement(RemoteWebDriver.java:307)
	at org.openqa.selenium.remote.RemoteWebDriver.findElementByXPath(RemoteWebDriver.java:404)
	at org.openqa.selenium.By$ByXPath.findElement(By.java:344)
	at org.openqa.selenium.remote.RemoteWebDriver.findElement(RemoteWebDriver.java:299)
	at sun.reflect.GeneratedMethodAccessor22.invoke(null)
	at sun.reflect.DelegatingMethodAccessorImpl.invoke(null)
	at java.lang.reflect.Method.invoke(null)
	at org.openqa.selenium.support.events.EventFiringWebDriver$2.invoke(EventFiringWebDriver.java:101)
	at $Proxy1.findElement(null)
	at org.openqa.selenium.support.events.EventFiringWebDriver.findElement(EventFiringWebDriver.java:180)
	at org.openqa.selenium.remote.server.handler.FindElement.call(FindElement.java:47)
	at org.openqa.selenium.remote.server.handler.FindElement.call(FindElement.java:1)
	at java.util.concurrent.FutureTask$Sync.innerRun(null)
	at java.util.concurrent.FutureTask.run(null)
	at org.openqa.selenium.remote.server.DefaultSession$1.run(DefaultSession.java:167)
	at java.util.concurrent.ThreadPoolExecutor.runWorker(null)
	at java.util.concurrent.ThreadPoolExecutor$Worker.run(null)
	at java.lang.Thread.run(null)
</failure>
    <system-out> INFO 11:55:47 (TestBase.java:85) - -- Executing test method : searchBetUsername --
DEBUG 11:55:48 (TestBase.java:87) - Header PO accessing ...
 INFO 11:55:50 (SearchBetTest.java:93) - Creating Event
5a7h6e0e4d
 INFO 11:56:05 (HttpUtils.java:268) - Response Body: &lt;?xml version=&quot;1.0&quot; encoding=&quot;UTF-8&quot;?&gt;
						&lt;ssoidDataResponse&gt;
							&lt;bf_account_id&gt;10004&lt;/bf_account_id&gt;
&lt;ssoid&gt;S9zIITskzEH2Sk/WzWWATo1ZGv5QBR5h/BA=&lt;/ssoid&gt;
							&lt;balance&gt;9683.00&lt;/balance&gt;&lt;currency&gt;GBP&lt;/currency&gt;&lt;country_code&gt;UK&lt;/country_code&gt;&lt;jurisdiction&gt;international&lt;/jurisdiction&gt;
						&lt;/ssoidDataResponse&gt;

 INFO 11:56:05 (FiltrableResponse.java:42) - S9zIITskzEH2Sk/WzWWATo1ZGv5QBR5h/BA=
 INFO 11:56:05 (SearchBetTest.java:119) - Placing Bet
 INFO 11:56:05 (Oxi.java:74) - Request Body:
 INFO 11:56:05 (Oxi.java:75) - &lt;?xml version=&quot;1.0&quot; encoding=&quot;UTF-8&quot; ?&gt;&lt;!DOCTYPE oxip SYSTEM &quot;oxip.dtd&quot;&gt;&lt;oxip version=&quot;6.0&quot;&gt;&lt;request&gt;&lt;reqClientAuth&gt;&lt;user&gt;Administrator&lt;/user&gt;&lt;password&gt;1ncharge&lt;/password&gt;&lt;ssoid&gt;S9zIITskzEH2Sk/WzWWATo1ZGv5QBR5h/BA=&lt;/ssoid&gt;&lt;/reqClientAuth&gt;&lt;reqBetPlace&gt;&lt;token/&gt;&lt;errorDetail&gt;ALL&lt;/errorDetail&gt;&lt;channel&gt;M&lt;/channel&gt;&lt;fullDetails&gt;N&lt;/fullDetails&gt;&lt;bet&gt;&lt;betNo&gt;1&lt;/betNo&gt;&lt;stakePerLine&gt;5&lt;/stakePerLine&gt;&lt;betType&gt;SGL&lt;/betType&gt;&lt;legType&gt;W&lt;/legType&gt;&lt;leg&gt;&lt;legNo&gt;1&lt;/legNo&gt;&lt;legSort&gt;--&lt;/legSort&gt;&lt;part&gt;&lt;partNo&gt;1&lt;/partNo&gt;&lt;outcome&gt;2016262&lt;/outcome&gt;&lt;priceType&gt;L&lt;/priceType&gt;&lt;/part&gt;&lt;/leg&gt;&lt;/bet&gt;&lt;/reqBetPlace&gt;&lt;/request&gt;&lt;/oxip&gt;
 INFO 11:56:05 (HttpUtils.java:98) - Using URL: http://sbg.cd2-integration.dev.betfair/oxixmlserver/
 INFO 11:56:06 (HttpUtils.java:268) - Response Body: &lt;?xml version=&quot;1.0&quot; encoding=&quot;UTF-8&quot; ?&gt;
&lt;!DOCTYPE oxip SYSTEM &quot;oxip.dtd&quot;&gt;
&lt;oxip version=&quot;6.0&quot;&gt;
    &lt;response requestTime=&quot;1.6666&quot;&gt;
        &lt;returnStatus&gt;
            &lt;code&gt;001&lt;/code&gt;
            &lt;message&gt;success&lt;/message&gt;
            &lt;debug&gt;06/27-10:56:07 &lt;/debug&gt;
        &lt;/returnStatus&gt;
        &lt;respBetPlace&gt;
            &lt;betPlacement&gt;
                &lt;betNo&gt;1&lt;/betNo&gt;
                &lt;betId&gt;256858&lt;/betId&gt;
                &lt;date&gt;2013-06-27 10:56:06&lt;/date&gt;
                &lt;receipt&gt;O/0102329/0004278&lt;/receipt&gt;
                &lt;numLines&gt;1&lt;/numLines&gt;
                &lt;totalStake&gt;5.00&lt;/totalStake&gt;
                &lt;betPotentialWin&gt;20.00&lt;/betPotentialWin&gt;
            &lt;/betPlacement&gt;
            &lt;token&gt;ydUufMtweUGocGzTc2cZAtM/nnQTLbUQ9EaQgCcoVoIBTqP+CM5brhfFEis4UrUVSRnn+oiQr/XS8KlTEiOEIQVNlxBUHE//7N4Og/oq1TFAT2R5yA==&lt;/token&gt;
        &lt;/respBetPlace&gt;
    &lt;/response&gt;
&lt;/oxip&gt;

 INFO 11:56:06 (FiltrableResponse.java:42) - O/0102329/0004278
</system-out>
  </testcase>
  <testcase time="24.7" classname="betfair.pages.CreateEventsTest" name="createEnglishFootballEvent"/>
  <testcase time="10.828" classname="betfair.pages.CreateEventsTest" name="createHorseRacingEvent"/>
  <testcase time="7.253" classname="betfair.pages.SearchCustomerTest" name="searchCustomerUsername"/>
  <testcase time="3.045" classname="betfair.pages.SearchCustomerTest" name="searchCustomerAccount"/>
  <testcase time="24.11" classname="betfair.pages.WinLoseVoidTest" name="setResults"/>
  <testcase time="48.312" classname="betfair.pages.WinLoseVoidTest" name="unsetResults">
    <failure message="Unable to locate element: {&quot;method&quot;:&quot;xpath&quot;,&quot;selector&quot;:&quot;//a[contains(@href,&apos;HORSE_RACING&apos;)]&quot;}
Command duration or timeout: 30.04 seconds
For documentation on this error, please visit: http://seleniumhq.org/exceptions/no_such_element.html
Build info: version: &apos;2.30.0&apos;, revision: &apos;dc1ef9c&apos;, time: &apos;2013-02-19 00:15:27&apos;
System info: os.name: &apos;Windows 7&apos;, os.arch: &apos;amd64&apos;, os.version: &apos;6.1&apos;, java.version: &apos;1.7.0_11&apos;
Session ID: 918f09d0-b7a5-4cb6-9d4f-20ba5c789c1e
Driver info: org.openqa.selenium.firefox.FirefoxDriver
Capabilities [{platform=XP, databaseEnabled=true, cssSelectorsEnabled=true, javascriptEnabled=true, acceptSslCerts=true, handlesAlerts=true, browserName=firefox, browserConnectionEnabled=true, nativeEvents=true, webStorageEnabled=true, rotatable=false, locationContextEnabled=true, applicationCacheEnabled=true, takesScreenshot=true, version=19.0}]
For documentation on this error, please visit: http://seleniumhq.org/exceptions/no_such_element.html
Build info: version: &apos;2.30.0&apos;, revision: &apos;dc1ef9ceb805a672f56dc49198f9ffbd4ca345c7&apos;, time: &apos;2013-02-19 09:14:38&apos;
System info: os.name: &apos;Windows 7&apos;, os.arch: &apos;amd64&apos;, os.version: &apos;6.1&apos;, java.version: &apos;1.7.0_11&apos;
Driver info: driver.version: RemoteWebDriver" type="org.openqa.selenium.NoSuchElementException">org.openqa.selenium.NoSuchElementException: Unable to locate element: {&quot;method&quot;:&quot;xpath&quot;,&quot;selector&quot;:&quot;//a[contains(@href,&apos;HORSE_RACING&apos;)]&quot;}
Command duration or timeout: 30.04 seconds
For documentation on this error, please visit: http://seleniumhq.org/exceptions/no_such_element.html
Build info: version: &apos;2.30.0&apos;, revision: &apos;dc1ef9c&apos;, time: &apos;2013-02-19 00:15:27&apos;
System info: os.name: &apos;Windows 7&apos;, os.arch: &apos;amd64&apos;, os.version: &apos;6.1&apos;, java.version: &apos;1.7.0_11&apos;
Session ID: 918f09d0-b7a5-4cb6-9d4f-20ba5c789c1e
Driver info: org.openqa.selenium.firefox.FirefoxDriver
Capabilities [{platform=XP, databaseEnabled=true, cssSelectorsEnabled=true, javascriptEnabled=true, acceptSslCerts=true, handlesAlerts=true, browserName=firefox, browserConnectionEnabled=true, nativeEvents=true, webStorageEnabled=true, rotatable=false, locationContextEnabled=true, applicationCacheEnabled=true, takesScreenshot=true, version=19.0}]
For documentation on this error, please visit: http://seleniumhq.org/exceptions/no_such_element.html
Build info: version: &apos;2.30.0&apos;, revision: &apos;dc1ef9ceb805a672f56dc49198f9ffbd4ca345c7&apos;, time: &apos;2013-02-19 09:14:38&apos;
System info: os.name: &apos;Windows 7&apos;, os.arch: &apos;amd64&apos;, os.version: &apos;6.1&apos;, java.version: &apos;1.7.0_11&apos;
Driver info: driver.version: RemoteWebDriver
	at sun.reflect.NativeConstructorAccessorImpl.newInstance0(Native Method)
	at sun.reflect.NativeConstructorAccessorImpl.newInstance(NativeConstructorAccessorImpl.java:57)
	at sun.reflect.DelegatingConstructorAccessorImpl.newInstance(DelegatingConstructorAccessorImpl.java:45)
	at java.lang.reflect.Constructor.newInstance(Constructor.java:525)
	at org.openqa.selenium.remote.ErrorHandler.createThrowable(ErrorHandler.java:131)
	at org.openqa.selenium.remote.ErrorHandler.throwIfResponseFailed(ErrorHandler.java:105)
	at org.openqa.selenium.remote.RemoteWebDriver.execute(RemoteWebDriver.java:405)
	at org.openqa.selenium.remote.RemoteWebDriver.findElement(RemoteWebDriver.java:193)
	at org.openqa.selenium.remote.RemoteWebDriver.findElementByXPath(RemoteWebDriver.java:266)
	at org.openqa.selenium.By$ByXPath.findElement(By.java:344)
	at org.openqa.selenium.remote.RemoteWebDriver.findElement(RemoteWebDriver.java:185)
	at org.openqa.selenium.support.pagefactory.DefaultElementLocator.findElement(DefaultElementLocator.java:59)
	at org.openqa.selenium.support.pagefactory.internal.LocatingElementHandler.invoke(LocatingElementHandler.java:34)
	at $Proxy9.click(Unknown Source)
	at betfair.pages.AdminEventUnsettle.clickCategoryHorseRacing(AdminEventUnsettle.java:105)
	at betfair.pages.WinLoseVoidTest.unsetResults(WinLoseVoidTest.java:147)
Caused by: org.openqa.selenium.remote.ScreenshotException: Screen shot has been taken
Build info: version: &apos;2.30.0&apos;, revision: &apos;dc1ef9ceb805a672f56dc49198f9ffbd4ca345c7&apos;, time: &apos;2013-02-19 09:14:38&apos;
System info: os.name: &apos;Windows 7&apos;, os.arch: &apos;amd64&apos;, os.version: &apos;6.1&apos;, java.version: &apos;1.7.0_11&apos;
Driver info: driver.version: RemoteWebDriver
	at org.openqa.selenium.remote.ErrorHandler.throwIfResponseFailed(ErrorHandler.java:99)
	... 43 more
Caused by: org.openqa.selenium.NoSuchElementException: Unable to locate element: {&quot;method&quot;:&quot;xpath&quot;,&quot;selector&quot;:&quot;//a[contains(@href,&apos;HORSE_RACING&apos;)]&quot;}
Command duration or timeout: 30.04 seconds
For documentation on this error, please visit: http://seleniumhq.org/exceptions/no_such_element.html
Build info: version: &apos;2.30.0&apos;, revision: &apos;dc1ef9c&apos;, time: &apos;2013-02-19 00:15:27&apos;
System info: os.name: &apos;Windows 7&apos;, os.arch: &apos;amd64&apos;, os.version: &apos;6.1&apos;, java.version: &apos;1.7.0_11&apos;
Session ID: 918f09d0-b7a5-4cb6-9d4f-20ba5c789c1e
Driver info: org.openqa.selenium.firefox.FirefoxDriver
Capabilities [{platform=XP, databaseEnabled=true, cssSelectorsEnabled=true, javascriptEnabled=true, acceptSslCerts=true, handlesAlerts=true, browserName=firefox, browserConnectionEnabled=true, nativeEvents=true, webStorageEnabled=true, rotatable=false, locationContextEnabled=true, applicationCacheEnabled=true, takesScreenshot=true, version=19.0}]
For documentation on this error, please visit: http://seleniumhq.org/exceptions/no_such_element.html
Build info: version: &apos;2.30.0&apos;, revision: &apos;dc1ef9ceb805a672f56dc49198f9ffbd4ca345c7&apos;, time: &apos;2013-02-19 09:14:38&apos;
System info: os.name: &apos;Windows 7&apos;, os.arch: &apos;amd64&apos;, os.version: &apos;6.1&apos;, java.version: &apos;1.7.0_11&apos;
Driver info: driver.version: EventFiringWebDriver
	at sun.reflect.NativeConstructorAccessorImpl.newInstance0(Native Method)
	at sun.reflect.NativeConstructorAccessorImpl.newInstance(null)
	at sun.reflect.DelegatingConstructorAccessorImpl.newInstance(null)
	at java.lang.reflect.Constructor.newInstance(null)
	at org.openqa.selenium.remote.ErrorHandler.createThrowable(ErrorHandler.java:187)
	at org.openqa.selenium.remote.ErrorHandler.throwIfResponseFailed(ErrorHandler.java:145)
	at org.openqa.selenium.remote.RemoteWebDriver.execute(RemoteWebDriver.java:554)
	at org.openqa.selenium.remote.RemoteWebDriver.findElement(RemoteWebDriver.java:307)
	at org.openqa.selenium.remote.RemoteWebDriver.findElementByXPath(RemoteWebDriver.java:404)
	at org.openqa.selenium.By$ByXPath.findElement(By.java:344)
	at org.openqa.selenium.remote.RemoteWebDriver.findElement(RemoteWebDriver.java:299)
	at sun.reflect.GeneratedMethodAccessor22.invoke(null)
	at sun.reflect.DelegatingMethodAccessorImpl.invoke(null)
	at java.lang.reflect.Method.invoke(null)
	at org.openqa.selenium.support.events.EventFiringWebDriver$2.invoke(EventFiringWebDriver.java:101)
	at $Proxy1.findElement(null)
	at org.openqa.selenium.support.events.EventFiringWebDriver.findElement(EventFiringWebDriver.java:180)
	at org.openqa.selenium.remote.server.handler.FindElement.call(FindElement.java:47)
	at org.openqa.selenium.remote.server.handler.FindElement.call(FindElement.java:1)
	at java.util.concurrent.FutureTask$Sync.innerRun(null)
	at java.util.concurrent.FutureTask.run(null)
	at org.openqa.selenium.remote.server.DefaultSession$1.run(DefaultSession.java:167)
	at java.util.concurrent.ThreadPoolExecutor.runWorker(null)
	at java.util.concurrent.ThreadPoolExecutor$Worker.run(null)
	at java.lang.Thread.run(null)
</failure>
    <system-out> INFO 11:58:51 (TestBase.java:85) - -- Executing test method : unsetResults --
DEBUG 11:58:51 (TestBase.java:87) - Header PO accessing ...
 INFO 11:59:05 (WinLoseVoidTest.java:143) - Settled
</system-out>
  </testcase>
  <testcase time="41.396" classname="betfair.pages.PlaceBetEndtoEndTest" name="placeBetEndtoEndHR">
    <failure type="java.lang.NullPointerException">java.lang.NullPointerException
	at betfair.pages.PlaceBetEndtoEndTest.placeBetEndtoEndHR(PlaceBetEndtoEndTest.java:79)
</failure>
    <system-out>Screenshot captured - C:\work\projects\Betfair\target\screenshots\unsetResults.png
DEBUG 11:59:47 (TestBase.java:71) - Header PO initialising ...
 INFO 11:59:51 (TestBase.java:85) - -- Executing test method : placeBetEndtoEndHR --
DEBUG 11:59:51 (TestBase.java:87) - Header PO accessing ...
 INFO 11:59:52 (PlaceBetEndtoEndTest.java:52) - Creating Event
4d0i8e5e7b
 INFO 12:00:03 (HttpUtils.java:268) - Response Body: &lt;?xml version=&quot;1.0&quot; encoding=&quot;UTF-8&quot;?&gt;
						&lt;ssoidDataResponse&gt;
							&lt;bf_account_id&gt;10001&lt;/bf_account_id&gt;
&lt;ssoid&gt;G9zIeDskzEGVy2VbIErx+Fr8/dIgwJ6AOgk=&lt;/ssoid&gt;
							&lt;balance&gt;10668.70&lt;/balance&gt;&lt;currency&gt;GBP&lt;/currency&gt;&lt;country_code&gt;UK&lt;/country_code&gt;&lt;jurisdiction&gt;international&lt;/jurisdiction&gt;
						&lt;/ssoidDataResponse&gt;

 INFO 12:00:03 (FiltrableResponse.java:42) - G9zIeDskzEGVy2VbIErx+Fr8/dIgwJ6AOgk=
 INFO 12:00:03 (PlaceBetEndtoEndTest.java:78) - Placing Bet
 INFO 12:00:03 (Oxi.java:74) - Request Body:
 INFO 12:00:03 (Oxi.java:75) - &lt;?xml version=&quot;1.0&quot; encoding=&quot;UTF-8&quot; ?&gt;&lt;!DOCTYPE oxip SYSTEM &quot;oxip.dtd&quot;&gt;&lt;oxip version=&quot;6.0&quot;&gt;&lt;request&gt;&lt;reqClientAuth&gt;&lt;user&gt;Administrator&lt;/user&gt;&lt;password&gt;1ncharge&lt;/password&gt;&lt;ssoid&gt;G9zIeDskzEGVy2VbIErx+Fr8/dIgwJ6AOgk=&lt;/ssoid&gt;&lt;/reqClientAuth&gt;&lt;reqBetPlace&gt;&lt;token/&gt;&lt;errorDetail&gt;ALL&lt;/errorDetail&gt;&lt;channel&gt;M&lt;/channel&gt;&lt;fullDetails&gt;N&lt;/fullDetails&gt;&lt;bet&gt;&lt;betNo&gt;1&lt;/betNo&gt;&lt;stakePerLine&gt;5&lt;/stakePerLine&gt;&lt;betType&gt;SGL&lt;/betType&gt;&lt;legType&gt;W&lt;/legType&gt;&lt;leg&gt;&lt;legNo&gt;1&lt;/legNo&gt;&lt;legSort&gt;--&lt;/legSort&gt;&lt;part&gt;&lt;partNo&gt;1&lt;/partNo&gt;&lt;outcome&gt;2016273&lt;/outcome&gt;&lt;priceType&gt;L&lt;/priceType&gt;&lt;/part&gt;&lt;/leg&gt;&lt;/bet&gt;&lt;/reqBetPlace&gt;&lt;/request&gt;&lt;/oxip&gt;
 INFO 12:00:03 (HttpUtils.java:98) - Using URL: http://sbg.cd2-integration.dev.betfair/oxixmlserver/
</system-out>
    <system-err>java.net.SocketTimeoutException: Read timed out
	at java.net.SocketInputStream.socketRead0(Native Method)
	at java.net.SocketInputStream.read(SocketInputStream.java:150)
	at java.net.SocketInputStream.read(SocketInputStream.java:121)
	at org.apache.http.impl.io.AbstractSessionInputBuffer.fillBuffer(AbstractSessionInputBuffer.java:166)
	at org.apache.http.impl.io.SocketInputBuffer.fillBuffer(SocketInputBuffer.java:90)
	at org.apache.http.impl.io.AbstractSessionInputBuffer.readLine(AbstractSessionInputBuffer.java:281)
	at org.apache.http.impl.conn.DefaultHttpResponseParser.parseHead(DefaultHttpResponseParser.java:92)
	at org.apache.http.impl.conn.DefaultHttpResponseParser.parseHead(DefaultHttpResponseParser.java:62)
	at org.apache.http.impl.io.AbstractMessageParser.parse(AbstractMessageParser.java:254)
	at org.apache.http.impl.AbstractHttpClientConnection.receiveResponseHeader(AbstractHttpClientConnection.java:289)
	at org.apache.http.impl.conn.DefaultClientConnection.receiveResponseHeader(DefaultClientConnection.java:252)
	at org.apache.http.impl.conn.ManagedClientConnectionImpl.receiveResponseHeader(ManagedClientConnectionImpl.java:191)
	at org.apache.http.protocol.HttpRequestExecutor.doReceiveResponse(HttpRequestExecutor.java:300)
	at org.apache.http.protocol.HttpRequestExecutor.execute(HttpRequestExecutor.java:127)
	at org.apache.http.impl.client.DefaultRequestDirector.tryExecute(DefaultRequestDirector.java:712)
	at org.apache.http.impl.client.DefaultRequestDirector.execute(DefaultRequestDirector.java:517)
	at org.apache.http.impl.client.AbstractHttpClient.execute(AbstractHttpClient.java:906)
	at org.apache.http.impl.client.AbstractHttpClient.execute(AbstractHttpClient.java:805)
	at org.apache.http.impl.client.AbstractHttpClient.execute(AbstractHttpClient.java:784)
	at com.openbet.webservices.utils.HttpUtils.doResourceTypePost(HttpUtils.java:104)
	at com.openbet.webservices.oxi.Oxi$Call.withParams(Oxi.java:76)
	at betfair.pages.PlaceBetEndtoEndTest.placeBetEndtoEndHR(PlaceBetEndtoEndTest.java:79)
	at sun.reflect.NativeMethodAccessorImpl.invoke0(Native Method)
	at sun.reflect.NativeMethodAccessorImpl.invoke(NativeMethodAccessorImpl.java:57)
	at sun.reflect.DelegatingMethodAccessorImpl.invoke(DelegatingMethodAccessorImpl.java:43)
	at java.lang.reflect.Method.invoke(Method.java:601)
	at org.testng.internal.MethodInvocationHelper.invokeMethod(MethodInvocationHelper.java:80)
	at org.testng.internal.Invoker.invokeMethod(Invoker.java:715)
	at org.testng.internal.Invoker.invokeTestMethod(Invoker.java:907)
	at org.testng.internal.Invoker.invokeTestMethods(Invoker.java:1237)
	at org.testng.internal.TestMethodWorker.invokeTestMethods(TestMethodWorker.java:127)
	at org.testng.internal.TestMethodWorker.run(TestMethodWorker.java:111)
	at org.testng.TestRunner.privateRun(TestRunner.java:767)
	at org.testng.TestRunner.run(TestRunner.java:617)
	at org.testng.SuiteRunner.runTest(SuiteRunner.java:334)
	at org.testng.SuiteRunner.runSequentially(SuiteRunner.java:329)
	at org.testng.SuiteRunner.privateRun(SuiteRunner.java:291)
	at org.testng.SuiteRunner.run(SuiteRunner.java:240)
	at org.testng.SuiteRunnerWorker.runSuite(SuiteRunnerWorker.java:51)
	at org.testng.SuiteRunnerWorker.run(SuiteRunnerWorker.java:85)
	at org.testng.TestNG.runSuitesSequentially(TestNG.java:1197)
	at org.testng.TestNG.runSuitesLocally(TestNG.java:1122)
	at org.testng.TestNG.run(TestNG.java:1030)
	at org.apache.maven.surefire.testng.TestNGExecutor.run(TestNGExecutor.java:177)
	at org.apache.maven.surefire.testng.TestNGXmlTestSuite.execute(TestNGXmlTestSuite.java:92)
	at org.apache.maven.surefire.testng.TestNGProvider.invoke(TestNGProvider.java:105)
	at sun.reflect.NativeMethodAccessorImpl.invoke0(Native Method)
	at sun.reflect.NativeMethodAccessorImpl.invoke(NativeMethodAccessorImpl.java:57)
	at sun.reflect.DelegatingMethodAccessorImpl.invoke(DelegatingMethodAccessorImpl.java:43)
	at java.lang.reflect.Method.invoke(Method.java:601)
	at org.apache.maven.surefire.util.ReflectionUtils.invokeMethodWithArray(ReflectionUtils.java:189)
	at org.apache.maven.surefire.booter.ProviderFactory$ProviderProxy.invoke(ProviderFactory.java:165)
	at org.apache.maven.surefire.booter.ProviderFactory.invokeProvider(ProviderFactory.java:85)
	at org.apache.maven.surefire.booter.ForkedBooter.runSuitesInProcess(ForkedBooter.java:103)
	at org.apache.maven.surefire.booter.ForkedBooter.main(ForkedBooter.java:74)
</system-err>
  </testcase>
  <testcase time="50.734" classname="betfair.pages.PlaceBetEndtoEndTest" name="placeBetEndtoEndFootball"/>
  <testcase time="325.219" classname="betfair.pages.FundsTransferEndToEndTest" name="fundsTransferEndtoEnd"/>
  <testcase time="34.196" classname="betfair.pages.BirEndToEndTest" name="birEndToEndTest">
    <failure message="Unable to locate element: {&quot;method&quot;:&quot;xpath&quot;,&quot;selector&quot;:&quot;//input[contains(@type,&apos;button&apos;) and contains(@onclick,&apos;return fs&apos;)and contains(@value,&apos;Add Event Market&apos;)]&quot;}
Command duration or timeout: 30.10 seconds
For documentation on this error, please visit: http://seleniumhq.org/exceptions/no_such_element.html
Build info: version: &apos;2.30.0&apos;, revision: &apos;dc1ef9c&apos;, time: &apos;2013-02-19 00:15:27&apos;
System info: os.name: &apos;Windows 7&apos;, os.arch: &apos;amd64&apos;, os.version: &apos;6.1&apos;, java.version: &apos;1.7.0_11&apos;
Session ID: 360325a0-e0d4-490b-906f-79df2424e2d4
Driver info: org.openqa.selenium.firefox.FirefoxDriver
Capabilities [{platform=XP, databaseEnabled=true, cssSelectorsEnabled=true, javascriptEnabled=true, acceptSslCerts=true, handlesAlerts=true, browserName=firefox, browserConnectionEnabled=true, nativeEvents=true, webStorageEnabled=true, rotatable=false, locationContextEnabled=true, applicationCacheEnabled=true, takesScreenshot=true, version=19.0}]
For documentation on this error, please visit: http://seleniumhq.org/exceptions/no_such_element.html
Build info: version: &apos;2.30.0&apos;, revision: &apos;dc1ef9ceb805a672f56dc49198f9ffbd4ca345c7&apos;, time: &apos;2013-02-19 09:14:38&apos;
System info: os.name: &apos;Windows 7&apos;, os.arch: &apos;amd64&apos;, os.version: &apos;6.1&apos;, java.version: &apos;1.7.0_11&apos;
Driver info: driver.version: RemoteWebDriver" type="org.openqa.selenium.NoSuchElementException">org.openqa.selenium.NoSuchElementException: Unable to locate element: {&quot;method&quot;:&quot;xpath&quot;,&quot;selector&quot;:&quot;//input[contains(@type,&apos;button&apos;) and contains(@onclick,&apos;return fs&apos;)and contains(@value,&apos;Add Event Market&apos;)]&quot;}
Command duration or timeout: 30.10 seconds
For documentation on this error, please visit: http://seleniumhq.org/exceptions/no_such_element.html
Build info: version: &apos;2.30.0&apos;, revision: &apos;dc1ef9c&apos;, time: &apos;2013-02-19 00:15:27&apos;
System info: os.name: &apos;Windows 7&apos;, os.arch: &apos;amd64&apos;, os.version: &apos;6.1&apos;, java.version: &apos;1.7.0_11&apos;
Session ID: 360325a0-e0d4-490b-906f-79df2424e2d4
Driver info: org.openqa.selenium.firefox.FirefoxDriver
Capabilities [{platform=XP, databaseEnabled=true, cssSelectorsEnabled=true, javascriptEnabled=true, acceptSslCerts=true, handlesAlerts=true, browserName=firefox, browserConnectionEnabled=true, nativeEvents=true, webStorageEnabled=true, rotatable=false, locationContextEnabled=true, applicationCacheEnabled=true, takesScreenshot=true, version=19.0}]
For documentation on this error, please visit: http://seleniumhq.org/exceptions/no_such_element.html
Build info: version: &apos;2.30.0&apos;, revision: &apos;dc1ef9ceb805a672f56dc49198f9ffbd4ca345c7&apos;, time: &apos;2013-02-19 09:14:38&apos;
System info: os.name: &apos;Windows 7&apos;, os.arch: &apos;amd64&apos;, os.version: &apos;6.1&apos;, java.version: &apos;1.7.0_11&apos;
Driver info: driver.version: RemoteWebDriver
	at sun.reflect.NativeConstructorAccessorImpl.newInstance0(Native Method)
	at sun.reflect.NativeConstructorAccessorImpl.newInstance(NativeConstructorAccessorImpl.java:57)
	at sun.reflect.DelegatingConstructorAccessorImpl.newInstance(DelegatingConstructorAccessorImpl.java:45)
	at java.lang.reflect.Constructor.newInstance(Constructor.java:525)
	at org.openqa.selenium.remote.ErrorHandler.createThrowable(ErrorHandler.java:131)
	at org.openqa.selenium.remote.ErrorHandler.throwIfResponseFailed(ErrorHandler.java:105)
	at org.openqa.selenium.remote.RemoteWebDriver.execute(RemoteWebDriver.java:405)
	at org.openqa.selenium.remote.RemoteWebDriver.findElement(RemoteWebDriver.java:193)
	at org.openqa.selenium.remote.RemoteWebDriver.findElementByXPath(RemoteWebDriver.java:266)
	at org.openqa.selenium.By$ByXPath.findElement(By.java:344)
	at org.openqa.selenium.remote.RemoteWebDriver.findElement(RemoteWebDriver.java:185)
	at org.openqa.selenium.support.pagefactory.DefaultElementLocator.findElement(DefaultElementLocator.java:59)
	at org.openqa.selenium.support.pagefactory.internal.LocatingElementHandler.invoke(LocatingElementHandler.java:34)
	at $Proxy9.click(Unknown Source)
	at betfair.pages.AdminMarketCreation.clickAddEventMarket(AdminMarketCreation.java:130)
	at betfair.pages.BirEndToEndTest.birEndToEndTest(BirEndToEndTest.java:64)
Caused by: org.openqa.selenium.remote.ScreenshotException: Screen shot has been taken
Build info: version: &apos;2.30.0&apos;, revision: &apos;dc1ef9ceb805a672f56dc49198f9ffbd4ca345c7&apos;, time: &apos;2013-02-19 09:14:38&apos;
System info: os.name: &apos;Windows 7&apos;, os.arch: &apos;amd64&apos;, os.version: &apos;6.1&apos;, java.version: &apos;1.7.0_11&apos;
Driver info: driver.version: RemoteWebDriver
	at org.openqa.selenium.remote.ErrorHandler.throwIfResponseFailed(ErrorHandler.java:99)
	... 43 more
Caused by: org.openqa.selenium.NoSuchElementException: Unable to locate element: {&quot;method&quot;:&quot;xpath&quot;,&quot;selector&quot;:&quot;//input[contains(@type,&apos;button&apos;) and contains(@onclick,&apos;return fs&apos;)and contains(@value,&apos;Add Event Market&apos;)]&quot;}
Command duration or timeout: 30.10 seconds
For documentation on this error, please visit: http://seleniumhq.org/exceptions/no_such_element.html
Build info: version: &apos;2.30.0&apos;, revision: &apos;dc1ef9c&apos;, time: &apos;2013-02-19 00:15:27&apos;
System info: os.name: &apos;Windows 7&apos;, os.arch: &apos;amd64&apos;, os.version: &apos;6.1&apos;, java.version: &apos;1.7.0_11&apos;
Session ID: 360325a0-e0d4-490b-906f-79df2424e2d4
Driver info: org.openqa.selenium.firefox.FirefoxDriver
Capabilities [{platform=XP, databaseEnabled=true, cssSelectorsEnabled=true, javascriptEnabled=true, acceptSslCerts=true, handlesAlerts=true, browserName=firefox, browserConnectionEnabled=true, nativeEvents=true, webStorageEnabled=true, rotatable=false, locationContextEnabled=true, applicationCacheEnabled=true, takesScreenshot=true, version=19.0}]
For documentation on this error, please visit: http://seleniumhq.org/exceptions/no_such_element.html
Build info: version: &apos;2.30.0&apos;, revision: &apos;dc1ef9ceb805a672f56dc49198f9ffbd4ca345c7&apos;, time: &apos;2013-02-19 09:14:38&apos;
System info: os.name: &apos;Windows 7&apos;, os.arch: &apos;amd64&apos;, os.version: &apos;6.1&apos;, java.version: &apos;1.7.0_11&apos;
Driver info: driver.version: EventFiringWebDriver
	at sun.reflect.NativeConstructorAccessorImpl.newInstance0(Native Method)
	at sun.reflect.NativeConstructorAccessorImpl.newInstance(null)
	at sun.reflect.DelegatingConstructorAccessorImpl.newInstance(null)
	at java.lang.reflect.Constructor.newInstance(null)
	at org.openqa.selenium.remote.ErrorHandler.createThrowable(ErrorHandler.java:187)
	at org.openqa.selenium.remote.ErrorHandler.throwIfResponseFailed(ErrorHandler.java:145)
	at org.openqa.selenium.remote.RemoteWebDriver.execute(RemoteWebDriver.java:554)
	at org.openqa.selenium.remote.RemoteWebDriver.findElement(RemoteWebDriver.java:307)
	at org.openqa.selenium.remote.RemoteWebDriver.findElementByXPath(RemoteWebDriver.java:404)
	at org.openqa.selenium.By$ByXPath.findElement(By.java:344)
	at org.openqa.selenium.remote.RemoteWebDriver.findElement(RemoteWebDriver.java:299)
	at sun.reflect.GeneratedMethodAccessor22.invoke(null)
	at sun.reflect.DelegatingMethodAccessorImpl.invoke(null)
	at java.lang.reflect.Method.invoke(null)
	at org.openqa.selenium.support.events.EventFiringWebDriver$2.invoke(EventFiringWebDriver.java:101)
	at $Proxy1.findElement(null)
	at org.openqa.selenium.support.events.EventFiringWebDriver.findElement(EventFiringWebDriver.java:180)
	at org.openqa.selenium.remote.server.handler.FindElement.call(FindElement.java:47)
	at org.openqa.selenium.remote.server.handler.FindElement.call(FindElement.java:1)
	at java.util.concurrent.FutureTask$Sync.innerRun(null)
	at java.util.concurrent.FutureTask.run(null)
	at org.openqa.selenium.remote.server.DefaultSession$1.run(DefaultSession.java:167)
	at java.util.concurrent.ThreadPoolExecutor.runWorker(null)
	at java.util.concurrent.ThreadPoolExecutor$Worker.run(null)
	at java.lang.Thread.run(null)
</failure>
    <system-out>DEBUG 12:07:10 (TestBase.java:71) - Header PO initialising ...
 INFO 12:07:15 (TestBase.java:85) - -- Executing test method : birEndToEndTest --
DEBUG 12:07:15 (TestBase.java:87) - Header PO accessing ...
 INFO 12:07:16 (BirEndToEndTest.java:54) - Creating Event
1f5o2i0d1f
</system-out>
  </testcase>
  <testcase time="360.957" classname="betfair.pages.BirEndToEndTest" name="tearDown">
    <failure message="Error communicating with the remote browser. It may have died.
Build info: version: &apos;2.30.0&apos;, revision: &apos;dc1ef9c&apos;, time: &apos;2013-02-19 00:15:27&apos;
System info: os.name: &apos;Windows 7&apos;, os.arch: &apos;amd64&apos;, os.version: &apos;6.1&apos;, java.version: &apos;1.7.0_11&apos;
Driver info: driver.version: EventFiringWebDriver
Build info: version: &apos;2.30.0&apos;, revision: &apos;dc1ef9ceb805a672f56dc49198f9ffbd4ca345c7&apos;, time: &apos;2013-02-19 09:14:38&apos;
System info: os.name: &apos;Windows 7&apos;, os.arch: &apos;amd64&apos;, os.version: &apos;6.1&apos;, java.version: &apos;1.7.0_11&apos;
Driver info: driver.version: RemoteWebDriver" type="org.openqa.selenium.WebDriverException">org.openqa.selenium.WebDriverException: Error communicating with the remote browser. It may have died.
Build info: version: &apos;2.30.0&apos;, revision: &apos;dc1ef9c&apos;, time: &apos;2013-02-19 00:15:27&apos;
System info: os.name: &apos;Windows 7&apos;, os.arch: &apos;amd64&apos;, os.version: &apos;6.1&apos;, java.version: &apos;1.7.0_11&apos;
Driver info: driver.version: EventFiringWebDriver
Build info: version: &apos;2.30.0&apos;, revision: &apos;dc1ef9ceb805a672f56dc49198f9ffbd4ca345c7&apos;, time: &apos;2013-02-19 09:14:38&apos;
System info: os.name: &apos;Windows 7&apos;, os.arch: &apos;amd64&apos;, os.version: &apos;6.1&apos;, java.version: &apos;1.7.0_11&apos;
Driver info: driver.version: RemoteWebDriver
	at sun.reflect.NativeConstructorAccessorImpl.newInstance0(Native Method)
	at sun.reflect.NativeConstructorAccessorImpl.newInstance(NativeConstructorAccessorImpl.java:57)
	at sun.reflect.DelegatingConstructorAccessorImpl.newInstance(DelegatingConstructorAccessorImpl.java:45)
	at java.lang.reflect.Constructor.newInstance(Constructor.java:525)
	at org.openqa.selenium.remote.ErrorHandler.createThrowable(ErrorHandler.java:131)
	at org.openqa.selenium.remote.ErrorHandler.throwIfResponseFailed(ErrorHandler.java:105)
	at org.openqa.selenium.remote.RemoteWebDriver.execute(RemoteWebDriver.java:405)
	at org.openqa.selenium.remote.RemoteWebDriver.execute(RemoteWebDriver.java:409)
	at org.openqa.selenium.remote.RemoteWebDriver.quit(RemoteWebDriver.java:285)
	at betfair.pages.TestBase.tearDown(TestBase.java:93)
	at sun.reflect.NativeMethodAccessorImpl.invoke0(Native Method)
	at sun.reflect.NativeMethodAccessorImpl.invoke(NativeMethodAccessorImpl.java:57)
	at sun.reflect.DelegatingMethodAccessorImpl.invoke(DelegatingMethodAccessorImpl.java:43)
	at java.lang.reflect.Method.invoke(Method.java:601)
	at org.testng.internal.MethodInvocationHelper.invokeMethod(MethodInvocationHelper.java:80)
	at org.testng.internal.Invoker.invokeConfigurationMethod(Invoker.java:564)
	at org.testng.internal.Invoker.invokeConfigurations(Invoker.java:213)
	at org.testng.internal.Invoker.invokeConfigurations(Invoker.java:138)
	at org.testng.internal.TestMethodWorker.invokeAfterClassMethods(TestMethodWorker.java:225)
	at org.testng.internal.TestMethodWorker.run(TestMethodWorker.java:114)
	at org.testng.TestRunner.privateRun(TestRunner.java:767)
	at org.testng.TestRunner.run(TestRunner.java:617)
	at org.testng.SuiteRunner.runTest(SuiteRunner.java:334)
	at org.testng.SuiteRunner.runSequentially(SuiteRunner.java:329)
	at org.testng.SuiteRunner.privateRun(SuiteRunner.java:291)
	at org.testng.SuiteRunner.run(SuiteRunner.java:240)
	at org.testng.SuiteRunnerWorker.runSuite(SuiteRunnerWorker.java:51)
	at org.testng.SuiteRunnerWorker.run(SuiteRunnerWorker.java:85)
	at org.testng.TestNG.runSuitesSequentially(TestNG.java:1197)
	at org.testng.TestNG.runSuitesLocally(TestNG.java:1122)
	at org.testng.TestNG.run(TestNG.java:1030)
	at org.apache.maven.surefire.testng.TestNGExecutor.run(TestNGExecutor.java:177)
	at org.apache.maven.surefire.testng.TestNGXmlTestSuite.execute(TestNGXmlTestSuite.java:92)
	at org.apache.maven.surefire.testng.TestNGProvider.invoke(TestNGProvider.java:105)
	at sun.reflect.NativeMethodAccessorImpl.invoke0(Native Method)
	at sun.reflect.NativeMethodAccessorImpl.invoke(NativeMethodAccessorImpl.java:57)
	at sun.reflect.DelegatingMethodAccessorImpl.invoke(DelegatingMethodAccessorImpl.java:43)
	at java.lang.reflect.Method.invoke(Method.java:601)
	at org.apache.maven.surefire.util.ReflectionUtils.invokeMethodWithArray(ReflectionUtils.java:189)
	at org.apache.maven.surefire.booter.ProviderFactory$ProviderProxy.invoke(ProviderFactory.java:165)
	at org.apache.maven.surefire.booter.ProviderFactory.invokeProvider(ProviderFactory.java:85)
	at org.apache.maven.surefire.booter.ForkedBooter.runSuitesInProcess(ForkedBooter.java:103)
	at org.apache.maven.surefire.booter.ForkedBooter.main(ForkedBooter.java:74)
Caused by: org.openqa.selenium.remote.ErrorHandler$UnknownServerException: Error communicating with the remote browser. It may have died.
Build info: version: &apos;2.30.0&apos;, revision: &apos;dc1ef9c&apos;, time: &apos;2013-02-19 00:15:27&apos;
System info: os.name: &apos;Windows 7&apos;, os.arch: &apos;amd64&apos;, os.version: &apos;6.1&apos;, java.version: &apos;1.7.0_11&apos;
Driver info: driver.version: EventFiringWebDriver
Build info: version: &apos;2.30.0&apos;, revision: &apos;dc1ef9ceb805a672f56dc49198f9ffbd4ca345c7&apos;, time: &apos;2013-02-19 09:14:38&apos;
System info: os.name: &apos;Windows 7&apos;, os.arch: &apos;amd64&apos;, os.version: &apos;6.1&apos;, java.version: &apos;1.7.0_11&apos;
Driver info: driver.version: EventFiringWebDriver
	at org.openqa.selenium.remote.RemoteWebDriver.execute(RemoteWebDriver.java:548)
	at org.openqa.selenium.remote.RemoteWebDriver.execute(RemoteWebDriver.java:569)
	at org.openqa.selenium.remote.RemoteWebDriver.quit(RemoteWebDriver.java:423)
	at sun.reflect.NativeMethodAccessorImpl.invoke0(Native Method)
	at sun.reflect.NativeMethodAccessorImpl.invoke(null)
	at sun.reflect.DelegatingMethodAccessorImpl.invoke(null)
	at java.lang.reflect.Method.invoke(null)
	at org.openqa.selenium.support.events.EventFiringWebDriver$2.invoke(EventFiringWebDriver.java:101)
	at $Proxy1.quit(null)
	at org.openqa.selenium.support.events.EventFiringWebDriver.quit(EventFiringWebDriver.java:194)
	at org.openqa.selenium.remote.server.handler.DeleteSession.call(DeleteSession.java:49)
	at org.openqa.selenium.remote.server.handler.DeleteSession.call(DeleteSession.java:1)
	at java.util.concurrent.FutureTask$Sync.innerRun(null)
	at java.util.concurrent.FutureTask.run(null)
	at org.openqa.selenium.remote.server.DefaultSession$1.run(DefaultSession.java:167)
	at java.util.concurrent.ThreadPoolExecutor.runWorker(null)
	at java.util.concurrent.ThreadPoolExecutor$Worker.run(null)
	at java.lang.Thread.run(null)
Caused by: org.openqa.selenium.remote.ErrorHandler$UnknownServerException: Error communicating with the remote browser. It may have died.
Build info: version: &apos;2.30.0&apos;, revision: &apos;dc1ef9c&apos;, time: &apos;2013-02-19 00:15:27&apos;
System info: os.name: &apos;Windows 7&apos;, os.arch: &apos;amd64&apos;, os.version: &apos;6.1&apos;, java.version: &apos;1.7.0_11&apos;
Driver info: driver.version: EventFiringWebDriver
Build info: version: &apos;2.30.0&apos;, revision: &apos;dc1ef9ceb805a672f56dc49198f9ffbd4ca345c7&apos;, time: &apos;2013-02-19 09:14:38&apos;
System info: os.name: &apos;Windows 7&apos;, os.arch: &apos;amd64&apos;, os.version: &apos;6.1&apos;, java.version: &apos;1.7.0_11&apos;
Driver info: driver.version: EventFiringWebDriver
	at org.openqa.selenium.remote.RemoteWebDriver.execute(RemoteWebDriver.java:548)
	at org.openqa.selenium.remote.RemoteWebDriver.execute(RemoteWebDriver.java:569)
	at org.openqa.selenium.remote.RemoteWebDriver.quit(RemoteWebDriver.java:423)
	at sun.reflect.NativeMethodAccessorImpl.invoke0(Native Method)
	at sun.reflect.NativeMethodAccessorImpl.invoke(null)
	at sun.reflect.DelegatingMethodAccessorImpl.invoke(null)
	at java.lang.reflect.Method.invoke(null)
	at org.openqa.selenium.support.events.EventFiringWebDriver$2.invoke(EventFiringWebDriver.java:101)
	at $Proxy1.quit(null)
	at org.openqa.selenium.support.events.EventFiringWebDriver.quit(EventFiringWebDriver.java:194)
	at org.openqa.selenium.remote.server.handler.DeleteSession.call(DeleteSession.java:49)
	at org.openqa.selenium.remote.server.handler.DeleteSession.call(DeleteSession.java:1)
	at java.util.concurrent.FutureTask$Sync.innerRun(null)
	at java.util.concurrent.FutureTask.run(null)
	at org.openqa.selenium.remote.server.DefaultSession$1.run(DefaultSession.java:167)
	at java.util.concurrent.ThreadPoolExecutor.runWorker(null)
	at java.util.concurrent.ThreadPoolExecutor$Worker.run(null)
	at java.lang.Thread.run(null)
</failure>
    <system-out>Screenshot captured - C:\work\projects\Betfair\target\screenshots\birEndToEndTest.png
</system-out>
  </testcase>
  <testcase time="360.957" classname="betfair.pages.OxiXmlTest" name="init">
    <skipped/>
  </testcase>
  <testcase time="360.957" classname="betfair.pages.OxiXmlTest" name="classInit">
    <skipped/>
  </testcase>
  <testcase time="360.958" classname="betfair.pages.OxiXmlTest" name="startTest">
    <skipped/>
  </testcase>
  <testcase time="360.958" classname="betfair.pages.OxiXmlTest" name="login">
    <skipped/>
  </testcase>
  <testcase time="0" classname="betfair.pages.OxiXmlTest" name="reqTransGetBetDetail">
    <skipped/>
  </testcase>
  <testcase time="0" classname="betfair.pages.OxiXmlTest" name="logout">
    <skipped/>
  </testcase>
  <testcase time="0" classname="betfair.pages.OxiXmlTest" name="startTest">
    <skipped/>
  </testcase>
  <testcase time="0" classname="betfair.pages.OxiXmlTest" name="login">
    <skipped/>
  </testcase>
  <testcase time="0" classname="betfair.pages.OxiXmlTest" name="reqTransGetBetDetails">
    <skipped/>
  </testcase>
  <testcase time="0" classname="betfair.pages.OxiXmlTest" name="logout">
    <skipped/>
  </testcase>
  <testcase time="0.001" classname="betfair.pages.OxiXmlTest" name="startTest">
    <skipped/>
  </testcase>
  <testcase time="0.012" classname="betfair.pages.OxiXmlTest" name="login">
    <skipped/>
  </testcase>
  <testcase time="0" classname="betfair.pages.OxiXmlTest" name="reqAccountAddStub">
    <skipped/>
  </testcase>
  <testcase time="0" classname="betfair.pages.OxiXmlTest" name="logout">
    <skipped/>
  </testcase>
  <testcase time="0" classname="betfair.pages.OxiXmlTest" name="startTest">
    <skipped/>
  </testcase>
  <testcase time="0" classname="betfair.pages.OxiXmlTest" name="login">
    <skipped/>
  </testcase>
  <testcase time="0" classname="betfair.pages.OxiXmlTest" name="reqAcctGetFreebets">
    <skipped/>
  </testcase>
  <testcase time="0" classname="betfair.pages.OxiXmlTest" name="logout">
    <skipped/>
  </testcase>
  <testcase time="0" classname="betfair.pages.OxiXmlTest" name="startTest">
    <skipped/>
  </testcase>
  <testcase time="0" classname="betfair.pages.OxiXmlTest" name="login">
    <skipped/>
  </testcase>
  <testcase time="0" classname="betfair.pages.OxiXmlTest" name="reqUtilPing">
    <skipped/>
  </testcase>
  <testcase time="0" classname="betfair.pages.OxiXmlTest" name="logout">
    <skipped/>
  </testcase>
  <testcase time="0" classname="betfair.pages.OxiXmlTest" name="startTest">
    <skipped/>
  </testcase>
  <testcase time="0" classname="betfair.pages.OxiXmlTest" name="login">
    <skipped/>
  </testcase>
  <testcase time="0" classname="betfair.pages.OxiXmlTest" name="reqFreebetTrigger">
    <skipped/>
  </testcase>
  <testcase time="0" classname="betfair.pages.OxiXmlTest" name="logout">
    <skipped/>
  </testcase>
  <testcase time="0" classname="betfair.pages.OxiXmlTest" name="startTest">
    <skipped/>
  </testcase>
  <testcase time="0" classname="betfair.pages.OxiXmlTest" name="login">
    <skipped/>
  </testcase>
  <testcase time="0" classname="betfair.pages.OxiXmlTest" name="reqBetCashout">
    <skipped/>
  </testcase>
  <testcase time="0" classname="betfair.pages.OxiXmlTest" name="logout">
    <skipped/>
  </testcase>
  <testcase time="0" classname="betfair.pages.CashoutExceptions" name="init">
    <skipped/>
  </testcase>
  <testcase time="0" classname="betfair.pages.CashoutExceptions" name="classInit">
    <skipped/>
  </testcase>
  <testcase time="0" classname="betfair.pages.CashoutExceptions" name="startTest">
    <skipped/>
  </testcase>
  <testcase time="0" classname="betfair.pages.CashoutExceptions" name="login">
    <skipped/>
  </testcase>
  <testcase time="0" classname="betfair.pages.CashoutExceptions" name="reqBetCashout_CASHOUT_VALUE_TOO_HIGH">
    <skipped/>
  </testcase>
  <testcase time="0" classname="betfair.pages.CashoutExceptions" name="logout">
    <skipped/>
  </testcase>
  <testcase time="0" classname="betfair.pages.CashoutExceptions" name="startTest">
    <skipped/>
  </testcase>
  <testcase time="0" classname="betfair.pages.CashoutExceptions" name="login">
    <skipped/>
  </testcase>
  <testcase time="0" classname="betfair.pages.CashoutExceptions" name="reqBetCashout_CASHOUT_OUTCOME_NOT_RESULTED">
    <skipped/>
  </testcase>
  <testcase time="0" classname="betfair.pages.CashoutExceptions" name="logout">
    <skipped/>
  </testcase>
  <testcase time="0" classname="betfair.pages.CashoutExceptions" name="startTest">
    <skipped/>
  </testcase>
  <testcase time="0" classname="betfair.pages.CashoutExceptions" name="login">
    <skipped/>
  </testcase>
  <testcase time="0" classname="betfair.pages.CashoutExceptions" name="reqBetCashout_CASHOUT_BET_ALREADY_SETTLED">
    <skipped/>
  </testcase>
  <testcase time="0" classname="betfair.pages.CashoutExceptions" name="logout">
    <skipped/>
  </testcase>
  <testcase time="0" classname="betfair.pages.CashoutExceptions" name="startTest">
    <skipped/>
  </testcase>
  <testcase time="0" classname="betfair.pages.CashoutExceptions" name="login">
    <skipped/>
  </testcase>
  <testcase time="0" classname="betfair.pages.CashoutExceptions" name="reqBetCashout_CASHOUT_OUTCOME_RESULTED">
    <skipped/>
  </testcase>
  <testcase time="0" classname="betfair.pages.CashoutExceptions" name="logout">
    <skipped/>
  </testcase>
  <testcase time="0" classname="betfair.pages.CashoutExceptions" name="startTest">
    <skipped/>
  </testcase>
  <testcase time="0" classname="betfair.pages.CashoutExceptions" name="login">
    <skipped/>
  </testcase>
  <testcase time="0" classname="betfair.pages.CashoutExceptions" name="reqBetCashout_CASHOUT_OUTCOME_NOT_BETABLE">
    <skipped/>
  </testcase>
  <testcase time="0" classname="betfair.pages.CashoutExceptions" name="logout">
    <skipped/>
  </testcase>
  <testcase time="0" classname="betfair.pages.CashoutExceptions" name="startTest">
    <skipped/>
  </testcase>
  <testcase time="0" classname="betfair.pages.CashoutExceptions" name="login">
    <skipped/>
  </testcase>
  <testcase time="0" classname="betfair.pages.CashoutExceptions" name="reqBetCashout_CASHOUT_OUTCOME_BETABLE">
    <skipped/>
  </testcase>
  <testcase time="0" classname="betfair.pages.CashoutExceptions" name="logout">
    <skipped/>
  </testcase>
  <testcase time="0" classname="betfair.pages.CashoutExceptions" name="startTest">
    <skipped/>
  </testcase>
  <testcase time="0" classname="betfair.pages.CashoutExceptions" name="login">
    <skipped/>
  </testcase>
  <testcase time="0" classname="betfair.pages.CashoutExceptions" name="reqBetCashout_CASHOUT_OUTCOME_PRICE_CHANGED">
    <skipped/>
  </testcase>
  <testcase time="0" classname="betfair.pages.CashoutExceptions" name="logout">
    <skipped/>
  </testcase>
  <testcase time="0" classname="betfair.pages.CashoutExceptions" name="startTest">
    <skipped/>
  </testcase>
  <testcase time="0" classname="betfair.pages.CashoutExceptions" name="login">
    <skipped/>
  </testcase>
  <testcase time="0" classname="betfair.pages.CashoutExceptions" name="reqBetCashout_CASHOUT_INVALID_EXPECTATION">
    <skipped/>
  </testcase>
  <testcase time="0" classname="betfair.pages.CashoutExceptions" name="logout">
    <skipped/>
  </testcase>
  <testcase time="0" classname="betfair.pages.CashoutExceptions" name="startTest">
    <skipped/>
  </testcase>
  <testcase time="0" classname="betfair.pages.CashoutExceptions" name="login">
    <skipped/>
  </testcase>
  <testcase time="0" classname="betfair.pages.CashoutExceptions" name="reqBetCashout_CASHOUT_OUTCOME_PRICE_NOT_PROVIDED">
    <skipped/>
  </testcase>
  <testcase time="0" classname="betfair.pages.CashoutExceptions" name="logout">
    <skipped/>
  </testcase>
  <testcase time="0" classname="betfair.pages.CashoutExceptions" name="startTest">
    <skipped/>
  </testcase>
  <testcase time="0" classname="betfair.pages.CashoutExceptions" name="login">
    <skipped/>
  </testcase>
  <testcase time="0" classname="betfair.pages.CashoutExceptions" name="reqBetCashout_CASHOUT_OUTCOME_HANDICAP_CHANGED">
    <skipped/>
  </testcase>
  <testcase time="0" classname="betfair.pages.CashoutExceptions" name="logout">
    <skipped/>
  </testcase>
  <testcase time="0" classname="betfair.pages.CashoutExceptions" name="startTest">
    <skipped/>
  </testcase>
  <testcase time="0" classname="betfair.pages.CashoutExceptions" name="login">
    <skipped/>
  </testcase>
  <testcase time="0" classname="betfair.pages.CashoutExceptions" name="reqBetCashout_CASHOUT_OUTCOME_PRICE_EMPTY">
    <skipped/>
  </testcase>
  <testcase time="0" classname="betfair.pages.CashoutExceptions" name="logout">
    <skipped/>
  </testcase>
  <testcase time="0" classname="betfair.pages.DbPublishTest" name="init">
    <skipped/>
  </testcase>
  <testcase time="0.001" classname="betfair.pages.DbPublishTest" name="classInit">
    <skipped/>
  </testcase>
  <testcase time="0.001" classname="betfair.pages.DbPublishTest" name="startTest">
    <skipped/>
  </testcase>
  <testcase time="0.001" classname="betfair.pages.DbPublishTest" name="login">
    <skipped/>
  </testcase>
  <testcase time="0" classname="betfair.pages.DbPublishTest" name="getClasses">
    <skipped/>
  </testcase>
  <testcase time="0" classname="betfair.pages.DbPublishTest" name="logout">
    <skipped/>
  </testcase>
  <testcase time="0" classname="betfair.pages.DbPublishTest" name="startTest">
    <skipped/>
  </testcase>
  <testcase time="0" classname="betfair.pages.DbPublishTest" name="login">
    <skipped/>
  </testcase>
  <testcase time="0" classname="betfair.pages.DbPublishTest" name="getEventDetailsHR">
    <skipped/>
  </testcase>
  <testcase time="0" classname="betfair.pages.DbPublishTest" name="logout">
    <skipped/>
  </testcase>
  <testcase time="0" classname="betfair.pages.DbPublishTest" name="startTest">
    <skipped/>
  </testcase>
  <testcase time="0" classname="betfair.pages.DbPublishTest" name="login">
    <skipped/>
  </testcase>
  <testcase time="0" classname="betfair.pages.DbPublishTest" name="getEventDetailsFootball">
    <skipped/>
  </testcase>
  <testcase time="0" classname="betfair.pages.DbPublishTest" name="logout">
    <skipped/>
  </testcase>
  <testcase time="0" classname="betfair.pages.DbPublishTest" name="startTest">
    <skipped/>
  </testcase>
  <testcase time="0" classname="betfair.pages.DbPublishTest" name="login">
    <skipped/>
  </testcase>
  <testcase time="0" classname="betfair.pages.DbPublishTest" name="getTypesByClassHR">
    <skipped/>
  </testcase>
  <testcase time="0" classname="betfair.pages.DbPublishTest" name="logout">
    <skipped/>
  </testcase>
  <testcase time="0" classname="betfair.pages.DbPublishTest" name="startTest">
    <skipped/>
  </testcase>
  <testcase time="0" classname="betfair.pages.DbPublishTest" name="login">
    <skipped/>
  </testcase>
  <testcase time="0" classname="betfair.pages.DbPublishTest" name="getTypesByClassFootball">
    <skipped/>
  </testcase>
  <testcase time="0" classname="betfair.pages.DbPublishTest" name="logout">
    <skipped/>
  </testcase>
  <testcase time="0.001" classname="betfair.pages.DbPublishTest" name="startTest">
    <skipped/>
  </testcase>
  <testcase time="0.001" classname="betfair.pages.DbPublishTest" name="login">
    <skipped/>
  </testcase>
  <testcase time="0" classname="betfair.pages.DbPublishTest" name="getResultsByEventHR">
    <skipped/>
  </testcase>
  <testcase time="0" classname="betfair.pages.DbPublishTest" name="logout">
    <skipped/>
  </testcase>
  <testcase time="0" classname="betfair.pages.DbPublishTest" name="startTest">
    <skipped/>
  </testcase>
  <testcase time="0" classname="betfair.pages.DbPublishTest" name="login">
    <skipped/>
  </testcase>
  <testcase time="0.001" classname="betfair.pages.DbPublishTest" name="getResultsByEventFootball">
    <skipped/>
  </testcase>
  <testcase time="0.001" classname="betfair.pages.DbPublishTest" name="logout">
    <skipped/>
  </testcase>
  <testcase time="0.001" classname="betfair.pages.DbPublishTest" name="startTest">
    <skipped/>
  </testcase>
  <testcase time="0.001" classname="betfair.pages.DbPublishTest" name="login">
    <skipped/>
  </testcase>
  <testcase time="0" classname="betfair.pages.DbPublishTest" name="getEventsByType">
    <skipped/>
  </testcase>
  <testcase time="0" classname="betfair.pages.DbPublishTest" name="logout">
    <skipped/>
  </testcase>
  <testcase time="0" classname="betfair.pages.DbPublishTest" name="startTest">
    <skipped/>
  </testcase>
  <testcase time="0" classname="betfair.pages.DbPublishTest" name="login">
    <skipped/>
  </testcase>
  <testcase time="0" classname="betfair.pages.DbPublishTest" name="getEventsHR">
    <skipped/>
  </testcase>
  <testcase time="0" classname="betfair.pages.DbPublishTest" name="logout">
    <skipped/>
  </testcase>
  <testcase time="0" classname="betfair.pages.DbPublishTest" name="startTest">
    <skipped/>
  </testcase>
  <testcase time="0" classname="betfair.pages.DbPublishTest" name="login">
    <skipped/>
  </testcase>
  <testcase time="0" classname="betfair.pages.DbPublishTest" name="getEventsFootball">
    <skipped/>
  </testcase>
  <testcase time="0" classname="betfair.pages.DbPublishTest" name="logout">
    <skipped/>
  </testcase>
  <testcase time="0.001" classname="betfair.pages.DbPublishTest" name="startTest">
    <skipped/>
  </testcase>
  <testcase time="0.001" classname="betfair.pages.DbPublishTest" name="login">
    <skipped/>
  </testcase>
  <testcase time="0" classname="betfair.pages.DbPublishTest" name="getOutcomeDetailsHR">
    <skipped/>
  </testcase>
  <testcase time="0" classname="betfair.pages.DbPublishTest" name="logout">
    <skipped/>
  </testcase>
  <testcase time="0" classname="betfair.pages.DbPublishTest" name="startTest">
    <skipped/>
  </testcase>
  <testcase time="0" classname="betfair.pages.DbPublishTest" name="login">
    <skipped/>
  </testcase>
  <testcase time="0" classname="betfair.pages.DbPublishTest" name="getOutcomeDetailsFootball">
    <skipped/>
  </testcase>
  <testcase time="0" classname="betfair.pages.DbPublishTest" name="logout">
    <skipped/>
  </testcase>
  <testcase time="0.001" classname="betfair.pages.DbPublishTest" name="startTest">
    <skipped/>
  </testcase>
  <testcase time="0.001" classname="betfair.pages.DbPublishTest" name="login">
    <skipped/>
  </testcase>
  <testcase time="0" classname="betfair.pages.DbPublishTest" name="status">
    <skipped/>
  </testcase>
  <testcase time="0" classname="betfair.pages.DbPublishTest" name="logout">
    <skipped/>
  </testcase>
</testsuite>