<?xml version="1.0" encoding="UTF-8"?>
<testng-results skipped="31" failed="6" total="49" passed="12">
  <reporter-output>
  </reporter-output>
  <suite name="Tests" duration-ms="1202450" started-at="2013-06-27T10:53:15Z" finished-at="2013-06-27T11:13:17Z">
    <groups>
    </groups>
    <test name="Test1" duration-ms="1202450" started-at="2013-06-27T10:53:15Z" finished-at="2013-06-27T11:13:17Z">
      <class name="betfair.pages.FundsTransferEndToEndTest">
        <test-method status="PASS" signature="init()[pri:0, instance:betfair.pages.FundsTransferEndToEndTest@571fd245]" name="init" is-config="true" duration-ms="4244" started-at="2013-06-27T12:01:29Z" finished-at="2013-06-27T12:01:33Z">
          <reporter-output>
          </reporter-output>
        </test-method> <!-- init -->
        <test-method status="PASS" signature="classInit()[pri:0, instance:betfair.pages.FundsTransferEndToEndTest@571fd245]" name="classInit" is-config="true" duration-ms="4009" started-at="2013-06-27T12:01:33Z" finished-at="2013-06-27T12:01:37Z">
          <reporter-output>
          </reporter-output>
        </test-method> <!-- classInit -->
        <test-method status="PASS" signature="startTest(java.lang.reflect.Method)[pri:0, instance:betfair.pages.FundsTransferEndToEndTest@571fd245]" name="startTest" is-config="true" duration-ms="1241" started-at="2013-06-27T12:01:37Z" finished-at="2013-06-27T12:01:38Z">
          <params>
            <param index="0">
              <value>
                <![CDATA[public void betfair.pages.FundsTransferEndToEndTest.fundsTransferEndtoEnd() throws java.lang.Exception]]>
              </value>
            </param>
          </params>
          <reporter-output>
          </reporter-output>
        </test-method> <!-- startTest -->
        <test-method status="PASS" signature="login()[pri:0, instance:betfair.pages.FundsTransferEndToEndTest@571fd245]" name="login" is-config="true" duration-ms="1711" started-at="2013-06-27T12:01:38Z" description="Logs in before method" finished-at="2013-06-27T12:01:40Z">
          <reporter-output>
          </reporter-output>
        </test-method> <!-- login -->
        <test-method status="PASS" signature="fundsTransferEndtoEnd()[pri:0, instance:betfair.pages.FundsTransferEndToEndTest@571fd245]" name="fundsTransferEndtoEnd" duration-ms="325221" started-at="2013-06-27T12:01:40Z" description="C201986 - Funds transfer - Betfair wallet" finished-at="2013-06-27T12:07:05Z">
          <reporter-output>
          </reporter-output>
        </test-method> <!-- fundsTransferEndtoEnd -->
        <test-method status="PASS" signature="logout(org.testng.ITestResult)[pri:0, instance:betfair.pages.FundsTransferEndToEndTest@571fd245]" name="logout" is-config="true" duration-ms="336" started-at="2013-06-27T12:07:05Z" description="Logs out after method" finished-at="2013-06-27T12:07:05Z">
          <params>
            <param index="0">
              <value>
                <![CDATA[[TestResult: fundsTransferEndtoEnd STATUS:SUCCESS METHOD:FundsTransferEndToEndTest.fundsTransferEndtoEnd()[pri:0, instance:betfair.pages.FundsTransferEndToEndTest@571fd245]]
]]>
              </value>
            </param>
          </params>
          <reporter-output>
          </reporter-output>
        </test-method> <!-- logout -->
        <test-method status="PASS" signature="tearDown()[pri:0, instance:betfair.pages.FundsTransferEndToEndTest@571fd245]" name="tearDown" is-config="true" duration-ms="227" started-at="2013-06-27T12:07:05Z" finished-at="2013-06-27T12:07:06Z">
          <reporter-output>
          </reporter-output>
        </test-method> <!-- tearDown -->
      </class> <!-- betfair.pages.FundsTransferEndToEndTest -->
      <class name="betfair.pages.ModifyEvents">
        <test-method status="PASS" signature="init()[pri:0, instance:betfair.pages.ModifyEvents@5bbc608f]" name="init" is-config="true" duration-ms="9650" started-at="2013-06-27T11:53:15Z" finished-at="2013-06-27T11:53:24Z">
          <reporter-output>
          </reporter-output>
        </test-method> <!-- init -->
        <test-method status="PASS" signature="classInit()[pri:0, instance:betfair.pages.ModifyEvents@5bbc608f]" name="classInit" is-config="true" duration-ms="6901" started-at="2013-06-27T11:53:24Z" finished-at="2013-06-27T11:53:31Z">
          <reporter-output>
          </reporter-output>
        </test-method> <!-- classInit -->
        <test-method status="PASS" signature="startTest(java.lang.reflect.Method)[pri:0, instance:betfair.pages.ModifyEvents@5bbc608f]" name="startTest" is-config="true" duration-ms="277" started-at="2013-06-27T11:53:31Z" finished-at="2013-06-27T11:53:32Z">
          <params>
            <param index="0">
              <value>
                <![CDATA[public void betfair.pages.ModifyEvents.modifyFootballEvent()]]>
              </value>
            </param>
          </params>
          <reporter-output>
          </reporter-output>
        </test-method> <!-- startTest -->
        <test-method status="PASS" signature="login()[pri:0, instance:betfair.pages.ModifyEvents@5bbc608f]" name="login" is-config="true" duration-ms="2298" started-at="2013-06-27T11:53:32Z" description="Logs in before method" finished-at="2013-06-27T11:53:34Z">
          <reporter-output>
          </reporter-output>
        </test-method> <!-- login -->
        <test-method status="FAIL" signature="modifyFootballEvent()[pri:0, instance:betfair.pages.ModifyEvents@5bbc608f]" name="modifyFootballEvent" duration-ms="9336" started-at="2013-06-27T11:53:34Z" description="C141955 - Modify a Football Event and view changes in View Audit History" finished-at="2013-06-27T11:53:43Z">
          <exception class="java.lang.AssertionError">
            <message>
              <![CDATA[expected [2014-06-27 11:53:37 ] but found [2016-01-01 00:00:00 ]]]>
            </message>
            <full-stacktrace>
              <![CDATA[java.lang.AssertionError: expected [2014-06-27 11:53:37 ] but found [2016-01-01 00:00:00 ]
	at org.testng.Assert.fail(Assert.java:89)
	at org.testng.Assert.failNotEquals(Assert.java:489)
	at org.testng.Assert.assertEquals(Assert.java:118)
	at org.testng.Assert.assertEquals(Assert.java:171)
	at org.testng.Assert.assertEquals(Assert.java:181)
	at betfair.pages.ModifyEvents.modifyFootballEvent(ModifyEvents.java:71)
	at sun.reflect.NativeMethodAccessorImpl.invoke0(Native Method)
	at sun.reflect.NativeMethodAccessorImpl.invoke(NativeMethodAccessorImpl.java:57)
	at sun.reflect.DelegatingMethodAccessorImpl.invoke(DelegatingMethodAccessorImpl.java:43)
	at java.lang.reflect.Method.invoke(Method.java:601)
	at org.testng.internal.MethodInvocationHelper.invokeMethod(MethodInvocationHelper.java:80)
	at org.testng.internal.Invoker.invokeMethod(Invoker.java:715)
	at org.testng.internal.Invoker.invokeTestMethod(Invoker.java:907)
	at org.testng.internal.Invoker.invokeTestMethods(Invoker.java:1237)
	at org.testng.internal.TestMethodWorker.invokeTestMethods(TestMethodWorker.java:127)
	at org.testng.internal.TestMethodWorker.run(TestMethodWorker.java:111)
	at org.testng.TestRunner.privateRun(TestRunner.java:767)
	at org.testng.TestRunner.run(TestRunner.java:617)
	at org.testng.SuiteRunner.runTest(SuiteRunner.java:334)
	at org.testng.SuiteRunner.runSequentially(SuiteRunner.java:329)
	at org.testng.SuiteRunner.privateRun(SuiteRunner.java:291)
	at org.testng.SuiteRunner.run(SuiteRunner.java:240)
	at org.testng.SuiteRunnerWorker.runSuite(SuiteRunnerWorker.java:51)
	at org.testng.SuiteRunnerWorker.run(SuiteRunnerWorker.java:85)
	at org.testng.TestNG.runSuitesSequentially(TestNG.java:1197)
	at org.testng.TestNG.runSuitesLocally(TestNG.java:1122)
	at org.testng.TestNG.run(TestNG.java:1030)
	at org.apache.maven.surefire.testng.TestNGExecutor.run(TestNGExecutor.java:177)
	at org.apache.maven.surefire.testng.TestNGXmlTestSuite.execute(TestNGXmlTestSuite.java:92)
	at org.apache.maven.surefire.testng.TestNGProvider.invoke(TestNGProvider.java:105)
	at sun.reflect.NativeMethodAccessorImpl.invoke0(Native Method)
	at sun.reflect.NativeMethodAccessorImpl.invoke(NativeMethodAccessorImpl.java:57)
	at sun.reflect.DelegatingMethodAccessorImpl.invoke(DelegatingMethodAccessorImpl.java:43)
	at java.lang.reflect.Method.invoke(Method.java:601)
	at org.apache.maven.surefire.util.ReflectionUtils.invokeMethodWithArray(ReflectionUtils.java:189)
	at org.apache.maven.surefire.booter.ProviderFactory$ProviderProxy.invoke(ProviderFactory.java:165)
	at org.apache.maven.surefire.booter.ProviderFactory.invokeProvider(ProviderFactory.java:85)
	at org.apache.maven.surefire.booter.ForkedBooter.runSuitesInProcess(ForkedBooter.java:103)
	at org.apache.maven.surefire.booter.ForkedBooter.main(ForkedBooter.java:74)
]]>
            </full-stacktrace>
          </exception> <!-- java.lang.AssertionError -->
          <reporter-output>
          </reporter-output>
        </test-method> <!-- modifyFootballEvent -->
        <test-method status="PASS" signature="logout(org.testng.ITestResult)[pri:0, instance:betfair.pages.ModifyEvents@5bbc608f]" name="logout" is-config="true" duration-ms="683" started-at="2013-06-27T11:53:43Z" description="Logs out after method" finished-at="2013-06-27T11:53:44Z">
          <params>
            <param index="0">
              <value>
                <![CDATA[[TestResult: modifyFootballEvent STATUS:FAILURE METHOD:ModifyEvents.modifyFootballEvent()[pri:0, instance:betfair.pages.ModifyEvents@5bbc608f]]
]]>
              </value>
            </param>
          </params>
          <reporter-output>
          </reporter-output>
        </test-method> <!-- logout -->
        <test-method status="PASS" signature="startTest(java.lang.reflect.Method)[pri:0, instance:betfair.pages.ModifyEvents@5bbc608f]" name="startTest" is-config="true" duration-ms="1129" started-at="2013-06-27T11:53:44Z" finished-at="2013-06-27T11:53:45Z">
          <params>
            <param index="0">
              <value>
                <![CDATA[public void betfair.pages.ModifyEvents.modifyFootballMarket()]]>
              </value>
            </param>
          </params>
          <reporter-output>
          </reporter-output>
        </test-method> <!-- startTest -->
        <test-method status="PASS" signature="login()[pri:0, instance:betfair.pages.ModifyEvents@5bbc608f]" name="login" is-config="true" duration-ms="2509" started-at="2013-06-27T11:53:45Z" description="Logs in before method" finished-at="2013-06-27T11:53:48Z">
          <reporter-output>
          </reporter-output>
        </test-method> <!-- login -->
        <test-method status="PASS" signature="modifyFootballMarket()[pri:0, instance:betfair.pages.ModifyEvents@5bbc608f]" name="modifyFootballMarket" duration-ms="18056" started-at="2013-06-27T11:53:48Z" description="C141954 - Modify a Football Market and view changes in View Audit History" finished-at="2013-06-27T11:54:06Z">
          <reporter-output>
          </reporter-output>
        </test-method> <!-- modifyFootballMarket -->
        <test-method status="PASS" signature="logout(org.testng.ITestResult)[pri:0, instance:betfair.pages.ModifyEvents@5bbc608f]" name="logout" is-config="true" duration-ms="297" started-at="2013-06-27T11:54:06Z" description="Logs out after method" finished-at="2013-06-27T11:54:06Z">
          <params>
            <param index="0">
              <value>
                <![CDATA[[TestResult: modifyFootballMarket STATUS:SUCCESS METHOD:ModifyEvents.modifyFootballMarket()[pri:0, instance:betfair.pages.ModifyEvents@5bbc608f]]
]]>
              </value>
            </param>
          </params>
          <reporter-output>
          </reporter-output>
        </test-method> <!-- logout -->
        <test-method status="PASS" signature="startTest(java.lang.reflect.Method)[pri:0, instance:betfair.pages.ModifyEvents@5bbc608f]" name="startTest" is-config="true" duration-ms="153" started-at="2013-06-27T11:54:06Z" finished-at="2013-06-27T11:54:06Z">
          <params>
            <param index="0">
              <value>
                <![CDATA[public void betfair.pages.ModifyEvents.modifyFootballSelection()]]>
              </value>
            </param>
          </params>
          <reporter-output>
          </reporter-output>
        </test-method> <!-- startTest -->
        <test-method status="PASS" signature="login()[pri:0, instance:betfair.pages.ModifyEvents@5bbc608f]" name="login" is-config="true" duration-ms="2564" started-at="2013-06-27T11:54:06Z" description="Logs in before method" finished-at="2013-06-27T11:54:09Z">
          <reporter-output>
          </reporter-output>
        </test-method> <!-- login -->
        <test-method status="PASS" signature="modifyFootballSelection()[pri:0, instance:betfair.pages.ModifyEvents@5bbc608f]" name="modifyFootballSelection" duration-ms="20333" started-at="2013-06-27T11:54:09Z" description="C141953 Modify a Football Selection and view changes in View Audit History" finished-at="2013-06-27T11:54:29Z">
          <reporter-output>
          </reporter-output>
        </test-method> <!-- modifyFootballSelection -->
        <test-method status="PASS" signature="logout(org.testng.ITestResult)[pri:0, instance:betfair.pages.ModifyEvents@5bbc608f]" name="logout" is-config="true" duration-ms="1491" started-at="2013-06-27T11:54:29Z" description="Logs out after method" finished-at="2013-06-27T11:54:31Z">
          <params>
            <param index="0">
              <value>
                <![CDATA[[TestResult: modifyFootballSelection STATUS:SUCCESS METHOD:ModifyEvents.modifyFootballSelection()[pri:0, instance:betfair.pages.ModifyEvents@5bbc608f]]
]]>
              </value>
            </param>
          </params>
          <reporter-output>
          </reporter-output>
        </test-method> <!-- logout -->
        <test-method status="PASS" signature="startTest(java.lang.reflect.Method)[pri:0, instance:betfair.pages.ModifyEvents@5bbc608f]" name="startTest" is-config="true" duration-ms="191" started-at="2013-06-27T11:54:31Z" finished-at="2013-06-27T11:54:31Z">
          <params>
            <param index="0">
              <value>
                <![CDATA[public void betfair.pages.ModifyEvents.modifyHorseRacingEvent()]]>
              </value>
            </param>
          </params>
          <reporter-output>
          </reporter-output>
        </test-method> <!-- startTest -->
        <test-method status="PASS" signature="login()[pri:0, instance:betfair.pages.ModifyEvents@5bbc608f]" name="login" is-config="true" duration-ms="1814" started-at="2013-06-27T11:54:31Z" description="Logs in before method" finished-at="2013-06-27T11:54:33Z">
          <reporter-output>
          </reporter-output>
        </test-method> <!-- login -->
        <test-method status="FAIL" signature="modifyHorseRacingEvent()[pri:0, instance:betfair.pages.ModifyEvents@5bbc608f]" name="modifyHorseRacingEvent" duration-ms="4671" started-at="2013-06-27T11:54:33Z" description="C141968 - Modify an HR Event and view changes in View Audit History" finished-at="2013-06-27T11:54:37Z">
          <exception class="java.lang.AssertionError">
            <message>
              <![CDATA[expected [2014-06-27 11:54:35 ] but found [2016-01-01 00:00:00 ]]]>
            </message>
            <full-stacktrace>
              <![CDATA[java.lang.AssertionError: expected [2014-06-27 11:54:35 ] but found [2016-01-01 00:00:00 ]
	at org.testng.Assert.fail(Assert.java:89)
	at org.testng.Assert.failNotEquals(Assert.java:489)
	at org.testng.Assert.assertEquals(Assert.java:118)
	at org.testng.Assert.assertEquals(Assert.java:171)
	at org.testng.Assert.assertEquals(Assert.java:181)
	at betfair.pages.ModifyEvents.modifyHorseRacingEvent(ModifyEvents.java:176)
	at sun.reflect.NativeMethodAccessorImpl.invoke0(Native Method)
	at sun.reflect.NativeMethodAccessorImpl.invoke(NativeMethodAccessorImpl.java:57)
	at sun.reflect.DelegatingMethodAccessorImpl.invoke(DelegatingMethodAccessorImpl.java:43)
	at java.lang.reflect.Method.invoke(Method.java:601)
	at org.testng.internal.MethodInvocationHelper.invokeMethod(MethodInvocationHelper.java:80)
	at org.testng.internal.Invoker.invokeMethod(Invoker.java:715)
	at org.testng.internal.Invoker.invokeTestMethod(Invoker.java:907)
	at org.testng.internal.Invoker.invokeTestMethods(Invoker.java:1237)
	at org.testng.internal.TestMethodWorker.invokeTestMethods(TestMethodWorker.java:127)
	at org.testng.internal.TestMethodWorker.run(TestMethodWorker.java:111)
	at org.testng.TestRunner.privateRun(TestRunner.java:767)
	at org.testng.TestRunner.run(TestRunner.java:617)
	at org.testng.SuiteRunner.runTest(SuiteRunner.java:334)
	at org.testng.SuiteRunner.runSequentially(SuiteRunner.java:329)
	at org.testng.SuiteRunner.privateRun(SuiteRunner.java:291)
	at org.testng.SuiteRunner.run(SuiteRunner.java:240)
	at org.testng.SuiteRunnerWorker.runSuite(SuiteRunnerWorker.java:51)
	at org.testng.SuiteRunnerWorker.run(SuiteRunnerWorker.java:85)
	at org.testng.TestNG.runSuitesSequentially(TestNG.java:1197)
	at org.testng.TestNG.runSuitesLocally(TestNG.java:1122)
	at org.testng.TestNG.run(TestNG.java:1030)
	at org.apache.maven.surefire.testng.TestNGExecutor.run(TestNGExecutor.java:177)
	at org.apache.maven.surefire.testng.TestNGXmlTestSuite.execute(TestNGXmlTestSuite.java:92)
	at org.apache.maven.surefire.testng.TestNGProvider.invoke(TestNGProvider.java:105)
	at sun.reflect.NativeMethodAccessorImpl.invoke0(Native Method)
	at sun.reflect.NativeMethodAccessorImpl.invoke(NativeMethodAccessorImpl.java:57)
	at sun.reflect.DelegatingMethodAccessorImpl.invoke(DelegatingMethodAccessorImpl.java:43)
	at java.lang.reflect.Method.invoke(Method.java:601)
	at org.apache.maven.surefire.util.ReflectionUtils.invokeMethodWithArray(ReflectionUtils.java:189)
	at org.apache.maven.surefire.booter.ProviderFactory$ProviderProxy.invoke(ProviderFactory.java:165)
	at org.apache.maven.surefire.booter.ProviderFactory.invokeProvider(ProviderFactory.java:85)
	at org.apache.maven.surefire.booter.ForkedBooter.runSuitesInProcess(ForkedBooter.java:103)
	at org.apache.maven.surefire.booter.ForkedBooter.main(ForkedBooter.java:74)
]]>
            </full-stacktrace>
          </exception> <!-- java.lang.AssertionError -->
          <reporter-output>
          </reporter-output>
        </test-method> <!-- modifyHorseRacingEvent -->
        <test-method status="PASS" signature="logout(org.testng.ITestResult)[pri:0, instance:betfair.pages.ModifyEvents@5bbc608f]" name="logout" is-config="true" duration-ms="361" started-at="2013-06-27T11:54:37Z" description="Logs out after method" finished-at="2013-06-27T11:54:38Z">
          <params>
            <param index="0">
              <value>
                <![CDATA[[TestResult: modifyHorseRacingEvent STATUS:FAILURE METHOD:ModifyEvents.modifyHorseRacingEvent()[pri:0, instance:betfair.pages.ModifyEvents@5bbc608f]]
]]>
              </value>
            </param>
          </params>
          <reporter-output>
          </reporter-output>
        </test-method> <!-- logout -->
        <test-method status="PASS" signature="startTest(java.lang.reflect.Method)[pri:0, instance:betfair.pages.ModifyEvents@5bbc608f]" name="startTest" is-config="true" duration-ms="150" started-at="2013-06-27T11:54:38Z" finished-at="2013-06-27T11:54:38Z">
          <params>
            <param index="0">
              <value>
                <![CDATA[public void betfair.pages.ModifyEvents.modifyHorseRacingMarket()]]>
              </value>
            </param>
          </params>
          <reporter-output>
          </reporter-output>
        </test-method> <!-- startTest -->
        <test-method status="PASS" signature="login()[pri:0, instance:betfair.pages.ModifyEvents@5bbc608f]" name="login" is-config="true" duration-ms="1487" started-at="2013-06-27T11:54:38Z" description="Logs in before method" finished-at="2013-06-27T11:54:39Z">
          <reporter-output>
          </reporter-output>
        </test-method> <!-- login -->
        <test-method status="PASS" signature="modifyHorseRacingMarket()[pri:0, instance:betfair.pages.ModifyEvents@5bbc608f]" name="modifyHorseRacingMarket" duration-ms="10726" started-at="2013-06-27T11:54:39Z" description="C141967 - Modify an HR Market to EachWay and view changes in Audit History" finished-at="2013-06-27T11:54:50Z">
          <reporter-output>
          </reporter-output>
        </test-method> <!-- modifyHorseRacingMarket -->
        <test-method status="PASS" signature="logout(org.testng.ITestResult)[pri:0, instance:betfair.pages.ModifyEvents@5bbc608f]" name="logout" is-config="true" duration-ms="282" started-at="2013-06-27T11:54:50Z" description="Logs out after method" finished-at="2013-06-27T11:54:50Z">
          <params>
            <param index="0">
              <value>
                <![CDATA[[TestResult: modifyHorseRacingMarket STATUS:SUCCESS METHOD:ModifyEvents.modifyHorseRacingMarket()[pri:0, instance:betfair.pages.ModifyEvents@5bbc608f]]
]]>
              </value>
            </param>
          </params>
          <reporter-output>
          </reporter-output>
        </test-method> <!-- logout -->
        <test-method status="PASS" signature="startTest(java.lang.reflect.Method)[pri:0, instance:betfair.pages.ModifyEvents@5bbc608f]" name="startTest" is-config="true" duration-ms="1173" started-at="2013-06-27T11:54:50Z" finished-at="2013-06-27T11:54:51Z">
          <params>
            <param index="0">
              <value>
                <![CDATA[public void betfair.pages.ModifyEvents.modifyHorseRacingSelection()]]>
              </value>
            </param>
          </params>
          <reporter-output>
          </reporter-output>
        </test-method> <!-- startTest -->
        <test-method status="PASS" signature="login()[pri:0, instance:betfair.pages.ModifyEvents@5bbc608f]" name="login" is-config="true" duration-ms="1456" started-at="2013-06-27T11:54:51Z" description="Logs in before method" finished-at="2013-06-27T11:54:53Z">
          <reporter-output>
          </reporter-output>
        </test-method> <!-- login -->
        <test-method status="PASS" signature="modifyHorseRacingSelection()[pri:0, instance:betfair.pages.ModifyEvents@5bbc608f]" name="modifyHorseRacingSelection" duration-ms="12669" started-at="2013-06-27T11:54:53Z" description="C141966 Modify a HR Selection and view changes in View Audit History" finished-at="2013-06-27T11:55:06Z">
          <reporter-output>
          </reporter-output>
        </test-method> <!-- modifyHorseRacingSelection -->
        <test-method status="PASS" signature="logout(org.testng.ITestResult)[pri:0, instance:betfair.pages.ModifyEvents@5bbc608f]" name="logout" is-config="true" duration-ms="278" started-at="2013-06-27T11:55:06Z" description="Logs out after method" finished-at="2013-06-27T11:55:06Z">
          <params>
            <param index="0">
              <value>
                <![CDATA[[TestResult: modifyHorseRacingSelection STATUS:SUCCESS METHOD:ModifyEvents.modifyHorseRacingSelection()[pri:0, instance:betfair.pages.ModifyEvents@5bbc608f]]
]]>
              </value>
            </param>
          </params>
          <reporter-output>
          </reporter-output>
        </test-method> <!-- logout -->
        <test-method status="PASS" signature="tearDown()[pri:0, instance:betfair.pages.ModifyEvents@5bbc608f]" name="tearDown" is-config="true" duration-ms="257" started-at="2013-06-27T11:55:06Z" finished-at="2013-06-27T11:55:06Z">
          <reporter-output>
          </reporter-output>
        </test-method> <!-- tearDown -->
      </class> <!-- betfair.pages.ModifyEvents -->
      <class name="betfair.pages.BirEndToEndTest">
        <test-method status="PASS" signature="init()[pri:0, instance:betfair.pages.BirEndToEndTest@5482fb8f]" name="init" is-config="true" duration-ms="4277" started-at="2013-06-27T12:07:06Z" finished-at="2013-06-27T12:07:10Z">
          <reporter-output>
          </reporter-output>
        </test-method> <!-- init -->
        <test-method status="PASS" signature="classInit()[pri:0, instance:betfair.pages.BirEndToEndTest@5482fb8f]" name="classInit" is-config="true" duration-ms="4823" started-at="2013-06-27T12:07:10Z" finished-at="2013-06-27T12:07:15Z">
          <reporter-output>
          </reporter-output>
        </test-method> <!-- classInit -->
        <test-method status="PASS" signature="startTest(java.lang.reflect.Method)[pri:0, instance:betfair.pages.BirEndToEndTest@5482fb8f]" name="startTest" is-config="true" duration-ms="153" started-at="2013-06-27T12:07:15Z" finished-at="2013-06-27T12:07:15Z">
          <params>
            <param index="0">
              <value>
                <![CDATA[public void betfair.pages.BirEndToEndTest.birEndToEndTest() throws java.lang.Exception]]>
              </value>
            </param>
          </params>
          <reporter-output>
          </reporter-output>
        </test-method> <!-- startTest -->
        <test-method status="PASS" signature="login()[pri:0, instance:betfair.pages.BirEndToEndTest@5482fb8f]" name="login" is-config="true" duration-ms="1535" started-at="2013-06-27T12:07:15Z" description="Logs in before method" finished-at="2013-06-27T12:07:16Z">
          <reporter-output>
          </reporter-output>
        </test-method> <!-- login -->
        <test-method status="FAIL" signature="birEndToEndTest()[pri:0, instance:betfair.pages.BirEndToEndTest@5482fb8f]" name="birEndToEndTest" duration-ms="34194" started-at="2013-06-27T12:07:16Z" description="C207483 - BIR" finished-at="2013-06-27T12:07:51Z">
          <exception class="org.openqa.selenium.NoSuchElementException">
            <message>
              <![CDATA[Unable to locate element: {"method":"xpath","selector":"//input[contains(@type,'button') and contains(@onclick,'return fs')and contains(@value,'Add Event Market')]"}
Command duration or timeout: 30.10 seconds
For documentation on this error, please visit: http://seleniumhq.org/exceptions/no_such_element.html
Build info: version: '2.30.0', revision: 'dc1ef9c', time: '2013-02-19 00:15:27'
System info: os.name: 'Windows 7', os.arch: 'amd64', os.version: '6.1', java.version: '1.7.0_11'
Session ID: 360325a0-e0d4-490b-906f-79df2424e2d4
Driver info: org.openqa.selenium.firefox.FirefoxDriver
Capabilities [{platform=XP, databaseEnabled=true, cssSelectorsEnabled=true, javascriptEnabled=true, acceptSslCerts=true, handlesAlerts=true, browserName=firefox, browserConnectionEnabled=true, nativeEvents=true, webStorageEnabled=true, rotatable=false, locationContextEnabled=true, applicationCacheEnabled=true, takesScreenshot=true, version=19.0}]
For documentation on this error, please visit: http://seleniumhq.org/exceptions/no_such_element.html
Build info: version: '2.30.0', revision: 'dc1ef9ceb805a672f56dc49198f9ffbd4ca345c7', time: '2013-02-19 09:14:38'
System info: os.name: 'Windows 7', os.arch: 'amd64', os.version: '6.1', java.version: '1.7.0_11'
Driver info: driver.version: RemoteWebDriver]]>
            </message>
            <full-stacktrace>
              <![CDATA[org.openqa.selenium.NoSuchElementException: Unable to locate element: {"method":"xpath","selector":"//input[contains(@type,'button') and contains(@onclick,'return fs')and contains(@value,'Add Event Market')]"}
Command duration or timeout: 30.10 seconds
For documentation on this error, please visit: http://seleniumhq.org/exceptions/no_such_element.html
Build info: version: '2.30.0', revision: 'dc1ef9c', time: '2013-02-19 00:15:27'
System info: os.name: 'Windows 7', os.arch: 'amd64', os.version: '6.1', java.version: '1.7.0_11'
Session ID: 360325a0-e0d4-490b-906f-79df2424e2d4
Driver info: org.openqa.selenium.firefox.FirefoxDriver
Capabilities [{platform=XP, databaseEnabled=true, cssSelectorsEnabled=true, javascriptEnabled=true, acceptSslCerts=true, handlesAlerts=true, browserName=firefox, browserConnectionEnabled=true, nativeEvents=true, webStorageEnabled=true, rotatable=false, locationContextEnabled=true, applicationCacheEnabled=true, takesScreenshot=true, version=19.0}]
For documentation on this error, please visit: http://seleniumhq.org/exceptions/no_such_element.html
Build info: version: '2.30.0', revision: 'dc1ef9ceb805a672f56dc49198f9ffbd4ca345c7', time: '2013-02-19 09:14:38'
System info: os.name: 'Windows 7', os.arch: 'amd64', os.version: '6.1', java.version: '1.7.0_11'
Driver info: driver.version: RemoteWebDriver
	at sun.reflect.NativeConstructorAccessorImpl.newInstance0(Native Method)
	at sun.reflect.NativeConstructorAccessorImpl.newInstance(NativeConstructorAccessorImpl.java:57)
	at sun.reflect.DelegatingConstructorAccessorImpl.newInstance(DelegatingConstructorAccessorImpl.java:45)
	at java.lang.reflect.Constructor.newInstance(Constructor.java:525)
	at org.openqa.selenium.remote.ErrorHandler.createThrowable(ErrorHandler.java:131)
	at org.openqa.selenium.remote.ErrorHandler.throwIfResponseFailed(ErrorHandler.java:105)
	at org.openqa.selenium.remote.RemoteWebDriver.execute(RemoteWebDriver.java:405)
	at org.openqa.selenium.remote.RemoteWebDriver.findElement(RemoteWebDriver.java:193)
	at org.openqa.selenium.remote.RemoteWebDriver.findElementByXPath(RemoteWebDriver.java:266)
	at org.openqa.selenium.By$ByXPath.findElement(By.java:344)
	at org.openqa.selenium.remote.RemoteWebDriver.findElement(RemoteWebDriver.java:185)
	at org.openqa.selenium.support.pagefactory.DefaultElementLocator.findElement(DefaultElementLocator.java:59)
	at org.openqa.selenium.support.pagefactory.internal.LocatingElementHandler.invoke(LocatingElementHandler.java:34)
	at $Proxy9.click(Unknown Source)
	at betfair.pages.AdminMarketCreation.clickAddEventMarket(AdminMarketCreation.java:130)
	at betfair.pages.BirEndToEndTest.birEndToEndTest(BirEndToEndTest.java:64)
	at sun.reflect.NativeMethodAccessorImpl.invoke0(Native Method)
	at sun.reflect.NativeMethodAccessorImpl.invoke(NativeMethodAccessorImpl.java:57)
	at sun.reflect.DelegatingMethodAccessorImpl.invoke(DelegatingMethodAccessorImpl.java:43)
	at java.lang.reflect.Method.invoke(Method.java:601)
	at org.testng.internal.MethodInvocationHelper.invokeMethod(MethodInvocationHelper.java:80)
	at org.testng.internal.Invoker.invokeMethod(Invoker.java:715)
	at org.testng.internal.Invoker.invokeTestMethod(Invoker.java:907)
	at org.testng.internal.Invoker.invokeTestMethods(Invoker.java:1237)
	at org.testng.internal.TestMethodWorker.invokeTestMethods(TestMethodWorker.java:127)
	at org.testng.internal.TestMethodWorker.run(TestMethodWorker.java:111)
	at org.testng.TestRunner.privateRun(TestRunner.java:767)
	at org.testng.TestRunner.run(TestRunner.java:617)
	at org.testng.SuiteRunner.runTest(SuiteRunner.java:334)
	at org.testng.SuiteRunner.runSequentially(SuiteRunner.java:329)
	at org.testng.SuiteRunner.privateRun(SuiteRunner.java:291)
	at org.testng.SuiteRunner.run(SuiteRunner.java:240)
	at org.testng.SuiteRunnerWorker.runSuite(SuiteRunnerWorker.java:51)
	at org.testng.SuiteRunnerWorker.run(SuiteRunnerWorker.java:85)
	at org.testng.TestNG.runSuitesSequentially(TestNG.java:1197)
	at org.testng.TestNG.runSuitesLocally(TestNG.java:1122)
	at org.testng.TestNG.run(TestNG.java:1030)
	at org.apache.maven.surefire.testng.TestNGExecutor.run(TestNGExecutor.java:177)
	at org.apache.maven.surefire.testng.TestNGXmlTestSuite.execute(TestNGXmlTestSuite.java:92)
	at org.apache.maven.surefire.testng.TestNGProvider.invoke(TestNGProvider.java:105)
	at sun.reflect.NativeMethodAccessorImpl.invoke0(Native Method)
	at sun.reflect.NativeMethodAccessorImpl.invoke(NativeMethodAccessorImpl.java:57)
	at sun.reflect.DelegatingMethodAccessorImpl.invoke(DelegatingMethodAccessorImpl.java:43)
	at java.lang.reflect.Method.invoke(Method.java:601)
	at org.apache.maven.surefire.util.ReflectionUtils.invokeMethodWithArray(ReflectionUtils.java:189)
	at org.apache.maven.surefire.booter.ProviderFactory$ProviderProxy.invoke(ProviderFactory.java:165)
	at org.apache.maven.surefire.booter.ProviderFactory.invokeProvider(ProviderFactory.java:85)
	at org.apache.maven.surefire.booter.ForkedBooter.runSuitesInProcess(ForkedBooter.java:103)
	at org.apache.maven.surefire.booter.ForkedBooter.main(ForkedBooter.java:74)
Caused by: org.openqa.selenium.remote.ScreenshotException: Screen shot has been taken
Build info: version: '2.30.0', revision: 'dc1ef9ceb805a672f56dc49198f9ffbd4ca345c7', time: '2013-02-19 09:14:38'
System info: os.name: 'Windows 7', os.arch: 'amd64', os.version: '6.1', java.version: '1.7.0_11'
Driver info: driver.version: RemoteWebDriver
	at org.openqa.selenium.remote.ErrorHandler.throwIfResponseFailed(ErrorHandler.java:99)
	... 43 more
Caused by: org.openqa.selenium.NoSuchElementException: Unable to locate element: {"method":"xpath","selector":"//input[contains(@type,'button') and contains(@onclick,'return fs')and contains(@value,'Add Event Market')]"}
Command duration or timeout: 30.10 seconds
For documentation on this error, please visit: http://seleniumhq.org/exceptions/no_such_element.html
Build info: version: '2.30.0', revision: 'dc1ef9c', time: '2013-02-19 00:15:27'
System info: os.name: 'Windows 7', os.arch: 'amd64', os.version: '6.1', java.version: '1.7.0_11'
Session ID: 360325a0-e0d4-490b-906f-79df2424e2d4
Driver info: org.openqa.selenium.firefox.FirefoxDriver
Capabilities [{platform=XP, databaseEnabled=true, cssSelectorsEnabled=true, javascriptEnabled=true, acceptSslCerts=true, handlesAlerts=true, browserName=firefox, browserConnectionEnabled=true, nativeEvents=true, webStorageEnabled=true, rotatable=false, locationContextEnabled=true, applicationCacheEnabled=true, takesScreenshot=true, version=19.0}]
For documentation on this error, please visit: http://seleniumhq.org/exceptions/no_such_element.html
Build info: version: '2.30.0', revision: 'dc1ef9ceb805a672f56dc49198f9ffbd4ca345c7', time: '2013-02-19 09:14:38'
System info: os.name: 'Windows 7', os.arch: 'amd64', os.version: '6.1', java.version: '1.7.0_11'
Driver info: driver.version: EventFiringWebDriver
	at sun.reflect.NativeConstructorAccessorImpl.newInstance0(Native Method)
	at sun.reflect.NativeConstructorAccessorImpl.newInstance(null)
	at sun.reflect.DelegatingConstructorAccessorImpl.newInstance(null)
	at java.lang.reflect.Constructor.newInstance(null)
	at org.openqa.selenium.remote.ErrorHandler.createThrowable(ErrorHandler.java:187)
	at org.openqa.selenium.remote.ErrorHandler.throwIfResponseFailed(ErrorHandler.java:145)
	at org.openqa.selenium.remote.RemoteWebDriver.execute(RemoteWebDriver.java:554)
	at org.openqa.selenium.remote.RemoteWebDriver.findElement(RemoteWebDriver.java:307)
	at org.openqa.selenium.remote.RemoteWebDriver.findElementByXPath(RemoteWebDriver.java:404)
	at org.openqa.selenium.By$ByXPath.findElement(By.java:344)
	at org.openqa.selenium.remote.RemoteWebDriver.findElement(RemoteWebDriver.java:299)
	at sun.reflect.GeneratedMethodAccessor22.invoke(null)
	at sun.reflect.DelegatingMethodAccessorImpl.invoke(null)
	at java.lang.reflect.Method.invoke(null)
	at org.openqa.selenium.support.events.EventFiringWebDriver$2.invoke(EventFiringWebDriver.java:101)
	at $Proxy1.findElement(null)
	at org.openqa.selenium.support.events.EventFiringWebDriver.findElement(EventFiringWebDriver.java:180)
	at org.openqa.selenium.remote.server.handler.FindElement.call(FindElement.java:47)
	at org.openqa.selenium.remote.server.handler.FindElement.call(FindElement.java:1)
	at java.util.concurrent.FutureTask$Sync.innerRun(null)
	at java.util.concurrent.FutureTask.run(null)
	at org.openqa.selenium.remote.server.DefaultSession$1.run(DefaultSession.java:167)
	at java.util.concurrent.ThreadPoolExecutor.runWorker(null)
	at java.util.concurrent.ThreadPoolExecutor$Worker.run(null)
	at java.lang.Thread.run(null)
]]>
            </full-stacktrace>
          </exception> <!-- org.openqa.selenium.NoSuchElementException -->
          <reporter-output>
          </reporter-output>
        </test-method> <!-- birEndToEndTest -->
        <test-method status="PASS" signature="logout(org.testng.ITestResult)[pri:0, instance:betfair.pages.BirEndToEndTest@5482fb8f]" name="logout" is-config="true" duration-ms="325033" started-at="2013-06-27T12:07:51Z" description="Logs out after method" finished-at="2013-06-27T12:13:16Z">
          <params>
            <param index="0">
              <value>
                <![CDATA[[TestResult: birEndToEndTest STATUS:FAILURE METHOD:BirEndToEndTest.birEndToEndTest()[pri:0, instance:betfair.pages.BirEndToEndTest@5482fb8f]]
]]>
              </value>
            </param>
          </params>
          <reporter-output>
          </reporter-output>
        </test-method> <!-- logout -->
        <test-method status="FAIL" signature="tearDown()[pri:0, instance:betfair.pages.BirEndToEndTest@5482fb8f]" name="tearDown" is-config="true" duration-ms="0" started-at="2013-06-27T12:13:16Z" finished-at="2013-06-27T12:13:16Z">
          <exception class="org.openqa.selenium.WebDriverException">
            <message>
              <![CDATA[Error communicating with the remote browser. It may have died.
Build info: version: '2.30.0', revision: 'dc1ef9c', time: '2013-02-19 00:15:27'
System info: os.name: 'Windows 7', os.arch: 'amd64', os.version: '6.1', java.version: '1.7.0_11'
Driver info: driver.version: EventFiringWebDriver
Build info: version: '2.30.0', revision: 'dc1ef9ceb805a672f56dc49198f9ffbd4ca345c7', time: '2013-02-19 09:14:38'
System info: os.name: 'Windows 7', os.arch: 'amd64', os.version: '6.1', java.version: '1.7.0_11'
Driver info: driver.version: RemoteWebDriver]]>
            </message>
            <full-stacktrace>
              <![CDATA[org.openqa.selenium.WebDriverException: Error communicating with the remote browser. It may have died.
Build info: version: '2.30.0', revision: 'dc1ef9c', time: '2013-02-19 00:15:27'
System info: os.name: 'Windows 7', os.arch: 'amd64', os.version: '6.1', java.version: '1.7.0_11'
Driver info: driver.version: EventFiringWebDriver
Build info: version: '2.30.0', revision: 'dc1ef9ceb805a672f56dc49198f9ffbd4ca345c7', time: '2013-02-19 09:14:38'
System info: os.name: 'Windows 7', os.arch: 'amd64', os.version: '6.1', java.version: '1.7.0_11'
Driver info: driver.version: RemoteWebDriver
	at sun.reflect.NativeConstructorAccessorImpl.newInstance0(Native Method)
	at sun.reflect.NativeConstructorAccessorImpl.newInstance(NativeConstructorAccessorImpl.java:57)
	at sun.reflect.DelegatingConstructorAccessorImpl.newInstance(DelegatingConstructorAccessorImpl.java:45)
	at java.lang.reflect.Constructor.newInstance(Constructor.java:525)
	at org.openqa.selenium.remote.ErrorHandler.createThrowable(ErrorHandler.java:131)
	at org.openqa.selenium.remote.ErrorHandler.throwIfResponseFailed(ErrorHandler.java:105)
	at org.openqa.selenium.remote.RemoteWebDriver.execute(RemoteWebDriver.java:405)
	at org.openqa.selenium.remote.RemoteWebDriver.execute(RemoteWebDriver.java:409)
	at org.openqa.selenium.remote.RemoteWebDriver.quit(RemoteWebDriver.java:285)
	at betfair.pages.TestBase.tearDown(TestBase.java:93)
	at sun.reflect.NativeMethodAccessorImpl.invoke0(Native Method)
	at sun.reflect.NativeMethodAccessorImpl.invoke(NativeMethodAccessorImpl.java:57)
	at sun.reflect.DelegatingMethodAccessorImpl.invoke(DelegatingMethodAccessorImpl.java:43)
	at java.lang.reflect.Method.invoke(Method.java:601)
	at org.testng.internal.MethodInvocationHelper.invokeMethod(MethodInvocationHelper.java:80)
	at org.testng.internal.Invoker.invokeConfigurationMethod(Invoker.java:564)
	at org.testng.internal.Invoker.invokeConfigurations(Invoker.java:213)
	at org.testng.internal.Invoker.invokeConfigurations(Invoker.java:138)
	at org.testng.internal.TestMethodWorker.invokeAfterClassMethods(TestMethodWorker.java:225)
	at org.testng.internal.TestMethodWorker.run(TestMethodWorker.java:114)
	at org.testng.TestRunner.privateRun(TestRunner.java:767)
	at org.testng.TestRunner.run(TestRunner.java:617)
	at org.testng.SuiteRunner.runTest(SuiteRunner.java:334)
	at org.testng.SuiteRunner.runSequentially(SuiteRunner.java:329)
	at org.testng.SuiteRunner.privateRun(SuiteRunner.java:291)
	at org.testng.SuiteRunner.run(SuiteRunner.java:240)
	at org.testng.SuiteRunnerWorker.runSuite(SuiteRunnerWorker.java:51)
	at org.testng.SuiteRunnerWorker.run(SuiteRunnerWorker.java:85)
	at org.testng.TestNG.runSuitesSequentially(TestNG.java:1197)
	at org.testng.TestNG.runSuitesLocally(TestNG.java:1122)
	at org.testng.TestNG.run(TestNG.java:1030)
	at org.apache.maven.surefire.testng.TestNGExecutor.run(TestNGExecutor.java:177)
	at org.apache.maven.surefire.testng.TestNGXmlTestSuite.execute(TestNGXmlTestSuite.java:92)
	at org.apache.maven.surefire.testng.TestNGProvider.invoke(TestNGProvider.java:105)
	at sun.reflect.NativeMethodAccessorImpl.invoke0(Native Method)
	at sun.reflect.NativeMethodAccessorImpl.invoke(NativeMethodAccessorImpl.java:57)
	at sun.reflect.DelegatingMethodAccessorImpl.invoke(DelegatingMethodAccessorImpl.java:43)
	at java.lang.reflect.Method.invoke(Method.java:601)
	at org.apache.maven.surefire.util.ReflectionUtils.invokeMethodWithArray(ReflectionUtils.java:189)
	at org.apache.maven.surefire.booter.ProviderFactory$ProviderProxy.invoke(ProviderFactory.java:165)
	at org.apache.maven.surefire.booter.ProviderFactory.invokeProvider(ProviderFactory.java:85)
	at org.apache.maven.surefire.booter.ForkedBooter.runSuitesInProcess(ForkedBooter.java:103)
	at org.apache.maven.surefire.booter.ForkedBooter.main(ForkedBooter.java:74)
Caused by: org.openqa.selenium.remote.ErrorHandler$UnknownServerException: Error communicating with the remote browser. It may have died.
Build info: version: '2.30.0', revision: 'dc1ef9c', time: '2013-02-19 00:15:27'
System info: os.name: 'Windows 7', os.arch: 'amd64', os.version: '6.1', java.version: '1.7.0_11'
Driver info: driver.version: EventFiringWebDriver
Build info: version: '2.30.0', revision: 'dc1ef9ceb805a672f56dc49198f9ffbd4ca345c7', time: '2013-02-19 09:14:38'
System info: os.name: 'Windows 7', os.arch: 'amd64', os.version: '6.1', java.version: '1.7.0_11'
Driver info: driver.version: EventFiringWebDriver
	at org.openqa.selenium.remote.RemoteWebDriver.execute(RemoteWebDriver.java:548)
	at org.openqa.selenium.remote.RemoteWebDriver.execute(RemoteWebDriver.java:569)
	at org.openqa.selenium.remote.RemoteWebDriver.quit(RemoteWebDriver.java:423)
	at sun.reflect.NativeMethodAccessorImpl.invoke0(Native Method)
	at sun.reflect.NativeMethodAccessorImpl.invoke(null)
	at sun.reflect.DelegatingMethodAccessorImpl.invoke(null)
	at java.lang.reflect.Method.invoke(null)
	at org.openqa.selenium.support.events.EventFiringWebDriver$2.invoke(EventFiringWebDriver.java:101)
	at $Proxy1.quit(null)
	at org.openqa.selenium.support.events.EventFiringWebDriver.quit(EventFiringWebDriver.java:194)
	at org.openqa.selenium.remote.server.handler.DeleteSession.call(DeleteSession.java:49)
	at org.openqa.selenium.remote.server.handler.DeleteSession.call(DeleteSession.java:1)
	at java.util.concurrent.FutureTask$Sync.innerRun(null)
	at java.util.concurrent.FutureTask.run(null)
	at org.openqa.selenium.remote.server.DefaultSession$1.run(DefaultSession.java:167)
	at java.util.concurrent.ThreadPoolExecutor.runWorker(null)
	at java.util.concurrent.ThreadPoolExecutor$Worker.run(null)
	at java.lang.Thread.run(null)
]]>
            </full-stacktrace>
          </exception> <!-- org.openqa.selenium.WebDriverException -->
          <reporter-output>
          </reporter-output>
        </test-method> <!-- tearDown -->
      </class> <!-- betfair.pages.BirEndToEndTest -->
      <class name="betfair.pages.DbPublishTest">
        <test-method status="SKIP" signature="classInit()[pri:0, instance:betfair.pages.DbPublishTest@6a25dcb2]" name="classInit" is-config="true" duration-ms="0" started-at="2013-06-27T12:13:17Z" finished-at="2013-06-27T12:13:17Z">
          <reporter-output>
          </reporter-output>
        </test-method> <!-- classInit -->
        <test-method status="SKIP" signature="init()[pri:0, instance:betfair.pages.DbPublishTest@6a25dcb2]" name="init" is-config="true" duration-ms="0" started-at="2013-06-27T12:13:17Z" finished-at="2013-06-27T12:13:17Z">
          <reporter-output>
          </reporter-output>
        </test-method> <!-- init -->
        <test-method status="SKIP" signature="startTest(java.lang.reflect.Method)[pri:0, instance:betfair.pages.DbPublishTest@6a25dcb2]" name="startTest" is-config="true" duration-ms="0" started-at="2013-06-27T12:13:17Z" finished-at="2013-06-27T12:13:17Z">
          <reporter-output>
          </reporter-output>
        </test-method> <!-- startTest -->
        <test-method status="SKIP" signature="getEventDetailsHR()[pri:0, instance:betfair.pages.DbPublishTest@6a25dcb2]" name="getEventDetailsHR" duration-ms="0" started-at="2013-06-27T12:13:17Z" description="C244606 - getEventDetailsHR" finished-at="2013-06-27T12:13:17Z">
          <reporter-output>
          </reporter-output>
        </test-method> <!-- getEventDetailsHR -->
        <test-method status="SKIP" signature="getClasses()[pri:0, instance:betfair.pages.DbPublishTest@6a25dcb2]" name="getClasses" duration-ms="0" started-at="2013-06-27T12:13:17Z" description="C244605 - getClasses" finished-at="2013-06-27T12:13:17Z">
          <reporter-output>
          </reporter-output>
        </test-method> <!-- getClasses -->
        <test-method status="SKIP" signature="logout(org.testng.ITestResult)[pri:0, instance:betfair.pages.DbPublishTest@6a25dcb2]" name="logout" is-config="true" duration-ms="0" started-at="2013-06-27T12:13:17Z" description="Logs out after method" finished-at="2013-06-27T12:13:17Z">
          <reporter-output>
          </reporter-output>
        </test-method> <!-- logout -->
        <test-method status="SKIP" signature="startTest(java.lang.reflect.Method)[pri:0, instance:betfair.pages.DbPublishTest@6a25dcb2]" name="startTest" is-config="true" duration-ms="0" started-at="2013-06-27T12:13:17Z" finished-at="2013-06-27T12:13:17Z">
          <reporter-output>
          </reporter-output>
        </test-method> <!-- startTest -->
        <test-method status="SKIP" signature="login()[pri:0, instance:betfair.pages.DbPublishTest@6a25dcb2]" name="login" is-config="true" duration-ms="0" started-at="2013-06-27T12:13:17Z" description="Logs in before method" finished-at="2013-06-27T12:13:17Z">
          <reporter-output>
          </reporter-output>
        </test-method> <!-- login -->
        <test-method status="SKIP" signature="login()[pri:0, instance:betfair.pages.DbPublishTest@6a25dcb2]" name="login" is-config="true" duration-ms="0" started-at="2013-06-27T12:13:17Z" description="Logs in before method" finished-at="2013-06-27T12:13:17Z">
          <reporter-output>
          </reporter-output>
        </test-method> <!-- login -->
        <test-method status="SKIP" signature="logout(org.testng.ITestResult)[pri:0, instance:betfair.pages.DbPublishTest@6a25dcb2]" name="logout" is-config="true" duration-ms="0" started-at="2013-06-27T12:13:17Z" description="Logs out after method" finished-at="2013-06-27T12:13:17Z">
          <reporter-output>
          </reporter-output>
        </test-method> <!-- logout -->
        <test-method status="SKIP" signature="login()[pri:0, instance:betfair.pages.DbPublishTest@6a25dcb2]" name="login" is-config="true" duration-ms="0" started-at="2013-06-27T12:13:17Z" description="Logs in before method" finished-at="2013-06-27T12:13:17Z">
          <reporter-output>
          </reporter-output>
        </test-method> <!-- login -->
        <test-method status="SKIP" signature="startTest(java.lang.reflect.Method)[pri:0, instance:betfair.pages.DbPublishTest@6a25dcb2]" name="startTest" is-config="true" duration-ms="0" started-at="2013-06-27T12:13:17Z" finished-at="2013-06-27T12:13:17Z">
          <reporter-output>
          </reporter-output>
        </test-method> <!-- startTest -->
        <test-method status="SKIP" signature="startTest(java.lang.reflect.Method)[pri:0, instance:betfair.pages.DbPublishTest@6a25dcb2]" name="startTest" is-config="true" duration-ms="0" started-at="2013-06-27T12:13:17Z" finished-at="2013-06-27T12:13:17Z">
          <reporter-output>
          </reporter-output>
        </test-method> <!-- startTest -->
        <test-method status="SKIP" signature="logout(org.testng.ITestResult)[pri:0, instance:betfair.pages.DbPublishTest@6a25dcb2]" name="logout" is-config="true" duration-ms="0" started-at="2013-06-27T12:13:17Z" description="Logs out after method" finished-at="2013-06-27T12:13:17Z">
          <reporter-output>
          </reporter-output>
        </test-method> <!-- logout -->
        <test-method status="SKIP" signature="login()[pri:0, instance:betfair.pages.DbPublishTest@6a25dcb2]" name="login" is-config="true" duration-ms="0" started-at="2013-06-27T12:13:17Z" description="Logs in before method" finished-at="2013-06-27T12:13:17Z">
          <reporter-output>
          </reporter-output>
        </test-method> <!-- login -->
        <test-method status="SKIP" signature="getTypesByClassHR()[pri:0, instance:betfair.pages.DbPublishTest@6a25dcb2]" name="getTypesByClassHR" duration-ms="0" started-at="2013-06-27T12:13:17Z" description="C244608 - getTypesByClassHR" finished-at="2013-06-27T12:13:17Z">
          <reporter-output>
          </reporter-output>
        </test-method> <!-- getTypesByClassHR -->
        <test-method status="SKIP" signature="getEventDetailsFootball()[pri:0, instance:betfair.pages.DbPublishTest@6a25dcb2]" name="getEventDetailsFootball" duration-ms="0" started-at="2013-06-27T12:13:17Z" description="C244607 - getEventDetailsFootball" finished-at="2013-06-27T12:13:17Z">
          <reporter-output>
          </reporter-output>
        </test-method> <!-- getEventDetailsFootball -->
        <test-method status="SKIP" signature="logout(org.testng.ITestResult)[pri:0, instance:betfair.pages.DbPublishTest@6a25dcb2]" name="logout" is-config="true" duration-ms="0" started-at="2013-06-27T12:13:17Z" description="Logs out after method" finished-at="2013-06-27T12:13:17Z">
          <reporter-output>
          </reporter-output>
        </test-method> <!-- logout -->
        <test-method status="SKIP" signature="startTest(java.lang.reflect.Method)[pri:0, instance:betfair.pages.DbPublishTest@6a25dcb2]" name="startTest" is-config="true" duration-ms="0" started-at="2013-06-27T12:13:17Z" finished-at="2013-06-27T12:13:17Z">
          <reporter-output>
          </reporter-output>
        </test-method> <!-- startTest -->
        <test-method status="SKIP" signature="logout(org.testng.ITestResult)[pri:0, instance:betfair.pages.DbPublishTest@6a25dcb2]" name="logout" is-config="true" duration-ms="0" started-at="2013-06-27T12:13:17Z" description="Logs out after method" finished-at="2013-06-27T12:13:17Z">
          <reporter-output>
          </reporter-output>
        </test-method> <!-- logout -->
        <test-method status="SKIP" signature="login()[pri:0, instance:betfair.pages.DbPublishTest@6a25dcb2]" name="login" is-config="true" duration-ms="0" started-at="2013-06-27T12:13:17Z" description="Logs in before method" finished-at="2013-06-27T12:13:17Z">
          <reporter-output>
          </reporter-output>
        </test-method> <!-- login -->
        <test-method status="SKIP" signature="getTypesByClassFootball()[pri:0, instance:betfair.pages.DbPublishTest@6a25dcb2]" name="getTypesByClassFootball" duration-ms="0" started-at="2013-06-27T12:13:17Z" description="C244609 - getTypesByClassFootball" finished-at="2013-06-27T12:13:17Z">
          <reporter-output>
          </reporter-output>
        </test-method> <!-- getTypesByClassFootball -->
        <test-method status="SKIP" signature="logout(org.testng.ITestResult)[pri:0, instance:betfair.pages.DbPublishTest@6a25dcb2]" name="logout" is-config="true" duration-ms="0" started-at="2013-06-27T12:13:17Z" description="Logs out after method" finished-at="2013-06-27T12:13:17Z">
          <reporter-output>
          </reporter-output>
        </test-method> <!-- logout -->
        <test-method status="SKIP" signature="login()[pri:0, instance:betfair.pages.DbPublishTest@6a25dcb2]" name="login" is-config="true" duration-ms="0" started-at="2013-06-27T12:13:17Z" description="Logs in before method" finished-at="2013-06-27T12:13:17Z">
          <reporter-output>
          </reporter-output>
        </test-method> <!-- login -->
        <test-method status="SKIP" signature="getResultsByEventFootball()[pri:0, instance:betfair.pages.DbPublishTest@6a25dcb2]" name="getResultsByEventFootball" duration-ms="0" started-at="2013-06-27T12:13:17Z" description="C244611 - getResultsByEventFootball" finished-at="2013-06-27T12:13:17Z">
          <reporter-output>
          </reporter-output>
        </test-method> <!-- getResultsByEventFootball -->
        <test-method status="SKIP" signature="getResultsByEventHR()[pri:0, instance:betfair.pages.DbPublishTest@6a25dcb2]" name="getResultsByEventHR" duration-ms="0" started-at="2013-06-27T12:13:17Z" description="C244610 - getResultsByEventHR" finished-at="2013-06-27T12:13:17Z">
          <reporter-output>
          </reporter-output>
        </test-method> <!-- getResultsByEventHR -->
        <test-method status="SKIP" signature="login()[pri:0, instance:betfair.pages.DbPublishTest@6a25dcb2]" name="login" is-config="true" duration-ms="0" started-at="2013-06-27T12:13:17Z" description="Logs in before method" finished-at="2013-06-27T12:13:17Z">
          <reporter-output>
          </reporter-output>
        </test-method> <!-- login -->
        <test-method status="SKIP" signature="startTest(java.lang.reflect.Method)[pri:0, instance:betfair.pages.DbPublishTest@6a25dcb2]" name="startTest" is-config="true" duration-ms="0" started-at="2013-06-27T12:13:17Z" finished-at="2013-06-27T12:13:17Z">
          <reporter-output>
          </reporter-output>
        </test-method> <!-- startTest -->
        <test-method status="SKIP" signature="startTest(java.lang.reflect.Method)[pri:0, instance:betfair.pages.DbPublishTest@6a25dcb2]" name="startTest" is-config="true" duration-ms="0" started-at="2013-06-27T12:13:17Z" finished-at="2013-06-27T12:13:17Z">
          <reporter-output>
          </reporter-output>
        </test-method> <!-- startTest -->
        <test-method status="SKIP" signature="startTest(java.lang.reflect.Method)[pri:0, instance:betfair.pages.DbPublishTest@6a25dcb2]" name="startTest" is-config="true" duration-ms="0" started-at="2013-06-27T12:13:17Z" finished-at="2013-06-27T12:13:17Z">
          <reporter-output>
          </reporter-output>
        </test-method> <!-- startTest -->
        <test-method status="SKIP" signature="getEventsHR()[pri:0, instance:betfair.pages.DbPublishTest@6a25dcb2]" name="getEventsHR" duration-ms="1" started-at="2013-06-27T12:13:17Z" description="C244613 - getEventsHR" finished-at="2013-06-27T12:13:17Z">
          <reporter-output>
          </reporter-output>
        </test-method> <!-- getEventsHR -->
        <test-method status="SKIP" signature="getEventsByType()[pri:0, instance:betfair.pages.DbPublishTest@6a25dcb2]" name="getEventsByType" duration-ms="0" started-at="2013-06-27T12:13:17Z" description="C244612 - getEventsByType" finished-at="2013-06-27T12:13:17Z">
          <reporter-output>
          </reporter-output>
        </test-method> <!-- getEventsByType -->
        <test-method status="SKIP" signature="startTest(java.lang.reflect.Method)[pri:0, instance:betfair.pages.DbPublishTest@6a25dcb2]" name="startTest" is-config="true" duration-ms="0" started-at="2013-06-27T12:13:17Z" finished-at="2013-06-27T12:13:17Z">
          <reporter-output>
          </reporter-output>
        </test-method> <!-- startTest -->
        <test-method status="SKIP" signature="logout(org.testng.ITestResult)[pri:0, instance:betfair.pages.DbPublishTest@6a25dcb2]" name="logout" is-config="true" duration-ms="0" started-at="2013-06-27T12:13:17Z" description="Logs out after method" finished-at="2013-06-27T12:13:17Z">
          <reporter-output>
          </reporter-output>
        </test-method> <!-- logout -->
        <test-method status="SKIP" signature="login()[pri:0, instance:betfair.pages.DbPublishTest@6a25dcb2]" name="login" is-config="true" duration-ms="0" started-at="2013-06-27T12:13:17Z" description="Logs in before method" finished-at="2013-06-27T12:13:17Z">
          <reporter-output>
          </reporter-output>
        </test-method> <!-- login -->
        <test-method status="SKIP" signature="login()[pri:0, instance:betfair.pages.DbPublishTest@6a25dcb2]" name="login" is-config="true" duration-ms="0" started-at="2013-06-27T12:13:17Z" description="Logs in before method" finished-at="2013-06-27T12:13:17Z">
          <reporter-output>
          </reporter-output>
        </test-method> <!-- login -->
        <test-method status="SKIP" signature="logout(org.testng.ITestResult)[pri:0, instance:betfair.pages.DbPublishTest@6a25dcb2]" name="logout" is-config="true" duration-ms="0" started-at="2013-06-27T12:13:17Z" description="Logs out after method" finished-at="2013-06-27T12:13:17Z">
          <reporter-output>
          </reporter-output>
        </test-method> <!-- logout -->
        <test-method status="SKIP" signature="login()[pri:0, instance:betfair.pages.DbPublishTest@6a25dcb2]" name="login" is-config="true" duration-ms="0" started-at="2013-06-27T12:13:17Z" description="Logs in before method" finished-at="2013-06-27T12:13:17Z">
          <reporter-output>
          </reporter-output>
        </test-method> <!-- login -->
        <test-method status="SKIP" signature="getEventsFootball()[pri:0, instance:betfair.pages.DbPublishTest@6a25dcb2]" name="getEventsFootball" duration-ms="0" started-at="2013-06-27T12:13:17Z" description="C244614 - getEventsFootball" finished-at="2013-06-27T12:13:17Z">
          <reporter-output>
          </reporter-output>
        </test-method> <!-- getEventsFootball -->
        <test-method status="SKIP" signature="logout(org.testng.ITestResult)[pri:0, instance:betfair.pages.DbPublishTest@6a25dcb2]" name="logout" is-config="true" duration-ms="0" started-at="2013-06-27T12:13:17Z" description="Logs out after method" finished-at="2013-06-27T12:13:17Z">
          <reporter-output>
          </reporter-output>
        </test-method> <!-- logout -->
        <test-method status="SKIP" signature="startTest(java.lang.reflect.Method)[pri:0, instance:betfair.pages.DbPublishTest@6a25dcb2]" name="startTest" is-config="true" duration-ms="0" started-at="2013-06-27T12:13:17Z" finished-at="2013-06-27T12:13:17Z">
          <reporter-output>
          </reporter-output>
        </test-method> <!-- startTest -->
        <test-method status="SKIP" signature="logout(org.testng.ITestResult)[pri:0, instance:betfair.pages.DbPublishTest@6a25dcb2]" name="logout" is-config="true" duration-ms="0" started-at="2013-06-27T12:13:17Z" description="Logs out after method" finished-at="2013-06-27T12:13:17Z">
          <reporter-output>
          </reporter-output>
        </test-method> <!-- logout -->
        <test-method status="SKIP" signature="startTest(java.lang.reflect.Method)[pri:0, instance:betfair.pages.DbPublishTest@6a25dcb2]" name="startTest" is-config="true" duration-ms="0" started-at="2013-06-27T12:13:17Z" finished-at="2013-06-27T12:13:17Z">
          <reporter-output>
          </reporter-output>
        </test-method> <!-- startTest -->
        <test-method status="SKIP" signature="startTest(java.lang.reflect.Method)[pri:0, instance:betfair.pages.DbPublishTest@6a25dcb2]" name="startTest" is-config="true" duration-ms="0" started-at="2013-06-27T12:13:17Z" finished-at="2013-06-27T12:13:17Z">
          <reporter-output>
          </reporter-output>
        </test-method> <!-- startTest -->
        <test-method status="SKIP" signature="login()[pri:0, instance:betfair.pages.DbPublishTest@6a25dcb2]" name="login" is-config="true" duration-ms="0" started-at="2013-06-27T12:13:17Z" description="Logs in before method" finished-at="2013-06-27T12:13:17Z">
          <reporter-output>
          </reporter-output>
        </test-method> <!-- login -->
        <test-method status="SKIP" signature="startTest(java.lang.reflect.Method)[pri:0, instance:betfair.pages.DbPublishTest@6a25dcb2]" name="startTest" is-config="true" duration-ms="0" started-at="2013-06-27T12:13:17Z" finished-at="2013-06-27T12:13:17Z">
          <reporter-output>
          </reporter-output>
        </test-method> <!-- startTest -->
        <test-method status="SKIP" signature="login()[pri:0, instance:betfair.pages.DbPublishTest@6a25dcb2]" name="login" is-config="true" duration-ms="0" started-at="2013-06-27T12:13:17Z" description="Logs in before method" finished-at="2013-06-27T12:13:17Z">
          <reporter-output>
          </reporter-output>
        </test-method> <!-- login -->
        <test-method status="SKIP" signature="getOutcomeDetailsFootball()[pri:0, instance:betfair.pages.DbPublishTest@6a25dcb2]" name="getOutcomeDetailsFootball" duration-ms="0" started-at="2013-06-27T12:13:17Z" description="C244616 - getOutcomeDetailsFootball" finished-at="2013-06-27T12:13:17Z">
          <reporter-output>
          </reporter-output>
        </test-method> <!-- getOutcomeDetailsFootball -->
        <test-method status="SKIP" signature="logout(org.testng.ITestResult)[pri:0, instance:betfair.pages.DbPublishTest@6a25dcb2]" name="logout" is-config="true" duration-ms="0" started-at="2013-06-27T12:13:17Z" description="Logs out after method" finished-at="2013-06-27T12:13:17Z">
          <reporter-output>
          </reporter-output>
        </test-method> <!-- logout -->
        <test-method status="SKIP" signature="getOutcomeDetailsHR()[pri:0, instance:betfair.pages.DbPublishTest@6a25dcb2]" name="getOutcomeDetailsHR" duration-ms="0" started-at="2013-06-27T12:13:17Z" description="C244615 - getOutcomeDetailsHR" finished-at="2013-06-27T12:13:17Z">
          <reporter-output>
          </reporter-output>
        </test-method> <!-- getOutcomeDetailsHR -->
        <test-method status="SKIP" signature="logout(org.testng.ITestResult)[pri:0, instance:betfair.pages.DbPublishTest@6a25dcb2]" name="logout" is-config="true" duration-ms="0" started-at="2013-06-27T12:13:17Z" description="Logs out after method" finished-at="2013-06-27T12:13:17Z">
          <reporter-output>
          </reporter-output>
        </test-method> <!-- logout -->
        <test-method status="PASS" signature="tearDown()[pri:0, instance:betfair.pages.DbPublishTest@6a25dcb2]" name="tearDown" is-config="true" duration-ms="0" started-at="2013-06-27T12:13:17Z" finished-at="2013-06-27T12:13:17Z">
          <reporter-output>
          </reporter-output>
        </test-method> <!-- tearDown -->
        <test-method status="SKIP" signature="status()[pri:0, instance:betfair.pages.DbPublishTest@6a25dcb2]" name="status" duration-ms="0" started-at="2013-06-27T12:13:17Z" description="C244617 - status" finished-at="2013-06-27T12:13:17Z">
          <reporter-output>
          </reporter-output>
        </test-method> <!-- status -->
        <test-method status="SKIP" signature="login()[pri:0, instance:betfair.pages.DbPublishTest@6a25dcb2]" name="login" is-config="true" duration-ms="0" started-at="2013-06-27T12:13:17Z" description="Logs in before method" finished-at="2013-06-27T12:13:17Z">
          <reporter-output>
          </reporter-output>
        </test-method> <!-- login -->
        <test-method status="SKIP" signature="logout(org.testng.ITestResult)[pri:0, instance:betfair.pages.DbPublishTest@6a25dcb2]" name="logout" is-config="true" duration-ms="0" started-at="2013-06-27T12:13:17Z" description="Logs out after method" finished-at="2013-06-27T12:13:17Z">
          <reporter-output>
          </reporter-output>
        </test-method> <!-- logout -->
      </class> <!-- betfair.pages.DbPublishTest -->
      <class name="betfair.pages.SearchBetTest">
        <test-method status="PASS" signature="init()[pri:0, instance:betfair.pages.SearchBetTest@2b4b2d2d]" name="init" is-config="true" duration-ms="4544" started-at="2013-06-27T11:55:06Z" finished-at="2013-06-27T11:55:11Z">
          <reporter-output>
          </reporter-output>
        </test-method> <!-- init -->
        <test-method status="PASS" signature="classInit()[pri:0, instance:betfair.pages.SearchBetTest@2b4b2d2d]" name="classInit" is-config="true" duration-ms="5833" started-at="2013-06-27T11:55:11Z" finished-at="2013-06-27T11:55:16Z">
          <reporter-output>
          </reporter-output>
        </test-method> <!-- classInit -->
        <test-method status="PASS" signature="startTest(java.lang.reflect.Method)[pri:0, instance:betfair.pages.SearchBetTest@2b4b2d2d]" name="startTest" is-config="true" duration-ms="157" started-at="2013-06-27T11:55:16Z" finished-at="2013-06-27T11:55:17Z">
          <params>
            <param index="0">
              <value>
                <![CDATA[public void betfair.pages.SearchBetTest.searchBetReceipt() throws java.lang.Exception]]>
              </value>
            </param>
          </params>
          <reporter-output>
          </reporter-output>
        </test-method> <!-- startTest -->
        <test-method status="PASS" signature="login()[pri:0, instance:betfair.pages.SearchBetTest@2b4b2d2d]" name="login" is-config="true" duration-ms="648" started-at="2013-06-27T11:55:17Z" description="Logs in before method" finished-at="2013-06-27T11:55:17Z">
          <reporter-output>
          </reporter-output>
        </test-method> <!-- login -->
        <test-method status="PASS" signature="searchBetReceipt()[pri:0, instance:betfair.pages.SearchBetTest@2b4b2d2d]" name="searchBetReceipt" duration-ms="29343" started-at="2013-06-27T11:55:17Z" description="C93962 - Find Bets with Receipt like" finished-at="2013-06-27T11:55:47Z">
          <reporter-output>
          </reporter-output>
        </test-method> <!-- searchBetReceipt -->
        <test-method status="PASS" signature="logout(org.testng.ITestResult)[pri:0, instance:betfair.pages.SearchBetTest@2b4b2d2d]" name="logout" is-config="true" duration-ms="240" started-at="2013-06-27T11:55:47Z" description="Logs out after method" finished-at="2013-06-27T11:55:47Z">
          <params>
            <param index="0">
              <value>
                <![CDATA[[TestResult: searchBetReceipt STATUS:SUCCESS METHOD:SearchBetTest.searchBetReceipt()[pri:0, instance:betfair.pages.SearchBetTest@2b4b2d2d]]
]]>
              </value>
            </param>
          </params>
          <reporter-output>
          </reporter-output>
        </test-method> <!-- logout -->
        <test-method status="PASS" signature="startTest(java.lang.reflect.Method)[pri:0, instance:betfair.pages.SearchBetTest@2b4b2d2d]" name="startTest" is-config="true" duration-ms="1177" started-at="2013-06-27T11:55:47Z" finished-at="2013-06-27T11:55:48Z">
          <params>
            <param index="0">
              <value>
                <![CDATA[public void betfair.pages.SearchBetTest.searchBetUsername() throws java.lang.Exception]]>
              </value>
            </param>
          </params>
          <reporter-output>
          </reporter-output>
        </test-method> <!-- startTest -->
        <test-method status="PASS" signature="login()[pri:0, instance:betfair.pages.SearchBetTest@2b4b2d2d]" name="login" is-config="true" duration-ms="1455" started-at="2013-06-27T11:55:48Z" description="Logs in before method" finished-at="2013-06-27T11:55:49Z">
          <reporter-output>
          </reporter-output>
        </test-method> <!-- login -->
        <test-method status="FAIL" signature="searchBetUsername()[pri:0, instance:betfair.pages.SearchBetTest@2b4b2d2d]" name="searchBetUsername" duration-ms="49723" started-at="2013-06-27T11:55:49Z" description="C141958 - Find Bets with Username like" finished-at="2013-06-27T11:56:39Z">
          <exception class="org.openqa.selenium.NoSuchElementException">
            <message>
              <![CDATA[Unable to locate element: {"method":"xpath","selector":"//center/table[2]/tbody/tr[16]/td[2]"}
Command duration or timeout: 30.37 seconds
For documentation on this error, please visit: http://seleniumhq.org/exceptions/no_such_element.html
Build info: version: '2.30.0', revision: 'dc1ef9c', time: '2013-02-19 00:15:27'
System info: os.name: 'Windows 7', os.arch: 'amd64', os.version: '6.1', java.version: '1.7.0_11'
Session ID: 23235d7b-9207-4c42-8b91-778b40a4985a
Driver info: org.openqa.selenium.firefox.FirefoxDriver
Capabilities [{platform=XP, databaseEnabled=true, cssSelectorsEnabled=true, javascriptEnabled=true, acceptSslCerts=true, handlesAlerts=true, browserName=firefox, browserConnectionEnabled=true, nativeEvents=true, webStorageEnabled=true, rotatable=false, locationContextEnabled=true, applicationCacheEnabled=true, takesScreenshot=true, version=19.0}]
For documentation on this error, please visit: http://seleniumhq.org/exceptions/no_such_element.html
Build info: version: '2.30.0', revision: 'dc1ef9ceb805a672f56dc49198f9ffbd4ca345c7', time: '2013-02-19 09:14:38'
System info: os.name: 'Windows 7', os.arch: 'amd64', os.version: '6.1', java.version: '1.7.0_11'
Driver info: driver.version: RemoteWebDriver]]>
            </message>
            <full-stacktrace>
              <![CDATA[org.openqa.selenium.NoSuchElementException: Unable to locate element: {"method":"xpath","selector":"//center/table[2]/tbody/tr[16]/td[2]"}
Command duration or timeout: 30.37 seconds
For documentation on this error, please visit: http://seleniumhq.org/exceptions/no_such_element.html
Build info: version: '2.30.0', revision: 'dc1ef9c', time: '2013-02-19 00:15:27'
System info: os.name: 'Windows 7', os.arch: 'amd64', os.version: '6.1', java.version: '1.7.0_11'
Session ID: 23235d7b-9207-4c42-8b91-778b40a4985a
Driver info: org.openqa.selenium.firefox.FirefoxDriver
Capabilities [{platform=XP, databaseEnabled=true, cssSelectorsEnabled=true, javascriptEnabled=true, acceptSslCerts=true, handlesAlerts=true, browserName=firefox, browserConnectionEnabled=true, nativeEvents=true, webStorageEnabled=true, rotatable=false, locationContextEnabled=true, applicationCacheEnabled=true, takesScreenshot=true, version=19.0}]
For documentation on this error, please visit: http://seleniumhq.org/exceptions/no_such_element.html
Build info: version: '2.30.0', revision: 'dc1ef9ceb805a672f56dc49198f9ffbd4ca345c7', time: '2013-02-19 09:14:38'
System info: os.name: 'Windows 7', os.arch: 'amd64', os.version: '6.1', java.version: '1.7.0_11'
Driver info: driver.version: RemoteWebDriver
	at sun.reflect.NativeConstructorAccessorImpl.newInstance0(Native Method)
	at sun.reflect.NativeConstructorAccessorImpl.newInstance(NativeConstructorAccessorImpl.java:57)
	at sun.reflect.DelegatingConstructorAccessorImpl.newInstance(DelegatingConstructorAccessorImpl.java:45)
	at java.lang.reflect.Constructor.newInstance(Constructor.java:525)
	at org.openqa.selenium.remote.ErrorHandler.createThrowable(ErrorHandler.java:131)
	at org.openqa.selenium.remote.ErrorHandler.throwIfResponseFailed(ErrorHandler.java:105)
	at org.openqa.selenium.remote.RemoteWebDriver.execute(RemoteWebDriver.java:405)
	at org.openqa.selenium.remote.RemoteWebDriver.findElement(RemoteWebDriver.java:193)
	at org.openqa.selenium.remote.RemoteWebDriver.findElementByXPath(RemoteWebDriver.java:266)
	at org.openqa.selenium.By$ByXPath.findElement(By.java:344)
	at org.openqa.selenium.remote.RemoteWebDriver.findElement(RemoteWebDriver.java:185)
	at org.openqa.selenium.support.pagefactory.DefaultElementLocator.findElement(DefaultElementLocator.java:59)
	at org.openqa.selenium.support.pagefactory.internal.LocatingElementHandler.invoke(LocatingElementHandler.java:34)
	at $Proxy9.getText(Unknown Source)
	at betfair.pages.AdminBetSearch.getReceipt(AdminBetSearch.java:95)
	at betfair.pages.SearchBetTest.searchBetUsername(SearchBetTest.java:126)
	at sun.reflect.NativeMethodAccessorImpl.invoke0(Native Method)
	at sun.reflect.NativeMethodAccessorImpl.invoke(NativeMethodAccessorImpl.java:57)
	at sun.reflect.DelegatingMethodAccessorImpl.invoke(DelegatingMethodAccessorImpl.java:43)
	at java.lang.reflect.Method.invoke(Method.java:601)
	at org.testng.internal.MethodInvocationHelper.invokeMethod(MethodInvocationHelper.java:80)
	at org.testng.internal.Invoker.invokeMethod(Invoker.java:715)
	at org.testng.internal.Invoker.invokeTestMethod(Invoker.java:907)
	at org.testng.internal.Invoker.invokeTestMethods(Invoker.java:1237)
	at org.testng.internal.TestMethodWorker.invokeTestMethods(TestMethodWorker.java:127)
	at org.testng.internal.TestMethodWorker.run(TestMethodWorker.java:111)
	at org.testng.TestRunner.privateRun(TestRunner.java:767)
	at org.testng.TestRunner.run(TestRunner.java:617)
	at org.testng.SuiteRunner.runTest(SuiteRunner.java:334)
	at org.testng.SuiteRunner.runSequentially(SuiteRunner.java:329)
	at org.testng.SuiteRunner.privateRun(SuiteRunner.java:291)
	at org.testng.SuiteRunner.run(SuiteRunner.java:240)
	at org.testng.SuiteRunnerWorker.runSuite(SuiteRunnerWorker.java:51)
	at org.testng.SuiteRunnerWorker.run(SuiteRunnerWorker.java:85)
	at org.testng.TestNG.runSuitesSequentially(TestNG.java:1197)
	at org.testng.TestNG.runSuitesLocally(TestNG.java:1122)
	at org.testng.TestNG.run(TestNG.java:1030)
	at org.apache.maven.surefire.testng.TestNGExecutor.run(TestNGExecutor.java:177)
	at org.apache.maven.surefire.testng.TestNGXmlTestSuite.execute(TestNGXmlTestSuite.java:92)
	at org.apache.maven.surefire.testng.TestNGProvider.invoke(TestNGProvider.java:105)
	at sun.reflect.NativeMethodAccessorImpl.invoke0(Native Method)
	at sun.reflect.NativeMethodAccessorImpl.invoke(NativeMethodAccessorImpl.java:57)
	at sun.reflect.DelegatingMethodAccessorImpl.invoke(DelegatingMethodAccessorImpl.java:43)
	at java.lang.reflect.Method.invoke(Method.java:601)
	at org.apache.maven.surefire.util.ReflectionUtils.invokeMethodWithArray(ReflectionUtils.java:189)
	at org.apache.maven.surefire.booter.ProviderFactory$ProviderProxy.invoke(ProviderFactory.java:165)
	at org.apache.maven.surefire.booter.ProviderFactory.invokeProvider(ProviderFactory.java:85)
	at org.apache.maven.surefire.booter.ForkedBooter.runSuitesInProcess(ForkedBooter.java:103)
	at org.apache.maven.surefire.booter.ForkedBooter.main(ForkedBooter.java:74)
Caused by: org.openqa.selenium.remote.ScreenshotException: Screen shot has been taken
Build info: version: '2.30.0', revision: 'dc1ef9ceb805a672f56dc49198f9ffbd4ca345c7', time: '2013-02-19 09:14:38'
System info: os.name: 'Windows 7', os.arch: 'amd64', os.version: '6.1', java.version: '1.7.0_11'
Driver info: driver.version: RemoteWebDriver
	at org.openqa.selenium.remote.ErrorHandler.throwIfResponseFailed(ErrorHandler.java:99)
	... 43 more
Caused by: org.openqa.selenium.NoSuchElementException: Unable to locate element: {"method":"xpath","selector":"//center/table[2]/tbody/tr[16]/td[2]"}
Command duration or timeout: 30.37 seconds
For documentation on this error, please visit: http://seleniumhq.org/exceptions/no_such_element.html
Build info: version: '2.30.0', revision: 'dc1ef9c', time: '2013-02-19 00:15:27'
System info: os.name: 'Windows 7', os.arch: 'amd64', os.version: '6.1', java.version: '1.7.0_11'
Session ID: 23235d7b-9207-4c42-8b91-778b40a4985a
Driver info: org.openqa.selenium.firefox.FirefoxDriver
Capabilities [{platform=XP, databaseEnabled=true, cssSelectorsEnabled=true, javascriptEnabled=true, acceptSslCerts=true, handlesAlerts=true, browserName=firefox, browserConnectionEnabled=true, nativeEvents=true, webStorageEnabled=true, rotatable=false, locationContextEnabled=true, applicationCacheEnabled=true, takesScreenshot=true, version=19.0}]
For documentation on this error, please visit: http://seleniumhq.org/exceptions/no_such_element.html
Build info: version: '2.30.0', revision: 'dc1ef9ceb805a672f56dc49198f9ffbd4ca345c7', time: '2013-02-19 09:14:38'
System info: os.name: 'Windows 7', os.arch: 'amd64', os.version: '6.1', java.version: '1.7.0_11'
Driver info: driver.version: EventFiringWebDriver
	at sun.reflect.NativeConstructorAccessorImpl.newInstance0(Native Method)
	at sun.reflect.NativeConstructorAccessorImpl.newInstance(null)
	at sun.reflect.DelegatingConstructorAccessorImpl.newInstance(null)
	at java.lang.reflect.Constructor.newInstance(null)
	at org.openqa.selenium.remote.ErrorHandler.createThrowable(ErrorHandler.java:187)
	at org.openqa.selenium.remote.ErrorHandler.throwIfResponseFailed(ErrorHandler.java:145)
	at org.openqa.selenium.remote.RemoteWebDriver.execute(RemoteWebDriver.java:554)
	at org.openqa.selenium.remote.RemoteWebDriver.findElement(RemoteWebDriver.java:307)
	at org.openqa.selenium.remote.RemoteWebDriver.findElementByXPath(RemoteWebDriver.java:404)
	at org.openqa.selenium.By$ByXPath.findElement(By.java:344)
	at org.openqa.selenium.remote.RemoteWebDriver.findElement(RemoteWebDriver.java:299)
	at sun.reflect.GeneratedMethodAccessor22.invoke(null)
	at sun.reflect.DelegatingMethodAccessorImpl.invoke(null)
	at java.lang.reflect.Method.invoke(null)
	at org.openqa.selenium.support.events.EventFiringWebDriver$2.invoke(EventFiringWebDriver.java:101)
	at $Proxy1.findElement(null)
	at org.openqa.selenium.support.events.EventFiringWebDriver.findElement(EventFiringWebDriver.java:180)
	at org.openqa.selenium.remote.server.handler.FindElement.call(FindElement.java:47)
	at org.openqa.selenium.remote.server.handler.FindElement.call(FindElement.java:1)
	at java.util.concurrent.FutureTask$Sync.innerRun(null)
	at java.util.concurrent.FutureTask.run(null)
	at org.openqa.selenium.remote.server.DefaultSession$1.run(DefaultSession.java:167)
	at java.util.concurrent.ThreadPoolExecutor.runWorker(null)
	at java.util.concurrent.ThreadPoolExecutor$Worker.run(null)
	at java.lang.Thread.run(null)
]]>
            </full-stacktrace>
          </exception> <!-- org.openqa.selenium.NoSuchElementException -->
          <reporter-output>
          </reporter-output>
        </test-method> <!-- searchBetUsername -->
        <test-method status="PASS" signature="logout(org.testng.ITestResult)[pri:0, instance:betfair.pages.SearchBetTest@2b4b2d2d]" name="logout" is-config="true" duration-ms="1432" started-at="2013-06-27T11:56:39Z" description="Logs out after method" finished-at="2013-06-27T11:56:41Z">
          <params>
            <param index="0">
              <value>
                <![CDATA[[TestResult: searchBetUsername STATUS:FAILURE METHOD:SearchBetTest.searchBetUsername()[pri:0, instance:betfair.pages.SearchBetTest@2b4b2d2d]]
]]>
              </value>
            </param>
          </params>
          <reporter-output>
          </reporter-output>
        </test-method> <!-- logout -->
        <test-method status="PASS" signature="tearDown()[pri:0, instance:betfair.pages.SearchBetTest@2b4b2d2d]" name="tearDown" is-config="true" duration-ms="270" started-at="2013-06-27T11:56:41Z" finished-at="2013-06-27T11:56:41Z">
          <reporter-output>
          </reporter-output>
        </test-method> <!-- tearDown -->
      </class> <!-- betfair.pages.SearchBetTest -->
      <class name="betfair.pages.OxiXmlTest">
        <test-method status="SKIP" signature="init()[pri:0, instance:betfair.pages.OxiXmlTest@173940bb]" name="init" is-config="true" duration-ms="0" started-at="2013-06-27T12:13:17Z" finished-at="2013-06-27T12:13:17Z">
          <reporter-output>
          </reporter-output>
        </test-method> <!-- init -->
        <test-method status="SKIP" signature="classInit()[pri:0, instance:betfair.pages.OxiXmlTest@173940bb]" name="classInit" is-config="true" duration-ms="0" started-at="2013-06-27T12:13:17Z" finished-at="2013-06-27T12:13:17Z">
          <reporter-output>
          </reporter-output>
        </test-method> <!-- classInit -->
        <test-method status="SKIP" signature="startTest(java.lang.reflect.Method)[pri:0, instance:betfair.pages.OxiXmlTest@173940bb]" name="startTest" is-config="true" duration-ms="0" started-at="2013-06-27T12:13:17Z" finished-at="2013-06-27T12:13:17Z">
          <reporter-output>
          </reporter-output>
        </test-method> <!-- startTest -->
        <test-method status="SKIP" signature="login()[pri:0, instance:betfair.pages.OxiXmlTest@173940bb]" name="login" is-config="true" duration-ms="0" started-at="2013-06-27T12:13:17Z" description="Logs in before method" finished-at="2013-06-27T12:13:17Z">
          <reporter-output>
          </reporter-output>
        </test-method> <!-- login -->
        <test-method status="SKIP" signature="logout(org.testng.ITestResult)[pri:0, instance:betfair.pages.OxiXmlTest@173940bb]" name="logout" is-config="true" duration-ms="0" started-at="2013-06-27T12:13:17Z" description="Logs out after method" finished-at="2013-06-27T12:13:17Z">
          <reporter-output>
          </reporter-output>
        </test-method> <!-- logout -->
        <test-method status="SKIP" signature="startTest(java.lang.reflect.Method)[pri:0, instance:betfair.pages.OxiXmlTest@173940bb]" name="startTest" is-config="true" duration-ms="0" started-at="2013-06-27T12:13:17Z" finished-at="2013-06-27T12:13:17Z">
          <reporter-output>
          </reporter-output>
        </test-method> <!-- startTest -->
        <test-method status="SKIP" signature="reqTransGetBetDetails()[pri:0, instance:betfair.pages.OxiXmlTest@173940bb]" name="reqTransGetBetDetails" duration-ms="0" started-at="2013-06-27T12:13:17Z" description="C217759 - reqTransGetBetDetails" finished-at="2013-06-27T12:13:17Z">
          <reporter-output>
          </reporter-output>
        </test-method> <!-- reqTransGetBetDetails -->
        <test-method status="SKIP" signature="logout(org.testng.ITestResult)[pri:0, instance:betfair.pages.OxiXmlTest@173940bb]" name="logout" is-config="true" duration-ms="0" started-at="2013-06-27T12:13:17Z" description="Logs out after method" finished-at="2013-06-27T12:13:17Z">
          <reporter-output>
          </reporter-output>
        </test-method> <!-- logout -->
        <test-method status="SKIP" signature="reqTransGetBetDetail()[pri:0, instance:betfair.pages.OxiXmlTest@173940bb]" name="reqTransGetBetDetail" duration-ms="0" started-at="2013-06-27T12:13:17Z" description="C217760 - reqTransGetBetDetail" finished-at="2013-06-27T12:13:17Z">
          <reporter-output>
          </reporter-output>
        </test-method> <!-- reqTransGetBetDetail -->
        <test-method status="SKIP" signature="login()[pri:0, instance:betfair.pages.OxiXmlTest@173940bb]" name="login" is-config="true" duration-ms="0" started-at="2013-06-27T12:13:17Z" description="Logs in before method" finished-at="2013-06-27T12:13:17Z">
          <reporter-output>
          </reporter-output>
        </test-method> <!-- login -->
        <test-method status="SKIP" signature="startTest(java.lang.reflect.Method)[pri:0, instance:betfair.pages.OxiXmlTest@173940bb]" name="startTest" is-config="true" duration-ms="0" started-at="2013-06-27T12:13:17Z" finished-at="2013-06-27T12:13:17Z">
          <reporter-output>
          </reporter-output>
        </test-method> <!-- startTest -->
        <test-method status="SKIP" signature="startTest(java.lang.reflect.Method)[pri:0, instance:betfair.pages.OxiXmlTest@173940bb]" name="startTest" is-config="true" duration-ms="0" started-at="2013-06-27T12:13:17Z" finished-at="2013-06-27T12:13:17Z">
          <reporter-output>
          </reporter-output>
        </test-method> <!-- startTest -->
        <test-method status="SKIP" signature="login()[pri:0, instance:betfair.pages.OxiXmlTest@173940bb]" name="login" is-config="true" duration-ms="0" started-at="2013-06-27T12:13:17Z" description="Logs in before method" finished-at="2013-06-27T12:13:17Z">
          <reporter-output>
          </reporter-output>
        </test-method> <!-- login -->
        <test-method status="SKIP" signature="reqAccountAddStub()[pri:0, instance:betfair.pages.OxiXmlTest@173940bb]" name="reqAccountAddStub" duration-ms="0" started-at="2013-06-27T12:13:17Z" description="C217757 - reqAccountAddStub" finished-at="2013-06-27T12:13:17Z">
          <reporter-output>
          </reporter-output>
        </test-method> <!-- reqAccountAddStub -->
        <test-method status="SKIP" signature="logout(org.testng.ITestResult)[pri:0, instance:betfair.pages.OxiXmlTest@173940bb]" name="logout" is-config="true" duration-ms="0" started-at="2013-06-27T12:13:17Z" description="Logs out after method" finished-at="2013-06-27T12:13:17Z">
          <reporter-output>
          </reporter-output>
        </test-method> <!-- logout -->
        <test-method status="SKIP" signature="login()[pri:0, instance:betfair.pages.OxiXmlTest@173940bb]" name="login" is-config="true" duration-ms="0" started-at="2013-06-27T12:13:17Z" description="Logs in before method" finished-at="2013-06-27T12:13:17Z">
          <reporter-output>
          </reporter-output>
        </test-method> <!-- login -->
        <test-method status="SKIP" signature="reqAcctGetFreebets()[pri:0, instance:betfair.pages.OxiXmlTest@173940bb]" name="reqAcctGetFreebets" duration-ms="0" started-at="2013-06-27T12:13:17Z" description="C217761 - reqAcctGetFreebets" finished-at="2013-06-27T12:13:17Z">
          <reporter-output>
          </reporter-output>
        </test-method> <!-- reqAcctGetFreebets -->
        <test-method status="SKIP" signature="logout(org.testng.ITestResult)[pri:0, instance:betfair.pages.OxiXmlTest@173940bb]" name="logout" is-config="true" duration-ms="0" started-at="2013-06-27T12:13:17Z" description="Logs out after method" finished-at="2013-06-27T12:13:17Z">
          <reporter-output>
          </reporter-output>
        </test-method> <!-- logout -->
        <test-method status="SKIP" signature="logout(org.testng.ITestResult)[pri:0, instance:betfair.pages.OxiXmlTest@173940bb]" name="logout" is-config="true" duration-ms="0" started-at="2013-06-27T12:13:17Z" description="Logs out after method" finished-at="2013-06-27T12:13:17Z">
          <reporter-output>
          </reporter-output>
        </test-method> <!-- logout -->
        <test-method status="SKIP" signature="startTest(java.lang.reflect.Method)[pri:0, instance:betfair.pages.OxiXmlTest@173940bb]" name="startTest" is-config="true" duration-ms="0" started-at="2013-06-27T12:13:17Z" finished-at="2013-06-27T12:13:17Z">
          <reporter-output>
          </reporter-output>
        </test-method> <!-- startTest -->
        <test-method status="SKIP" signature="logout(org.testng.ITestResult)[pri:0, instance:betfair.pages.OxiXmlTest@173940bb]" name="logout" is-config="true" duration-ms="0" started-at="2013-06-27T12:13:17Z" description="Logs out after method" finished-at="2013-06-27T12:13:17Z">
          <reporter-output>
          </reporter-output>
        </test-method> <!-- logout -->
        <test-method status="SKIP" signature="reqUtilPing()[pri:0, instance:betfair.pages.OxiXmlTest@173940bb]" name="reqUtilPing" duration-ms="0" started-at="2013-06-27T12:13:17Z" description="C217761 - reqUtilPing" finished-at="2013-06-27T12:13:17Z">
          <reporter-output>
          </reporter-output>
        </test-method> <!-- reqUtilPing -->
        <test-method status="SKIP" signature="startTest(java.lang.reflect.Method)[pri:0, instance:betfair.pages.OxiXmlTest@173940bb]" name="startTest" is-config="true" duration-ms="0" started-at="2013-06-27T12:13:17Z" finished-at="2013-06-27T12:13:17Z">
          <reporter-output>
          </reporter-output>
        </test-method> <!-- startTest -->
        <test-method status="SKIP" signature="login()[pri:0, instance:betfair.pages.OxiXmlTest@173940bb]" name="login" is-config="true" duration-ms="0" started-at="2013-06-27T12:13:17Z" description="Logs in before method" finished-at="2013-06-27T12:13:17Z">
          <reporter-output>
          </reporter-output>
        </test-method> <!-- login -->
        <test-method status="SKIP" signature="login()[pri:0, instance:betfair.pages.OxiXmlTest@173940bb]" name="login" is-config="true" duration-ms="0" started-at="2013-06-27T12:13:17Z" description="Logs in before method" finished-at="2013-06-27T12:13:17Z">
          <reporter-output>
          </reporter-output>
        </test-method> <!-- login -->
        <test-method status="SKIP" signature="reqFreebetTrigger()[pri:0, instance:betfair.pages.OxiXmlTest@173940bb]" name="reqFreebetTrigger" duration-ms="0" started-at="2013-06-27T12:13:17Z" description="C217758 - reqFreebetTrigger" finished-at="2013-06-27T12:13:17Z">
          <reporter-output>
          </reporter-output>
        </test-method> <!-- reqFreebetTrigger -->
        <test-method status="SKIP" signature="logout(org.testng.ITestResult)[pri:0, instance:betfair.pages.OxiXmlTest@173940bb]" name="logout" is-config="true" duration-ms="0" started-at="2013-06-27T12:13:17Z" description="Logs out after method" finished-at="2013-06-27T12:13:17Z">
          <reporter-output>
          </reporter-output>
        </test-method> <!-- logout -->
        <test-method status="PASS" signature="tearDown()[pri:0, instance:betfair.pages.OxiXmlTest@173940bb]" name="tearDown" is-config="true" duration-ms="0" started-at="2013-06-27T12:13:17Z" finished-at="2013-06-27T12:13:17Z">
          <reporter-output>
          </reporter-output>
        </test-method> <!-- tearDown -->
        <test-method status="SKIP" signature="reqBetCashout()[pri:0, instance:betfair.pages.OxiXmlTest@173940bb]" name="reqBetCashout" duration-ms="0" started-at="2013-06-27T12:13:17Z" description="C217764 - reqBetCashout" finished-at="2013-06-27T12:13:17Z">
          <reporter-output>
          </reporter-output>
        </test-method> <!-- reqBetCashout -->
        <test-method status="SKIP" signature="startTest(java.lang.reflect.Method)[pri:0, instance:betfair.pages.OxiXmlTest@173940bb]" name="startTest" is-config="true" duration-ms="0" started-at="2013-06-27T12:13:17Z" finished-at="2013-06-27T12:13:17Z">
          <reporter-output>
          </reporter-output>
        </test-method> <!-- startTest -->
        <test-method status="SKIP" signature="login()[pri:0, instance:betfair.pages.OxiXmlTest@173940bb]" name="login" is-config="true" duration-ms="0" started-at="2013-06-27T12:13:17Z" description="Logs in before method" finished-at="2013-06-27T12:13:17Z">
          <reporter-output>
          </reporter-output>
        </test-method> <!-- login -->
      </class> <!-- betfair.pages.OxiXmlTest -->
      <class name="betfair.pages.WinLoseVoidTest">
        <test-method status="PASS" signature="init()[pri:0, instance:betfair.pages.WinLoseVoidTest@4900269d]" name="init" is-config="true" duration-ms="4084" started-at="2013-06-27T11:58:14Z" finished-at="2013-06-27T11:58:18Z">
          <reporter-output>
          </reporter-output>
        </test-method> <!-- init -->
        <test-method status="PASS" signature="classInit()[pri:0, instance:betfair.pages.WinLoseVoidTest@4900269d]" name="classInit" is-config="true" duration-ms="4981" started-at="2013-06-27T11:58:18Z" finished-at="2013-06-27T11:58:23Z">
          <reporter-output>
          </reporter-output>
        </test-method> <!-- classInit -->
        <test-method status="PASS" signature="startTest(java.lang.reflect.Method)[pri:0, instance:betfair.pages.WinLoseVoidTest@4900269d]" name="startTest" is-config="true" duration-ms="152" started-at="2013-06-27T11:58:23Z" finished-at="2013-06-27T11:58:23Z">
          <params>
            <param index="0">
              <value>
                <![CDATA[public void betfair.pages.WinLoseVoidTest.setResults()]]>
              </value>
            </param>
          </params>
          <reporter-output>
          </reporter-output>
        </test-method> <!-- startTest -->
        <test-method status="PASS" signature="login()[pri:0, instance:betfair.pages.WinLoseVoidTest@4900269d]" name="login" is-config="true" duration-ms="3155" started-at="2013-06-27T11:58:23Z" description="Logs in before method" finished-at="2013-06-27T11:58:27Z">
          <reporter-output>
          </reporter-output>
        </test-method> <!-- login -->
        <test-method status="PASS" signature="setResults()[pri:0, instance:betfair.pages.WinLoseVoidTest@4900269d]" name="setResults" duration-ms="24110" started-at="2013-06-27T11:58:27Z" description="C141956 - Set results (Win, Lose and Void) for a selections and settle Market" finished-at="2013-06-27T11:58:51Z">
          <reporter-output>
          </reporter-output>
        </test-method> <!-- setResults -->
        <test-method status="PASS" signature="logout(org.testng.ITestResult)[pri:0, instance:betfair.pages.WinLoseVoidTest@4900269d]" name="logout" is-config="true" duration-ms="282" started-at="2013-06-27T11:58:51Z" description="Logs out after method" finished-at="2013-06-27T11:58:51Z">
          <params>
            <param index="0">
              <value>
                <![CDATA[[TestResult: setResults STATUS:SUCCESS METHOD:WinLoseVoidTest.setResults()[pri:0, instance:betfair.pages.WinLoseVoidTest@4900269d]]
]]>
              </value>
            </param>
          </params>
          <reporter-output>
          </reporter-output>
        </test-method> <!-- logout -->
        <test-method status="PASS" signature="startTest(java.lang.reflect.Method)[pri:0, instance:betfair.pages.WinLoseVoidTest@4900269d]" name="startTest" is-config="true" duration-ms="275" started-at="2013-06-27T11:58:51Z" finished-at="2013-06-27T11:58:51Z">
          <params>
            <param index="0">
              <value>
                <![CDATA[public void betfair.pages.WinLoseVoidTest.unsetResults()]]>
              </value>
            </param>
          </params>
          <reporter-output>
          </reporter-output>
        </test-method> <!-- startTest -->
        <test-method status="PASS" signature="login()[pri:0, instance:betfair.pages.WinLoseVoidTest@4900269d]" name="login" is-config="true" duration-ms="1662" started-at="2013-06-27T11:58:51Z" description="Logs in before method" finished-at="2013-06-27T11:58:53Z">
          <reporter-output>
          </reporter-output>
        </test-method> <!-- login -->
        <test-method status="FAIL" signature="unsetResults()[pri:0, instance:betfair.pages.WinLoseVoidTest@4900269d]" name="unsetResults" duration-ms="48309" started-at="2013-06-27T11:58:53Z" description="C141957	- Unsettle market" finished-at="2013-06-27T11:59:41Z">
          <exception class="org.openqa.selenium.NoSuchElementException">
            <message>
              <![CDATA[Unable to locate element: {"method":"xpath","selector":"//a[contains(@href,'HORSE_RACING')]"}
Command duration or timeout: 30.04 seconds
For documentation on this error, please visit: http://seleniumhq.org/exceptions/no_such_element.html
Build info: version: '2.30.0', revision: 'dc1ef9c', time: '2013-02-19 00:15:27'
System info: os.name: 'Windows 7', os.arch: 'amd64', os.version: '6.1', java.version: '1.7.0_11'
Session ID: 918f09d0-b7a5-4cb6-9d4f-20ba5c789c1e
Driver info: org.openqa.selenium.firefox.FirefoxDriver
Capabilities [{platform=XP, databaseEnabled=true, cssSelectorsEnabled=true, javascriptEnabled=true, acceptSslCerts=true, handlesAlerts=true, browserName=firefox, browserConnectionEnabled=true, nativeEvents=true, webStorageEnabled=true, rotatable=false, locationContextEnabled=true, applicationCacheEnabled=true, takesScreenshot=true, version=19.0}]
For documentation on this error, please visit: http://seleniumhq.org/exceptions/no_such_element.html
Build info: version: '2.30.0', revision: 'dc1ef9ceb805a672f56dc49198f9ffbd4ca345c7', time: '2013-02-19 09:14:38'
System info: os.name: 'Windows 7', os.arch: 'amd64', os.version: '6.1', java.version: '1.7.0_11'
Driver info: driver.version: RemoteWebDriver]]>
            </message>
            <full-stacktrace>
              <![CDATA[org.openqa.selenium.NoSuchElementException: Unable to locate element: {"method":"xpath","selector":"//a[contains(@href,'HORSE_RACING')]"}
Command duration or timeout: 30.04 seconds
For documentation on this error, please visit: http://seleniumhq.org/exceptions/no_such_element.html
Build info: version: '2.30.0', revision: 'dc1ef9c', time: '2013-02-19 00:15:27'
System info: os.name: 'Windows 7', os.arch: 'amd64', os.version: '6.1', java.version: '1.7.0_11'
Session ID: 918f09d0-b7a5-4cb6-9d4f-20ba5c789c1e
Driver info: org.openqa.selenium.firefox.FirefoxDriver
Capabilities [{platform=XP, databaseEnabled=true, cssSelectorsEnabled=true, javascriptEnabled=true, acceptSslCerts=true, handlesAlerts=true, browserName=firefox, browserConnectionEnabled=true, nativeEvents=true, webStorageEnabled=true, rotatable=false, locationContextEnabled=true, applicationCacheEnabled=true, takesScreenshot=true, version=19.0}]
For documentation on this error, please visit: http://seleniumhq.org/exceptions/no_such_element.html
Build info: version: '2.30.0', revision: 'dc1ef9ceb805a672f56dc49198f9ffbd4ca345c7', time: '2013-02-19 09:14:38'
System info: os.name: 'Windows 7', os.arch: 'amd64', os.version: '6.1', java.version: '1.7.0_11'
Driver info: driver.version: RemoteWebDriver
	at sun.reflect.NativeConstructorAccessorImpl.newInstance0(Native Method)
	at sun.reflect.NativeConstructorAccessorImpl.newInstance(NativeConstructorAccessorImpl.java:57)
	at sun.reflect.DelegatingConstructorAccessorImpl.newInstance(DelegatingConstructorAccessorImpl.java:45)
	at java.lang.reflect.Constructor.newInstance(Constructor.java:525)
	at org.openqa.selenium.remote.ErrorHandler.createThrowable(ErrorHandler.java:131)
	at org.openqa.selenium.remote.ErrorHandler.throwIfResponseFailed(ErrorHandler.java:105)
	at org.openqa.selenium.remote.RemoteWebDriver.execute(RemoteWebDriver.java:405)
	at org.openqa.selenium.remote.RemoteWebDriver.findElement(RemoteWebDriver.java:193)
	at org.openqa.selenium.remote.RemoteWebDriver.findElementByXPath(RemoteWebDriver.java:266)
	at org.openqa.selenium.By$ByXPath.findElement(By.java:344)
	at org.openqa.selenium.remote.RemoteWebDriver.findElement(RemoteWebDriver.java:185)
	at org.openqa.selenium.support.pagefactory.DefaultElementLocator.findElement(DefaultElementLocator.java:59)
	at org.openqa.selenium.support.pagefactory.internal.LocatingElementHandler.invoke(LocatingElementHandler.java:34)
	at $Proxy9.click(Unknown Source)
	at betfair.pages.AdminEventUnsettle.clickCategoryHorseRacing(AdminEventUnsettle.java:105)
	at betfair.pages.WinLoseVoidTest.unsetResults(WinLoseVoidTest.java:147)
	at sun.reflect.NativeMethodAccessorImpl.invoke0(Native Method)
	at sun.reflect.NativeMethodAccessorImpl.invoke(NativeMethodAccessorImpl.java:57)
	at sun.reflect.DelegatingMethodAccessorImpl.invoke(DelegatingMethodAccessorImpl.java:43)
	at java.lang.reflect.Method.invoke(Method.java:601)
	at org.testng.internal.MethodInvocationHelper.invokeMethod(MethodInvocationHelper.java:80)
	at org.testng.internal.Invoker.invokeMethod(Invoker.java:715)
	at org.testng.internal.Invoker.invokeTestMethod(Invoker.java:907)
	at org.testng.internal.Invoker.invokeTestMethods(Invoker.java:1237)
	at org.testng.internal.TestMethodWorker.invokeTestMethods(TestMethodWorker.java:127)
	at org.testng.internal.TestMethodWorker.run(TestMethodWorker.java:111)
	at org.testng.TestRunner.privateRun(TestRunner.java:767)
	at org.testng.TestRunner.run(TestRunner.java:617)
	at org.testng.SuiteRunner.runTest(SuiteRunner.java:334)
	at org.testng.SuiteRunner.runSequentially(SuiteRunner.java:329)
	at org.testng.SuiteRunner.privateRun(SuiteRunner.java:291)
	at org.testng.SuiteRunner.run(SuiteRunner.java:240)
	at org.testng.SuiteRunnerWorker.runSuite(SuiteRunnerWorker.java:51)
	at org.testng.SuiteRunnerWorker.run(SuiteRunnerWorker.java:85)
	at org.testng.TestNG.runSuitesSequentially(TestNG.java:1197)
	at org.testng.TestNG.runSuitesLocally(TestNG.java:1122)
	at org.testng.TestNG.run(TestNG.java:1030)
	at org.apache.maven.surefire.testng.TestNGExecutor.run(TestNGExecutor.java:177)
	at org.apache.maven.surefire.testng.TestNGXmlTestSuite.execute(TestNGXmlTestSuite.java:92)
	at org.apache.maven.surefire.testng.TestNGProvider.invoke(TestNGProvider.java:105)
	at sun.reflect.NativeMethodAccessorImpl.invoke0(Native Method)
	at sun.reflect.NativeMethodAccessorImpl.invoke(NativeMethodAccessorImpl.java:57)
	at sun.reflect.DelegatingMethodAccessorImpl.invoke(DelegatingMethodAccessorImpl.java:43)
	at java.lang.reflect.Method.invoke(Method.java:601)
	at org.apache.maven.surefire.util.ReflectionUtils.invokeMethodWithArray(ReflectionUtils.java:189)
	at org.apache.maven.surefire.booter.ProviderFactory$ProviderProxy.invoke(ProviderFactory.java:165)
	at org.apache.maven.surefire.booter.ProviderFactory.invokeProvider(ProviderFactory.java:85)
	at org.apache.maven.surefire.booter.ForkedBooter.runSuitesInProcess(ForkedBooter.java:103)
	at org.apache.maven.surefire.booter.ForkedBooter.main(ForkedBooter.java:74)
Caused by: org.openqa.selenium.remote.ScreenshotException: Screen shot has been taken
Build info: version: '2.30.0', revision: 'dc1ef9ceb805a672f56dc49198f9ffbd4ca345c7', time: '2013-02-19 09:14:38'
System info: os.name: 'Windows 7', os.arch: 'amd64', os.version: '6.1', java.version: '1.7.0_11'
Driver info: driver.version: RemoteWebDriver
	at org.openqa.selenium.remote.ErrorHandler.throwIfResponseFailed(ErrorHandler.java:99)
	... 43 more
Caused by: org.openqa.selenium.NoSuchElementException: Unable to locate element: {"method":"xpath","selector":"//a[contains(@href,'HORSE_RACING')]"}
Command duration or timeout: 30.04 seconds
For documentation on this error, please visit: http://seleniumhq.org/exceptions/no_such_element.html
Build info: version: '2.30.0', revision: 'dc1ef9c', time: '2013-02-19 00:15:27'
System info: os.name: 'Windows 7', os.arch: 'amd64', os.version: '6.1', java.version: '1.7.0_11'
Session ID: 918f09d0-b7a5-4cb6-9d4f-20ba5c789c1e
Driver info: org.openqa.selenium.firefox.FirefoxDriver
Capabilities [{platform=XP, databaseEnabled=true, cssSelectorsEnabled=true, javascriptEnabled=true, acceptSslCerts=true, handlesAlerts=true, browserName=firefox, browserConnectionEnabled=true, nativeEvents=true, webStorageEnabled=true, rotatable=false, locationContextEnabled=true, applicationCacheEnabled=true, takesScreenshot=true, version=19.0}]
For documentation on this error, please visit: http://seleniumhq.org/exceptions/no_such_element.html
Build info: version: '2.30.0', revision: 'dc1ef9ceb805a672f56dc49198f9ffbd4ca345c7', time: '2013-02-19 09:14:38'
System info: os.name: 'Windows 7', os.arch: 'amd64', os.version: '6.1', java.version: '1.7.0_11'
Driver info: driver.version: EventFiringWebDriver
	at sun.reflect.NativeConstructorAccessorImpl.newInstance0(Native Method)
	at sun.reflect.NativeConstructorAccessorImpl.newInstance(null)
	at sun.reflect.DelegatingConstructorAccessorImpl.newInstance(null)
	at java.lang.reflect.Constructor.newInstance(null)
	at org.openqa.selenium.remote.ErrorHandler.createThrowable(ErrorHandler.java:187)
	at org.openqa.selenium.remote.ErrorHandler.throwIfResponseFailed(ErrorHandler.java:145)
	at org.openqa.selenium.remote.RemoteWebDriver.execute(RemoteWebDriver.java:554)
	at org.openqa.selenium.remote.RemoteWebDriver.findElement(RemoteWebDriver.java:307)
	at org.openqa.selenium.remote.RemoteWebDriver.findElementByXPath(RemoteWebDriver.java:404)
	at org.openqa.selenium.By$ByXPath.findElement(By.java:344)
	at org.openqa.selenium.remote.RemoteWebDriver.findElement(RemoteWebDriver.java:299)
	at sun.reflect.GeneratedMethodAccessor22.invoke(null)
	at sun.reflect.DelegatingMethodAccessorImpl.invoke(null)
	at java.lang.reflect.Method.invoke(null)
	at org.openqa.selenium.support.events.EventFiringWebDriver$2.invoke(EventFiringWebDriver.java:101)
	at $Proxy1.findElement(null)
	at org.openqa.selenium.support.events.EventFiringWebDriver.findElement(EventFiringWebDriver.java:180)
	at org.openqa.selenium.remote.server.handler.FindElement.call(FindElement.java:47)
	at org.openqa.selenium.remote.server.handler.FindElement.call(FindElement.java:1)
	at java.util.concurrent.FutureTask$Sync.innerRun(null)
	at java.util.concurrent.FutureTask.run(null)
	at org.openqa.selenium.remote.server.DefaultSession$1.run(DefaultSession.java:167)
	at java.util.concurrent.ThreadPoolExecutor.runWorker(null)
	at java.util.concurrent.ThreadPoolExecutor$Worker.run(null)
	at java.lang.Thread.run(null)
]]>
            </full-stacktrace>
          </exception> <!-- org.openqa.selenium.NoSuchElementException -->
          <reporter-output>
          </reporter-output>
        </test-method> <!-- unsetResults -->
        <test-method status="PASS" signature="logout(org.testng.ITestResult)[pri:0, instance:betfair.pages.WinLoseVoidTest@4900269d]" name="logout" is-config="true" duration-ms="510" started-at="2013-06-27T11:59:41Z" description="Logs out after method" finished-at="2013-06-27T11:59:42Z">
          <params>
            <param index="0">
              <value>
                <![CDATA[[TestResult: unsetResults STATUS:FAILURE METHOD:WinLoseVoidTest.unsetResults()[pri:0, instance:betfair.pages.WinLoseVoidTest@4900269d]]
]]>
              </value>
            </param>
          </params>
          <reporter-output>
          </reporter-output>
        </test-method> <!-- logout -->
        <test-method status="PASS" signature="tearDown()[pri:0, instance:betfair.pages.WinLoseVoidTest@4900269d]" name="tearDown" is-config="true" duration-ms="248" started-at="2013-06-27T11:59:42Z" finished-at="2013-06-27T11:59:42Z">
          <reporter-output>
          </reporter-output>
        </test-method> <!-- tearDown -->
      </class> <!-- betfair.pages.WinLoseVoidTest -->
      <class name="betfair.pages.CreateEventsTest">
        <test-method status="PASS" signature="init()[pri:0, instance:betfair.pages.CreateEventsTest@635194a1]" name="init" is-config="true" duration-ms="5006" started-at="2013-06-27T11:56:41Z" finished-at="2013-06-27T11:56:46Z">
          <reporter-output>
          </reporter-output>
        </test-method> <!-- init -->
        <test-method status="PASS" signature="classInit()[pri:0, instance:betfair.pages.CreateEventsTest@635194a1]" name="classInit" is-config="true" duration-ms="22894" started-at="2013-06-27T11:56:46Z" finished-at="2013-06-27T11:57:09Z">
          <reporter-output>
          </reporter-output>
        </test-method> <!-- classInit -->
        <test-method status="PASS" signature="startTest(java.lang.reflect.Method)[pri:0, instance:betfair.pages.CreateEventsTest@635194a1]" name="startTest" is-config="true" duration-ms="200" started-at="2013-06-27T11:57:09Z" finished-at="2013-06-27T11:57:09Z">
          <params>
            <param index="0">
              <value>
                <![CDATA[public void betfair.pages.CreateEventsTest.createEnglishFootballEvent()]]>
              </value>
            </param>
          </params>
          <reporter-output>
          </reporter-output>
        </test-method> <!-- startTest -->
        <test-method status="PASS" signature="login()[pri:0, instance:betfair.pages.CreateEventsTest@635194a1]" name="login" is-config="true" duration-ms="2615" started-at="2013-06-27T11:57:09Z" description="Logs in before method" finished-at="2013-06-27T11:57:12Z">
          <reporter-output>
          </reporter-output>
        </test-method> <!-- login -->
        <test-method status="PASS" signature="createEnglishFootballEvent()[pri:0, instance:betfair.pages.CreateEventsTest@635194a1]" name="createEnglishFootballEvent" duration-ms="24700" started-at="2013-06-27T11:57:12Z" description="C141950 - Create an English Football Event" finished-at="2013-06-27T11:57:36Z">
          <reporter-output>
          </reporter-output>
        </test-method> <!-- createEnglishFootballEvent -->
        <test-method status="PASS" signature="logout(org.testng.ITestResult)[pri:0, instance:betfair.pages.CreateEventsTest@635194a1]" name="logout" is-config="true" duration-ms="226" started-at="2013-06-27T11:57:36Z" description="Logs out after method" finished-at="2013-06-27T11:57:37Z">
          <params>
            <param index="0">
              <value>
                <![CDATA[[TestResult: createEnglishFootballEvent STATUS:SUCCESS METHOD:CreateEventsTest.createEnglishFootballEvent()[pri:0, instance:betfair.pages.CreateEventsTest@635194a1]]
]]>
              </value>
            </param>
          </params>
          <reporter-output>
          </reporter-output>
        </test-method> <!-- logout -->
        <test-method status="PASS" signature="startTest(java.lang.reflect.Method)[pri:0, instance:betfair.pages.CreateEventsTest@635194a1]" name="startTest" is-config="true" duration-ms="1277" started-at="2013-06-27T11:57:37Z" finished-at="2013-06-27T11:57:38Z">
          <params>
            <param index="0">
              <value>
                <![CDATA[public void betfair.pages.CreateEventsTest.createHorseRacingEvent()]]>
              </value>
            </param>
          </params>
          <reporter-output>
          </reporter-output>
        </test-method> <!-- startTest -->
        <test-method status="PASS" signature="login()[pri:0, instance:betfair.pages.CreateEventsTest@635194a1]" name="login" is-config="true" duration-ms="1490" started-at="2013-06-27T11:57:38Z" description="Logs in before method" finished-at="2013-06-27T11:57:39Z">
          <reporter-output>
          </reporter-output>
        </test-method> <!-- login -->
        <test-method status="PASS" signature="createHorseRacingEvent()[pri:0, instance:betfair.pages.CreateEventsTest@635194a1]" name="createHorseRacingEvent" duration-ms="10828" started-at="2013-06-27T11:57:39Z" description="C141963 - Create a Horse Racing Event" finished-at="2013-06-27T11:57:50Z">
          <reporter-output>
          </reporter-output>
        </test-method> <!-- createHorseRacingEvent -->
        <test-method status="PASS" signature="logout(org.testng.ITestResult)[pri:0, instance:betfair.pages.CreateEventsTest@635194a1]" name="logout" is-config="true" duration-ms="248" started-at="2013-06-27T11:57:50Z" description="Logs out after method" finished-at="2013-06-27T11:57:50Z">
          <params>
            <param index="0">
              <value>
                <![CDATA[[TestResult: createHorseRacingEvent STATUS:SUCCESS METHOD:CreateEventsTest.createHorseRacingEvent()[pri:0, instance:betfair.pages.CreateEventsTest@635194a1]]
]]>
              </value>
            </param>
          </params>
          <reporter-output>
          </reporter-output>
        </test-method> <!-- logout -->
        <test-method status="PASS" signature="tearDown()[pri:0, instance:betfair.pages.CreateEventsTest@635194a1]" name="tearDown" is-config="true" duration-ms="233" started-at="2013-06-27T11:57:50Z" finished-at="2013-06-27T11:57:51Z">
          <reporter-output>
          </reporter-output>
        </test-method> <!-- tearDown -->
      </class> <!-- betfair.pages.CreateEventsTest -->
      <class name="betfair.pages.PlaceBetEndtoEndTest">
        <test-method status="PASS" signature="init()[pri:0, instance:betfair.pages.PlaceBetEndtoEndTest@3f17d8d5]" name="init" is-config="true" duration-ms="5171" started-at="2013-06-27T11:59:42Z" finished-at="2013-06-27T11:59:47Z">
          <reporter-output>
          </reporter-output>
        </test-method> <!-- init -->
        <test-method status="PASS" signature="classInit()[pri:0, instance:betfair.pages.PlaceBetEndtoEndTest@3f17d8d5]" name="classInit" is-config="true" duration-ms="3373" started-at="2013-06-27T11:59:47Z" finished-at="2013-06-27T11:59:51Z">
          <reporter-output>
          </reporter-output>
        </test-method> <!-- classInit -->
        <test-method status="PASS" signature="startTest(java.lang.reflect.Method)[pri:0, instance:betfair.pages.PlaceBetEndtoEndTest@3f17d8d5]" name="startTest" is-config="true" duration-ms="314" started-at="2013-06-27T11:59:51Z" finished-at="2013-06-27T11:59:51Z">
          <params>
            <param index="0">
              <value>
                <![CDATA[public void betfair.pages.PlaceBetEndtoEndTest.placeBetEndtoEndHR() throws java.lang.Exception]]>
              </value>
            </param>
          </params>
          <reporter-output>
          </reporter-output>
        </test-method> <!-- startTest -->
        <test-method status="PASS" signature="login()[pri:0, instance:betfair.pages.PlaceBetEndtoEndTest@3f17d8d5]" name="login" is-config="true" duration-ms="675" started-at="2013-06-27T11:59:51Z" description="Logs in before method" finished-at="2013-06-27T11:59:52Z">
          <reporter-output>
          </reporter-output>
        </test-method> <!-- login -->
        <test-method status="FAIL" signature="placeBetEndtoEndHR()[pri:0, instance:betfair.pages.PlaceBetEndtoEndTest@3f17d8d5]" name="placeBetEndtoEndHR" duration-ms="41372" started-at="2013-06-27T11:59:52Z" description="C201985 - Place bet - Horse Racing" finished-at="2013-06-27T12:00:33Z">
          <exception class="java.lang.NullPointerException">
            <full-stacktrace>
              <![CDATA[java.lang.NullPointerException
	at betfair.pages.PlaceBetEndtoEndTest.placeBetEndtoEndHR(PlaceBetEndtoEndTest.java:79)
	at sun.reflect.NativeMethodAccessorImpl.invoke0(Native Method)
	at sun.reflect.NativeMethodAccessorImpl.invoke(NativeMethodAccessorImpl.java:57)
	at sun.reflect.DelegatingMethodAccessorImpl.invoke(DelegatingMethodAccessorImpl.java:43)
	at java.lang.reflect.Method.invoke(Method.java:601)
	at org.testng.internal.MethodInvocationHelper.invokeMethod(MethodInvocationHelper.java:80)
	at org.testng.internal.Invoker.invokeMethod(Invoker.java:715)
	at org.testng.internal.Invoker.invokeTestMethod(Invoker.java:907)
	at org.testng.internal.Invoker.invokeTestMethods(Invoker.java:1237)
	at org.testng.internal.TestMethodWorker.invokeTestMethods(TestMethodWorker.java:127)
	at org.testng.internal.TestMethodWorker.run(TestMethodWorker.java:111)
	at org.testng.TestRunner.privateRun(TestRunner.java:767)
	at org.testng.TestRunner.run(TestRunner.java:617)
	at org.testng.SuiteRunner.runTest(SuiteRunner.java:334)
	at org.testng.SuiteRunner.runSequentially(SuiteRunner.java:329)
	at org.testng.SuiteRunner.privateRun(SuiteRunner.java:291)
	at org.testng.SuiteRunner.run(SuiteRunner.java:240)
	at org.testng.SuiteRunnerWorker.runSuite(SuiteRunnerWorker.java:51)
	at org.testng.SuiteRunnerWorker.run(SuiteRunnerWorker.java:85)
	at org.testng.TestNG.runSuitesSequentially(TestNG.java:1197)
	at org.testng.TestNG.runSuitesLocally(TestNG.java:1122)
	at org.testng.TestNG.run(TestNG.java:1030)
	at org.apache.maven.surefire.testng.TestNGExecutor.run(TestNGExecutor.java:177)
	at org.apache.maven.surefire.testng.TestNGXmlTestSuite.execute(TestNGXmlTestSuite.java:92)
	at org.apache.maven.surefire.testng.TestNGProvider.invoke(TestNGProvider.java:105)
	at sun.reflect.NativeMethodAccessorImpl.invoke0(Native Method)
	at sun.reflect.NativeMethodAccessorImpl.invoke(NativeMethodAccessorImpl.java:57)
	at sun.reflect.DelegatingMethodAccessorImpl.invoke(DelegatingMethodAccessorImpl.java:43)
	at java.lang.reflect.Method.invoke(Method.java:601)
	at org.apache.maven.surefire.util.ReflectionUtils.invokeMethodWithArray(ReflectionUtils.java:189)
	at org.apache.maven.surefire.booter.ProviderFactory$ProviderProxy.invoke(ProviderFactory.java:165)
	at org.apache.maven.surefire.booter.ProviderFactory.invokeProvider(ProviderFactory.java:85)
	at org.apache.maven.surefire.booter.ForkedBooter.runSuitesInProcess(ForkedBooter.java:103)
	at org.apache.maven.surefire.booter.ForkedBooter.main(ForkedBooter.java:74)
]]>
            </full-stacktrace>
          </exception> <!-- java.lang.NullPointerException -->
          <reporter-output>
          </reporter-output>
        </test-method> <!-- placeBetEndtoEndHR -->
        <test-method status="PASS" signature="logout(org.testng.ITestResult)[pri:0, instance:betfair.pages.PlaceBetEndtoEndTest@3f17d8d5]" name="logout" is-config="true" duration-ms="745" started-at="2013-06-27T12:00:33Z" description="Logs out after method" finished-at="2013-06-27T12:00:34Z">
          <params>
            <param index="0">
              <value>
                <![CDATA[[TestResult: placeBetEndtoEndHR STATUS:FAILURE METHOD:PlaceBetEndtoEndTest.placeBetEndtoEndHR()[pri:0, instance:betfair.pages.PlaceBetEndtoEndTest@3f17d8d5]]
]]>
              </value>
            </param>
          </params>
          <reporter-output>
          </reporter-output>
        </test-method> <!-- logout -->
        <test-method status="PASS" signature="startTest(java.lang.reflect.Method)[pri:0, instance:betfair.pages.PlaceBetEndtoEndTest@3f17d8d5]" name="startTest" is-config="true" duration-ms="157" started-at="2013-06-27T12:00:34Z" finished-at="2013-06-27T12:00:34Z">
          <params>
            <param index="0">
              <value>
                <![CDATA[public void betfair.pages.PlaceBetEndtoEndTest.placeBetEndtoEndFootball() throws java.lang.Exception]]>
              </value>
            </param>
          </params>
          <reporter-output>
          </reporter-output>
        </test-method> <!-- startTest -->
        <test-method status="PASS" signature="login()[pri:0, instance:betfair.pages.PlaceBetEndtoEndTest@3f17d8d5]" name="login" is-config="true" duration-ms="486" started-at="2013-06-27T12:00:34Z" description="Logs in before method" finished-at="2013-06-27T12:00:34Z">
          <reporter-output>
          </reporter-output>
        </test-method> <!-- login -->
        <test-method status="PASS" signature="placeBetEndtoEndFootball()[pri:0, instance:betfair.pages.PlaceBetEndtoEndTest@3f17d8d5]" name="placeBetEndtoEndFootball" duration-ms="50735" started-at="2013-06-27T12:00:34Z" description="C201990 - Place bet - Football" finished-at="2013-06-27T12:01:25Z">
          <reporter-output>
          </reporter-output>
        </test-method> <!-- placeBetEndtoEndFootball -->
        <test-method status="PASS" signature="logout(org.testng.ITestResult)[pri:0, instance:betfair.pages.PlaceBetEndtoEndTest@3f17d8d5]" name="logout" is-config="true" duration-ms="3274" started-at="2013-06-27T12:01:25Z" description="Logs out after method" finished-at="2013-06-27T12:01:28Z">
          <params>
            <param index="0">
              <value>
                <![CDATA[[TestResult: placeBetEndtoEndFootball STATUS:SUCCESS METHOD:PlaceBetEndtoEndTest.placeBetEndtoEndFootball()[pri:0, instance:betfair.pages.PlaceBetEndtoEndTest@3f17d8d5]]
]]>
              </value>
            </param>
          </params>
          <reporter-output>
          </reporter-output>
        </test-method> <!-- logout -->
        <test-method status="PASS" signature="tearDown()[pri:0, instance:betfair.pages.PlaceBetEndtoEndTest@3f17d8d5]" name="tearDown" is-config="true" duration-ms="258" started-at="2013-06-27T12:01:28Z" finished-at="2013-06-27T12:01:29Z">
          <reporter-output>
          </reporter-output>
        </test-method> <!-- tearDown -->
      </class> <!-- betfair.pages.PlaceBetEndtoEndTest -->
      <class name="betfair.pages.SearchCustomerTest">
        <test-method status="PASS" signature="init()[pri:0, instance:betfair.pages.SearchCustomerTest@2c677b56]" name="init" is-config="true" duration-ms="4126" started-at="2013-06-27T11:57:51Z" finished-at="2013-06-27T11:57:55Z">
          <reporter-output>
          </reporter-output>
        </test-method> <!-- init -->
        <test-method status="PASS" signature="classInit()[pri:0, instance:betfair.pages.SearchCustomerTest@2c677b56]" name="classInit" is-config="true" duration-ms="4752" started-at="2013-06-27T11:57:55Z" finished-at="2013-06-27T11:57:59Z">
          <reporter-output>
          </reporter-output>
        </test-method> <!-- classInit -->
        <test-method status="PASS" signature="startTest(java.lang.reflect.Method)[pri:0, instance:betfair.pages.SearchCustomerTest@2c677b56]" name="startTest" is-config="true" duration-ms="286" started-at="2013-06-27T11:57:59Z" finished-at="2013-06-27T11:58:00Z">
          <params>
            <param index="0">
              <value>
                <![CDATA[public void betfair.pages.SearchCustomerTest.searchCustomerUsername()]]>
              </value>
            </param>
          </params>
          <reporter-output>
          </reporter-output>
        </test-method> <!-- startTest -->
        <test-method status="PASS" signature="login()[pri:0, instance:betfair.pages.SearchCustomerTest@2c677b56]" name="login" is-config="true" duration-ms="1743" started-at="2013-06-27T11:58:00Z" description="Logs in before method" finished-at="2013-06-27T11:58:02Z">
          <reporter-output>
          </reporter-output>
        </test-method> <!-- login -->
        <test-method status="PASS" signature="searchCustomerUsername()[pri:0, instance:betfair.pages.SearchCustomerTest@2c677b56]" name="searchCustomerUsername" duration-ms="7253" started-at="2013-06-27T11:58:02Z" description="C141960 - Search for a Customer with their Username" finished-at="2013-06-27T11:58:09Z">
          <reporter-output>
          </reporter-output>
        </test-method> <!-- searchCustomerUsername -->
        <test-method status="PASS" signature="logout(org.testng.ITestResult)[pri:0, instance:betfair.pages.SearchCustomerTest@2c677b56]" name="logout" is-config="true" duration-ms="212" started-at="2013-06-27T11:58:09Z" description="Logs out after method" finished-at="2013-06-27T11:58:09Z">
          <params>
            <param index="0">
              <value>
                <![CDATA[[TestResult: searchCustomerUsername STATUS:SUCCESS METHOD:SearchCustomerTest.searchCustomerUsername()[pri:0, instance:betfair.pages.SearchCustomerTest@2c677b56]]
]]>
              </value>
            </param>
          </params>
          <reporter-output>
          </reporter-output>
        </test-method> <!-- logout -->
        <test-method status="PASS" signature="startTest(java.lang.reflect.Method)[pri:0, instance:betfair.pages.SearchCustomerTest@2c677b56]" name="startTest" is-config="true" duration-ms="147" started-at="2013-06-27T11:58:09Z" finished-at="2013-06-27T11:58:09Z">
          <params>
            <param index="0">
              <value>
                <![CDATA[public void betfair.pages.SearchCustomerTest.searchCustomerAccount()]]>
              </value>
            </param>
          </params>
          <reporter-output>
          </reporter-output>
        </test-method> <!-- startTest -->
        <test-method status="PASS" signature="login()[pri:0, instance:betfair.pages.SearchCustomerTest@2c677b56]" name="login" is-config="true" duration-ms="1524" started-at="2013-06-27T11:58:09Z" description="Logs in before method" finished-at="2013-06-27T11:58:11Z">
          <reporter-output>
          </reporter-output>
        </test-method> <!-- login -->
        <test-method status="PASS" signature="searchCustomerAccount()[pri:0, instance:betfair.pages.SearchCustomerTest@2c677b56]" name="searchCustomerAccount" duration-ms="3045" started-at="2013-06-27T11:58:11Z" description="C141961	- Search for a Customer with their Account No" finished-at="2013-06-27T11:58:14Z">
          <reporter-output>
          </reporter-output>
        </test-method> <!-- searchCustomerAccount -->
        <test-method status="PASS" signature="logout(org.testng.ITestResult)[pri:0, instance:betfair.pages.SearchCustomerTest@2c677b56]" name="logout" is-config="true" duration-ms="237" started-at="2013-06-27T11:58:14Z" description="Logs out after method" finished-at="2013-06-27T11:58:14Z">
          <params>
            <param index="0">
              <value>
                <![CDATA[[TestResult: searchCustomerAccount STATUS:SUCCESS METHOD:SearchCustomerTest.searchCustomerAccount()[pri:0, instance:betfair.pages.SearchCustomerTest@2c677b56]]
]]>
              </value>
            </param>
          </params>
          <reporter-output>
          </reporter-output>
        </test-method> <!-- logout -->
        <test-method status="PASS" signature="tearDown()[pri:0, instance:betfair.pages.SearchCustomerTest@2c677b56]" name="tearDown" is-config="true" duration-ms="261" started-at="2013-06-27T11:58:14Z" finished-at="2013-06-27T11:58:14Z">
          <reporter-output>
          </reporter-output>
        </test-method> <!-- tearDown -->
      </class> <!-- betfair.pages.SearchCustomerTest -->
      <class name="betfair.pages.CashoutExceptions">
        <test-method status="SKIP" signature="login()[pri:0, instance:betfair.pages.CashoutExceptions@7f416b2d]" name="login" is-config="true" duration-ms="0" started-at="2013-06-27T12:13:17Z" description="Logs in before method" finished-at="2013-06-27T12:13:17Z">
          <reporter-output>
          </reporter-output>
        </test-method> <!-- login -->
        <test-method status="SKIP" signature="reqBetCashout_CASHOUT_VALUE_TOO_HIGH()[pri:0, instance:betfair.pages.CashoutExceptions@7f416b2d]" name="reqBetCashout_CASHOUT_VALUE_TOO_HIGH" duration-ms="0" started-at="2013-06-27T12:13:17Z" description="C227807 - CASHOUT_VALUE_TOO_HIGH" finished-at="2013-06-27T12:13:17Z">
          <reporter-output>
          </reporter-output>
        </test-method> <!-- reqBetCashout_CASHOUT_VALUE_TOO_HIGH -->
        <test-method status="SKIP" signature="startTest(java.lang.reflect.Method)[pri:0, instance:betfair.pages.CashoutExceptions@7f416b2d]" name="startTest" is-config="true" duration-ms="0" started-at="2013-06-27T12:13:17Z" finished-at="2013-06-27T12:13:17Z">
          <reporter-output>
          </reporter-output>
        </test-method> <!-- startTest -->
        <test-method status="SKIP" signature="reqBetCashout_CASHOUT_OUTCOME_NOT_RESULTED()[pri:0, instance:betfair.pages.CashoutExceptions@7f416b2d]" name="reqBetCashout_CASHOUT_OUTCOME_NOT_RESULTED" duration-ms="1" started-at="2013-06-27T12:13:17Z" description="C227808 - CASHOUT_OUTCOME_NOT_RESULTED" finished-at="2013-06-27T12:13:17Z">
          <reporter-output>
          </reporter-output>
        </test-method> <!-- reqBetCashout_CASHOUT_OUTCOME_NOT_RESULTED -->
        <test-method status="SKIP" signature="login()[pri:0, instance:betfair.pages.CashoutExceptions@7f416b2d]" name="login" is-config="true" duration-ms="0" started-at="2013-06-27T12:13:17Z" description="Logs in before method" finished-at="2013-06-27T12:13:17Z">
          <reporter-output>
          </reporter-output>
        </test-method> <!-- login -->
        <test-method status="SKIP" signature="init()[pri:0, instance:betfair.pages.CashoutExceptions@7f416b2d]" name="init" is-config="true" duration-ms="0" started-at="2013-06-27T12:13:17Z" finished-at="2013-06-27T12:13:17Z">
          <reporter-output>
          </reporter-output>
        </test-method> <!-- init -->
        <test-method status="SKIP" signature="classInit()[pri:0, instance:betfair.pages.CashoutExceptions@7f416b2d]" name="classInit" is-config="true" duration-ms="0" started-at="2013-06-27T12:13:17Z" finished-at="2013-06-27T12:13:17Z">
          <reporter-output>
          </reporter-output>
        </test-method> <!-- classInit -->
        <test-method status="SKIP" signature="logout(org.testng.ITestResult)[pri:0, instance:betfair.pages.CashoutExceptions@7f416b2d]" name="logout" is-config="true" duration-ms="0" started-at="2013-06-27T12:13:17Z" description="Logs out after method" finished-at="2013-06-27T12:13:17Z">
          <reporter-output>
          </reporter-output>
        </test-method> <!-- logout -->
        <test-method status="SKIP" signature="startTest(java.lang.reflect.Method)[pri:0, instance:betfair.pages.CashoutExceptions@7f416b2d]" name="startTest" is-config="true" duration-ms="0" started-at="2013-06-27T12:13:17Z" finished-at="2013-06-27T12:13:17Z">
          <reporter-output>
          </reporter-output>
        </test-method> <!-- startTest -->
        <test-method status="SKIP" signature="login()[pri:0, instance:betfair.pages.CashoutExceptions@7f416b2d]" name="login" is-config="true" duration-ms="0" started-at="2013-06-27T12:13:17Z" description="Logs in before method" finished-at="2013-06-27T12:13:17Z">
          <reporter-output>
          </reporter-output>
        </test-method> <!-- login -->
        <test-method status="SKIP" signature="login()[pri:0, instance:betfair.pages.CashoutExceptions@7f416b2d]" name="login" is-config="true" duration-ms="0" started-at="2013-06-27T12:13:17Z" description="Logs in before method" finished-at="2013-06-27T12:13:17Z">
          <reporter-output>
          </reporter-output>
        </test-method> <!-- login -->
        <test-method status="SKIP" signature="logout(org.testng.ITestResult)[pri:0, instance:betfair.pages.CashoutExceptions@7f416b2d]" name="logout" is-config="true" duration-ms="0" started-at="2013-06-27T12:13:17Z" description="Logs out after method" finished-at="2013-06-27T12:13:17Z">
          <reporter-output>
          </reporter-output>
        </test-method> <!-- logout -->
        <test-method status="SKIP" signature="reqBetCashout_CASHOUT_BET_ALREADY_SETTLED()[pri:0, instance:betfair.pages.CashoutExceptions@7f416b2d]" name="reqBetCashout_CASHOUT_BET_ALREADY_SETTLED" duration-ms="0" started-at="2013-06-27T12:13:17Z" description="C227809 - CASHOUT_BET_ALREADY_SETTLED" finished-at="2013-06-27T12:13:17Z">
          <reporter-output>
          </reporter-output>
        </test-method> <!-- reqBetCashout_CASHOUT_BET_ALREADY_SETTLED -->
        <test-method status="SKIP" signature="logout(org.testng.ITestResult)[pri:0, instance:betfair.pages.CashoutExceptions@7f416b2d]" name="logout" is-config="true" duration-ms="0" started-at="2013-06-27T12:13:17Z" description="Logs out after method" finished-at="2013-06-27T12:13:17Z">
          <reporter-output>
          </reporter-output>
        </test-method> <!-- logout -->
        <test-method status="SKIP" signature="startTest(java.lang.reflect.Method)[pri:0, instance:betfair.pages.CashoutExceptions@7f416b2d]" name="startTest" is-config="true" duration-ms="0" started-at="2013-06-27T12:13:17Z" finished-at="2013-06-27T12:13:17Z">
          <reporter-output>
          </reporter-output>
        </test-method> <!-- startTest -->
        <test-method status="SKIP" signature="startTest(java.lang.reflect.Method)[pri:0, instance:betfair.pages.CashoutExceptions@7f416b2d]" name="startTest" is-config="true" duration-ms="0" started-at="2013-06-27T12:13:17Z" finished-at="2013-06-27T12:13:17Z">
          <reporter-output>
          </reporter-output>
        </test-method> <!-- startTest -->
        <test-method status="SKIP" signature="logout(org.testng.ITestResult)[pri:0, instance:betfair.pages.CashoutExceptions@7f416b2d]" name="logout" is-config="true" duration-ms="0" started-at="2013-06-27T12:13:17Z" description="Logs out after method" finished-at="2013-06-27T12:13:17Z">
          <reporter-output>
          </reporter-output>
        </test-method> <!-- logout -->
        <test-method status="SKIP" signature="login()[pri:0, instance:betfair.pages.CashoutExceptions@7f416b2d]" name="login" is-config="true" duration-ms="0" started-at="2013-06-27T12:13:17Z" description="Logs in before method" finished-at="2013-06-27T12:13:17Z">
          <reporter-output>
          </reporter-output>
        </test-method> <!-- login -->
        <test-method status="SKIP" signature="reqBetCashout_CASHOUT_OUTCOME_NOT_BETABLE()[pri:0, instance:betfair.pages.CashoutExceptions@7f416b2d]" name="reqBetCashout_CASHOUT_OUTCOME_NOT_BETABLE" duration-ms="0" started-at="2013-06-27T12:13:17Z" description="C227811 - CASHOUT_OUTCOME_NOT_BETABLE" finished-at="2013-06-27T12:13:17Z">
          <reporter-output>
          </reporter-output>
        </test-method> <!-- reqBetCashout_CASHOUT_OUTCOME_NOT_BETABLE -->
        <test-method status="SKIP" signature="reqBetCashout_CASHOUT_OUTCOME_RESULTED()[pri:0, instance:betfair.pages.CashoutExceptions@7f416b2d]" name="reqBetCashout_CASHOUT_OUTCOME_RESULTED" duration-ms="0" started-at="2013-06-27T12:13:17Z" description="C227810 - CASHOUT_OUTCOME_RESULTED" finished-at="2013-06-27T12:13:17Z">
          <reporter-output>
          </reporter-output>
        </test-method> <!-- reqBetCashout_CASHOUT_OUTCOME_RESULTED -->
        <test-method status="SKIP" signature="logout(org.testng.ITestResult)[pri:0, instance:betfair.pages.CashoutExceptions@7f416b2d]" name="logout" is-config="true" duration-ms="0" started-at="2013-06-27T12:13:17Z" description="Logs out after method" finished-at="2013-06-27T12:13:17Z">
          <reporter-output>
          </reporter-output>
        </test-method> <!-- logout -->
        <test-method status="SKIP" signature="startTest(java.lang.reflect.Method)[pri:0, instance:betfair.pages.CashoutExceptions@7f416b2d]" name="startTest" is-config="true" duration-ms="0" started-at="2013-06-27T12:13:17Z" finished-at="2013-06-27T12:13:17Z">
          <reporter-output>
          </reporter-output>
        </test-method> <!-- startTest -->
        <test-method status="SKIP" signature="startTest(java.lang.reflect.Method)[pri:0, instance:betfair.pages.CashoutExceptions@7f416b2d]" name="startTest" is-config="true" duration-ms="0" started-at="2013-06-27T12:13:17Z" finished-at="2013-06-27T12:13:17Z">
          <reporter-output>
          </reporter-output>
        </test-method> <!-- startTest -->
        <test-method status="SKIP" signature="reqBetCashout_CASHOUT_OUTCOME_BETABLE()[pri:0, instance:betfair.pages.CashoutExceptions@7f416b2d]" name="reqBetCashout_CASHOUT_OUTCOME_BETABLE" duration-ms="0" started-at="2013-06-27T12:13:17Z" description="C227812 - CASHOUT_OUTCOME_BETABLE" finished-at="2013-06-27T12:13:17Z">
          <reporter-output>
          </reporter-output>
        </test-method> <!-- reqBetCashout_CASHOUT_OUTCOME_BETABLE -->
        <test-method status="SKIP" signature="logout(org.testng.ITestResult)[pri:0, instance:betfair.pages.CashoutExceptions@7f416b2d]" name="logout" is-config="true" duration-ms="0" started-at="2013-06-27T12:13:17Z" description="Logs out after method" finished-at="2013-06-27T12:13:17Z">
          <reporter-output>
          </reporter-output>
        </test-method> <!-- logout -->
        <test-method status="SKIP" signature="startTest(java.lang.reflect.Method)[pri:0, instance:betfair.pages.CashoutExceptions@7f416b2d]" name="startTest" is-config="true" duration-ms="0" started-at="2013-06-27T12:13:17Z" finished-at="2013-06-27T12:13:17Z">
          <reporter-output>
          </reporter-output>
        </test-method> <!-- startTest -->
        <test-method status="SKIP" signature="login()[pri:0, instance:betfair.pages.CashoutExceptions@7f416b2d]" name="login" is-config="true" duration-ms="0" started-at="2013-06-27T12:13:17Z" description="Logs in before method" finished-at="2013-06-27T12:13:17Z">
          <reporter-output>
          </reporter-output>
        </test-method> <!-- login -->
        <test-method status="SKIP" signature="logout(org.testng.ITestResult)[pri:0, instance:betfair.pages.CashoutExceptions@7f416b2d]" name="logout" is-config="true" duration-ms="0" started-at="2013-06-27T12:13:17Z" description="Logs out after method" finished-at="2013-06-27T12:13:17Z">
          <reporter-output>
          </reporter-output>
        </test-method> <!-- logout -->
        <test-method status="SKIP" signature="logout(org.testng.ITestResult)[pri:0, instance:betfair.pages.CashoutExceptions@7f416b2d]" name="logout" is-config="true" duration-ms="0" started-at="2013-06-27T12:13:17Z" description="Logs out after method" finished-at="2013-06-27T12:13:17Z">
          <reporter-output>
          </reporter-output>
        </test-method> <!-- logout -->
        <test-method status="SKIP" signature="startTest(java.lang.reflect.Method)[pri:0, instance:betfair.pages.CashoutExceptions@7f416b2d]" name="startTest" is-config="true" duration-ms="0" started-at="2013-06-27T12:13:17Z" finished-at="2013-06-27T12:13:17Z">
          <reporter-output>
          </reporter-output>
        </test-method> <!-- startTest -->
        <test-method status="SKIP" signature="startTest(java.lang.reflect.Method)[pri:0, instance:betfair.pages.CashoutExceptions@7f416b2d]" name="startTest" is-config="true" duration-ms="0" started-at="2013-06-27T12:13:17Z" finished-at="2013-06-27T12:13:17Z">
          <reporter-output>
          </reporter-output>
        </test-method> <!-- startTest -->
        <test-method status="SKIP" signature="login()[pri:0, instance:betfair.pages.CashoutExceptions@7f416b2d]" name="login" is-config="true" duration-ms="0" started-at="2013-06-27T12:13:17Z" description="Logs in before method" finished-at="2013-06-27T12:13:17Z">
          <reporter-output>
          </reporter-output>
        </test-method> <!-- login -->
        <test-method status="SKIP" signature="reqBetCashout_CASHOUT_INVALID_EXPECTATION()[pri:0, instance:betfair.pages.CashoutExceptions@7f416b2d]" name="reqBetCashout_CASHOUT_INVALID_EXPECTATION" duration-ms="0" started-at="2013-06-27T12:13:17Z" description="C227814 - CASHOUT_INVALID_EXPECTATION" finished-at="2013-06-27T12:13:17Z">
          <reporter-output>
          </reporter-output>
        </test-method> <!-- reqBetCashout_CASHOUT_INVALID_EXPECTATION -->
        <test-method status="SKIP" signature="reqBetCashout_CASHOUT_OUTCOME_PRICE_CHANGED()[pri:0, instance:betfair.pages.CashoutExceptions@7f416b2d]" name="reqBetCashout_CASHOUT_OUTCOME_PRICE_CHANGED" duration-ms="0" started-at="2013-06-27T12:13:17Z" description="C227813 - CASHOUT_OUTCOME_PRICE_CHANGED" finished-at="2013-06-27T12:13:17Z">
          <reporter-output>
          </reporter-output>
        </test-method> <!-- reqBetCashout_CASHOUT_OUTCOME_PRICE_CHANGED -->
        <test-method status="SKIP" signature="login()[pri:0, instance:betfair.pages.CashoutExceptions@7f416b2d]" name="login" is-config="true" duration-ms="0" started-at="2013-06-27T12:13:17Z" description="Logs in before method" finished-at="2013-06-27T12:13:17Z">
          <reporter-output>
          </reporter-output>
        </test-method> <!-- login -->
        <test-method status="SKIP" signature="logout(org.testng.ITestResult)[pri:0, instance:betfair.pages.CashoutExceptions@7f416b2d]" name="logout" is-config="true" duration-ms="0" started-at="2013-06-27T12:13:17Z" description="Logs out after method" finished-at="2013-06-27T12:13:17Z">
          <reporter-output>
          </reporter-output>
        </test-method> <!-- logout -->
        <test-method status="SKIP" signature="startTest(java.lang.reflect.Method)[pri:0, instance:betfair.pages.CashoutExceptions@7f416b2d]" name="startTest" is-config="true" duration-ms="0" started-at="2013-06-27T12:13:17Z" finished-at="2013-06-27T12:13:17Z">
          <reporter-output>
          </reporter-output>
        </test-method> <!-- startTest -->
        <test-method status="SKIP" signature="login()[pri:0, instance:betfair.pages.CashoutExceptions@7f416b2d]" name="login" is-config="true" duration-ms="0" started-at="2013-06-27T12:13:17Z" description="Logs in before method" finished-at="2013-06-27T12:13:17Z">
          <reporter-output>
          </reporter-output>
        </test-method> <!-- login -->
        <test-method status="SKIP" signature="login()[pri:0, instance:betfair.pages.CashoutExceptions@7f416b2d]" name="login" is-config="true" duration-ms="0" started-at="2013-06-27T12:13:17Z" description="Logs in before method" finished-at="2013-06-27T12:13:17Z">
          <reporter-output>
          </reporter-output>
        </test-method> <!-- login -->
        <test-method status="SKIP" signature="reqBetCashout_CASHOUT_OUTCOME_PRICE_NOT_PROVIDED()[pri:0, instance:betfair.pages.CashoutExceptions@7f416b2d]" name="reqBetCashout_CASHOUT_OUTCOME_PRICE_NOT_PROVIDED" duration-ms="0" started-at="2013-06-27T12:13:17Z" description="C227815 - CASHOUT_OUTCOME_PRICE_NOT_PROVIDED" finished-at="2013-06-27T12:13:17Z">
          <reporter-output>
          </reporter-output>
        </test-method> <!-- reqBetCashout_CASHOUT_OUTCOME_PRICE_NOT_PROVIDED -->
        <test-method status="SKIP" signature="login()[pri:0, instance:betfair.pages.CashoutExceptions@7f416b2d]" name="login" is-config="true" duration-ms="0" started-at="2013-06-27T12:13:17Z" description="Logs in before method" finished-at="2013-06-27T12:13:17Z">
          <reporter-output>
          </reporter-output>
        </test-method> <!-- login -->
        <test-method status="SKIP" signature="logout(org.testng.ITestResult)[pri:0, instance:betfair.pages.CashoutExceptions@7f416b2d]" name="logout" is-config="true" duration-ms="0" started-at="2013-06-27T12:13:17Z" description="Logs out after method" finished-at="2013-06-27T12:13:17Z">
          <reporter-output>
          </reporter-output>
        </test-method> <!-- logout -->
        <test-method status="SKIP" signature="reqBetCashout_CASHOUT_OUTCOME_HANDICAP_CHANGED()[pri:0, instance:betfair.pages.CashoutExceptions@7f416b2d]" name="reqBetCashout_CASHOUT_OUTCOME_HANDICAP_CHANGED" duration-ms="0" started-at="2013-06-27T12:13:17Z" description="C227816 - CASHOUT_OUTCOME_HANDICAP_CHANGED" finished-at="2013-06-27T12:13:17Z">
          <reporter-output>
          </reporter-output>
        </test-method> <!-- reqBetCashout_CASHOUT_OUTCOME_HANDICAP_CHANGED -->
        <test-method status="SKIP" signature="startTest(java.lang.reflect.Method)[pri:0, instance:betfair.pages.CashoutExceptions@7f416b2d]" name="startTest" is-config="true" duration-ms="0" started-at="2013-06-27T12:13:17Z" finished-at="2013-06-27T12:13:17Z">
          <reporter-output>
          </reporter-output>
        </test-method> <!-- startTest -->
        <test-method status="SKIP" signature="logout(org.testng.ITestResult)[pri:0, instance:betfair.pages.CashoutExceptions@7f416b2d]" name="logout" is-config="true" duration-ms="0" started-at="2013-06-27T12:13:17Z" description="Logs out after method" finished-at="2013-06-27T12:13:17Z">
          <reporter-output>
          </reporter-output>
        </test-method> <!-- logout -->
        <test-method status="PASS" signature="tearDown()[pri:0, instance:betfair.pages.CashoutExceptions@7f416b2d]" name="tearDown" is-config="true" duration-ms="0" started-at="2013-06-27T12:13:17Z" finished-at="2013-06-27T12:13:17Z">
          <reporter-output>
          </reporter-output>
        </test-method> <!-- tearDown -->
        <test-method status="SKIP" signature="reqBetCashout_CASHOUT_OUTCOME_PRICE_EMPTY()[pri:0, instance:betfair.pages.CashoutExceptions@7f416b2d]" name="reqBetCashout_CASHOUT_OUTCOME_PRICE_EMPTY" duration-ms="0" started-at="2013-06-27T12:13:17Z" description="C227817 - CASHOUT_OUTCOME_PRICE_EMPTY" finished-at="2013-06-27T12:13:17Z">
          <reporter-output>
          </reporter-output>
        </test-method> <!-- reqBetCashout_CASHOUT_OUTCOME_PRICE_EMPTY -->
      </class> <!-- betfair.pages.CashoutExceptions -->
    </test> <!-- Test1 -->
  </suite> <!-- Tests -->
</testng-results>
