<?xml version="1.0" encoding="UTF-8"?>
<!-- Generated by org.testng.reporters.JUnitXMLReporter -->
<testsuite hostname="aldhafera" name="Test1" tests="49" failures="6" timestamp="27 Jun 2013 11:13:17 GMT" time="1202.45" errors="0">
  <testcase name="@AfterClass tearDown" time="0.0" classname="betfair.pages.BirEndToEndTest">
    <failure type="org.openqa.selenium.WebDriverException" message="Error communicating with the remote browser. It may have died.
Build info: version: &amp;apos;2.30.0&amp;apos;, revision: &amp;apos;dc1ef9c&amp;apos;, time: &amp;apos;2013-02-19 00:15:27&amp;apos;
System info: os.name: &amp;apos;Windows 7&amp;apos;, os.arch: &amp;apos;amd64&amp;apos;, os.version: &amp;apos;6.1&amp;apos;, java.version: &amp;apos;1.7.0_11&amp;apos;
Driver info: driver.version: EventFiringWebDriver
Build info: version: &amp;apos;2.30.0&amp;apos;, revision: &amp;apos;dc1ef9ceb805a672f56dc49198f9ffbd4ca345c7&amp;apos;, time: &amp;apos;2013-02-19 09:14:38&amp;apos;
System info: os.name: &amp;apos;Windows 7&amp;apos;, os.arch: &amp;apos;amd64&amp;apos;, os.version: &amp;apos;6.1&amp;apos;, java.version: &amp;apos;1.7.0_11&amp;apos;
Driver info: driver.version: RemoteWebDriver">
      <![CDATA[org.openqa.selenium.WebDriverException: Error communicating with the remote browser. It may have died.
Build info: version: '2.30.0', revision: 'dc1ef9c', time: '2013-02-19 00:15:27'
System info: os.name: 'Windows 7', os.arch: 'amd64', os.version: '6.1', java.version: '1.7.0_11'
Driver info: driver.version: EventFiringWebDriver
Build info: version: '2.30.0', revision: 'dc1ef9ceb805a672f56dc49198f9ffbd4ca345c7', time: '2013-02-19 09:14:38'
System info: os.name: 'Windows 7', os.arch: 'amd64', os.version: '6.1', java.version: '1.7.0_11'
Driver info: driver.version: RemoteWebDriver
	at org.openqa.selenium.remote.ErrorHandler.createThrowable(ErrorHandler.java:131)
	at org.openqa.selenium.remote.ErrorHandler.throwIfResponseFailed(ErrorHandler.java:105)
	at org.openqa.selenium.remote.RemoteWebDriver.execute(RemoteWebDriver.java:405)
	at org.openqa.selenium.remote.RemoteWebDriver.execute(RemoteWebDriver.java:409)
	at org.openqa.selenium.remote.RemoteWebDriver.quit(RemoteWebDriver.java:285)
	at betfair.pages.TestBase.tearDown(TestBase.java:93)
	at org.apache.maven.surefire.testng.TestNGExecutor.run(TestNGExecutor.java:177)
	at org.apache.maven.surefire.testng.TestNGXmlTestSuite.execute(TestNGXmlTestSuite.java:92)
	at org.apache.maven.surefire.testng.TestNGProvider.invoke(TestNGProvider.java:105)
	at org.apache.maven.surefire.util.ReflectionUtils.invokeMethodWithArray(ReflectionUtils.java:189)
	at org.apache.maven.surefire.booter.ProviderFactory$ProviderProxy.invoke(ProviderFactory.java:165)
	at org.apache.maven.surefire.booter.ProviderFactory.invokeProvider(ProviderFactory.java:85)
	at org.apache.maven.surefire.booter.ForkedBooter.runSuitesInProcess(ForkedBooter.java:103)
	at org.apache.maven.surefire.booter.ForkedBooter.main(ForkedBooter.java:74)
Caused by: org.openqa.selenium.remote.ErrorHandler$UnknownServerException: Error communicating with the remote browser. It may have died.
Build info: version: '2.30.0', revision: 'dc1ef9c', time: '2013-02-19 00:15:27'
System info: os.name: 'Windows 7', os.arch: 'amd64', os.version: '6.1', java.version: '1.7.0_11'
Driver info: driver.version: EventFiringWebDriver
Build info: version: '2.30.0', revision: 'dc1ef9ceb805a672f56dc49198f9ffbd4ca345c7', time: '2013-02-19 09:14:38'
System info: os.name: 'Windows 7', os.arch: 'amd64', os.version: '6.1', java.version: '1.7.0_11'
Driver info: driver.version: EventFiringWebDriver
	at org.openqa.selenium.remote.RemoteWebDriver.execute(RemoteWebDriver.java:548)
	at org.openqa.selenium.remote.RemoteWebDriver.execute(RemoteWebDriver.java:569)
	at org.openqa.selenium.remote.RemoteWebDriver.quit(RemoteWebDriver.java:423)
	at org.openqa.selenium.support.events.EventFiringWebDriver$2.invoke(EventFiringWebDriver.java:101)
	at $Proxy1.quit(null)
	at org.openqa.selenium.support.events.EventFiringWebDriver.quit(EventFiringWebDriver.java:194)
	at org.openqa.selenium.remote.server.handler.DeleteSession.call(DeleteSession.java:49)
	at org.openqa.selenium.remote.server.handler.DeleteSession.call(DeleteSession.java:1)
	at java.util.concurrent.FutureTask$Sync.innerRun(null)
	at java.util.concurrent.FutureTask.run(null)
	at org.openqa.selenium.remote.server.DefaultSession$1.run(DefaultSession.java:167)
	at java.util.concurrent.ThreadPoolExecutor.runWorker(null)
	at java.util.concurrent.ThreadPoolExecutor$Worker.run(null)
	at java.lang.Thread.run(null)
... Removed 33 stack frames]]>
    </failure>
  </testcase> <!-- @AfterClass tearDown -->
  <testcase name="@BeforeClass init" time="0.0" classname="betfair.pages.OxiXmlTest">
    <skipped/>
  </testcase> <!-- @BeforeClass init -->
  <testcase name="@BeforeClass classInit" time="0.0" classname="betfair.pages.OxiXmlTest">
    <skipped/>
  </testcase> <!-- @BeforeClass classInit -->
  <testcase name="@BeforeMethod startTest" time="0.0" classname="betfair.pages.OxiXmlTest">
    <skipped/>
  </testcase> <!-- @BeforeMethod startTest -->
  <testcase name="@BeforeMethod login" time="0.0" classname="betfair.pages.OxiXmlTest">
    <skipped/>
  </testcase> <!-- @BeforeMethod login -->
  <testcase name="@AfterMethod logout" time="0.0" classname="betfair.pages.OxiXmlTest">
    <skipped/>
  </testcase> <!-- @AfterMethod logout -->
  <testcase name="@BeforeMethod startTest" time="0.0" classname="betfair.pages.OxiXmlTest">
    <skipped/>
  </testcase> <!-- @BeforeMethod startTest -->
  <testcase name="@BeforeMethod login" time="0.0" classname="betfair.pages.OxiXmlTest">
    <skipped/>
  </testcase> <!-- @BeforeMethod login -->
  <testcase name="@AfterMethod logout" time="0.0" classname="betfair.pages.OxiXmlTest">
    <skipped/>
  </testcase> <!-- @AfterMethod logout -->
  <testcase name="@BeforeMethod startTest" time="0.0" classname="betfair.pages.OxiXmlTest">
    <skipped/>
  </testcase> <!-- @BeforeMethod startTest -->
  <testcase name="@BeforeMethod login" time="0.0" classname="betfair.pages.OxiXmlTest">
    <skipped/>
  </testcase> <!-- @BeforeMethod login -->
  <testcase name="@AfterMethod logout" time="0.0" classname="betfair.pages.OxiXmlTest">
    <skipped/>
  </testcase> <!-- @AfterMethod logout -->
  <testcase name="@BeforeMethod startTest" time="0.0" classname="betfair.pages.OxiXmlTest">
    <skipped/>
  </testcase> <!-- @BeforeMethod startTest -->
  <testcase name="@BeforeMethod login" time="0.0" classname="betfair.pages.OxiXmlTest">
    <skipped/>
  </testcase> <!-- @BeforeMethod login -->
  <testcase name="@AfterMethod logout" time="0.0" classname="betfair.pages.OxiXmlTest">
    <skipped/>
  </testcase> <!-- @AfterMethod logout -->
  <testcase name="@BeforeMethod startTest" time="0.0" classname="betfair.pages.OxiXmlTest">
    <skipped/>
  </testcase> <!-- @BeforeMethod startTest -->
  <testcase name="@BeforeMethod login" time="0.0" classname="betfair.pages.OxiXmlTest">
    <skipped/>
  </testcase> <!-- @BeforeMethod login -->
  <testcase name="@AfterMethod logout" time="0.0" classname="betfair.pages.OxiXmlTest">
    <skipped/>
  </testcase> <!-- @AfterMethod logout -->
  <testcase name="@BeforeMethod startTest" time="0.0" classname="betfair.pages.OxiXmlTest">
    <skipped/>
  </testcase> <!-- @BeforeMethod startTest -->
  <testcase name="@BeforeMethod login" time="0.0" classname="betfair.pages.OxiXmlTest">
    <skipped/>
  </testcase> <!-- @BeforeMethod login -->
  <testcase name="@AfterMethod logout" time="0.0" classname="betfair.pages.OxiXmlTest">
    <skipped/>
  </testcase> <!-- @AfterMethod logout -->
  <testcase name="@BeforeMethod startTest" time="0.0" classname="betfair.pages.OxiXmlTest">
    <skipped/>
  </testcase> <!-- @BeforeMethod startTest -->
  <testcase name="@BeforeMethod login" time="0.0" classname="betfair.pages.OxiXmlTest">
    <skipped/>
  </testcase> <!-- @BeforeMethod login -->
  <testcase name="@AfterMethod logout" time="0.0" classname="betfair.pages.OxiXmlTest">
    <skipped/>
  </testcase> <!-- @AfterMethod logout -->
  <testcase name="@BeforeClass init" time="0.0" classname="betfair.pages.CashoutExceptions">
    <skipped/>
  </testcase> <!-- @BeforeClass init -->
  <testcase name="@BeforeClass classInit" time="0.0" classname="betfair.pages.CashoutExceptions">
    <skipped/>
  </testcase> <!-- @BeforeClass classInit -->
  <testcase name="@BeforeMethod startTest" time="0.0" classname="betfair.pages.CashoutExceptions">
    <skipped/>
  </testcase> <!-- @BeforeMethod startTest -->
  <testcase name="@BeforeMethod login" time="0.0" classname="betfair.pages.CashoutExceptions">
    <skipped/>
  </testcase> <!-- @BeforeMethod login -->
  <testcase name="@AfterMethod logout" time="0.0" classname="betfair.pages.CashoutExceptions">
    <skipped/>
  </testcase> <!-- @AfterMethod logout -->
  <testcase name="@BeforeMethod startTest" time="0.0" classname="betfair.pages.CashoutExceptions">
    <skipped/>
  </testcase> <!-- @BeforeMethod startTest -->
  <testcase name="@BeforeMethod login" time="0.0" classname="betfair.pages.CashoutExceptions">
    <skipped/>
  </testcase> <!-- @BeforeMethod login -->
  <testcase name="@AfterMethod logout" time="0.0" classname="betfair.pages.CashoutExceptions">
    <skipped/>
  </testcase> <!-- @AfterMethod logout -->
  <testcase name="@BeforeMethod startTest" time="0.0" classname="betfair.pages.CashoutExceptions">
    <skipped/>
  </testcase> <!-- @BeforeMethod startTest -->
  <testcase name="@BeforeMethod login" time="0.0" classname="betfair.pages.CashoutExceptions">
    <skipped/>
  </testcase> <!-- @BeforeMethod login -->
  <testcase name="@AfterMethod logout" time="0.0" classname="betfair.pages.CashoutExceptions">
    <skipped/>
  </testcase> <!-- @AfterMethod logout -->
  <testcase name="@BeforeMethod startTest" time="0.0" classname="betfair.pages.CashoutExceptions">
    <skipped/>
  </testcase> <!-- @BeforeMethod startTest -->
  <testcase name="@BeforeMethod login" time="0.0" classname="betfair.pages.CashoutExceptions">
    <skipped/>
  </testcase> <!-- @BeforeMethod login -->
  <testcase name="@AfterMethod logout" time="0.0" classname="betfair.pages.CashoutExceptions">
    <skipped/>
  </testcase> <!-- @AfterMethod logout -->
  <testcase name="@BeforeMethod startTest" time="0.0" classname="betfair.pages.CashoutExceptions">
    <skipped/>
  </testcase> <!-- @BeforeMethod startTest -->
  <testcase name="@BeforeMethod login" time="0.0" classname="betfair.pages.CashoutExceptions">
    <skipped/>
  </testcase> <!-- @BeforeMethod login -->
  <testcase name="@AfterMethod logout" time="0.0" classname="betfair.pages.CashoutExceptions">
    <skipped/>
  </testcase> <!-- @AfterMethod logout -->
  <testcase name="@BeforeMethod startTest" time="0.0" classname="betfair.pages.CashoutExceptions">
    <skipped/>
  </testcase> <!-- @BeforeMethod startTest -->
  <testcase name="@BeforeMethod login" time="0.0" classname="betfair.pages.CashoutExceptions">
    <skipped/>
  </testcase> <!-- @BeforeMethod login -->
  <testcase name="@AfterMethod logout" time="0.0" classname="betfair.pages.CashoutExceptions">
    <skipped/>
  </testcase> <!-- @AfterMethod logout -->
  <testcase name="@BeforeMethod startTest" time="0.0" classname="betfair.pages.CashoutExceptions">
    <skipped/>
  </testcase> <!-- @BeforeMethod startTest -->
  <testcase name="@BeforeMethod login" time="0.0" classname="betfair.pages.CashoutExceptions">
    <skipped/>
  </testcase> <!-- @BeforeMethod login -->
  <testcase name="@AfterMethod logout" time="0.0" classname="betfair.pages.CashoutExceptions">
    <skipped/>
  </testcase> <!-- @AfterMethod logout -->
  <testcase name="@BeforeMethod startTest" time="0.0" classname="betfair.pages.CashoutExceptions">
    <skipped/>
  </testcase> <!-- @BeforeMethod startTest -->
  <testcase name="@BeforeMethod login" time="0.0" classname="betfair.pages.CashoutExceptions">
    <skipped/>
  </testcase> <!-- @BeforeMethod login -->
  <testcase name="@AfterMethod logout" time="0.0" classname="betfair.pages.CashoutExceptions">
    <skipped/>
  </testcase> <!-- @AfterMethod logout -->
  <testcase name="@BeforeMethod startTest" time="0.0" classname="betfair.pages.CashoutExceptions">
    <skipped/>
  </testcase> <!-- @BeforeMethod startTest -->
  <testcase name="@BeforeMethod login" time="0.0" classname="betfair.pages.CashoutExceptions">
    <skipped/>
  </testcase> <!-- @BeforeMethod login -->
  <testcase name="@AfterMethod logout" time="0.0" classname="betfair.pages.CashoutExceptions">
    <skipped/>
  </testcase> <!-- @AfterMethod logout -->
  <testcase name="@BeforeMethod startTest" time="0.0" classname="betfair.pages.CashoutExceptions">
    <skipped/>
  </testcase> <!-- @BeforeMethod startTest -->
  <testcase name="@BeforeMethod login" time="0.0" classname="betfair.pages.CashoutExceptions">
    <skipped/>
  </testcase> <!-- @BeforeMethod login -->
  <testcase name="@AfterMethod logout" time="0.0" classname="betfair.pages.CashoutExceptions">
    <skipped/>
  </testcase> <!-- @AfterMethod logout -->
  <testcase name="@BeforeMethod startTest" time="0.0" classname="betfair.pages.CashoutExceptions">
    <skipped/>
  </testcase> <!-- @BeforeMethod startTest -->
  <testcase name="@BeforeMethod login" time="0.0" classname="betfair.pages.CashoutExceptions">
    <skipped/>
  </testcase> <!-- @BeforeMethod login -->
  <testcase name="@AfterMethod logout" time="0.0" classname="betfair.pages.CashoutExceptions">
    <skipped/>
  </testcase> <!-- @AfterMethod logout -->
  <testcase name="@BeforeClass init" time="0.0" classname="betfair.pages.DbPublishTest">
    <skipped/>
  </testcase> <!-- @BeforeClass init -->
  <testcase name="@BeforeClass classInit" time="0.0" classname="betfair.pages.DbPublishTest">
    <skipped/>
  </testcase> <!-- @BeforeClass classInit -->
  <testcase name="@BeforeMethod startTest" time="0.0" classname="betfair.pages.DbPublishTest">
    <skipped/>
  </testcase> <!-- @BeforeMethod startTest -->
  <testcase name="@BeforeMethod login" time="0.0" classname="betfair.pages.DbPublishTest">
    <skipped/>
  </testcase> <!-- @BeforeMethod login -->
  <testcase name="@AfterMethod logout" time="0.0" classname="betfair.pages.DbPublishTest">
    <skipped/>
  </testcase> <!-- @AfterMethod logout -->
  <testcase name="@BeforeMethod startTest" time="0.0" classname="betfair.pages.DbPublishTest">
    <skipped/>
  </testcase> <!-- @BeforeMethod startTest -->
  <testcase name="@BeforeMethod login" time="0.0" classname="betfair.pages.DbPublishTest">
    <skipped/>
  </testcase> <!-- @BeforeMethod login -->
  <testcase name="@AfterMethod logout" time="0.0" classname="betfair.pages.DbPublishTest">
    <skipped/>
  </testcase> <!-- @AfterMethod logout -->
  <testcase name="@BeforeMethod startTest" time="0.0" classname="betfair.pages.DbPublishTest">
    <skipped/>
  </testcase> <!-- @BeforeMethod startTest -->
  <testcase name="@BeforeMethod login" time="0.0" classname="betfair.pages.DbPublishTest">
    <skipped/>
  </testcase> <!-- @BeforeMethod login -->
  <testcase name="@AfterMethod logout" time="0.0" classname="betfair.pages.DbPublishTest">
    <skipped/>
  </testcase> <!-- @AfterMethod logout -->
  <testcase name="@BeforeMethod startTest" time="0.0" classname="betfair.pages.DbPublishTest">
    <skipped/>
  </testcase> <!-- @BeforeMethod startTest -->
  <testcase name="@BeforeMethod login" time="0.0" classname="betfair.pages.DbPublishTest">
    <skipped/>
  </testcase> <!-- @BeforeMethod login -->
  <testcase name="@AfterMethod logout" time="0.0" classname="betfair.pages.DbPublishTest">
    <skipped/>
  </testcase> <!-- @AfterMethod logout -->
  <testcase name="@BeforeMethod startTest" time="0.0" classname="betfair.pages.DbPublishTest">
    <skipped/>
  </testcase> <!-- @BeforeMethod startTest -->
  <testcase name="@BeforeMethod login" time="0.0" classname="betfair.pages.DbPublishTest">
    <skipped/>
  </testcase> <!-- @BeforeMethod login -->
  <testcase name="@AfterMethod logout" time="0.0" classname="betfair.pages.DbPublishTest">
    <skipped/>
  </testcase> <!-- @AfterMethod logout -->
  <testcase name="@BeforeMethod startTest" time="0.0" classname="betfair.pages.DbPublishTest">
    <skipped/>
  </testcase> <!-- @BeforeMethod startTest -->
  <testcase name="@BeforeMethod login" time="0.0" classname="betfair.pages.DbPublishTest">
    <skipped/>
  </testcase> <!-- @BeforeMethod login -->
  <testcase name="@AfterMethod logout" time="0.0" classname="betfair.pages.DbPublishTest">
    <skipped/>
  </testcase> <!-- @AfterMethod logout -->
  <testcase name="@BeforeMethod startTest" time="0.0" classname="betfair.pages.DbPublishTest">
    <skipped/>
  </testcase> <!-- @BeforeMethod startTest -->
  <testcase name="@BeforeMethod login" time="0.0" classname="betfair.pages.DbPublishTest">
    <skipped/>
  </testcase> <!-- @BeforeMethod login -->
  <testcase name="@AfterMethod logout" time="0.0" classname="betfair.pages.DbPublishTest">
    <skipped/>
  </testcase> <!-- @AfterMethod logout -->
  <testcase name="@BeforeMethod startTest" time="0.0" classname="betfair.pages.DbPublishTest">
    <skipped/>
  </testcase> <!-- @BeforeMethod startTest -->
  <testcase name="@BeforeMethod login" time="0.0" classname="betfair.pages.DbPublishTest">
    <skipped/>
  </testcase> <!-- @BeforeMethod login -->
  <testcase name="@AfterMethod logout" time="0.0" classname="betfair.pages.DbPublishTest">
    <skipped/>
  </testcase> <!-- @AfterMethod logout -->
  <testcase name="@BeforeMethod startTest" time="0.0" classname="betfair.pages.DbPublishTest">
    <skipped/>
  </testcase> <!-- @BeforeMethod startTest -->
  <testcase name="@BeforeMethod login" time="0.0" classname="betfair.pages.DbPublishTest">
    <skipped/>
  </testcase> <!-- @BeforeMethod login -->
  <testcase name="@AfterMethod logout" time="0.0" classname="betfair.pages.DbPublishTest">
    <skipped/>
  </testcase> <!-- @AfterMethod logout -->
  <testcase name="@BeforeMethod startTest" time="0.0" classname="betfair.pages.DbPublishTest">
    <skipped/>
  </testcase> <!-- @BeforeMethod startTest -->
  <testcase name="@BeforeMethod login" time="0.0" classname="betfair.pages.DbPublishTest">
    <skipped/>
  </testcase> <!-- @BeforeMethod login -->
  <testcase name="@AfterMethod logout" time="0.0" classname="betfair.pages.DbPublishTest">
    <skipped/>
  </testcase> <!-- @AfterMethod logout -->
  <testcase name="@BeforeMethod startTest" time="0.0" classname="betfair.pages.DbPublishTest">
    <skipped/>
  </testcase> <!-- @BeforeMethod startTest -->
  <testcase name="@BeforeMethod login" time="0.0" classname="betfair.pages.DbPublishTest">
    <skipped/>
  </testcase> <!-- @BeforeMethod login -->
  <testcase name="@AfterMethod logout" time="0.0" classname="betfair.pages.DbPublishTest">
    <skipped/>
  </testcase> <!-- @AfterMethod logout -->
  <testcase name="@BeforeMethod startTest" time="0.0" classname="betfair.pages.DbPublishTest">
    <skipped/>
  </testcase> <!-- @BeforeMethod startTest -->
  <testcase name="@BeforeMethod login" time="0.0" classname="betfair.pages.DbPublishTest">
    <skipped/>
  </testcase> <!-- @BeforeMethod login -->
  <testcase name="@AfterMethod logout" time="0.0" classname="betfair.pages.DbPublishTest">
    <skipped/>
  </testcase> <!-- @AfterMethod logout -->
  <testcase name="@BeforeMethod startTest" time="0.0" classname="betfair.pages.DbPublishTest">
    <skipped/>
  </testcase> <!-- @BeforeMethod startTest -->
  <testcase name="@BeforeMethod login" time="0.0" classname="betfair.pages.DbPublishTest">
    <skipped/>
  </testcase> <!-- @BeforeMethod login -->
  <testcase name="@AfterMethod logout" time="0.0" classname="betfair.pages.DbPublishTest">
    <skipped/>
  </testcase> <!-- @AfterMethod logout -->
  <testcase name="modifyFootballEvent" time="9.336" classname="betfair.pages.ModifyEvents">
    <failure type="java.lang.AssertionError" message="expected [2014-06-27 11:53:37 ] but found [2016-01-01 00:00:00 ]">
      <![CDATA[java.lang.AssertionError: expected [2014-06-27 11:53:37 ] but found [2016-01-01 00:00:00 ]
	at betfair.pages.ModifyEvents.modifyFootballEvent(ModifyEvents.java:71)
	at org.apache.maven.surefire.testng.TestNGExecutor.run(TestNGExecutor.java:177)
	at org.apache.maven.surefire.testng.TestNGXmlTestSuite.execute(TestNGXmlTestSuite.java:92)
	at org.apache.maven.surefire.testng.TestNGProvider.invoke(TestNGProvider.java:105)
	at org.apache.maven.surefire.util.ReflectionUtils.invokeMethodWithArray(ReflectionUtils.java:189)
	at org.apache.maven.surefire.booter.ProviderFactory$ProviderProxy.invoke(ProviderFactory.java:165)
	at org.apache.maven.surefire.booter.ProviderFactory.invokeProvider(ProviderFactory.java:85)
	at org.apache.maven.surefire.booter.ForkedBooter.runSuitesInProcess(ForkedBooter.java:103)
	at org.apache.maven.surefire.booter.ForkedBooter.main(ForkedBooter.java:74)
... Removed 30 stack frames]]>
    </failure>
  </testcase> <!-- modifyFootballEvent -->
  <testcase name="modifyFootballMarket" time="18.056" classname="betfair.pages.ModifyEvents"/>
  <testcase name="modifyFootballSelection" time="20.333" classname="betfair.pages.ModifyEvents"/>
  <testcase name="modifyHorseRacingEvent" time="4.671" classname="betfair.pages.ModifyEvents">
    <failure type="java.lang.AssertionError" message="expected [2014-06-27 11:54:35 ] but found [2016-01-01 00:00:00 ]">
      <![CDATA[java.lang.AssertionError: expected [2014-06-27 11:54:35 ] but found [2016-01-01 00:00:00 ]
	at betfair.pages.ModifyEvents.modifyHorseRacingEvent(ModifyEvents.java:176)
	at org.apache.maven.surefire.testng.TestNGExecutor.run(TestNGExecutor.java:177)
	at org.apache.maven.surefire.testng.TestNGXmlTestSuite.execute(TestNGXmlTestSuite.java:92)
	at org.apache.maven.surefire.testng.TestNGProvider.invoke(TestNGProvider.java:105)
	at org.apache.maven.surefire.util.ReflectionUtils.invokeMethodWithArray(ReflectionUtils.java:189)
	at org.apache.maven.surefire.booter.ProviderFactory$ProviderProxy.invoke(ProviderFactory.java:165)
	at org.apache.maven.surefire.booter.ProviderFactory.invokeProvider(ProviderFactory.java:85)
	at org.apache.maven.surefire.booter.ForkedBooter.runSuitesInProcess(ForkedBooter.java:103)
	at org.apache.maven.surefire.booter.ForkedBooter.main(ForkedBooter.java:74)
... Removed 30 stack frames]]>
    </failure>
  </testcase> <!-- modifyHorseRacingEvent -->
  <testcase name="modifyHorseRacingMarket" time="10.726" classname="betfair.pages.ModifyEvents"/>
  <testcase name="modifyHorseRacingSelection" time="12.669" classname="betfair.pages.ModifyEvents"/>
  <testcase name="searchBetReceipt" time="29.343" classname="betfair.pages.SearchBetTest"/>
  <testcase name="searchBetUsername" time="49.723" classname="betfair.pages.SearchBetTest">
    <failure type="org.openqa.selenium.NoSuchElementException" message="Unable to locate element: {&amp;quot;method&amp;quot;:&amp;quot;xpath&amp;quot;,&amp;quot;selector&amp;quot;:&amp;quot;//center/table[2]/tbody/tr[16]/td[2]&amp;quot;}
Command duration or timeout: 30.37 seconds
For documentation on this error, please visit: http://seleniumhq.org/exceptions/no_such_element.html
Build info: version: &amp;apos;2.30.0&amp;apos;, revision: &amp;apos;dc1ef9c&amp;apos;, time: &amp;apos;2013-02-19 00:15:27&amp;apos;
System info: os.name: &amp;apos;Windows 7&amp;apos;, os.arch: &amp;apos;amd64&amp;apos;, os.version: &amp;apos;6.1&amp;apos;, java.version: &amp;apos;1.7.0_11&amp;apos;
Session ID: 23235d7b-9207-4c42-8b91-778b40a4985a
Driver info: org.openqa.selenium.firefox.FirefoxDriver
Capabilities [{platform=XP, databaseEnabled=true, cssSelectorsEnabled=true, javascriptEnabled=true, acceptSslCerts=true, handlesAlerts=true, browserName=firefox, browserConnectionEnabled=true, nativeEvents=true, webStorageEnabled=true, rotatable=false, locationContextEnabled=true, applicationCacheEnabled=true, takesScreenshot=true, version=19.0}]
For documentation on this error, please visit: http://seleniumhq.org/exceptions/no_such_element.html
Build info: version: &amp;apos;2.30.0&amp;apos;, revision: &amp;apos;dc1ef9ceb805a672f56dc49198f9ffbd4ca345c7&amp;apos;, time: &amp;apos;2013-02-19 09:14:38&amp;apos;
System info: os.name: &amp;apos;Windows 7&amp;apos;, os.arch: &amp;apos;amd64&amp;apos;, os.version: &amp;apos;6.1&amp;apos;, java.version: &amp;apos;1.7.0_11&amp;apos;
Driver info: driver.version: RemoteWebDriver">
      <![CDATA[org.openqa.selenium.NoSuchElementException: Unable to locate element: {"method":"xpath","selector":"//center/table[2]/tbody/tr[16]/td[2]"}
Command duration or timeout: 30.37 seconds
For documentation on this error, please visit: http://seleniumhq.org/exceptions/no_such_element.html
Build info: version: '2.30.0', revision: 'dc1ef9c', time: '2013-02-19 00:15:27'
System info: os.name: 'Windows 7', os.arch: 'amd64', os.version: '6.1', java.version: '1.7.0_11'
Session ID: 23235d7b-9207-4c42-8b91-778b40a4985a
Driver info: org.openqa.selenium.firefox.FirefoxDriver
Capabilities [{platform=XP, databaseEnabled=true, cssSelectorsEnabled=true, javascriptEnabled=true, acceptSslCerts=true, handlesAlerts=true, browserName=firefox, browserConnectionEnabled=true, nativeEvents=true, webStorageEnabled=true, rotatable=false, locationContextEnabled=true, applicationCacheEnabled=true, takesScreenshot=true, version=19.0}]
For documentation on this error, please visit: http://seleniumhq.org/exceptions/no_such_element.html
Build info: version: '2.30.0', revision: 'dc1ef9ceb805a672f56dc49198f9ffbd4ca345c7', time: '2013-02-19 09:14:38'
System info: os.name: 'Windows 7', os.arch: 'amd64', os.version: '6.1', java.version: '1.7.0_11'
Driver info: driver.version: RemoteWebDriver
	at org.openqa.selenium.remote.ErrorHandler.createThrowable(ErrorHandler.java:131)
	at org.openqa.selenium.remote.ErrorHandler.throwIfResponseFailed(ErrorHandler.java:105)
	at org.openqa.selenium.remote.RemoteWebDriver.execute(RemoteWebDriver.java:405)
	at org.openqa.selenium.remote.RemoteWebDriver.findElement(RemoteWebDriver.java:193)
	at org.openqa.selenium.remote.RemoteWebDriver.findElementByXPath(RemoteWebDriver.java:266)
	at org.openqa.selenium.By$ByXPath.findElement(By.java:344)
	at org.openqa.selenium.remote.RemoteWebDriver.findElement(RemoteWebDriver.java:185)
	at org.openqa.selenium.support.pagefactory.DefaultElementLocator.findElement(DefaultElementLocator.java:59)
	at org.openqa.selenium.support.pagefactory.internal.LocatingElementHandler.invoke(LocatingElementHandler.java:34)
	at $Proxy9.getText(Unknown Source)
	at betfair.pages.AdminBetSearch.getReceipt(AdminBetSearch.java:95)
	at betfair.pages.SearchBetTest.searchBetUsername(SearchBetTest.java:126)
	at org.apache.maven.surefire.testng.TestNGExecutor.run(TestNGExecutor.java:177)
	at org.apache.maven.surefire.testng.TestNGXmlTestSuite.execute(TestNGXmlTestSuite.java:92)
	at org.apache.maven.surefire.testng.TestNGProvider.invoke(TestNGProvider.java:105)
	at org.apache.maven.surefire.util.ReflectionUtils.invokeMethodWithArray(ReflectionUtils.java:189)
	at org.apache.maven.surefire.booter.ProviderFactory$ProviderProxy.invoke(ProviderFactory.java:165)
	at org.apache.maven.surefire.booter.ProviderFactory.invokeProvider(ProviderFactory.java:85)
	at org.apache.maven.surefire.booter.ForkedBooter.runSuitesInProcess(ForkedBooter.java:103)
	at org.apache.maven.surefire.booter.ForkedBooter.main(ForkedBooter.java:74)
Caused by: org.openqa.selenium.remote.ScreenshotException: Screen shot has been taken
Build info: version: '2.30.0', revision: 'dc1ef9ceb805a672f56dc49198f9ffbd4ca345c7', time: '2013-02-19 09:14:38'
System info: os.name: 'Windows 7', os.arch: 'amd64', os.version: '6.1', java.version: '1.7.0_11'
Driver info: driver.version: RemoteWebDriver
	at org.openqa.selenium.remote.ErrorHandler.throwIfResponseFailed(ErrorHandler.java:99)
	... 43 more
Caused by: org.openqa.selenium.NoSuchElementException: Unable to locate element: {"method":"xpath","selector":"//center/table[2]/tbody/tr[16]/td[2]"}
Command duration or timeout: 30.37 seconds
For documentation on this error, please visit: http://seleniumhq.org/exceptions/no_such_element.html
Build info: version: '2.30.0', revision: 'dc1ef9c', time: '2013-02-19 00:15:27'
System info: os.name: 'Windows 7', os.arch: 'amd64', os.version: '6.1', java.version: '1.7.0_11'
Session ID: 23235d7b-9207-4c42-8b91-778b40a4985a
Driver info: org.openqa.selenium.firefox.FirefoxDriver
Capabilities [{platform=XP, databaseEnabled=true, cssSelectorsEnabled=true, javascriptEnabled=true, acceptSslCerts=true, handlesAlerts=true, browserName=firefox, browserConnectionEnabled=true, nativeEvents=true, webStorageEnabled=true, rotatable=false, locationContextEnabled=true, applicationCacheEnabled=true, takesScreenshot=true, version=19.0}]
For documentation on this error, please visit: http://seleniumhq.org/exceptions/no_such_element.html
Build info: version: '2.30.0', revision: 'dc1ef9ceb805a672f56dc49198f9ffbd4ca345c7', time: '2013-02-19 09:14:38'
System info: os.name: 'Windows 7', os.arch: 'amd64', os.version: '6.1', java.version: '1.7.0_11'
Driver info: driver.version: EventFiringWebDriver
	at org.openqa.selenium.remote.ErrorHandler.createThrowable(ErrorHandler.java:187)
	at org.openqa.selenium.remote.ErrorHandler.throwIfResponseFailed(ErrorHandler.java:145)
	at org.openqa.selenium.remote.RemoteWebDriver.execute(RemoteWebDriver.java:554)
	at org.openqa.selenium.remote.RemoteWebDriver.findElement(RemoteWebDriver.java:307)
	at org.openqa.selenium.remote.RemoteWebDriver.findElementByXPath(RemoteWebDriver.java:404)
	at org.openqa.selenium.By$ByXPath.findElement(By.java:344)
	at org.openqa.selenium.remote.RemoteWebDriver.findElement(RemoteWebDriver.java:299)
	at org.openqa.selenium.support.events.EventFiringWebDriver$2.invoke(EventFiringWebDriver.java:101)
	at $Proxy1.findElement(null)
	at org.openqa.selenium.support.events.EventFiringWebDriver.findElement(EventFiringWebDriver.java:180)
	at org.openqa.selenium.remote.server.handler.FindElement.call(FindElement.java:47)
	at org.openqa.selenium.remote.server.handler.FindElement.call(FindElement.java:1)
	at java.util.concurrent.FutureTask$Sync.innerRun(null)
	at java.util.concurrent.FutureTask.run(null)
	at org.openqa.selenium.remote.server.DefaultSession$1.run(DefaultSession.java:167)
	at java.util.concurrent.ThreadPoolExecutor.runWorker(null)
	at java.util.concurrent.ThreadPoolExecutor$Worker.run(null)
	at java.lang.Thread.run(null)
... Removed 36 stack frames]]>
    </failure>
  </testcase> <!-- searchBetUsername -->
  <testcase name="createEnglishFootballEvent" time="24.7" classname="betfair.pages.CreateEventsTest"/>
  <testcase name="createHorseRacingEvent" time="10.828" classname="betfair.pages.CreateEventsTest"/>
  <testcase name="searchCustomerUsername" time="7.253" classname="betfair.pages.SearchCustomerTest"/>
  <testcase name="searchCustomerAccount" time="3.045" classname="betfair.pages.SearchCustomerTest"/>
  <testcase name="setResults" time="24.11" classname="betfair.pages.WinLoseVoidTest"/>
  <testcase name="unsetResults" time="48.309" classname="betfair.pages.WinLoseVoidTest">
    <failure type="org.openqa.selenium.NoSuchElementException" message="Unable to locate element: {&amp;quot;method&amp;quot;:&amp;quot;xpath&amp;quot;,&amp;quot;selector&amp;quot;:&amp;quot;//a[contains(@href,&amp;apos;HORSE_RACING&amp;apos;)]&amp;quot;}
Command duration or timeout: 30.04 seconds
For documentation on this error, please visit: http://seleniumhq.org/exceptions/no_such_element.html
Build info: version: &amp;apos;2.30.0&amp;apos;, revision: &amp;apos;dc1ef9c&amp;apos;, time: &amp;apos;2013-02-19 00:15:27&amp;apos;
System info: os.name: &amp;apos;Windows 7&amp;apos;, os.arch: &amp;apos;amd64&amp;apos;, os.version: &amp;apos;6.1&amp;apos;, java.version: &amp;apos;1.7.0_11&amp;apos;
Session ID: 918f09d0-b7a5-4cb6-9d4f-20ba5c789c1e
Driver info: org.openqa.selenium.firefox.FirefoxDriver
Capabilities [{platform=XP, databaseEnabled=true, cssSelectorsEnabled=true, javascriptEnabled=true, acceptSslCerts=true, handlesAlerts=true, browserName=firefox, browserConnectionEnabled=true, nativeEvents=true, webStorageEnabled=true, rotatable=false, locationContextEnabled=true, applicationCacheEnabled=true, takesScreenshot=true, version=19.0}]
For documentation on this error, please visit: http://seleniumhq.org/exceptions/no_such_element.html
Build info: version: &amp;apos;2.30.0&amp;apos;, revision: &amp;apos;dc1ef9ceb805a672f56dc49198f9ffbd4ca345c7&amp;apos;, time: &amp;apos;2013-02-19 09:14:38&amp;apos;
System info: os.name: &amp;apos;Windows 7&amp;apos;, os.arch: &amp;apos;amd64&amp;apos;, os.version: &amp;apos;6.1&amp;apos;, java.version: &amp;apos;1.7.0_11&amp;apos;
Driver info: driver.version: RemoteWebDriver">
      <![CDATA[org.openqa.selenium.NoSuchElementException: Unable to locate element: {"method":"xpath","selector":"//a[contains(@href,'HORSE_RACING')]"}
Command duration or timeout: 30.04 seconds
For documentation on this error, please visit: http://seleniumhq.org/exceptions/no_such_element.html
Build info: version: '2.30.0', revision: 'dc1ef9c', time: '2013-02-19 00:15:27'
System info: os.name: 'Windows 7', os.arch: 'amd64', os.version: '6.1', java.version: '1.7.0_11'
Session ID: 918f09d0-b7a5-4cb6-9d4f-20ba5c789c1e
Driver info: org.openqa.selenium.firefox.FirefoxDriver
Capabilities [{platform=XP, databaseEnabled=true, cssSelectorsEnabled=true, javascriptEnabled=true, acceptSslCerts=true, handlesAlerts=true, browserName=firefox, browserConnectionEnabled=true, nativeEvents=true, webStorageEnabled=true, rotatable=false, locationContextEnabled=true, applicationCacheEnabled=true, takesScreenshot=true, version=19.0}]
For documentation on this error, please visit: http://seleniumhq.org/exceptions/no_such_element.html
Build info: version: '2.30.0', revision: 'dc1ef9ceb805a672f56dc49198f9ffbd4ca345c7', time: '2013-02-19 09:14:38'
System info: os.name: 'Windows 7', os.arch: 'amd64', os.version: '6.1', java.version: '1.7.0_11'
Driver info: driver.version: RemoteWebDriver
	at org.openqa.selenium.remote.ErrorHandler.createThrowable(ErrorHandler.java:131)
	at org.openqa.selenium.remote.ErrorHandler.throwIfResponseFailed(ErrorHandler.java:105)
	at org.openqa.selenium.remote.RemoteWebDriver.execute(RemoteWebDriver.java:405)
	at org.openqa.selenium.remote.RemoteWebDriver.findElement(RemoteWebDriver.java:193)
	at org.openqa.selenium.remote.RemoteWebDriver.findElementByXPath(RemoteWebDriver.java:266)
	at org.openqa.selenium.By$ByXPath.findElement(By.java:344)
	at org.openqa.selenium.remote.RemoteWebDriver.findElement(RemoteWebDriver.java:185)
	at org.openqa.selenium.support.pagefactory.DefaultElementLocator.findElement(DefaultElementLocator.java:59)
	at org.openqa.selenium.support.pagefactory.internal.LocatingElementHandler.invoke(LocatingElementHandler.java:34)
	at $Proxy9.click(Unknown Source)
	at betfair.pages.AdminEventUnsettle.clickCategoryHorseRacing(AdminEventUnsettle.java:105)
	at betfair.pages.WinLoseVoidTest.unsetResults(WinLoseVoidTest.java:147)
	at org.apache.maven.surefire.testng.TestNGExecutor.run(TestNGExecutor.java:177)
	at org.apache.maven.surefire.testng.TestNGXmlTestSuite.execute(TestNGXmlTestSuite.java:92)
	at org.apache.maven.surefire.testng.TestNGProvider.invoke(TestNGProvider.java:105)
	at org.apache.maven.surefire.util.ReflectionUtils.invokeMethodWithArray(ReflectionUtils.java:189)
	at org.apache.maven.surefire.booter.ProviderFactory$ProviderProxy.invoke(ProviderFactory.java:165)
	at org.apache.maven.surefire.booter.ProviderFactory.invokeProvider(ProviderFactory.java:85)
	at org.apache.maven.surefire.booter.ForkedBooter.runSuitesInProcess(ForkedBooter.java:103)
	at org.apache.maven.surefire.booter.ForkedBooter.main(ForkedBooter.java:74)
Caused by: org.openqa.selenium.remote.ScreenshotException: Screen shot has been taken
Build info: version: '2.30.0', revision: 'dc1ef9ceb805a672f56dc49198f9ffbd4ca345c7', time: '2013-02-19 09:14:38'
System info: os.name: 'Windows 7', os.arch: 'amd64', os.version: '6.1', java.version: '1.7.0_11'
Driver info: driver.version: RemoteWebDriver
	at org.openqa.selenium.remote.ErrorHandler.throwIfResponseFailed(ErrorHandler.java:99)
	... 43 more
Caused by: org.openqa.selenium.NoSuchElementException: Unable to locate element: {"method":"xpath","selector":"//a[contains(@href,'HORSE_RACING')]"}
Command duration or timeout: 30.04 seconds
For documentation on this error, please visit: http://seleniumhq.org/exceptions/no_such_element.html
Build info: version: '2.30.0', revision: 'dc1ef9c', time: '2013-02-19 00:15:27'
System info: os.name: 'Windows 7', os.arch: 'amd64', os.version: '6.1', java.version: '1.7.0_11'
Session ID: 918f09d0-b7a5-4cb6-9d4f-20ba5c789c1e
Driver info: org.openqa.selenium.firefox.FirefoxDriver
Capabilities [{platform=XP, databaseEnabled=true, cssSelectorsEnabled=true, javascriptEnabled=true, acceptSslCerts=true, handlesAlerts=true, browserName=firefox, browserConnectionEnabled=true, nativeEvents=true, webStorageEnabled=true, rotatable=false, locationContextEnabled=true, applicationCacheEnabled=true, takesScreenshot=true, version=19.0}]
For documentation on this error, please visit: http://seleniumhq.org/exceptions/no_such_element.html
Build info: version: '2.30.0', revision: 'dc1ef9ceb805a672f56dc49198f9ffbd4ca345c7', time: '2013-02-19 09:14:38'
System info: os.name: 'Windows 7', os.arch: 'amd64', os.version: '6.1', java.version: '1.7.0_11'
Driver info: driver.version: EventFiringWebDriver
	at org.openqa.selenium.remote.ErrorHandler.createThrowable(ErrorHandler.java:187)
	at org.openqa.selenium.remote.ErrorHandler.throwIfResponseFailed(ErrorHandler.java:145)
	at org.openqa.selenium.remote.RemoteWebDriver.execute(RemoteWebDriver.java:554)
	at org.openqa.selenium.remote.RemoteWebDriver.findElement(RemoteWebDriver.java:307)
	at org.openqa.selenium.remote.RemoteWebDriver.findElementByXPath(RemoteWebDriver.java:404)
	at org.openqa.selenium.By$ByXPath.findElement(By.java:344)
	at org.openqa.selenium.remote.RemoteWebDriver.findElement(RemoteWebDriver.java:299)
	at org.openqa.selenium.support.events.EventFiringWebDriver$2.invoke(EventFiringWebDriver.java:101)
	at $Proxy1.findElement(null)
	at org.openqa.selenium.support.events.EventFiringWebDriver.findElement(EventFiringWebDriver.java:180)
	at org.openqa.selenium.remote.server.handler.FindElement.call(FindElement.java:47)
	at org.openqa.selenium.remote.server.handler.FindElement.call(FindElement.java:1)
	at java.util.concurrent.FutureTask$Sync.innerRun(null)
	at java.util.concurrent.FutureTask.run(null)
	at org.openqa.selenium.remote.server.DefaultSession$1.run(DefaultSession.java:167)
	at java.util.concurrent.ThreadPoolExecutor.runWorker(null)
	at java.util.concurrent.ThreadPoolExecutor$Worker.run(null)
	at java.lang.Thread.run(null)
... Removed 36 stack frames]]>
    </failure>
  </testcase> <!-- unsetResults -->
  <testcase name="placeBetEndtoEndHR" time="41.372" classname="betfair.pages.PlaceBetEndtoEndTest">
    <failure type="java.lang.NullPointerException">
      <![CDATA[java.lang.NullPointerException
	at betfair.pages.PlaceBetEndtoEndTest.placeBetEndtoEndHR(PlaceBetEndtoEndTest.java:79)
	at org.apache.maven.surefire.testng.TestNGExecutor.run(TestNGExecutor.java:177)
	at org.apache.maven.surefire.testng.TestNGXmlTestSuite.execute(TestNGXmlTestSuite.java:92)
	at org.apache.maven.surefire.testng.TestNGProvider.invoke(TestNGProvider.java:105)
	at org.apache.maven.surefire.util.ReflectionUtils.invokeMethodWithArray(ReflectionUtils.java:189)
	at org.apache.maven.surefire.booter.ProviderFactory$ProviderProxy.invoke(ProviderFactory.java:165)
	at org.apache.maven.surefire.booter.ProviderFactory.invokeProvider(ProviderFactory.java:85)
	at org.apache.maven.surefire.booter.ForkedBooter.runSuitesInProcess(ForkedBooter.java:103)
	at org.apache.maven.surefire.booter.ForkedBooter.main(ForkedBooter.java:74)
... Removed 25 stack frames]]>
    </failure>
  </testcase> <!-- placeBetEndtoEndHR -->
  <testcase name="placeBetEndtoEndFootball" time="50.735" classname="betfair.pages.PlaceBetEndtoEndTest"/>
  <testcase name="fundsTransferEndtoEnd" time="325.221" classname="betfair.pages.FundsTransferEndToEndTest"/>
  <testcase name="birEndToEndTest" time="34.194" classname="betfair.pages.BirEndToEndTest">
    <failure type="org.openqa.selenium.NoSuchElementException" message="Unable to locate element: {&amp;quot;method&amp;quot;:&amp;quot;xpath&amp;quot;,&amp;quot;selector&amp;quot;:&amp;quot;//input[contains(@type,&amp;apos;button&amp;apos;) and contains(@onclick,&amp;apos;return fs&amp;apos;)and contains(@value,&amp;apos;Add Event Market&amp;apos;)]&amp;quot;}
Command duration or timeout: 30.10 seconds
For documentation on this error, please visit: http://seleniumhq.org/exceptions/no_such_element.html
Build info: version: &amp;apos;2.30.0&amp;apos;, revision: &amp;apos;dc1ef9c&amp;apos;, time: &amp;apos;2013-02-19 00:15:27&amp;apos;
System info: os.name: &amp;apos;Windows 7&amp;apos;, os.arch: &amp;apos;amd64&amp;apos;, os.version: &amp;apos;6.1&amp;apos;, java.version: &amp;apos;1.7.0_11&amp;apos;
Session ID: 360325a0-e0d4-490b-906f-79df2424e2d4
Driver info: org.openqa.selenium.firefox.FirefoxDriver
Capabilities [{platform=XP, databaseEnabled=true, cssSelectorsEnabled=true, javascriptEnabled=true, acceptSslCerts=true, handlesAlerts=true, browserName=firefox, browserConnectionEnabled=true, nativeEvents=true, webStorageEnabled=true, rotatable=false, locationContextEnabled=true, applicationCacheEnabled=true, takesScreenshot=true, version=19.0}]
For documentation on this error, please visit: http://seleniumhq.org/exceptions/no_such_element.html
Build info: version: &amp;apos;2.30.0&amp;apos;, revision: &amp;apos;dc1ef9ceb805a672f56dc49198f9ffbd4ca345c7&amp;apos;, time: &amp;apos;2013-02-19 09:14:38&amp;apos;
System info: os.name: &amp;apos;Windows 7&amp;apos;, os.arch: &amp;apos;amd64&amp;apos;, os.version: &amp;apos;6.1&amp;apos;, java.version: &amp;apos;1.7.0_11&amp;apos;
Driver info: driver.version: RemoteWebDriver">
      <![CDATA[org.openqa.selenium.NoSuchElementException: Unable to locate element: {"method":"xpath","selector":"//input[contains(@type,'button') and contains(@onclick,'return fs')and contains(@value,'Add Event Market')]"}
Command duration or timeout: 30.10 seconds
For documentation on this error, please visit: http://seleniumhq.org/exceptions/no_such_element.html
Build info: version: '2.30.0', revision: 'dc1ef9c', time: '2013-02-19 00:15:27'
System info: os.name: 'Windows 7', os.arch: 'amd64', os.version: '6.1', java.version: '1.7.0_11'
Session ID: 360325a0-e0d4-490b-906f-79df2424e2d4
Driver info: org.openqa.selenium.firefox.FirefoxDriver
Capabilities [{platform=XP, databaseEnabled=true, cssSelectorsEnabled=true, javascriptEnabled=true, acceptSslCerts=true, handlesAlerts=true, browserName=firefox, browserConnectionEnabled=true, nativeEvents=true, webStorageEnabled=true, rotatable=false, locationContextEnabled=true, applicationCacheEnabled=true, takesScreenshot=true, version=19.0}]
For documentation on this error, please visit: http://seleniumhq.org/exceptions/no_such_element.html
Build info: version: '2.30.0', revision: 'dc1ef9ceb805a672f56dc49198f9ffbd4ca345c7', time: '2013-02-19 09:14:38'
System info: os.name: 'Windows 7', os.arch: 'amd64', os.version: '6.1', java.version: '1.7.0_11'
Driver info: driver.version: RemoteWebDriver
	at org.openqa.selenium.remote.ErrorHandler.createThrowable(ErrorHandler.java:131)
	at org.openqa.selenium.remote.ErrorHandler.throwIfResponseFailed(ErrorHandler.java:105)
	at org.openqa.selenium.remote.RemoteWebDriver.execute(RemoteWebDriver.java:405)
	at org.openqa.selenium.remote.RemoteWebDriver.findElement(RemoteWebDriver.java:193)
	at org.openqa.selenium.remote.RemoteWebDriver.findElementByXPath(RemoteWebDriver.java:266)
	at org.openqa.selenium.By$ByXPath.findElement(By.java:344)
	at org.openqa.selenium.remote.RemoteWebDriver.findElement(RemoteWebDriver.java:185)
	at org.openqa.selenium.support.pagefactory.DefaultElementLocator.findElement(DefaultElementLocator.java:59)
	at org.openqa.selenium.support.pagefactory.internal.LocatingElementHandler.invoke(LocatingElementHandler.java:34)
	at $Proxy9.click(Unknown Source)
	at betfair.pages.AdminMarketCreation.clickAddEventMarket(AdminMarketCreation.java:130)
	at betfair.pages.BirEndToEndTest.birEndToEndTest(BirEndToEndTest.java:64)
	at org.apache.maven.surefire.testng.TestNGExecutor.run(TestNGExecutor.java:177)
	at org.apache.maven.surefire.testng.TestNGXmlTestSuite.execute(TestNGXmlTestSuite.java:92)
	at org.apache.maven.surefire.testng.TestNGProvider.invoke(TestNGProvider.java:105)
	at org.apache.maven.surefire.util.ReflectionUtils.invokeMethodWithArray(ReflectionUtils.java:189)
	at org.apache.maven.surefire.booter.ProviderFactory$ProviderProxy.invoke(ProviderFactory.java:165)
	at org.apache.maven.surefire.booter.ProviderFactory.invokeProvider(ProviderFactory.java:85)
	at org.apache.maven.surefire.booter.ForkedBooter.runSuitesInProcess(ForkedBooter.java:103)
	at org.apache.maven.surefire.booter.ForkedBooter.main(ForkedBooter.java:74)
Caused by: org.openqa.selenium.remote.ScreenshotException: Screen shot has been taken
Build info: version: '2.30.0', revision: 'dc1ef9ceb805a672f56dc49198f9ffbd4ca345c7', time: '2013-02-19 09:14:38'
System info: os.name: 'Windows 7', os.arch: 'amd64', os.version: '6.1', java.version: '1.7.0_11'
Driver info: driver.version: RemoteWebDriver
	at org.openqa.selenium.remote.ErrorHandler.throwIfResponseFailed(ErrorHandler.java:99)
	... 43 more
Caused by: org.openqa.selenium.NoSuchElementException: Unable to locate element: {"method":"xpath","selector":"//input[contains(@type,'button') and contains(@onclick,'return fs')and contains(@value,'Add Event Market')]"}
Command duration or timeout: 30.10 seconds
For documentation on this error, please visit: http://seleniumhq.org/exceptions/no_such_element.html
Build info: version: '2.30.0', revision: 'dc1ef9c', time: '2013-02-19 00:15:27'
System info: os.name: 'Windows 7', os.arch: 'amd64', os.version: '6.1', java.version: '1.7.0_11'
Session ID: 360325a0-e0d4-490b-906f-79df2424e2d4
Driver info: org.openqa.selenium.firefox.FirefoxDriver
Capabilities [{platform=XP, databaseEnabled=true, cssSelectorsEnabled=true, javascriptEnabled=true, acceptSslCerts=true, handlesAlerts=true, browserName=firefox, browserConnectionEnabled=true, nativeEvents=true, webStorageEnabled=true, rotatable=false, locationContextEnabled=true, applicationCacheEnabled=true, takesScreenshot=true, version=19.0}]
For documentation on this error, please visit: http://seleniumhq.org/exceptions/no_such_element.html
Build info: version: '2.30.0', revision: 'dc1ef9ceb805a672f56dc49198f9ffbd4ca345c7', time: '2013-02-19 09:14:38'
System info: os.name: 'Windows 7', os.arch: 'amd64', os.version: '6.1', java.version: '1.7.0_11'
Driver info: driver.version: EventFiringWebDriver
	at org.openqa.selenium.remote.ErrorHandler.createThrowable(ErrorHandler.java:187)
	at org.openqa.selenium.remote.ErrorHandler.throwIfResponseFailed(ErrorHandler.java:145)
	at org.openqa.selenium.remote.RemoteWebDriver.execute(RemoteWebDriver.java:554)
	at org.openqa.selenium.remote.RemoteWebDriver.findElement(RemoteWebDriver.java:307)
	at org.openqa.selenium.remote.RemoteWebDriver.findElementByXPath(RemoteWebDriver.java:404)
	at org.openqa.selenium.By$ByXPath.findElement(By.java:344)
	at org.openqa.selenium.remote.RemoteWebDriver.findElement(RemoteWebDriver.java:299)
	at org.openqa.selenium.support.events.EventFiringWebDriver$2.invoke(EventFiringWebDriver.java:101)
	at $Proxy1.findElement(null)
	at org.openqa.selenium.support.events.EventFiringWebDriver.findElement(EventFiringWebDriver.java:180)
	at org.openqa.selenium.remote.server.handler.FindElement.call(FindElement.java:47)
	at org.openqa.selenium.remote.server.handler.FindElement.call(FindElement.java:1)
	at java.util.concurrent.FutureTask$Sync.innerRun(null)
	at java.util.concurrent.FutureTask.run(null)
	at org.openqa.selenium.remote.server.DefaultSession$1.run(DefaultSession.java:167)
	at java.util.concurrent.ThreadPoolExecutor.runWorker(null)
	at java.util.concurrent.ThreadPoolExecutor$Worker.run(null)
	at java.lang.Thread.run(null)
... Removed 36 stack frames]]>
    </failure>
  </testcase> <!-- birEndToEndTest -->
  <testcase name="reqTransGetBetDetail" time="0.0" classname="betfair.pages.OxiXmlTest">
    <skipped/>
  </testcase> <!-- reqTransGetBetDetail -->
  <testcase name="reqTransGetBetDetails" time="0.0" classname="betfair.pages.OxiXmlTest">
    <skipped/>
  </testcase> <!-- reqTransGetBetDetails -->
  <testcase name="reqAccountAddStub" time="0.0" classname="betfair.pages.OxiXmlTest">
    <skipped/>
  </testcase> <!-- reqAccountAddStub -->
  <testcase name="reqAcctGetFreebets" time="0.0" classname="betfair.pages.OxiXmlTest">
    <skipped/>
  </testcase> <!-- reqAcctGetFreebets -->
  <testcase name="reqUtilPing" time="0.0" classname="betfair.pages.OxiXmlTest">
    <skipped/>
  </testcase> <!-- reqUtilPing -->
  <testcase name="reqFreebetTrigger" time="0.0" classname="betfair.pages.OxiXmlTest">
    <skipped/>
  </testcase> <!-- reqFreebetTrigger -->
  <testcase name="reqBetCashout" time="0.0" classname="betfair.pages.OxiXmlTest">
    <skipped/>
  </testcase> <!-- reqBetCashout -->
  <testcase name="reqBetCashout_CASHOUT_VALUE_TOO_HIGH" time="0.0" classname="betfair.pages.CashoutExceptions">
    <skipped/>
  </testcase> <!-- reqBetCashout_CASHOUT_VALUE_TOO_HIGH -->
  <testcase name="reqBetCashout_CASHOUT_OUTCOME_NOT_RESULTED" time="0.001" classname="betfair.pages.CashoutExceptions">
    <skipped/>
  </testcase> <!-- reqBetCashout_CASHOUT_OUTCOME_NOT_RESULTED -->
  <testcase name="reqBetCashout_CASHOUT_BET_ALREADY_SETTLED" time="0.0" classname="betfair.pages.CashoutExceptions">
    <skipped/>
  </testcase> <!-- reqBetCashout_CASHOUT_BET_ALREADY_SETTLED -->
  <testcase name="reqBetCashout_CASHOUT_OUTCOME_RESULTED" time="0.0" classname="betfair.pages.CashoutExceptions">
    <skipped/>
  </testcase> <!-- reqBetCashout_CASHOUT_OUTCOME_RESULTED -->
  <testcase name="reqBetCashout_CASHOUT_OUTCOME_NOT_BETABLE" time="0.0" classname="betfair.pages.CashoutExceptions">
    <skipped/>
  </testcase> <!-- reqBetCashout_CASHOUT_OUTCOME_NOT_BETABLE -->
  <testcase name="reqBetCashout_CASHOUT_OUTCOME_BETABLE" time="0.0" classname="betfair.pages.CashoutExceptions">
    <skipped/>
  </testcase> <!-- reqBetCashout_CASHOUT_OUTCOME_BETABLE -->
  <testcase name="reqBetCashout_CASHOUT_OUTCOME_PRICE_CHANGED" time="0.0" classname="betfair.pages.CashoutExceptions">
    <skipped/>
  </testcase> <!-- reqBetCashout_CASHOUT_OUTCOME_PRICE_CHANGED -->
  <testcase name="reqBetCashout_CASHOUT_INVALID_EXPECTATION" time="0.0" classname="betfair.pages.CashoutExceptions">
    <skipped/>
  </testcase> <!-- reqBetCashout_CASHOUT_INVALID_EXPECTATION -->
  <testcase name="reqBetCashout_CASHOUT_OUTCOME_PRICE_NOT_PROVIDED" time="0.0" classname="betfair.pages.CashoutExceptions">
    <skipped/>
  </testcase> <!-- reqBetCashout_CASHOUT_OUTCOME_PRICE_NOT_PROVIDED -->
  <testcase name="reqBetCashout_CASHOUT_OUTCOME_HANDICAP_CHANGED" time="0.0" classname="betfair.pages.CashoutExceptions">
    <skipped/>
  </testcase> <!-- reqBetCashout_CASHOUT_OUTCOME_HANDICAP_CHANGED -->
  <testcase name="reqBetCashout_CASHOUT_OUTCOME_PRICE_EMPTY" time="0.0" classname="betfair.pages.CashoutExceptions">
    <skipped/>
  </testcase> <!-- reqBetCashout_CASHOUT_OUTCOME_PRICE_EMPTY -->
  <testcase name="getClasses" time="0.0" classname="betfair.pages.DbPublishTest">
    <skipped/>
  </testcase> <!-- getClasses -->
  <testcase name="getEventDetailsHR" time="0.0" classname="betfair.pages.DbPublishTest">
    <skipped/>
  </testcase> <!-- getEventDetailsHR -->
  <testcase name="getEventDetailsFootball" time="0.0" classname="betfair.pages.DbPublishTest">
    <skipped/>
  </testcase> <!-- getEventDetailsFootball -->
  <testcase name="getTypesByClassHR" time="0.0" classname="betfair.pages.DbPublishTest">
    <skipped/>
  </testcase> <!-- getTypesByClassHR -->
  <testcase name="getTypesByClassFootball" time="0.0" classname="betfair.pages.DbPublishTest">
    <skipped/>
  </testcase> <!-- getTypesByClassFootball -->
  <testcase name="getResultsByEventHR" time="0.0" classname="betfair.pages.DbPublishTest">
    <skipped/>
  </testcase> <!-- getResultsByEventHR -->
  <testcase name="getResultsByEventFootball" time="0.0" classname="betfair.pages.DbPublishTest">
    <skipped/>
  </testcase> <!-- getResultsByEventFootball -->
  <testcase name="getEventsByType" time="0.0" classname="betfair.pages.DbPublishTest">
    <skipped/>
  </testcase> <!-- getEventsByType -->
  <testcase name="getEventsHR" time="0.001" classname="betfair.pages.DbPublishTest">
    <skipped/>
  </testcase> <!-- getEventsHR -->
  <testcase name="getEventsFootball" time="0.0" classname="betfair.pages.DbPublishTest">
    <skipped/>
  </testcase> <!-- getEventsFootball -->
  <testcase name="getOutcomeDetailsHR" time="0.0" classname="betfair.pages.DbPublishTest">
    <skipped/>
  </testcase> <!-- getOutcomeDetailsHR -->
  <testcase name="getOutcomeDetailsFootball" time="0.0" classname="betfair.pages.DbPublishTest">
    <skipped/>
  </testcase> <!-- getOutcomeDetailsFootball -->
  <testcase name="status" time="0.0" classname="betfair.pages.DbPublishTest">
    <skipped/>
  </testcase> <!-- status -->
</testsuite> <!-- Test1 -->
